warn: Microsoft.AspNetCore.DataProtection.Repositories.EphemeralXmlRepository[50]
      Using an in-memory repository. Keys will not be persisted to storage.
warn: Microsoft.AspNetCore.DataProtection.KeyManagement.XmlKeyManager[59]
      Neither user profile nor HKLM registry available. Using an ephemeral key repository. Protected data will be unavailable when application exits.
warn: Microsoft.AspNetCore.StaticFiles.StaticFileMiddleware[16]
      The WebRootPath was not found: E:\Kbs\Factory2\NETPostgreSQL002\web\wwwroot. Static files may be unavailable.
info: Microsoft.AspNetCore.DataProtection.KeyManagement.XmlKeyManager[58]
      Creating key {ea872f44-2f5c-4a89-95ee-7c17269792fe} with creation date 2025-05-26 22:55:06Z, activation date 2025-05-26 22:55:06Z, and expiration date 2025-08-24 22:55:06Z.
warn: Microsoft.AspNetCore.DataProtection.KeyManagement.XmlKeyManager[35]
      No XML encryptor configured. Key {ea872f44-2f5c-4a89-95ee-7c17269792fe} may be persisted to storage in unencrypted form.
Hosting environment: Production
Content root path: E:\Kbs\Factory2\NETPostgreSQL002\web
Now listening on: http://127.0.0.1:44902
Application started. Press Ctrl+C to shut down.
info: Microsoft.AspNetCore.Hosting.Diagnostics[1]
      Request starting HTTP/1.1 GET http://localhost/Factory2NETPostgreSQL/login - - -
warn: Microsoft.AspNetCore.Session.SessionMiddleware[7]
      Error unprotecting the session cookie.
      System.Security.Cryptography.CryptographicException: The key {2a62c6f7-f152-42d8-a0a8-56de8f378af1} was not found in the key ring. For more information go to https://aka.ms/aspnet/dataprotectionwarning
         at Microsoft.AspNetCore.DataProtection.KeyManagement.KeyRingBasedDataProtector.UnprotectCore(Byte[] protectedData, Boolean allowOperationsOnRevokedKeys, UnprotectStatus& status)
         at Microsoft.AspNetCore.DataProtection.KeyManagement.KeyRingBasedDataProtector.Unprotect(Byte[] protectedData)
         at Microsoft.AspNetCore.Session.CookieProtection.Unprotect(IDataProtector protector, String protectedText, ILogger logger)
info: Microsoft.AspNetCore.Session.DistributedSession[3]
      Session started; Key:38af1553-da50-ead9-392b-baca99b036de, Id:084419b1-fc15-89d6-62ac-96f91ca91d84
info: Microsoft.AspNetCore.Hosting.Diagnostics[2]
      Request finished HTTP/1.1 GET http://localhost/Factory2NETPostgreSQL/login - 200 - text/html 1812.5946ms
info: Microsoft.AspNetCore.Hosting.Diagnostics[1]
      Request starting HTTP/1.1 GET http://localhost/Factory2NETPostgreSQL/DVelop/DVMessage/DVMessage.css?202552619513360 - - -
info: Microsoft.AspNetCore.Hosting.Diagnostics[1]
      Request starting HTTP/1.1 GET http://localhost/Factory2NETPostgreSQL/DVelop/Bootstrap/Shared/fontawesome_vlatest/css/all.min.css?202552619513360 - - -
info: Microsoft.AspNetCore.Hosting.Diagnostics[1]
      Request starting HTTP/1.1 GET http://localhost/Factory2NETPostgreSQL/bootstrap/css/bootstrap.min.css?202552619513360 - - -
info: Microsoft.AspNetCore.StaticFiles.StaticFileMiddleware[2]
      Sending file. Request path: '/DVelop/DVMessage/DVMessage.css'. Physical path: 'E:\Kbs\Factory2\NETPostgreSQL002\web\DVelop\DVMessage\DVMessage.css'
info: Microsoft.AspNetCore.Hosting.Diagnostics[2]
      Request finished HTTP/1.1 GET http://localhost/Factory2NETPostgreSQL/DVelop/DVMessage/DVMessage.css?202552619513360 - 200 - text/css 48.1607ms
info: Microsoft.AspNetCore.Hosting.Diagnostics[1]
      Request starting HTTP/1.1 GET http://localhost/Factory2NETPostgreSQL/DVelop/Bootstrap/Shared/DVelopBootstrap.css?202552619513360 - - -
info: Microsoft.AspNetCore.StaticFiles.StaticFileMiddleware[2]
      Sending file. Request path: '/DVelop/Bootstrap/Shared/DVelopBootstrap.css'. Physical path: 'E:\Kbs\Factory2\NETPostgreSQL002\web\DVelop\Bootstrap\Shared\DVelopBootstrap.css'
info: Microsoft.AspNetCore.StaticFiles.StaticFileMiddleware[2]
      Sending file. Request path: '/DVelop/Bootstrap/Shared/fontawesome_vlatest/css/all.min.css'. Physical path: 'E:\Kbs\Factory2\NETPostgreSQL002\web\DVelop\Bootstrap\Shared\fontawesome_vlatest\css\all.min.css'
info: Microsoft.AspNetCore.Hosting.Diagnostics[2]
      Request finished HTTP/1.1 GET http://localhost/Factory2NETPostgreSQL/DVelop/Bootstrap/Shared/fontawesome_vlatest/css/all.min.css?202552619513360 - 200 - text/css 84.4952ms
info: Microsoft.AspNetCore.Hosting.Diagnostics[2]
      Request finished HTTP/1.1 GET http://localhost/Factory2NETPostgreSQL/DVelop/Bootstrap/Shared/DVelopBootstrap.css?202552619513360 - 200 - text/css 33.0853ms
info: Microsoft.AspNetCore.StaticFiles.StaticFileMiddleware[2]
      Sending file. Request path: '/bootstrap/css/bootstrap.min.css'. Physical path: 'E:\Kbs\Factory2\NETPostgreSQL002\web\bootstrap\css\bootstrap.min.css'
info: Microsoft.AspNetCore.Hosting.Diagnostics[2]
      Request finished HTTP/1.1 GET http://localhost/Factory2NETPostgreSQL/bootstrap/css/bootstrap.min.css?202552619513360 - 200 - text/css 79.2854ms
info: Microsoft.AspNetCore.Hosting.Diagnostics[1]
      Request starting HTTP/1.1 GET http://localhost/Factory2NETPostgreSQL/calendar-system.css?202552619513360 - - -
info: Microsoft.AspNetCore.Hosting.Diagnostics[1]
      Request starting HTTP/1.1 GET http://localhost/Factory2NETPostgreSQL/Resources/Portuguese/DSLogin.css?202552619513360 - - -
info: Microsoft.AspNetCore.Hosting.Diagnostics[1]
      Request starting HTTP/1.1 GET http://localhost/Factory2NETPostgreSQL/DVelop/Shared/daterangepicker/daterangepicker.css?202552619513360 - - -
info: Microsoft.AspNetCore.StaticFiles.StaticFileMiddleware[2]
      Sending file. Request path: '/calendar-system.css'. Physical path: 'E:\Kbs\Factory2\NETPostgreSQL002\web\calendar-system.css'
info: Microsoft.AspNetCore.Hosting.Diagnostics[2]
      Request finished HTTP/1.1 GET http://localhost/Factory2NETPostgreSQL/calendar-system.css?202552619513360 - 200 - text/css 30.0713ms
info: Microsoft.AspNetCore.StaticFiles.StaticFileMiddleware[2]
      Sending file. Request path: '/Portuguese/DSLogin.css'. Physical path: 'E:\Kbs\Factory2\NETPostgreSQL002\web\Resources\Portuguese\DSLogin.css'
info: Microsoft.AspNetCore.StaticFiles.StaticFileMiddleware[2]
      Sending file. Request path: '/DVelop/Shared/daterangepicker/daterangepicker.css'. Physical path: 'E:\Kbs\Factory2\NETPostgreSQL002\web\DVelop\Shared\daterangepicker\daterangepicker.css'
info: Microsoft.AspNetCore.Hosting.Diagnostics[2]
      Request finished HTTP/1.1 GET http://localhost/Factory2NETPostgreSQL/Resources/Portuguese/DSLogin.css?202552619513360 - 200 - text/css 27.0729ms
info: Microsoft.AspNetCore.Hosting.Diagnostics[2]
      Request finished HTTP/1.1 GET http://localhost/Factory2NETPostgreSQL/DVelop/Shared/daterangepicker/daterangepicker.css?202552619513360 - 200 - text/css 20.2448ms
info: Microsoft.AspNetCore.Hosting.Diagnostics[1]
      Request starting HTTP/1.1 GET http://localhost/Factory2NETPostgreSQL/bootstrap/js/bootstrap.min.js?202552619513360 - - -
info: Microsoft.AspNetCore.Hosting.Diagnostics[1]
      Request starting HTTP/1.1 GET http://localhost/Factory2NETPostgreSQL/gxcfg.js?202552619513360 - - -
info: Microsoft.AspNetCore.Hosting.Diagnostics[1]
      Request starting HTTP/1.1 GET http://localhost/Factory2NETPostgreSQL/resources/ImagemLogin.png - - -
info: Microsoft.AspNetCore.StaticFiles.StaticFileMiddleware[2]
      Sending file. Request path: '/bootstrap/js/bootstrap.min.js'. Physical path: 'E:\Kbs\Factory2\NETPostgreSQL002\web\bootstrap\js\bootstrap.min.js'
info: Microsoft.AspNetCore.Hosting.Diagnostics[2]
      Request finished HTTP/1.1 GET http://localhost/Factory2NETPostgreSQL/bootstrap/js/bootstrap.min.js?202552619513360 - 200 39685 text/javascript 21.6856ms
info: Microsoft.AspNetCore.StaticFiles.StaticFileMiddleware[2]
      Sending file. Request path: '/gxcfg.js'. Physical path: 'E:\Kbs\Factory2\NETPostgreSQL002\web\gxcfg.js'
info: Microsoft.AspNetCore.Hosting.Diagnostics[2]
      Request finished HTTP/1.1 GET http://localhost/Factory2NETPostgreSQL/gxcfg.js?202552619513360 - 200 894 text/javascript 11.3800ms
info: Microsoft.AspNetCore.StaticFiles.StaticFileMiddleware[2]
      Sending file. Request path: '/ImagemLogin.png'. Physical path: 'E:\Kbs\Factory2\NETPostgreSQL002\web\Resources\ImagemLogin.png'
info: Microsoft.AspNetCore.Hosting.Diagnostics[2]
      Request finished HTTP/1.1 GET http://localhost/Factory2NETPostgreSQL/resources/ImagemLogin.png - 200 754992 image/png 20.8007ms
info: Microsoft.AspNetCore.Hosting.Diagnostics[1]
      Request starting HTTP/1.1 GET http://localhost/Factory2NETPostgreSQL/messages.por.js?202552619513360 - - -
info: Microsoft.AspNetCore.StaticFiles.StaticFileMiddleware[2]
      Sending file. Request path: '/messages.por.js'. Physical path: 'E:\Kbs\Factory2\NETPostgreSQL002\web\messages.por.js'
info: Microsoft.AspNetCore.Hosting.Diagnostics[2]
      Request finished HTTP/1.1 GET http://localhost/Factory2NETPostgreSQL/messages.por.js?202552619513360 - 200 95722 text/javascript 19.1850ms
info: Microsoft.AspNetCore.Hosting.Diagnostics[1]
      Request starting HTTP/1.1 GET http://localhost/Factory2NETPostgreSQL/DVelop/DVMessage/pnotify.custom.js?202552619513360 - - -
info: Microsoft.AspNetCore.Hosting.Diagnostics[1]
      Request starting HTTP/1.1 GET http://localhost/Factory2NETPostgreSQL/DVelop/Shared/WorkWithPlusCommon.js?202552619513360 - - -
info: Microsoft.AspNetCore.StaticFiles.StaticFileMiddleware[2]
      Sending file. Request path: '/DVelop/DVMessage/pnotify.custom.js'. Physical path: 'E:\Kbs\Factory2\NETPostgreSQL002\web\DVelop\DVMessage\pnotify.custom.js'
info: Microsoft.AspNetCore.Hosting.Diagnostics[2]
      Request finished HTTP/1.1 GET http://localhost/Factory2NETPostgreSQL/DVelop/DVMessage/pnotify.custom.js?202552619513360 - 200 31442 text/javascript 8.1500ms
info: Microsoft.AspNetCore.StaticFiles.StaticFileMiddleware[2]
      Sending file. Request path: '/DVelop/Shared/WorkWithPlusCommon.js'. Physical path: 'E:\Kbs\Factory2\NETPostgreSQL002\web\DVelop\Shared\WorkWithPlusCommon.js'
info: Microsoft.AspNetCore.Hosting.Diagnostics[2]
      Request finished HTTP/1.1 GET http://localhost/Factory2NETPostgreSQL/DVelop/Shared/WorkWithPlusCommon.js?202552619513360 - 200 24755 text/javascript 8.7318ms
info: Microsoft.AspNetCore.Hosting.Diagnostics[1]
      Request starting HTTP/1.1 GET http://localhost/Factory2NETPostgreSQL/DVelop/DVMessage/DVMessageRender.js?202552619513360 - - -
info: Microsoft.AspNetCore.Hosting.Diagnostics[1]
      Request starting HTTP/1.1 GET http://localhost/Factory2NETPostgreSQL/DVelop/Bootstrap/Tooltip/BootstrapTooltipRender.js?202552619513360 - - -
info: Microsoft.AspNetCore.Hosting.Diagnostics[1]
      Request starting HTTP/1.1 GET http://localhost/Factory2NETPostgreSQL/DVelop/Mask/jquery.mask.js?202552619513360 - - -
info: Microsoft.AspNetCore.StaticFiles.StaticFileMiddleware[2]
      Sending file. Request path: '/DVelop/DVMessage/DVMessageRender.js'. Physical path: 'E:\Kbs\Factory2\NETPostgreSQL002\web\DVelop\DVMessage\DVMessageRender.js'
info: Microsoft.AspNetCore.Hosting.Diagnostics[2]
      Request finished HTTP/1.1 GET http://localhost/Factory2NETPostgreSQL/DVelop/DVMessage/DVMessageRender.js?202552619513360 - 200 7611 text/javascript 9.1569ms
info: Microsoft.AspNetCore.Hosting.Diagnostics[1]
      Request starting HTTP/1.1 GET http://localhost/Factory2NETPostgreSQL/DVelop/WorkWithPlusUtilities/BootstrapSelect.js?202552619513360 - - -
info: Microsoft.AspNetCore.StaticFiles.StaticFileMiddleware[2]
      Sending file. Request path: '/DVelop/Mask/jquery.mask.js'. Physical path: 'E:\Kbs\Factory2\NETPostgreSQL002\web\DVelop\Mask\jquery.mask.js'
info: Microsoft.AspNetCore.StaticFiles.StaticFileMiddleware[2]
      Sending file. Request path: '/DVelop/Bootstrap/Tooltip/BootstrapTooltipRender.js'. Physical path: 'E:\Kbs\Factory2\NETPostgreSQL002\web\DVelop\Bootstrap\Tooltip\BootstrapTooltipRender.js'
info: Microsoft.AspNetCore.Hosting.Diagnostics[2]
      Request finished HTTP/1.1 GET http://localhost/Factory2NETPostgreSQL/DVelop/Mask/jquery.mask.js?202552619513360 - 200 7444 text/javascript 14.8728ms
info: Microsoft.AspNetCore.Hosting.Diagnostics[2]
      Request finished HTTP/1.1 GET http://localhost/Factory2NETPostgreSQL/DVelop/Bootstrap/Tooltip/BootstrapTooltipRender.js?202552619513360 - 200 5904 text/javascript 17.8414ms
info: Microsoft.AspNetCore.StaticFiles.StaticFileMiddleware[2]
      Sending file. Request path: '/DVelop/WorkWithPlusUtilities/BootstrapSelect.js'. Physical path: 'E:\Kbs\Factory2\NETPostgreSQL002\web\DVelop\WorkWithPlusUtilities\BootstrapSelect.js'
info: Microsoft.AspNetCore.Hosting.Diagnostics[2]
      Request finished HTTP/1.1 GET http://localhost/Factory2NETPostgreSQL/DVelop/WorkWithPlusUtilities/BootstrapSelect.js?202552619513360 - 200 52902 text/javascript 9.8113ms
info: Microsoft.AspNetCore.Hosting.Diagnostics[1]
      Request starting HTTP/1.1 GET http://localhost/Factory2NETPostgreSQL/DVelop/WorkWithPlusUtilities/WorkWithPlusUtilitiesRender.js?202552619513360 - - -
info: Microsoft.AspNetCore.Hosting.Diagnostics[1]
      Request starting HTTP/1.1 GET http://localhost/Factory2NETPostgreSQL/DVelop/Shared/daterangepicker/locales.js?202552619513360 - - -
info: Microsoft.AspNetCore.StaticFiles.StaticFileMiddleware[2]
      Sending file. Request path: '/DVelop/WorkWithPlusUtilities/WorkWithPlusUtilitiesRender.js'. Physical path: 'E:\Kbs\Factory2\NETPostgreSQL002\web\DVelop\WorkWithPlusUtilities\WorkWithPlusUtilitiesRender.js'
info: Microsoft.AspNetCore.Hosting.Diagnostics[2]
      Request finished HTTP/1.1 GET http://localhost/Factory2NETPostgreSQL/DVelop/WorkWithPlusUtilities/WorkWithPlusUtilitiesRender.js?202552619513360 - 200 29810 text/javascript 3.3798ms
info: Microsoft.AspNetCore.Hosting.Diagnostics[1]
      Request starting HTTP/1.1 GET http://localhost/Factory2NETPostgreSQL/DVelop/Shared/daterangepicker/wwp-daterangepicker.js?202552619513360 - - -
info: Microsoft.AspNetCore.StaticFiles.StaticFileMiddleware[2]
      Sending file. Request path: '/DVelop/Shared/daterangepicker/locales.js'. Physical path: 'E:\Kbs\Factory2\NETPostgreSQL002\web\DVelop\Shared\daterangepicker\locales.js'
info: Microsoft.AspNetCore.StaticFiles.StaticFileMiddleware[2]
      Sending file. Request path: '/DVelop/Shared/daterangepicker/wwp-daterangepicker.js'. Physical path: 'E:\Kbs\Factory2\NETPostgreSQL002\web\DVelop\Shared\daterangepicker\wwp-daterangepicker.js'
info: Microsoft.AspNetCore.Hosting.Diagnostics[2]
      Request finished HTTP/1.1 GET http://localhost/Factory2NETPostgreSQL/DVelop/Shared/daterangepicker/wwp-daterangepicker.js?202552619513360 - 200 5777 text/javascript 2.5778ms
info: Microsoft.AspNetCore.Hosting.Diagnostics[2]
      Request finished HTTP/1.1 GET http://localhost/Factory2NETPostgreSQL/DVelop/Shared/daterangepicker/locales.js?202552619513360 - 200 3806 text/javascript 4.4327ms
info: Microsoft.AspNetCore.Hosting.Diagnostics[1]
      Request starting HTTP/1.1 GET http://localhost/Factory2NETPostgreSQL/DVelop/Shared/daterangepicker/moment.min.js?202552619513360 - - -
info: Microsoft.AspNetCore.Hosting.Diagnostics[1]
      Request starting HTTP/1.1 GET http://localhost/Factory2NETPostgreSQL/DVelop/Shared/daterangepicker/daterangepicker.min.js?202552619513360 - - -
info: Microsoft.AspNetCore.Hosting.Diagnostics[1]
      Request starting HTTP/1.1 GET http://localhost/Factory2NETPostgreSQL/DVelop/DatePicker/DatePickerRender.js?202552619513360 - - -
info: Microsoft.AspNetCore.StaticFiles.StaticFileMiddleware[2]
      Sending file. Request path: '/DVelop/DatePicker/DatePickerRender.js'. Physical path: 'E:\Kbs\Factory2\NETPostgreSQL002\web\DVelop\DatePicker\DatePickerRender.js'
info: Microsoft.AspNetCore.Hosting.Diagnostics[2]
      Request finished HTTP/1.1 GET http://localhost/Factory2NETPostgreSQL/DVelop/DatePicker/DatePickerRender.js?202552619513360 - 200 3134 text/javascript 12.0007ms
info: Microsoft.AspNetCore.StaticFiles.StaticFileMiddleware[2]
      Sending file. Request path: '/DVelop/Shared/daterangepicker/moment.min.js'. Physical path: 'E:\Kbs\Factory2\NETPostgreSQL002\web\DVelop\Shared\daterangepicker\moment.min.js'
info: Microsoft.AspNetCore.Hosting.Diagnostics[2]
      Request finished HTTP/1.1 GET http://localhost/Factory2NETPostgreSQL/DVelop/Shared/daterangepicker/moment.min.js?202552619513360 - 200 59101 text/javascript 22.1427ms
info: Microsoft.AspNetCore.StaticFiles.StaticFileMiddleware[2]
      Sending file. Request path: '/DVelop/Shared/daterangepicker/daterangepicker.min.js'. Physical path: 'E:\Kbs\Factory2\NETPostgreSQL002\web\DVelop\Shared\daterangepicker\daterangepicker.min.js'
info: Microsoft.AspNetCore.Hosting.Diagnostics[2]
      Request finished HTTP/1.1 GET http://localhost/Factory2NETPostgreSQL/DVelop/Shared/daterangepicker/daterangepicker.min.js?202552619513360 - 200 62675 text/javascript 20.2528ms
info: Microsoft.AspNetCore.Hosting.Diagnostics[1]
      Request starting HTTP/1.1 POST http://localhost/Factory2NETPostgreSQL/login?c01d04b1610243d2a2af23e7952e8b181ab4e3b90e9c903a2089b46dd00c4122,gx-no-cache=1748300111016 - application/json 161
info: Microsoft.AspNetCore.Hosting.Diagnostics[2]
      Request finished HTTP/1.1 POST http://localhost/Factory2NETPostgreSQL/login?c01d04b1610243d2a2af23e7952e8b181ab4e3b90e9c903a2089b46dd00c4122,gx-no-cache=1748300111016 - 200 - application/json 579.2815ms
info: Microsoft.AspNetCore.Hosting.Diagnostics[1]
      Request starting HTTP/1.1 GET http://localhost/Factory2NETPostgreSQL/index?Yg184jAPh1I47-31EQZ0PA - - -
info: Microsoft.AspNetCore.Hosting.Diagnostics[2]
      Request finished HTTP/1.1 GET http://localhost/Factory2NETPostgreSQL/index?Yg184jAPh1I47-31EQZ0PA - 200 - application/json 65.6284ms
info: Microsoft.AspNetCore.Hosting.Diagnostics[1]
      Request starting HTTP/1.1 GET http://localhost/Factory2NETPostgreSQL/vendas - - -
info: Microsoft.AspNetCore.Hosting.Diagnostics[2]
      Request finished HTTP/1.1 GET http://localhost/Factory2NETPostgreSQL/vendas - 200 - text/html 624.9567ms
info: Microsoft.AspNetCore.Hosting.Diagnostics[1]
      Request starting HTTP/1.1 GET http://localhost/Factory2NETPostgreSQL/Resources/Portuguese/WorkWithPlusDS.css?202552619513360 - - -
info: Microsoft.AspNetCore.Hosting.Diagnostics[1]
      Request starting HTTP/1.1 GET http://localhost/Factory2NETPostgreSQL/DVelop/DVPaginationBar/DVPaginationBar.css?202552619513360 - - -
info: Microsoft.AspNetCore.StaticFiles.StaticFileMiddleware[2]
      Sending file. Request path: '/Portuguese/WorkWithPlusDS.css'. Physical path: 'E:\Kbs\Factory2\NETPostgreSQL002\web\Resources\Portuguese\WorkWithPlusDS.css'
info: Microsoft.AspNetCore.Hosting.Diagnostics[2]
      Request finished HTTP/1.1 GET http://localhost/Factory2NETPostgreSQL/Resources/Portuguese/WorkWithPlusDS.css?202552619513360 - 200 - text/css 25.5426ms
info: Microsoft.AspNetCore.Hosting.Diagnostics[1]
      Request starting HTTP/1.1 GET http://localhost/Factory2NETPostgreSQL/DVelop/DVPaginationBar/DVPaginationBar.css?202552619513360 - - -
info: Microsoft.AspNetCore.StaticFiles.StaticFileMiddleware[2]
      Sending file. Request path: '/DVelop/DVPaginationBar/DVPaginationBar.css'. Physical path: 'E:\Kbs\Factory2\NETPostgreSQL002\web\DVelop\DVPaginationBar\DVPaginationBar.css'
info: Microsoft.AspNetCore.StaticFiles.StaticFileMiddleware[2]
      Sending file. Request path: '/DVelop/DVPaginationBar/DVPaginationBar.css'. Physical path: 'E:\Kbs\Factory2\NETPostgreSQL002\web\DVelop\DVPaginationBar\DVPaginationBar.css'
info: Microsoft.AspNetCore.Hosting.Diagnostics[2]
      Request finished HTTP/1.1 GET http://localhost/Factory2NETPostgreSQL/DVelop/DVPaginationBar/DVPaginationBar.css?202552619513360 - 200 - text/css 4.3763ms
info: Microsoft.AspNetCore.Hosting.Diagnostics[2]
      Request finished HTTP/1.1 GET http://localhost/Factory2NETPostgreSQL/DVelop/DVPaginationBar/DVPaginationBar.css?202552619513360 - 200 - text/css 21.7898ms
info: Microsoft.AspNetCore.Hosting.Diagnostics[1]
      Request starting HTTP/1.1 GET http://localhost/Factory2NETPostgreSQL/Resources/Portuguese/WorkWithPlusDS.css?202552619513360 - - -
info: Microsoft.AspNetCore.StaticFiles.StaticFileMiddleware[2]
      Sending file. Request path: '/Portuguese/WorkWithPlusDS.css'. Physical path: 'E:\Kbs\Factory2\NETPostgreSQL002\web\Resources\Portuguese\WorkWithPlusDS.css'
info: Microsoft.AspNetCore.Hosting.Diagnostics[2]
      Request finished HTTP/1.1 GET http://localhost/Factory2NETPostgreSQL/Resources/Portuguese/WorkWithPlusDS.css?202552619513360 - 200 - text/css 2.0665ms
info: Microsoft.AspNetCore.Hosting.Diagnostics[1]
      Request starting HTTP/1.1 GET http://localhost/Factory2NETPostgreSQL/DVelop/Bootstrap/Shared/DVelopBootstrap.js?202552619513360 - - -
info: Microsoft.AspNetCore.Hosting.Diagnostics[1]
      Request starting HTTP/1.1 GET http://localhost/Factory2NETPostgreSQL/resources/Imagemheader.png - - -
info: Microsoft.AspNetCore.StaticFiles.StaticFileMiddleware[2]
      Sending file. Request path: '/Imagemheader.png'. Physical path: 'E:\Kbs\Factory2\NETPostgreSQL002\web\Resources\Imagemheader.png'
info: Microsoft.AspNetCore.Hosting.Diagnostics[2]
      Request finished HTTP/1.1 GET http://localhost/Factory2NETPostgreSQL/resources/Imagemheader.png - 200 25223 image/png 1.4823ms
info: Microsoft.AspNetCore.StaticFiles.StaticFileMiddleware[2]
      Sending file. Request path: '/DVelop/Bootstrap/Shared/DVelopBootstrap.js'. Physical path: 'E:\Kbs\Factory2\NETPostgreSQL002\web\DVelop\Bootstrap\Shared\DVelopBootstrap.js'
info: Microsoft.AspNetCore.Hosting.Diagnostics[2]
      Request finished HTTP/1.1 GET http://localhost/Factory2NETPostgreSQL/DVelop/Bootstrap/Shared/DVelopBootstrap.js?202552619513360 - 200 163482 text/javascript 31.9052ms
info: Microsoft.AspNetCore.Hosting.Diagnostics[1]
      Request starting HTTP/1.1 GET http://localhost/Factory2NETPostgreSQL/DVelop/Bootstrap/Panel/BootstrapPanelRender.js?202552619513360 - - -
info: Microsoft.AspNetCore.StaticFiles.StaticFileMiddleware[2]
      Sending file. Request path: '/DVelop/Bootstrap/Panel/BootstrapPanelRender.js'. Physical path: 'E:\Kbs\Factory2\NETPostgreSQL002\web\DVelop\Bootstrap\Panel\BootstrapPanelRender.js'
info: Microsoft.AspNetCore.Hosting.Diagnostics[2]
      Request finished HTTP/1.1 GET http://localhost/Factory2NETPostgreSQL/DVelop/Bootstrap/Panel/BootstrapPanelRender.js?202552619513360 - 200 685 text/javascript 1.6123ms
info: Microsoft.AspNetCore.Hosting.Diagnostics[1]
      Request starting HTTP/1.1 GET http://localhost/Factory2NETPostgreSQL/DVelop/Bootstrap/DropDownOptions/BootstrapDropDownOptionsRender.js?202552619513360 - - -
info: Microsoft.AspNetCore.StaticFiles.StaticFileMiddleware[2]
      Sending file. Request path: '/DVelop/Bootstrap/DropDownOptions/BootstrapDropDownOptionsRender.js'. Physical path: 'E:\Kbs\Factory2\NETPostgreSQL002\web\DVelop\Bootstrap\DropDownOptions\BootstrapDropDownOptionsRender.js'
info: Microsoft.AspNetCore.Hosting.Diagnostics[2]
      Request finished HTTP/1.1 GET http://localhost/Factory2NETPostgreSQL/DVelop/Bootstrap/DropDownOptions/BootstrapDropDownOptionsRender.js?202552619513360 - 200 29124 text/javascript 22.3885ms
info: Microsoft.AspNetCore.Hosting.Diagnostics[1]
      Request starting HTTP/1.1 GET http://localhost/Factory2NETPostgreSQL/DVelop/DVPaginationBar/DVPaginationBarRender.js?202552619513360 - - -
info: Microsoft.AspNetCore.StaticFiles.StaticFileMiddleware[2]
      Sending file. Request path: '/DVelop/DVPaginationBar/DVPaginationBarRender.js'. Physical path: 'E:\Kbs\Factory2\NETPostgreSQL002\web\DVelop\DVPaginationBar\DVPaginationBarRender.js'
info: Microsoft.AspNetCore.Hosting.Diagnostics[2]
      Request finished HTTP/1.1 GET http://localhost/Factory2NETPostgreSQL/DVelop/DVPaginationBar/DVPaginationBarRender.js?202552619513360 - 200 13900 text/javascript 15.0694ms
info: Microsoft.AspNetCore.Hosting.Diagnostics[1]
      Request starting HTTP/1.1 GET http://localhost/Factory2NETPostgreSQL/DVelop/GridEmpowerer/GridEmpowererRender.js?202552619513360 - - -
info: Microsoft.AspNetCore.StaticFiles.StaticFileMiddleware[2]
      Sending file. Request path: '/DVelop/GridEmpowerer/GridEmpowererRender.js'. Physical path: 'E:\Kbs\Factory2\NETPostgreSQL002\web\DVelop\GridEmpowerer\GridEmpowererRender.js'
info: Microsoft.AspNetCore.Hosting.Diagnostics[2]
      Request finished HTTP/1.1 GET http://localhost/Factory2NETPostgreSQL/DVelop/GridEmpowerer/GridEmpowererRender.js?202552619513360 - 200 58313 text/javascript 5.3990ms
info: Microsoft.AspNetCore.Hosting.Diagnostics[1]
      Request starting HTTP/1.1 GET http://localhost/Factory2NETPostgreSQL/DVelop/DateRangePicker/DateRangePickerRender.js?202552619513360 - - -
info: Microsoft.AspNetCore.StaticFiles.StaticFileMiddleware[2]
      Sending file. Request path: '/DVelop/DateRangePicker/DateRangePickerRender.js'. Physical path: 'E:\Kbs\Factory2\NETPostgreSQL002\web\DVelop\DateRangePicker\DateRangePickerRender.js'
info: Microsoft.AspNetCore.Hosting.Diagnostics[2]
      Request finished HTTP/1.1 GET http://localhost/Factory2NETPostgreSQL/DVelop/DateRangePicker/DateRangePickerRender.js?202552619513360 - 200 3180 text/javascript 2.1612ms
info: Microsoft.AspNetCore.Hosting.Diagnostics[1]
      Request starting HTTP/1.1 GET http://localhost/Factory2NETPostgreSQL/DVelop/Bootstrap/Shared/slimscroll/jquery.slimscroll.min.js?202552619513360 - - -
info: Microsoft.AspNetCore.StaticFiles.StaticFileMiddleware[2]
      Sending file. Request path: '/DVelop/Bootstrap/Shared/slimscroll/jquery.slimscroll.min.js'. Physical path: 'E:\Kbs\Factory2\NETPostgreSQL002\web\DVelop\Bootstrap\Shared\slimscroll\jquery.slimscroll.min.js'
info: Microsoft.AspNetCore.Hosting.Diagnostics[2]
      Request finished HTTP/1.1 GET http://localhost/Factory2NETPostgreSQL/DVelop/Bootstrap/Shared/slimscroll/jquery.slimscroll.min.js?202552619513360 - 200 4736 text/javascript 12.8266ms
info: Microsoft.AspNetCore.Hosting.Diagnostics[1]
      Request starting HTTP/1.1 GET http://localhost/Factory2NETPostgreSQL/DVelop/Bootstrap/SidebarMenu/BootstrapSidebarMenuRender.js?202552619513360 - - -
info: Microsoft.AspNetCore.StaticFiles.StaticFileMiddleware[2]
      Sending file. Request path: '/DVelop/Bootstrap/SidebarMenu/BootstrapSidebarMenuRender.js'. Physical path: 'E:\Kbs\Factory2\NETPostgreSQL002\web\DVelop\Bootstrap\SidebarMenu\BootstrapSidebarMenuRender.js'
info: Microsoft.AspNetCore.Hosting.Diagnostics[2]
      Request finished HTTP/1.1 GET http://localhost/Factory2NETPostgreSQL/DVelop/Bootstrap/SidebarMenu/BootstrapSidebarMenuRender.js?202552619513360 - 200 19643 text/javascript 2.8180ms
info: Microsoft.AspNetCore.Hosting.Diagnostics[1]
      Request starting HTTP/1.1 GET http://localhost/Factory2NETPostgreSQL/DVelop/Chronometer/ChronometerRender.js?202552619513360 - - -
info: Microsoft.AspNetCore.StaticFiles.StaticFileMiddleware[2]
      Sending file. Request path: '/DVelop/Chronometer/ChronometerRender.js'. Physical path: 'E:\Kbs\Factory2\NETPostgreSQL002\web\DVelop\Chronometer\ChronometerRender.js'
info: Microsoft.AspNetCore.Hosting.Diagnostics[2]
      Request finished HTTP/1.1 GET http://localhost/Factory2NETPostgreSQL/DVelop/Chronometer/ChronometerRender.js?202552619513360 - 200 682 text/javascript 1.0322ms
info: Microsoft.AspNetCore.Hosting.Diagnostics[1]
      Request starting HTTP/1.1 GET http://localhost/Factory2NETPostgreSQL/DVelop/Bootstrap/ConfirmPanel/BootstrapConfirmPanelRender.js?202552619513360 - - -
info: Microsoft.AspNetCore.StaticFiles.StaticFileMiddleware[2]
      Sending file. Request path: '/DVelop/Bootstrap/ConfirmPanel/BootstrapConfirmPanelRender.js'. Physical path: 'E:\Kbs\Factory2\NETPostgreSQL002\web\DVelop\Bootstrap\ConfirmPanel\BootstrapConfirmPanelRender.js'
info: Microsoft.AspNetCore.Hosting.Diagnostics[2]
      Request finished HTTP/1.1 GET http://localhost/Factory2NETPostgreSQL/DVelop/Bootstrap/ConfirmPanel/BootstrapConfirmPanelRender.js?202552619513360 - 200 644 text/javascript 1.0411ms
info: Microsoft.AspNetCore.Hosting.Diagnostics[1]
      Request starting HTTP/1.1 GET http://localhost/Factory2NETPostgreSQL/wwpbaseobjects/workwithplusmasterpage.js?20255261646499 - - -
info: Microsoft.AspNetCore.StaticFiles.StaticFileMiddleware[2]
      Sending file. Request path: '/wwpbaseobjects/workwithplusmasterpage.js'. Physical path: 'E:\Kbs\Factory2\NETPostgreSQL002\web\wwpbaseobjects\workwithplusmasterpage.js'
info: Microsoft.AspNetCore.Hosting.Diagnostics[2]
      Request finished HTTP/1.1 GET http://localhost/Factory2NETPostgreSQL/wwpbaseobjects/workwithplusmasterpage.js?20255261646499 - 200 29064 text/javascript 102.0831ms
info: Microsoft.AspNetCore.Hosting.Diagnostics[1]
      Request starting HTTP/1.1 GET http://localhost/Factory2NETPostgreSQL/gxwebsocket?d7611339-b26e-4cfa-9629-79b864a43442 - - -
info: Microsoft.AspNetCore.Hosting.Diagnostics[1]
      Request starting HTTP/1.1 GET http://localhost/Factory2NETPostgreSQL/propostaww - - -
info: Microsoft.AspNetCore.Hosting.Diagnostics[2]
      Request finished HTTP/1.1 GET http://localhost/Factory2NETPostgreSQL/propostaww - 200 - text/html 320.6798ms
info: Microsoft.AspNetCore.Hosting.Diagnostics[1]
      Request starting HTTP/1.1 GET http://localhost/Factory2NETPostgreSQL/DVelop/GridTitlesCategories/GridTitlesCategoriesRender.js?202552619513360 - - -
info: Microsoft.AspNetCore.Hosting.Diagnostics[1]
      Request starting HTTP/1.1 GET http://localhost/Factory2NETPostgreSQL/resources/Imagemheader.png - - -
info: Microsoft.AspNetCore.StaticFiles.StaticFileMiddleware[2]
      Sending file. Request path: '/Imagemheader.png'. Physical path: 'E:\Kbs\Factory2\NETPostgreSQL002\web\Resources\Imagemheader.png'
info: Microsoft.AspNetCore.Hosting.Diagnostics[2]
      Request finished HTTP/1.1 GET http://localhost/Factory2NETPostgreSQL/resources/Imagemheader.png - 200 25223 image/png 1.2207ms
info: Microsoft.AspNetCore.StaticFiles.StaticFileMiddleware[2]
      Sending file. Request path: '/DVelop/GridTitlesCategories/GridTitlesCategoriesRender.js'. Physical path: 'E:\Kbs\Factory2\NETPostgreSQL002\web\DVelop\GridTitlesCategories\GridTitlesCategoriesRender.js'
info: Microsoft.AspNetCore.Hosting.Diagnostics[2]
      Request finished HTTP/1.1 GET http://localhost/Factory2NETPostgreSQL/DVelop/GridTitlesCategories/GridTitlesCategoriesRender.js?202552619513360 - 200 5543 text/javascript 19.3623ms
info: Microsoft.AspNetCore.Hosting.Diagnostics[1]
      Request starting HTTP/1.1 GET http://localhost/Factory2NETPostgreSQL/propostaww.js?20255261647929 - - -
info: Microsoft.AspNetCore.StaticFiles.StaticFileMiddleware[2]
      Sending file. Request path: '/propostaww.js'. Physical path: 'E:\Kbs\Factory2\NETPostgreSQL002\web\propostaww.js'
info: Microsoft.AspNetCore.Hosting.Diagnostics[2]
      Request finished HTTP/1.1 GET http://localhost/Factory2NETPostgreSQL/propostaww.js?20255261647929 - 200 159713 text/javascript 288.8393ms
info: Microsoft.AspNetCore.Hosting.Diagnostics[1]
      Request starting HTTP/1.1 GET http://localhost/Factory2NETPostgreSQL/gxwebsocket?d7611339-b26e-4cfa-9629-79b864a43442 - - -
info: Microsoft.AspNetCore.Hosting.Diagnostics[1]
      Request starting HTTP/1.1 GET http://localhost/Factory2NETPostgreSQL/wpalterarproposta?bET4Ybhdl0GBcKUqJ1cKzMMUm-vYvnCEr1kICfsLFhI - - -
info: Microsoft.AspNetCore.Hosting.Diagnostics[2]
      Request finished HTTP/1.1 GET http://localhost/Factory2NETPostgreSQL/wpalterarproposta?bET4Ybhdl0GBcKUqJ1cKzMMUm-vYvnCEr1kICfsLFhI - 200 - text/html 1217.1857ms
info: Microsoft.AspNetCore.Hosting.Diagnostics[1]
      Request starting HTTP/1.1 GET http://localhost/Factory2NETPostgreSQL/shared/HistoryManager/HistoryManager.js?202552619513360 - - -
info: Microsoft.AspNetCore.StaticFiles.StaticFileMiddleware[2]
      Sending file. Request path: '/shared/HistoryManager/HistoryManager.js'. Physical path: 'E:\Kbs\Factory2\NETPostgreSQL002\web\shared\HistoryManager\HistoryManager.js'
info: Microsoft.AspNetCore.Hosting.Diagnostics[2]
      Request finished HTTP/1.1 GET http://localhost/Factory2NETPostgreSQL/shared/HistoryManager/HistoryManager.js?202552619513360 - 200 4476 text/javascript 19.6830ms
info: Microsoft.AspNetCore.Hosting.Diagnostics[1]
      Request starting HTTP/1.1 GET http://localhost/Factory2NETPostgreSQL/shared/HistoryManager/rsh/json2005.js?202552619513360 - - -
info: Microsoft.AspNetCore.StaticFiles.StaticFileMiddleware[2]
      Sending file. Request path: '/shared/HistoryManager/rsh/json2005.js'. Physical path: 'E:\Kbs\Factory2\NETPostgreSQL002\web\shared\HistoryManager\rsh\json2005.js'
info: Microsoft.AspNetCore.Hosting.Diagnostics[2]
      Request finished HTTP/1.1 GET http://localhost/Factory2NETPostgreSQL/shared/HistoryManager/rsh/json2005.js?202552619513360 - 200 8846 text/javascript 1.8020ms
info: Microsoft.AspNetCore.Hosting.Diagnostics[1]
      Request starting HTTP/1.1 GET http://localhost/Factory2NETPostgreSQL/shared/HistoryManager/rsh/rsh.js?202552619513360 - - -
info: Microsoft.AspNetCore.StaticFiles.StaticFileMiddleware[2]
      Sending file. Request path: '/shared/HistoryManager/rsh/rsh.js'. Physical path: 'E:\Kbs\Factory2\NETPostgreSQL002\web\shared\HistoryManager\rsh\rsh.js'
info: Microsoft.AspNetCore.Hosting.Diagnostics[2]
      Request finished HTTP/1.1 GET http://localhost/Factory2NETPostgreSQL/shared/HistoryManager/rsh/rsh.js?202552619513360 - 200 8839 text/javascript 1.7647ms
info: Microsoft.AspNetCore.Hosting.Diagnostics[1]
      Request starting HTTP/1.1 GET http://localhost/Factory2NETPostgreSQL/shared/HistoryManager/HistoryManagerCreate.js?202552619513360 - - -
info: Microsoft.AspNetCore.StaticFiles.StaticFileMiddleware[2]
      Sending file. Request path: '/shared/HistoryManager/HistoryManagerCreate.js'. Physical path: 'E:\Kbs\Factory2\NETPostgreSQL002\web\shared\HistoryManager\HistoryManagerCreate.js'
info: Microsoft.AspNetCore.Hosting.Diagnostics[2]
      Request finished HTTP/1.1 GET http://localhost/Factory2NETPostgreSQL/shared/HistoryManager/HistoryManagerCreate.js?202552619513360 - 200 350 text/javascript 1.1186ms
info: Microsoft.AspNetCore.Hosting.Diagnostics[1]
      Request starting HTTP/1.1 GET http://localhost/Factory2NETPostgreSQL/Tab/TabRender.js?202552619513360 - - -
info: Microsoft.AspNetCore.StaticFiles.StaticFileMiddleware[2]
      Sending file. Request path: '/Tab/TabRender.js'. Physical path: 'E:\Kbs\Factory2\NETPostgreSQL002\web\Tab\TabRender.js'
info: Microsoft.AspNetCore.Hosting.Diagnostics[2]
      Request finished HTTP/1.1 GET http://localhost/Factory2NETPostgreSQL/Tab/TabRender.js?202552619513360 - 200 3705 text/javascript 12.5053ms
info: Microsoft.AspNetCore.Hosting.Diagnostics[1]
      Request starting HTTP/1.1 GET http://localhost/Factory2NETPostgreSQL/Window/InNewWindowRender.js?202552619513360 - - -
info: Microsoft.AspNetCore.StaticFiles.StaticFileMiddleware[2]
      Sending file. Request path: '/Window/InNewWindowRender.js'. Physical path: 'E:\Kbs\Factory2\NETPostgreSQL002\web\Window\InNewWindowRender.js'
info: Microsoft.AspNetCore.Hosting.Diagnostics[2]
      Request finished HTTP/1.1 GET http://localhost/Factory2NETPostgreSQL/Window/InNewWindowRender.js?202552619513360 - 200 1714 text/javascript 4.6652ms
info: Microsoft.AspNetCore.Hosting.Diagnostics[1]
      Request starting HTTP/1.1 GET http://localhost/Factory2NETPostgreSQL/wpalterarproposta.js?202552619512770 - - -
info: Microsoft.AspNetCore.StaticFiles.StaticFileMiddleware[2]
      Sending file. Request path: '/wpalterarproposta.js'. Physical path: 'E:\Kbs\Factory2\NETPostgreSQL002\web\wpalterarproposta.js'
info: Microsoft.AspNetCore.Hosting.Diagnostics[2]
      Request finished HTTP/1.1 GET http://localhost/Factory2NETPostgreSQL/wpalterarproposta.js?202552619512770 - 200 103649 text/javascript 73.1782ms
info: Microsoft.AspNetCore.Hosting.Diagnostics[1]
      Request starting HTTP/1.1 GET http://localhost/Factory2NETPostgreSQL/PublicTempStorage/0f807107-0d9a-4642-b21f-7e748948f3c0.tmp - - -
info: Microsoft.AspNetCore.StaticFiles.StaticFileMiddleware[2]
      Sending file. Request path: '/PublicTempStorage/0f807107-0d9a-4642-b21f-7e748948f3c0.tmp'. Physical path: 'E:\Kbs\Factory2\NETPostgreSQL002\web\PublicTempStorage\0f807107-0d9a-4642-b21f-7e748948f3c0.tmp'
info: Microsoft.AspNetCore.Hosting.Diagnostics[2]
      Request finished HTTP/1.1 GET http://localhost/Factory2NETPostgreSQL/PublicTempStorage/0f807107-0d9a-4642-b21f-7e748948f3c0.tmp - 401 0 image/jpeg 8.1745ms
info: Microsoft.AspNetCore.Hosting.Diagnostics[1]
      Request starting HTTP/1.1 POST http://localhost/Factory2NETPostgreSQL/wpalterarproposta?c01d04b1610243d2a2af23e7952e8b181ab4e3b90e9c903a2089b46dd00c4122,bET4Ybhdl0GBcKUqJ1cKzMMUm-vYvnCEr1kICfsLFhI,gx-no-cache=1748300123907 - application/json 554
info: Microsoft.AspNetCore.Hosting.Diagnostics[2]
      Request finished HTTP/1.1 POST http://localhost/Factory2NETPostgreSQL/wpalterarproposta?c01d04b1610243d2a2af23e7952e8b181ab4e3b90e9c903a2089b46dd00c4122,bET4Ybhdl0GBcKUqJ1cKzMMUm-vYvnCEr1kICfsLFhI,gx-no-cache=1748300123907 - 200 - application/json 1860.3415ms
info: Microsoft.AspNetCore.Hosting.Diagnostics[1]
      Request starting HTTP/1.1 POST http://localhost/Factory2NETPostgreSQL/wpalterarproposta?c01d04b1610243d2a2af23e7952e8b181ab4e3b90e9c903a2089b46dd00c4122,bET4Ybhdl0GBcKUqJ1cKzMMUm-vYvnCEr1kICfsLFhI,gx-no-cache=1748300132397 - application/json 190
info: Microsoft.AspNetCore.Hosting.Diagnostics[2]
      Request finished HTTP/1.1 POST http://localhost/Factory2NETPostgreSQL/wpalterarproposta?c01d04b1610243d2a2af23e7952e8b181ab4e3b90e9c903a2089b46dd00c4122,bET4Ybhdl0GBcKUqJ1cKzMMUm-vYvnCEr1kICfsLFhI,gx-no-cache=1748300132397 - 200 - application/json 211.4945ms
info: Microsoft.AspNetCore.Hosting.Diagnostics[1]
      Request starting HTTP/1.1 GET http://localhost/Factory2NETPostgreSQL/wwpbaseobjects/wwp_wcmodules.js?202552614485964 - - -
info: Microsoft.AspNetCore.StaticFiles.StaticFileMiddleware[2]
      Sending file. Request path: '/wwpbaseobjects/wwp_wcmodules.js'. Physical path: 'E:\Kbs\Factory2\NETPostgreSQL002\web\wwpbaseobjects\wwp_wcmodules.js'
info: Microsoft.AspNetCore.Hosting.Diagnostics[2]
      Request finished HTTP/1.1 GET http://localhost/Factory2NETPostgreSQL/wwpbaseobjects/wwp_wcmodules.js?202552614485964 - 200 10691 text/javascript 38.7767ms
info: Microsoft.AspNetCore.Hosting.Diagnostics[1]
      Request starting HTTP/1.1 POST http://localhost/Factory2NETPostgreSQL/wpalterarproposta?c01d04b1610243d2a2af23e7952e8b181ab4e3b90e9c903a2089b46dd00c4122,bET4Ybhdl0GBcKUqJ1cKzMMUm-vYvnCEr1kICfsLFhI,gx-no-cache=1748300135150 - application/json 297
info: Microsoft.AspNetCore.Hosting.Diagnostics[2]
      Request finished HTTP/1.1 POST http://localhost/Factory2NETPostgreSQL/wpalterarproposta?c01d04b1610243d2a2af23e7952e8b181ab4e3b90e9c903a2089b46dd00c4122,bET4Ybhdl0GBcKUqJ1cKzMMUm-vYvnCEr1kICfsLFhI,gx-no-cache=1748300135150 - 200 - application/json 4.9725ms
info: Microsoft.AspNetCore.Hosting.Diagnostics[1]
      Request starting HTTP/1.1 GET http://localhost/Factory2NETPostgreSQL/financeiro - - -
info: Microsoft.AspNetCore.Hosting.Diagnostics[2]
      Request finished HTTP/1.1 GET http://localhost/Factory2NETPostgreSQL/financeiro - 200 - text/html 206.2961ms
info: Microsoft.AspNetCore.Hosting.Diagnostics[1]
      Request starting HTTP/1.1 GET http://localhost/Factory2NETPostgreSQL/wccardvalue.js?20255221643587 - - -
info: Microsoft.AspNetCore.StaticFiles.StaticFileMiddleware[2]
      Sending file. Request path: '/wccardvalue.js'. Physical path: 'E:\Kbs\Factory2\NETPostgreSQL002\web\wccardvalue.js'
info: Microsoft.AspNetCore.Hosting.Diagnostics[2]
      Request finished HTTP/1.1 GET http://localhost/Factory2NETPostgreSQL/wccardvalue.js?20255221643587 - 200 4336 text/javascript 33.4955ms
info: Microsoft.AspNetCore.Hosting.Diagnostics[1]
      Request starting HTTP/1.1 GET http://localhost/Factory2NETPostgreSQL/financeiro.js?202551918524977 - - -
info: Microsoft.AspNetCore.StaticFiles.StaticFileMiddleware[2]
      Sending file. Request path: '/financeiro.js'. Physical path: 'E:\Kbs\Factory2\NETPostgreSQL002\web\financeiro.js'
info: Microsoft.AspNetCore.Hosting.Diagnostics[2]
      Request finished HTTP/1.1 GET http://localhost/Factory2NETPostgreSQL/financeiro.js?202551918524977 - 200 8943 text/javascript 25.5959ms
info: Microsoft.AspNetCore.Hosting.Diagnostics[1]
      Request starting HTTP/1.1 GET http://localhost/Factory2NETPostgreSQL/tituloww?IANj9NwDvzyNFrZm6I6oB4j8LCLGxQXxNDeuwuu5aM0 - - -
info: Microsoft.AspNetCore.Hosting.Diagnostics[2]
      Request finished HTTP/1.1 GET http://localhost/Factory2NETPostgreSQL/tituloww?IANj9NwDvzyNFrZm6I6oB4j8LCLGxQXxNDeuwuu5aM0 - 200 - text/html 167.1770ms
info: Microsoft.AspNetCore.Hosting.Diagnostics[1]
      Request starting HTTP/1.1 GET http://localhost/Factory2NETPostgreSQL/tituloww.js?202551918551819 - - -
info: Microsoft.AspNetCore.StaticFiles.StaticFileMiddleware[2]
      Sending file. Request path: '/tituloww.js'. Physical path: 'E:\Kbs\Factory2\NETPostgreSQL002\web\tituloww.js'
info: Microsoft.AspNetCore.Hosting.Diagnostics[2]
      Request finished HTTP/1.1 GET http://localhost/Factory2NETPostgreSQL/tituloww.js?202551918551819 - 200 111541 text/javascript 16.1820ms
info: Microsoft.AspNetCore.Hosting.Diagnostics[1]
      Request starting HTTP/1.1 POST http://localhost/Factory2NETPostgreSQL/tituloww?c01d04b1610243d2a2af23e7952e8b181ab4e3b90e9c903a2089b46dd00c4122,IANj9NwDvzyNFrZm6I6oB4j8LCLGxQXxNDeuwuu5aM0,gx-no-cache=1748300143751 - application/json 190
info: Microsoft.AspNetCore.Hosting.Diagnostics[2]
      Request finished HTTP/1.1 POST http://localhost/Factory2NETPostgreSQL/tituloww?c01d04b1610243d2a2af23e7952e8b181ab4e3b90e9c903a2089b46dd00c4122,IANj9NwDvzyNFrZm6I6oB4j8LCLGxQXxNDeuwuu5aM0,gx-no-cache=1748300143751 - 200 - application/json 142.0891ms
info: Microsoft.AspNetCore.Hosting.Diagnostics[1]
      Request starting HTTP/1.1 POST http://127.0.0.1:44902/FACTORY2NETPOSTGRESQL/iisintegration - - 0
info: Microsoft.AspNetCore.Hosting.Diagnostics[2]
      Request finished HTTP/1.1 POST http://127.0.0.1:44902/FACTORY2NETPOSTGRESQL/iisintegration - 202 0 - 0.1593ms
