warn: Microsoft.AspNetCore.DataProtection.Repositories.EphemeralXmlRepository[50]
      Using an in-memory repository. Keys will not be persisted to storage.
warn: Microsoft.AspNetCore.DataProtection.KeyManagement.XmlKeyManager[59]
      Neither user profile nor HKLM registry available. Using an ephemeral key repository. Protected data will be unavailable when application exits.
warn: Microsoft.AspNetCore.StaticFiles.StaticFileMiddleware[16]
      The WebRootPath was not found: E:\Kbs\Factory2\NETPostgreSQL002\web\wwwroot. Static files may be unavailable.
info: Microsoft.AspNetCore.DataProtection.KeyManagement.XmlKeyManager[58]
      Creating key {e8e29f7a-f0a9-430f-a218-ed34c52ac45d} with creation date 2025-05-28 13:11:46Z, activation date 2025-05-28 13:11:46Z, and expiration date 2025-08-26 13:11:46Z.
warn: Microsoft.AspNetCore.DataProtection.KeyManagement.XmlKeyManager[35]
      No XML encryptor configured. Key {e8e29f7a-f0a9-430f-a218-ed34c52ac45d} may be persisted to storage in unencrypted form.
Hosting environment: Production
Content root path: E:\Kbs\Factory2\NETPostgreSQL002\web
Now listening on: http://127.0.0.1:42629
Application started. Press Ctrl+C to shut down.
info: Microsoft.AspNetCore.Hosting.Diagnostics[1]
      Request starting HTTP/1.1 GET http://localhost/Factory2NETPostgreSQL/login - - -
warn: Microsoft.AspNetCore.Session.SessionMiddleware[7]
      Error unprotecting the session cookie.
      System.Security.Cryptography.CryptographicException: The key {71cffcbd-cf35-4f30-8d1e-0297f9bd4f32} was not found in the key ring. For more information go to https://aka.ms/aspnet/dataprotectionwarning
         at Microsoft.AspNetCore.DataProtection.KeyManagement.KeyRingBasedDataProtector.UnprotectCore(Byte[] protectedData, Boolean allowOperationsOnRevokedKeys, UnprotectStatus& status)
         at Microsoft.AspNetCore.DataProtection.KeyManagement.KeyRingBasedDataProtector.Unprotect(Byte[] protectedData)
         at Microsoft.AspNetCore.Session.CookieProtection.Unprotect(IDataProtector protector, String protectedText, ILogger logger)
info: Microsoft.AspNetCore.Session.DistributedSession[3]
      Session started; Key:76e437b0-12ab-35df-7362-d581c520f78b, Id:fc234d6f-88d0-1bbb-0adc-c924af27a6ee
info: Microsoft.AspNetCore.Hosting.Diagnostics[2]
      Request finished HTTP/1.1 GET http://localhost/Factory2NETPostgreSQL/login - 200 - text/html 5774.2695ms
info: Microsoft.AspNetCore.Hosting.Diagnostics[1]
      Request starting HTTP/1.1 GET http://localhost/Factory2NETPostgreSQL/bootstrap/css/bootstrap.min.css?20255289581969 - - -
info: Microsoft.AspNetCore.Hosting.Diagnostics[1]
      Request starting HTTP/1.1 GET http://localhost/Factory2NETPostgreSQL/DVelop/DVMessage/DVMessage.css?20255289581969 - - -
info: Microsoft.AspNetCore.StaticFiles.StaticFileMiddleware[2]
      Sending file. Request path: '/DVelop/DVMessage/DVMessage.css'. Physical path: 'E:\Kbs\Factory2\NETPostgreSQL002\web\DVelop\DVMessage\DVMessage.css'
info: Microsoft.AspNetCore.Hosting.Diagnostics[2]
      Request finished HTTP/1.1 GET http://localhost/Factory2NETPostgreSQL/DVelop/DVMessage/DVMessage.css?20255289581969 - 200 - text/css 5.4065ms
info: Microsoft.AspNetCore.Hosting.Diagnostics[1]
      Request starting HTTP/1.1 GET http://localhost/Factory2NETPostgreSQL/DVelop/Bootstrap/Shared/fontawesome_vlatest/css/all.min.css?20255289581969 - - -
info: Microsoft.AspNetCore.StaticFiles.StaticFileMiddleware[2]
      Sending file. Request path: '/bootstrap/css/bootstrap.min.css'. Physical path: 'E:\Kbs\Factory2\NETPostgreSQL002\web\bootstrap\css\bootstrap.min.css'
info: Microsoft.AspNetCore.Hosting.Diagnostics[1]
      Request starting HTTP/1.1 GET http://localhost/Factory2NETPostgreSQL/DVelop/Bootstrap/Shared/DVelopBootstrap.css?20255289581969 - - -
info: Microsoft.AspNetCore.Hosting.Diagnostics[2]
      Request finished HTTP/1.1 GET http://localhost/Factory2NETPostgreSQL/bootstrap/css/bootstrap.min.css?20255289581969 - 200 - text/css 24.2956ms
info: Microsoft.AspNetCore.StaticFiles.StaticFileMiddleware[2]
      Sending file. Request path: '/DVelop/Bootstrap/Shared/fontawesome_vlatest/css/all.min.css'. Physical path: 'E:\Kbs\Factory2\NETPostgreSQL002\web\DVelop\Bootstrap\Shared\fontawesome_vlatest\css\all.min.css'
info: Microsoft.AspNetCore.Hosting.Diagnostics[2]
      Request finished HTTP/1.1 GET http://localhost/Factory2NETPostgreSQL/DVelop/Bootstrap/Shared/fontawesome_vlatest/css/all.min.css?20255289581969 - 200 - text/css 9.3659ms
info: Microsoft.AspNetCore.Hosting.Diagnostics[1]
      Request starting HTTP/1.1 GET http://localhost/Factory2NETPostgreSQL/DVelop/Shared/daterangepicker/daterangepicker.css?20255289581969 - - -
info: Microsoft.AspNetCore.StaticFiles.StaticFileMiddleware[2]
      Sending file. Request path: '/DVelop/Bootstrap/Shared/DVelopBootstrap.css'. Physical path: 'E:\Kbs\Factory2\NETPostgreSQL002\web\DVelop\Bootstrap\Shared\DVelopBootstrap.css'
info: Microsoft.AspNetCore.Hosting.Diagnostics[2]
      Request finished HTTP/1.1 GET http://localhost/Factory2NETPostgreSQL/DVelop/Bootstrap/Shared/DVelopBootstrap.css?20255289581969 - 200 - text/css 9.8871ms
info: Microsoft.AspNetCore.StaticFiles.StaticFileMiddleware[2]
      Sending file. Request path: '/DVelop/Shared/daterangepicker/daterangepicker.css'. Physical path: 'E:\Kbs\Factory2\NETPostgreSQL002\web\DVelop\Shared\daterangepicker\daterangepicker.css'
info: Microsoft.AspNetCore.Hosting.Diagnostics[2]
      Request finished HTTP/1.1 GET http://localhost/Factory2NETPostgreSQL/DVelop/Shared/daterangepicker/daterangepicker.css?20255289581969 - 200 - text/css 1.8159ms
info: Microsoft.AspNetCore.Hosting.Diagnostics[1]
      Request starting HTTP/1.1 GET http://localhost/Factory2NETPostgreSQL/calendar-system.css?20255289581969 - - -
info: Microsoft.AspNetCore.Hosting.Diagnostics[1]
      Request starting HTTP/1.1 GET http://localhost/Factory2NETPostgreSQL/Resources/Portuguese/DSLogin.css?20255289581969 - - -
info: Microsoft.AspNetCore.StaticFiles.StaticFileMiddleware[2]
      Sending file. Request path: '/calendar-system.css'. Physical path: 'E:\Kbs\Factory2\NETPostgreSQL002\web\calendar-system.css'
info: Microsoft.AspNetCore.Hosting.Diagnostics[1]
      Request starting HTTP/1.1 GET http://localhost/Factory2NETPostgreSQL/bootstrap/js/bootstrap.min.js?20255289581969 - - -
info: Microsoft.AspNetCore.Hosting.Diagnostics[2]
      Request finished HTTP/1.1 GET http://localhost/Factory2NETPostgreSQL/calendar-system.css?20255289581969 - 200 - text/css 2.2784ms
info: Microsoft.AspNetCore.StaticFiles.StaticFileMiddleware[2]
      Sending file. Request path: '/Portuguese/DSLogin.css'. Physical path: 'E:\Kbs\Factory2\NETPostgreSQL002\web\Resources\Portuguese\DSLogin.css'
info: Microsoft.AspNetCore.Hosting.Diagnostics[2]
      Request finished HTTP/1.1 GET http://localhost/Factory2NETPostgreSQL/Resources/Portuguese/DSLogin.css?20255289581969 - 200 - text/css 2.5285ms
info: Microsoft.AspNetCore.StaticFiles.StaticFileMiddleware[2]
      Sending file. Request path: '/bootstrap/js/bootstrap.min.js'. Physical path: 'E:\Kbs\Factory2\NETPostgreSQL002\web\bootstrap\js\bootstrap.min.js'
info: Microsoft.AspNetCore.Hosting.Diagnostics[2]
      Request finished HTTP/1.1 GET http://localhost/Factory2NETPostgreSQL/bootstrap/js/bootstrap.min.js?20255289581969 - 200 39685 text/javascript 3.2767ms
info: Microsoft.AspNetCore.Hosting.Diagnostics[1]
      Request starting HTTP/1.1 GET http://localhost/Factory2NETPostgreSQL/gxcfg.js?20255289581969 - - -
info: Microsoft.AspNetCore.Hosting.Diagnostics[1]
      Request starting HTTP/1.1 GET http://localhost/Factory2NETPostgreSQL/resources/ImagemLogin.png - - -
info: Microsoft.AspNetCore.StaticFiles.StaticFileMiddleware[2]
      Sending file. Request path: '/gxcfg.js'. Physical path: 'E:\Kbs\Factory2\NETPostgreSQL002\web\gxcfg.js'
info: Microsoft.AspNetCore.Hosting.Diagnostics[2]
      Request finished HTTP/1.1 GET http://localhost/Factory2NETPostgreSQL/gxcfg.js?20255289581969 - 200 894 text/javascript 12.8810ms
info: Microsoft.AspNetCore.StaticFiles.StaticFileMiddleware[2]
      Sending file. Request path: '/ImagemLogin.png'. Physical path: 'E:\Kbs\Factory2\NETPostgreSQL002\web\Resources\ImagemLogin.png'
info: Microsoft.AspNetCore.Hosting.Diagnostics[2]
      Request finished HTTP/1.1 GET http://localhost/Factory2NETPostgreSQL/resources/ImagemLogin.png - 200 754992 image/png 20.9108ms
info: Microsoft.AspNetCore.Hosting.Diagnostics[1]
      Request starting HTTP/1.1 GET http://localhost/Factory2NETPostgreSQL/messages.por.js?20255289581969 - - -
info: Microsoft.AspNetCore.StaticFiles.StaticFileMiddleware[2]
      Sending file. Request path: '/messages.por.js'. Physical path: 'E:\Kbs\Factory2\NETPostgreSQL002\web\messages.por.js'
info: Microsoft.AspNetCore.Hosting.Diagnostics[2]
      Request finished HTTP/1.1 GET http://localhost/Factory2NETPostgreSQL/messages.por.js?20255289581969 - 200 95722 text/javascript 2.5397ms
info: Microsoft.AspNetCore.Hosting.Diagnostics[1]
      Request starting HTTP/1.1 GET http://localhost/Factory2NETPostgreSQL/DVelop/DVMessage/pnotify.custom.js?20255289581969 - - -
info: Microsoft.AspNetCore.Hosting.Diagnostics[1]
      Request starting HTTP/1.1 GET http://localhost/Factory2NETPostgreSQL/DVelop/Shared/WorkWithPlusCommon.js?20255289581969 - - -
info: Microsoft.AspNetCore.StaticFiles.StaticFileMiddleware[2]
      Sending file. Request path: '/DVelop/DVMessage/pnotify.custom.js'. Physical path: 'E:\Kbs\Factory2\NETPostgreSQL002\web\DVelop\DVMessage\pnotify.custom.js'
info: Microsoft.AspNetCore.Hosting.Diagnostics[1]
      Request starting HTTP/1.1 GET http://localhost/Factory2NETPostgreSQL/DVelop/DVMessage/DVMessageRender.js?20255289581969 - - -
info: Microsoft.AspNetCore.Hosting.Diagnostics[2]
      Request finished HTTP/1.1 GET http://localhost/Factory2NETPostgreSQL/DVelop/DVMessage/pnotify.custom.js?20255289581969 - 200 31442 text/javascript 1.6750ms
info: Microsoft.AspNetCore.StaticFiles.StaticFileMiddleware[2]
      Sending file. Request path: '/DVelop/Shared/WorkWithPlusCommon.js'. Physical path: 'E:\Kbs\Factory2\NETPostgreSQL002\web\DVelop\Shared\WorkWithPlusCommon.js'
info: Microsoft.AspNetCore.Hosting.Diagnostics[2]
      Request finished HTTP/1.1 GET http://localhost/Factory2NETPostgreSQL/DVelop/Shared/WorkWithPlusCommon.js?20255289581969 - 200 24755 text/javascript 1.5203ms
info: Microsoft.AspNetCore.StaticFiles.StaticFileMiddleware[2]
      Sending file. Request path: '/DVelop/DVMessage/DVMessageRender.js'. Physical path: 'E:\Kbs\Factory2\NETPostgreSQL002\web\DVelop\DVMessage\DVMessageRender.js'
info: Microsoft.AspNetCore.Hosting.Diagnostics[2]
      Request finished HTTP/1.1 GET http://localhost/Factory2NETPostgreSQL/DVelop/DVMessage/DVMessageRender.js?20255289581969 - 200 7611 text/javascript 1.2850ms
info: Microsoft.AspNetCore.Hosting.Diagnostics[1]
      Request starting HTTP/1.1 GET http://localhost/Factory2NETPostgreSQL/DVelop/Bootstrap/Tooltip/BootstrapTooltipRender.js?20255289581969 - - -
info: Microsoft.AspNetCore.Hosting.Diagnostics[1]
      Request starting HTTP/1.1 GET http://localhost/Factory2NETPostgreSQL/DVelop/Mask/jquery.mask.js?20255289581969 - - -
info: Microsoft.AspNetCore.Hosting.Diagnostics[1]
      Request starting HTTP/1.1 GET http://localhost/Factory2NETPostgreSQL/DVelop/WorkWithPlusUtilities/BootstrapSelect.js?20255289581969 - - -
info: Microsoft.AspNetCore.StaticFiles.StaticFileMiddleware[2]
      Sending file. Request path: '/DVelop/Mask/jquery.mask.js'. Physical path: 'E:\Kbs\Factory2\NETPostgreSQL002\web\DVelop\Mask\jquery.mask.js'
info: Microsoft.AspNetCore.StaticFiles.StaticFileMiddleware[2]
      Sending file. Request path: '/DVelop/Bootstrap/Tooltip/BootstrapTooltipRender.js'. Physical path: 'E:\Kbs\Factory2\NETPostgreSQL002\web\DVelop\Bootstrap\Tooltip\BootstrapTooltipRender.js'
info: Microsoft.AspNetCore.Hosting.Diagnostics[2]
      Request finished HTTP/1.1 GET http://localhost/Factory2NETPostgreSQL/DVelop/Bootstrap/Tooltip/BootstrapTooltipRender.js?20255289581969 - 200 5904 text/javascript 1.3134ms
info: Microsoft.AspNetCore.Hosting.Diagnostics[2]
      Request finished HTTP/1.1 GET http://localhost/Factory2NETPostgreSQL/DVelop/Mask/jquery.mask.js?20255289581969 - 200 7444 text/javascript 1.2284ms
info: Microsoft.AspNetCore.StaticFiles.StaticFileMiddleware[2]
      Sending file. Request path: '/DVelop/WorkWithPlusUtilities/BootstrapSelect.js'. Physical path: 'E:\Kbs\Factory2\NETPostgreSQL002\web\DVelop\WorkWithPlusUtilities\BootstrapSelect.js'
info: Microsoft.AspNetCore.Hosting.Diagnostics[2]
      Request finished HTTP/1.1 GET http://localhost/Factory2NETPostgreSQL/DVelop/WorkWithPlusUtilities/BootstrapSelect.js?20255289581969 - 200 52902 text/javascript 1.5313ms
info: Microsoft.AspNetCore.Hosting.Diagnostics[1]
      Request starting HTTP/1.1 GET http://localhost/Factory2NETPostgreSQL/DVelop/WorkWithPlusUtilities/WorkWithPlusUtilitiesRender.js?20255289581969 - - -
info: Microsoft.AspNetCore.Hosting.Diagnostics[1]
      Request starting HTTP/1.1 GET http://localhost/Factory2NETPostgreSQL/DVelop/Shared/daterangepicker/locales.js?20255289581969 - - -
info: Microsoft.AspNetCore.Hosting.Diagnostics[1]
      Request starting HTTP/1.1 GET http://localhost/Factory2NETPostgreSQL/DVelop/Shared/daterangepicker/wwp-daterangepicker.js?20255289581969 - - -
info: Microsoft.AspNetCore.StaticFiles.StaticFileMiddleware[2]
      Sending file. Request path: '/DVelop/Shared/daterangepicker/locales.js'. Physical path: 'E:\Kbs\Factory2\NETPostgreSQL002\web\DVelop\Shared\daterangepicker\locales.js'
info: Microsoft.AspNetCore.Hosting.Diagnostics[2]
      Request finished HTTP/1.1 GET http://localhost/Factory2NETPostgreSQL/DVelop/Shared/daterangepicker/locales.js?20255289581969 - 200 3806 text/javascript 1.4673ms
info: Microsoft.AspNetCore.StaticFiles.StaticFileMiddleware[2]
      Sending file. Request path: '/DVelop/WorkWithPlusUtilities/WorkWithPlusUtilitiesRender.js'. Physical path: 'E:\Kbs\Factory2\NETPostgreSQL002\web\DVelop\WorkWithPlusUtilities\WorkWithPlusUtilitiesRender.js'
info: Microsoft.AspNetCore.Hosting.Diagnostics[2]
      Request finished HTTP/1.1 GET http://localhost/Factory2NETPostgreSQL/DVelop/WorkWithPlusUtilities/WorkWithPlusUtilitiesRender.js?20255289581969 - 200 29810 text/javascript 1.8644ms
info: Microsoft.AspNetCore.StaticFiles.StaticFileMiddleware[2]
      Sending file. Request path: '/DVelop/Shared/daterangepicker/wwp-daterangepicker.js'. Physical path: 'E:\Kbs\Factory2\NETPostgreSQL002\web\DVelop\Shared\daterangepicker\wwp-daterangepicker.js'
info: Microsoft.AspNetCore.Hosting.Diagnostics[2]
      Request finished HTTP/1.1 GET http://localhost/Factory2NETPostgreSQL/DVelop/Shared/daterangepicker/wwp-daterangepicker.js?20255289581969 - 200 5777 text/javascript 2.3067ms
info: Microsoft.AspNetCore.Hosting.Diagnostics[1]
      Request starting HTTP/1.1 GET http://localhost/Factory2NETPostgreSQL/DVelop/Shared/daterangepicker/moment.min.js?20255289581969 - - -
info: Microsoft.AspNetCore.Hosting.Diagnostics[1]
      Request starting HTTP/1.1 GET http://localhost/Factory2NETPostgreSQL/DVelop/Shared/daterangepicker/daterangepicker.min.js?20255289581969 - - -
info: Microsoft.AspNetCore.StaticFiles.StaticFileMiddleware[2]
      Sending file. Request path: '/DVelop/Shared/daterangepicker/moment.min.js'. Physical path: 'E:\Kbs\Factory2\NETPostgreSQL002\web\DVelop\Shared\daterangepicker\moment.min.js'
info: Microsoft.AspNetCore.StaticFiles.StaticFileMiddleware[2]
      Sending file. Request path: '/DVelop/Shared/daterangepicker/daterangepicker.min.js'. Physical path: 'E:\Kbs\Factory2\NETPostgreSQL002\web\DVelop\Shared\daterangepicker\daterangepicker.min.js'
info: Microsoft.AspNetCore.Hosting.Diagnostics[2]
      Request finished HTTP/1.1 GET http://localhost/Factory2NETPostgreSQL/DVelop/Shared/daterangepicker/moment.min.js?20255289581969 - 200 59101 text/javascript 1.9650ms
info: Microsoft.AspNetCore.Hosting.Diagnostics[2]
      Request finished HTTP/1.1 GET http://localhost/Factory2NETPostgreSQL/DVelop/Shared/daterangepicker/daterangepicker.min.js?20255289581969 - 200 62675 text/javascript 1.4762ms
info: Microsoft.AspNetCore.Hosting.Diagnostics[1]
      Request starting HTTP/1.1 GET http://localhost/Factory2NETPostgreSQL/DVelop/DatePicker/DatePickerRender.js?20255289581969 - - -
info: Microsoft.AspNetCore.StaticFiles.StaticFileMiddleware[2]
      Sending file. Request path: '/DVelop/DatePicker/DatePickerRender.js'. Physical path: 'E:\Kbs\Factory2\NETPostgreSQL002\web\DVelop\DatePicker\DatePickerRender.js'
info: Microsoft.AspNetCore.Hosting.Diagnostics[2]
      Request finished HTTP/1.1 GET http://localhost/Factory2NETPostgreSQL/DVelop/DatePicker/DatePickerRender.js?20255289581969 - 200 3134 text/javascript 2.0979ms
info: Microsoft.AspNetCore.Hosting.Diagnostics[1]
      Request starting HTTP/1.1 POST http://localhost/Factory2NETPostgreSQL/login?c01d04b1610243d2a2af23e7952e8b18c058b2f07c0b1467004946e819bfbb91,gx-no-cache=1748438092757 - application/json 161
info: Microsoft.AspNetCore.Hosting.Diagnostics[2]
      Request finished HTTP/1.1 POST http://localhost/Factory2NETPostgreSQL/login?c01d04b1610243d2a2af23e7952e8b18c058b2f07c0b1467004946e819bfbb91,gx-no-cache=1748438092757 - 200 - application/json 216.6092ms
info: Microsoft.AspNetCore.Hosting.Diagnostics[1]
      Request starting HTTP/1.1 GET http://localhost/Factory2NETPostgreSQL/index?Yg184jAPh1I47-31EQZ0PA - - -
info: Microsoft.AspNetCore.Hosting.Diagnostics[2]
      Request finished HTTP/1.1 GET http://localhost/Factory2NETPostgreSQL/index?Yg184jAPh1I47-31EQZ0PA - 200 - application/json 500.2346ms
info: Microsoft.AspNetCore.Hosting.Diagnostics[1]
      Request starting HTTP/1.1 GET http://localhost/Factory2NETPostgreSQL/vendas - - -
info: Microsoft.AspNetCore.Hosting.Diagnostics[2]
      Request finished HTTP/1.1 GET http://localhost/Factory2NETPostgreSQL/vendas - 200 - text/html 3461.0735ms
info: Microsoft.AspNetCore.Hosting.Diagnostics[1]
      Request starting HTTP/1.1 GET http://localhost/Factory2NETPostgreSQL/DVelop/DVPaginationBar/DVPaginationBar.css?20255289581969 - - -
info: Microsoft.AspNetCore.StaticFiles.StaticFileMiddleware[2]
      Sending file. Request path: '/DVelop/DVPaginationBar/DVPaginationBar.css'. Physical path: 'E:\Kbs\Factory2\NETPostgreSQL002\web\DVelop\DVPaginationBar\DVPaginationBar.css'
info: Microsoft.AspNetCore.Hosting.Diagnostics[2]
      Request finished HTTP/1.1 GET http://localhost/Factory2NETPostgreSQL/DVelop/DVPaginationBar/DVPaginationBar.css?20255289581969 - 200 - text/css 2.0751ms
info: Microsoft.AspNetCore.Hosting.Diagnostics[1]
      Request starting HTTP/1.1 GET http://localhost/Factory2NETPostgreSQL/Resources/Portuguese/WorkWithPlusDS.css?20255289581969 - - -
info: Microsoft.AspNetCore.StaticFiles.StaticFileMiddleware[2]
      Sending file. Request path: '/Portuguese/WorkWithPlusDS.css'. Physical path: 'E:\Kbs\Factory2\NETPostgreSQL002\web\Resources\Portuguese\WorkWithPlusDS.css'
info: Microsoft.AspNetCore.Hosting.Diagnostics[2]
      Request finished HTTP/1.1 GET http://localhost/Factory2NETPostgreSQL/Resources/Portuguese/WorkWithPlusDS.css?20255289581969 - 200 - text/css 1.8867ms
info: Microsoft.AspNetCore.Hosting.Diagnostics[1]
      Request starting HTTP/1.1 GET http://localhost/Factory2NETPostgreSQL/DVelop/Bootstrap/Shared/DVelopBootstrap.js?20255289581969 - - -
info: Microsoft.AspNetCore.Hosting.Diagnostics[1]
      Request starting HTTP/1.1 GET http://localhost/Factory2NETPostgreSQL/Resources/Portuguese/WorkWithPlusDS.css?20255289581969 - - -
info: Microsoft.AspNetCore.StaticFiles.StaticFileMiddleware[2]
      Sending file. Request path: '/Portuguese/WorkWithPlusDS.css'. Physical path: 'E:\Kbs\Factory2\NETPostgreSQL002\web\Resources\Portuguese\WorkWithPlusDS.css'
info: Microsoft.AspNetCore.Hosting.Diagnostics[2]
      Request finished HTTP/1.1 GET http://localhost/Factory2NETPostgreSQL/Resources/Portuguese/WorkWithPlusDS.css?20255289581969 - 200 - text/css 1.2607ms
info: Microsoft.AspNetCore.StaticFiles.StaticFileMiddleware[2]
      Sending file. Request path: '/DVelop/Bootstrap/Shared/DVelopBootstrap.js'. Physical path: 'E:\Kbs\Factory2\NETPostgreSQL002\web\DVelop\Bootstrap\Shared\DVelopBootstrap.js'
info: Microsoft.AspNetCore.Hosting.Diagnostics[1]
      Request starting HTTP/1.1 GET http://localhost/Factory2NETPostgreSQL/resources/Imagemheader.png - - -
info: Microsoft.AspNetCore.Hosting.Diagnostics[2]
      Request finished HTTP/1.1 GET http://localhost/Factory2NETPostgreSQL/DVelop/Bootstrap/Shared/DVelopBootstrap.js?20255289581969 - 200 163482 text/javascript 28.9986ms
info: Microsoft.AspNetCore.StaticFiles.StaticFileMiddleware[2]
      Sending file. Request path: '/Imagemheader.png'. Physical path: 'E:\Kbs\Factory2\NETPostgreSQL002\web\Resources\Imagemheader.png'
info: Microsoft.AspNetCore.Hosting.Diagnostics[2]
      Request finished HTTP/1.1 GET http://localhost/Factory2NETPostgreSQL/resources/Imagemheader.png - 200 25223 image/png 6.5557ms
info: Microsoft.AspNetCore.Hosting.Diagnostics[1]
      Request starting HTTP/1.1 GET http://localhost/Factory2NETPostgreSQL/DVelop/Bootstrap/Panel/BootstrapPanelRender.js?20255289581969 - - -
info: Microsoft.AspNetCore.StaticFiles.StaticFileMiddleware[2]
      Sending file. Request path: '/DVelop/Bootstrap/Panel/BootstrapPanelRender.js'. Physical path: 'E:\Kbs\Factory2\NETPostgreSQL002\web\DVelop\Bootstrap\Panel\BootstrapPanelRender.js'
info: Microsoft.AspNetCore.Hosting.Diagnostics[2]
      Request finished HTTP/1.1 GET http://localhost/Factory2NETPostgreSQL/DVelop/Bootstrap/Panel/BootstrapPanelRender.js?20255289581969 - 200 685 text/javascript 1.0098ms
info: Microsoft.AspNetCore.Hosting.Diagnostics[1]
      Request starting HTTP/1.1 GET http://localhost/Factory2NETPostgreSQL/DVelop/Bootstrap/DropDownOptions/BootstrapDropDownOptionsRender.js?20255289581969 - - -
info: Microsoft.AspNetCore.StaticFiles.StaticFileMiddleware[2]
      Sending file. Request path: '/DVelop/Bootstrap/DropDownOptions/BootstrapDropDownOptionsRender.js'. Physical path: 'E:\Kbs\Factory2\NETPostgreSQL002\web\DVelop\Bootstrap\DropDownOptions\BootstrapDropDownOptionsRender.js'
info: Microsoft.AspNetCore.Hosting.Diagnostics[2]
      Request finished HTTP/1.1 GET http://localhost/Factory2NETPostgreSQL/DVelop/Bootstrap/DropDownOptions/BootstrapDropDownOptionsRender.js?20255289581969 - 200 29124 text/javascript 1.5290ms
info: Microsoft.AspNetCore.Hosting.Diagnostics[1]
      Request starting HTTP/1.1 GET http://localhost/Factory2NETPostgreSQL/DVelop/DVPaginationBar/DVPaginationBarRender.js?20255289581969 - - -
info: Microsoft.AspNetCore.StaticFiles.StaticFileMiddleware[2]
      Sending file. Request path: '/DVelop/DVPaginationBar/DVPaginationBarRender.js'. Physical path: 'E:\Kbs\Factory2\NETPostgreSQL002\web\DVelop\DVPaginationBar\DVPaginationBarRender.js'
info: Microsoft.AspNetCore.Hosting.Diagnostics[2]
      Request finished HTTP/1.1 GET http://localhost/Factory2NETPostgreSQL/DVelop/DVPaginationBar/DVPaginationBarRender.js?20255289581969 - 200 13900 text/javascript 1.8244ms
info: Microsoft.AspNetCore.Hosting.Diagnostics[1]
      Request starting HTTP/1.1 GET http://localhost/Factory2NETPostgreSQL/DVelop/GridEmpowerer/GridEmpowererRender.js?20255289581969 - - -
info: Microsoft.AspNetCore.StaticFiles.StaticFileMiddleware[2]
      Sending file. Request path: '/DVelop/GridEmpowerer/GridEmpowererRender.js'. Physical path: 'E:\Kbs\Factory2\NETPostgreSQL002\web\DVelop\GridEmpowerer\GridEmpowererRender.js'
info: Microsoft.AspNetCore.Hosting.Diagnostics[2]
      Request finished HTTP/1.1 GET http://localhost/Factory2NETPostgreSQL/DVelop/GridEmpowerer/GridEmpowererRender.js?20255289581969 - 200 58313 text/javascript 0.8931ms
info: Microsoft.AspNetCore.Hosting.Diagnostics[1]
      Request starting HTTP/1.1 GET http://localhost/Factory2NETPostgreSQL/DVelop/DateRangePicker/DateRangePickerRender.js?20255289581969 - - -
info: Microsoft.AspNetCore.StaticFiles.StaticFileMiddleware[2]
      Sending file. Request path: '/DVelop/DateRangePicker/DateRangePickerRender.js'. Physical path: 'E:\Kbs\Factory2\NETPostgreSQL002\web\DVelop\DateRangePicker\DateRangePickerRender.js'
info: Microsoft.AspNetCore.Hosting.Diagnostics[2]
      Request finished HTTP/1.1 GET http://localhost/Factory2NETPostgreSQL/DVelop/DateRangePicker/DateRangePickerRender.js?20255289581969 - 200 3180 text/javascript 0.8779ms
info: Microsoft.AspNetCore.Hosting.Diagnostics[1]
      Request starting HTTP/1.1 GET http://localhost/Factory2NETPostgreSQL/wcmodule.js?20255289141783 - - -
info: Microsoft.AspNetCore.StaticFiles.StaticFileMiddleware[6]
      The file /wcmodule.js was not modified
info: Microsoft.AspNetCore.Hosting.Diagnostics[2]
      Request finished HTTP/1.1 GET http://localhost/Factory2NETPostgreSQL/wcmodule.js?20255289141783 - 304 - text/javascript 0.6136ms
info: Microsoft.AspNetCore.Hosting.Diagnostics[1]
      Request starting HTTP/1.1 GET http://localhost/Factory2NETPostgreSQL/DVelop/Bootstrap/Shared/slimscroll/jquery.slimscroll.min.js?20255289581969 - - -
info: Microsoft.AspNetCore.StaticFiles.StaticFileMiddleware[2]
      Sending file. Request path: '/DVelop/Bootstrap/Shared/slimscroll/jquery.slimscroll.min.js'. Physical path: 'E:\Kbs\Factory2\NETPostgreSQL002\web\DVelop\Bootstrap\Shared\slimscroll\jquery.slimscroll.min.js'
info: Microsoft.AspNetCore.Hosting.Diagnostics[2]
      Request finished HTTP/1.1 GET http://localhost/Factory2NETPostgreSQL/DVelop/Bootstrap/Shared/slimscroll/jquery.slimscroll.min.js?20255289581969 - 200 4736 text/javascript 0.9644ms
info: Microsoft.AspNetCore.Hosting.Diagnostics[1]
      Request starting HTTP/1.1 GET http://localhost/Factory2NETPostgreSQL/DVelop/Bootstrap/SidebarMenu/BootstrapSidebarMenuRender.js?20255289581969 - - -
info: Microsoft.AspNetCore.StaticFiles.StaticFileMiddleware[2]
      Sending file. Request path: '/DVelop/Bootstrap/SidebarMenu/BootstrapSidebarMenuRender.js'. Physical path: 'E:\Kbs\Factory2\NETPostgreSQL002\web\DVelop\Bootstrap\SidebarMenu\BootstrapSidebarMenuRender.js'
info: Microsoft.AspNetCore.Hosting.Diagnostics[2]
      Request finished HTTP/1.1 GET http://localhost/Factory2NETPostgreSQL/DVelop/Bootstrap/SidebarMenu/BootstrapSidebarMenuRender.js?20255289581969 - 200 19643 text/javascript 0.7311ms
info: Microsoft.AspNetCore.Hosting.Diagnostics[1]
      Request starting HTTP/1.1 GET http://localhost/Factory2NETPostgreSQL/DVelop/Chronometer/ChronometerRender.js?20255289581969 - - -
info: Microsoft.AspNetCore.StaticFiles.StaticFileMiddleware[2]
      Sending file. Request path: '/DVelop/Chronometer/ChronometerRender.js'. Physical path: 'E:\Kbs\Factory2\NETPostgreSQL002\web\DVelop\Chronometer\ChronometerRender.js'
info: Microsoft.AspNetCore.Hosting.Diagnostics[2]
      Request finished HTTP/1.1 GET http://localhost/Factory2NETPostgreSQL/DVelop/Chronometer/ChronometerRender.js?20255289581969 - 200 682 text/javascript 0.8257ms
info: Microsoft.AspNetCore.Hosting.Diagnostics[1]
      Request starting HTTP/1.1 GET http://localhost/Factory2NETPostgreSQL/DVelop/Bootstrap/ConfirmPanel/BootstrapConfirmPanelRender.js?20255289581969 - - -
info: Microsoft.AspNetCore.StaticFiles.StaticFileMiddleware[2]
      Sending file. Request path: '/DVelop/Bootstrap/ConfirmPanel/BootstrapConfirmPanelRender.js'. Physical path: 'E:\Kbs\Factory2\NETPostgreSQL002\web\DVelop\Bootstrap\ConfirmPanel\BootstrapConfirmPanelRender.js'
info: Microsoft.AspNetCore.Hosting.Diagnostics[2]
      Request finished HTTP/1.1 GET http://localhost/Factory2NETPostgreSQL/DVelop/Bootstrap/ConfirmPanel/BootstrapConfirmPanelRender.js?20255289581969 - 200 644 text/javascript 0.8731ms
info: Microsoft.AspNetCore.Hosting.Diagnostics[1]
      Request starting HTTP/1.1 GET http://localhost/Factory2NETPostgreSQL/wwpbaseobjects/workwithplusmasterpage.js?20255289151414 - - -
info: Microsoft.AspNetCore.StaticFiles.StaticFileMiddleware[6]
      The file /wwpbaseobjects/workwithplusmasterpage.js was not modified
info: Microsoft.AspNetCore.Hosting.Diagnostics[2]
      Request finished HTTP/1.1 GET http://localhost/Factory2NETPostgreSQL/wwpbaseobjects/workwithplusmasterpage.js?20255289151414 - 304 - text/javascript 0.4788ms
info: Microsoft.AspNetCore.Hosting.Diagnostics[1]
      Request starting HTTP/1.1 GET http://localhost/Factory2NETPostgreSQL/gxwebsocket?d7611339-b26e-4cfa-9629-79b864a43442 - - -
info: Microsoft.AspNetCore.Hosting.Diagnostics[1]
      Request starting HTTP/1.1 GET http://localhost/Factory2NETPostgreSQL/propostaww - - -
info: Microsoft.AspNetCore.Hosting.Diagnostics[2]
      Request finished HTTP/1.1 GET http://localhost/Factory2NETPostgreSQL/propostaww - 200 - text/html 2404.6950ms
info: Microsoft.AspNetCore.Hosting.Diagnostics[1]
      Request starting HTTP/1.1 GET http://localhost/Factory2NETPostgreSQL/DVelop/GridTitlesCategories/GridTitlesCategoriesRender.js?20255289581969 - - -
info: Microsoft.AspNetCore.StaticFiles.StaticFileMiddleware[2]
      Sending file. Request path: '/DVelop/GridTitlesCategories/GridTitlesCategoriesRender.js'. Physical path: 'E:\Kbs\Factory2\NETPostgreSQL002\web\DVelop\GridTitlesCategories\GridTitlesCategoriesRender.js'
info: Microsoft.AspNetCore.Hosting.Diagnostics[2]
      Request finished HTTP/1.1 GET http://localhost/Factory2NETPostgreSQL/DVelop/GridTitlesCategories/GridTitlesCategoriesRender.js?20255289581969 - 200 5543 text/javascript 1.1193ms
info: Microsoft.AspNetCore.Hosting.Diagnostics[1]
      Request starting HTTP/1.1 POST http://localhost/Factory2NETPostgreSQL/propostaww?c01d04b1610243d2a2af23e7952e8b18c058b2f07c0b1467004946e819bfbb91,gx-no-cache=1748438148542 - application/json 179
info: Microsoft.AspNetCore.Hosting.Diagnostics[2]
      Request finished HTTP/1.1 POST http://localhost/Factory2NETPostgreSQL/propostaww?c01d04b1610243d2a2af23e7952e8b18c058b2f07c0b1467004946e819bfbb91,gx-no-cache=1748438148542 - 200 - application/json 5.3254ms
info: Microsoft.AspNetCore.Hosting.Diagnostics[1]
      Request starting HTTP/1.1 GET http://localhost/Factory2NETPostgreSQL/wproposta - - -
info: Microsoft.AspNetCore.Hosting.Diagnostics[2]
      Request finished HTTP/1.1 GET http://localhost/Factory2NETPostgreSQL/wproposta - 200 - text/html 1668.2160ms
info: Microsoft.AspNetCore.Hosting.Diagnostics[1]
      Request starting HTTP/1.1 GET http://localhost/Factory2NETPostgreSQL/UserControls/WWP_IconButtonRender.js?20255289581969 - - -
info: Microsoft.AspNetCore.StaticFiles.StaticFileMiddleware[2]
      Sending file. Request path: '/UserControls/WWP_IconButtonRender.js'. Physical path: 'E:\Kbs\Factory2\NETPostgreSQL002\web\UserControls\WWP_IconButtonRender.js'
info: Microsoft.AspNetCore.Hosting.Diagnostics[2]
      Request finished HTTP/1.1 GET http://localhost/Factory2NETPostgreSQL/UserControls/WWP_IconButtonRender.js?20255289581969 - 200 955 text/javascript 0.6644ms
info: Microsoft.AspNetCore.Hosting.Diagnostics[1]
      Request starting HTTP/1.1 POST http://localhost/Factory2NETPostgreSQL/wproposta?c01d04b1610243d2a2af23e7952e8b18c058b2f07c0b1467004946e819bfbb91,gx-no-cache=1748438156045 - application/json 1996
info: Microsoft.AspNetCore.Hosting.Diagnostics[2]
      Request finished HTTP/1.1 POST http://localhost/Factory2NETPostgreSQL/wproposta?c01d04b1610243d2a2af23e7952e8b18c058b2f07c0b1467004946e819bfbb91,gx-no-cache=1748438156045 - 200 - application/json 22.6881ms
info: Microsoft.AspNetCore.Hosting.Diagnostics[1]
      Request starting HTTP/1.1 GET http://localhost/Factory2NETPostgreSQL/wproposta?Q4pMnyum8WNykZclxa5exSSumaQXvtyweex6KT4C3jfoCJbthGFJEK6efkNA-RsR - - -
info: Microsoft.AspNetCore.Hosting.Diagnostics[2]
      Request finished HTTP/1.1 GET http://localhost/Factory2NETPostgreSQL/wproposta?Q4pMnyum8WNykZclxa5exSSumaQXvtyweex6KT4C3jfoCJbthGFJEK6efkNA-RsR - 200 - text/html 3461.4037ms
info: Microsoft.AspNetCore.Hosting.Diagnostics[1]
      Request starting HTTP/1.1 POST http://localhost/Factory2NETPostgreSQL/wproposta?c01d04b1610243d2a2af23e7952e8b18c058b2f07c0b1467004946e819bfbb91,Q4pMnyum8WNykZclxa5exSSumaQXvtyweex6KT4C3jfoCJbthGFJEK6efkNA-RsR,gx-no-cache=1748438166247 - application/json 592
info: Microsoft.AspNetCore.Hosting.Diagnostics[2]
      Request finished HTTP/1.1 POST http://localhost/Factory2NETPostgreSQL/wproposta?c01d04b1610243d2a2af23e7952e8b18c058b2f07c0b1467004946e819bfbb91,Q4pMnyum8WNykZclxa5exSSumaQXvtyweex6KT4C3jfoCJbthGFJEK6efkNA-RsR,gx-no-cache=1748438166247 - 200 - application/json 17.6854ms
info: Microsoft.AspNetCore.Hosting.Diagnostics[1]
      Request starting HTTP/1.1 POST http://localhost/Factory2NETPostgreSQL/wproposta?c01d04b1610243d2a2af23e7952e8b18c058b2f07c0b1467004946e819bfbb91,Q4pMnyum8WNykZclxa5exSSumaQXvtyweex6KT4C3jfoCJbthGFJEK6efkNA-RsR,gx-no-cache=1748438167864 - application/json 1225
info: Microsoft.AspNetCore.Hosting.Diagnostics[2]
      Request finished HTTP/1.1 POST http://localhost/Factory2NETPostgreSQL/wproposta?c01d04b1610243d2a2af23e7952e8b18c058b2f07c0b1467004946e819bfbb91,Q4pMnyum8WNykZclxa5exSSumaQXvtyweex6KT4C3jfoCJbthGFJEK6efkNA-RsR,gx-no-cache=1748438167864 - 200 - application/json 170.7289ms
info: Microsoft.AspNetCore.Hosting.Diagnostics[1]
      Request starting HTTP/1.1 GET http://localhost/Factory2NETPostgreSQL/wproposta?ycKetVpVfU_sAp-QllRWD3XgSYQ8oHmdD9ZqCFHSeC391d1sNMrciElooLI7oLli - - -
info: Microsoft.AspNetCore.Hosting.Diagnostics[2]
      Request finished HTTP/1.1 GET http://localhost/Factory2NETPostgreSQL/wproposta?ycKetVpVfU_sAp-QllRWD3XgSYQ8oHmdD9ZqCFHSeC391d1sNMrciElooLI7oLli - 200 - text/html 1042.8895ms
info: Microsoft.AspNetCore.Hosting.Diagnostics[1]
      Request starting HTTP/1.1 POST http://localhost/Factory2NETPostgreSQL/wproposta?c01d04b1610243d2a2af23e7952e8b18c058b2f07c0b1467004946e819bfbb91,ycKetVpVfU_sAp-QllRWD3XgSYQ8oHmdD9ZqCFHSeC391d1sNMrciElooLI7oLli,gx-no-cache=1748438175859 - application/json 1787
info: Microsoft.AspNetCore.Hosting.Diagnostics[2]
      Request finished HTTP/1.1 POST http://localhost/Factory2NETPostgreSQL/wproposta?c01d04b1610243d2a2af23e7952e8b18c058b2f07c0b1467004946e819bfbb91,ycKetVpVfU_sAp-QllRWD3XgSYQ8oHmdD9ZqCFHSeC391d1sNMrciElooLI7oLli,gx-no-cache=1748438175859 - 200 - application/json 86.9071ms
info: Microsoft.AspNetCore.Hosting.Diagnostics[1]
      Request starting HTTP/1.1 GET http://localhost/Factory2NETPostgreSQL/wproposta?4ryjthe45dJxTpUS0AiVHNM-W3RwsrWndcPjAInKtKH5xL0pXl7Qubcmc7LvyHCU - - -
info: Microsoft.AspNetCore.Hosting.Diagnostics[2]
      Request finished HTTP/1.1 GET http://localhost/Factory2NETPostgreSQL/wproposta?4ryjthe45dJxTpUS0AiVHNM-W3RwsrWndcPjAInKtKH5xL0pXl7Qubcmc7LvyHCU - 200 - text/html 696.3573ms
info: Microsoft.AspNetCore.Hosting.Diagnostics[1]
      Request starting HTTP/1.1 POST http://localhost/Factory2NETPostgreSQL/wproposta?c01d04b1610243d2a2af23e7952e8b18c058b2f07c0b1467004946e819bfbb91,4ryjthe45dJxTpUS0AiVHNM-W3RwsrWndcPjAInKtKH5xL0pXl7Qubcmc7LvyHCU,gx-no-cache=1748438184814 - application/json 192
info: Microsoft.AspNetCore.Hosting.Diagnostics[2]
      Request finished HTTP/1.1 POST http://localhost/Factory2NETPostgreSQL/wproposta?c01d04b1610243d2a2af23e7952e8b18c058b2f07c0b1467004946e819bfbb91,4ryjthe45dJxTpUS0AiVHNM-W3RwsrWndcPjAInKtKH5xL0pXl7Qubcmc7LvyHCU,gx-no-cache=1748438184814 - 200 - application/json 9.7591ms
info: Microsoft.AspNetCore.Hosting.Diagnostics[1]
      Request starting HTTP/1.1 POST http://localhost/Factory2NETPostgreSQL/wproposta?c01d04b1610243d2a2af23e7952e8b18c058b2f07c0b1467004946e819bfbb91,4ryjthe45dJxTpUS0AiVHNM-W3RwsrWndcPjAInKtKH5xL0pXl7Qubcmc7LvyHCU,gx-no-cache=1748438186951 - application/json 1204
info: Microsoft.AspNetCore.Hosting.Diagnostics[2]
      Request finished HTTP/1.1 POST http://localhost/Factory2NETPostgreSQL/wproposta?c01d04b1610243d2a2af23e7952e8b18c058b2f07c0b1467004946e819bfbb91,4ryjthe45dJxTpUS0AiVHNM-W3RwsrWndcPjAInKtKH5xL0pXl7Qubcmc7LvyHCU,gx-no-cache=1748438186951 - 200 - application/json 7.2389ms
info: Microsoft.AspNetCore.Hosting.Diagnostics[1]
      Request starting HTTP/1.1 GET http://localhost/Factory2NETPostgreSQL/wproposta?3KwZsiZy23EAR7CnZcdMoxoocxpZMrKZr54ula9XkXCkF3QlmimO9ycYP4WMMX3F - - -
info: Microsoft.AspNetCore.Hosting.Diagnostics[2]
      Request finished HTTP/1.1 GET http://localhost/Factory2NETPostgreSQL/wproposta?3KwZsiZy23EAR7CnZcdMoxoocxpZMrKZr54ula9XkXCkF3QlmimO9ycYP4WMMX3F - 200 - text/html 598.6463ms
info: Microsoft.AspNetCore.Hosting.Diagnostics[1]
      Request starting HTTP/1.1 GET http://localhost/Factory2NETPostgreSQL/Window/InNewWindowRender.js?20255289581969 - - -
info: Microsoft.AspNetCore.StaticFiles.StaticFileMiddleware[2]
      Sending file. Request path: '/Window/InNewWindowRender.js'. Physical path: 'E:\Kbs\Factory2\NETPostgreSQL002\web\Window\InNewWindowRender.js'
info: Microsoft.AspNetCore.Hosting.Diagnostics[2]
      Request finished HTTP/1.1 GET http://localhost/Factory2NETPostgreSQL/Window/InNewWindowRender.js?20255289581969 - 200 1714 text/javascript 2.1584ms
info: Microsoft.AspNetCore.Hosting.Diagnostics[1]
      Request starting HTTP/1.1 POST http://localhost/Factory2NETPostgreSQL/wproposta?c01d04b1610243d2a2af23e7952e8b18c058b2f07c0b1467004946e819bfbb91,3KwZsiZy23EAR7CnZcdMoxoocxpZMrKZr54ula9XkXCkF3QlmimO9ycYP4WMMX3F,gx-no-cache=1748438190493 - application/json 676
info: Microsoft.AspNetCore.Hosting.Diagnostics[2]
      Request finished HTTP/1.1 POST http://localhost/Factory2NETPostgreSQL/wproposta?c01d04b1610243d2a2af23e7952e8b18c058b2f07c0b1467004946e819bfbb91,3KwZsiZy23EAR7CnZcdMoxoocxpZMrKZr54ula9XkXCkF3QlmimO9ycYP4WMMX3F,gx-no-cache=1748438190493 - 200 - application/json 9.3213ms
info: Microsoft.AspNetCore.Hosting.Diagnostics[1]
      Request starting HTTP/1.1 GET http://localhost/Factory2NETPostgreSQL/popupnovodocumento?Wz-gHFuz-UtuKbxi0C1ZpY0HbvLofI4Bw_srAjogbTE,gxPopupLevel%3D0%3BgxTabId%3D880a6075-0cdb-4c85-8a14-cf0c7452cc36%3B - - -
info: Microsoft.AspNetCore.Hosting.Diagnostics[2]
      Request finished HTTP/1.1 GET http://localhost/Factory2NETPostgreSQL/popupnovodocumento?Wz-gHFuz-UtuKbxi0C1ZpY0HbvLofI4Bw_srAjogbTE,gxPopupLevel%3D0%3BgxTabId%3D880a6075-0cdb-4c85-8a14-cf0c7452cc36%3B - 200 - text/html 1280.5656ms
info: Microsoft.AspNetCore.Hosting.Diagnostics[1]
      Request starting HTTP/1.1 GET http://localhost/Factory2NETPostgreSQL/FileUpload/fileupload.min.css?20255289581969 - - -
info: Microsoft.AspNetCore.StaticFiles.StaticFileMiddleware[2]
      Sending file. Request path: '/FileUpload/fileupload.min.css'. Physical path: 'E:\Kbs\Factory2\NETPostgreSQL002\web\FileUpload\fileupload.min.css'
info: Microsoft.AspNetCore.Hosting.Diagnostics[2]
      Request finished HTTP/1.1 GET http://localhost/Factory2NETPostgreSQL/FileUpload/fileupload.min.css?20255289581969 - 200 - text/css 0.7964ms
info: Microsoft.AspNetCore.Hosting.Diagnostics[1]
      Request starting HTTP/1.1 GET http://localhost/Factory2NETPostgreSQL/FileUpload/fileupload.min.js?20255289581969 - - -
info: Microsoft.AspNetCore.StaticFiles.StaticFileMiddleware[2]
      Sending file. Request path: '/FileUpload/fileupload.min.js'. Physical path: 'E:\Kbs\Factory2\NETPostgreSQL002\web\FileUpload\fileupload.min.js'
info: Microsoft.AspNetCore.Hosting.Diagnostics[2]
      Request finished HTTP/1.1 GET http://localhost/Factory2NETPostgreSQL/FileUpload/fileupload.min.js?20255289581969 - 200 89136 text/javascript 1.0348ms
info: Microsoft.AspNetCore.Hosting.Diagnostics[1]
      Request starting HTTP/1.1 GET http://localhost/Factory2NETPostgreSQL/gxcfg.js?20255289581969 - - -
info: Microsoft.AspNetCore.StaticFiles.StaticFileMiddleware[6]
      The file /gxcfg.js was not modified
info: Microsoft.AspNetCore.Hosting.Diagnostics[2]
      Request finished HTTP/1.1 GET http://localhost/Factory2NETPostgreSQL/gxcfg.js?20255289581969 - 304 - text/javascript 0.4293ms
info: Microsoft.AspNetCore.Hosting.Diagnostics[1]
      Request starting HTTP/1.1 GET http://localhost/Factory2NETPostgreSQL/DVelop/Popover/WWPPopoverRender.js?20255289581969 - - -
info: Microsoft.AspNetCore.StaticFiles.StaticFileMiddleware[2]
      Sending file. Request path: '/DVelop/Popover/WWPPopoverRender.js'. Physical path: 'E:\Kbs\Factory2\NETPostgreSQL002\web\DVelop\Popover\WWPPopoverRender.js'
info: Microsoft.AspNetCore.Hosting.Diagnostics[2]
      Request finished HTTP/1.1 GET http://localhost/Factory2NETPostgreSQL/DVelop/Popover/WWPPopoverRender.js?20255289581969 - 200 9096 text/javascript 1.0364ms
info: Microsoft.AspNetCore.Hosting.Diagnostics[1]
      Request starting HTTP/1.1 POST http://localhost/Factory2NETPostgreSQL/popupnovodocumento/gxobject - multipart/form-data;+boundary=----WebKitFormBoundary1YQdFUYOuGDbDDI1 164315
info: Microsoft.AspNetCore.Hosting.Diagnostics[2]
      Request finished HTTP/1.1 POST http://localhost/Factory2NETPostgreSQL/popupnovodocumento/gxobject - 200 - text/plain 31.2361ms
info: Microsoft.AspNetCore.Hosting.Diagnostics[1]
      Request starting HTTP/1.1 POST http://localhost/Factory2NETPostgreSQL/popupnovodocumento?c01d04b1610243d2a2af23e7952e8b18c058b2f07c0b1467004946e819bfbb91,Wz-gHFuz-UtuKbxi0C1ZpY0HbvLofI4Bw_srAjogbTE,gxPopupLevel%3D0%3BgxTabId%3D880a6075-0cdb-4c85-8a14-cf0c7452cc36%3B,gx-no-cache=1748438206497 - application/json 615
info: Microsoft.AspNetCore.Hosting.Diagnostics[2]
      Request finished HTTP/1.1 POST http://localhost/Factory2NETPostgreSQL/popupnovodocumento?c01d04b1610243d2a2af23e7952e8b18c058b2f07c0b1467004946e819bfbb91,Wz-gHFuz-UtuKbxi0C1ZpY0HbvLofI4Bw_srAjogbTE,gxPopupLevel%3D0%3BgxTabId%3D880a6075-0cdb-4c85-8a14-cf0c7452cc36%3B,gx-no-cache=1748438206497 - 200 - application/json 7.9938ms
info: Microsoft.AspNetCore.Hosting.Diagnostics[1]
      Request starting HTTP/1.1 POST http://localhost/Factory2NETPostgreSQL/wproposta?c01d04b1610243d2a2af23e7952e8b18c058b2f07c0b1467004946e819bfbb91,3KwZsiZy23EAR7CnZcdMoxoocxpZMrKZr54ula9XkXCkF3QlmimO9ycYP4WMMX3F,gx-no-cache=1748438206565 - application/json 400
info: Microsoft.AspNetCore.Hosting.Diagnostics[2]
      Request finished HTTP/1.1 POST http://localhost/Factory2NETPostgreSQL/wproposta?c01d04b1610243d2a2af23e7952e8b18c058b2f07c0b1467004946e819bfbb91,3KwZsiZy23EAR7CnZcdMoxoocxpZMrKZr54ula9XkXCkF3QlmimO9ycYP4WMMX3F,gx-no-cache=1748438206565 - 200 - application/json 7.1858ms
info: Microsoft.AspNetCore.Hosting.Diagnostics[1]
      Request starting HTTP/1.1 GET http://localhost/Factory2NETPostgreSQL/wpropostadocumentos?c01d04b1610243d2a2af23e7952e8b18b7d0a8fb5b036488e570b910b682cd8803aa0395fb278683aa19ec983cb19dc2bc7f66f7a6d630fbac02e540b6c89a91b43bccfaae7ce0148d725686922226c46b346da719bd19966b946fdf3c7b2d3286cbfc31526ce53ecaefd3b44a31980c665c0ae31660503d634a208f6aa6c47d3c52c0b75500714241102fd1685a4d001086ef0f27d9c641b3c9df1d5dd7b07bf7518797548d445ede87ba04ad115205c26490e05120b78ef70434d5c2f21d36e426b41c5d8714d7f01ea8bca36b1f860ea3441b8001b7f6d9338bd4ad47f1cf9ff2ca9365ce0cd7fed96f596449c8e774d5b37805abbd9094782a749fb44f2efddb4fd2f6aa897f7a43cbaceebd3ea18eaebdfd00ade2c21215ca97acfa58de6568c14d4c018252c8cf591f51307b63947ee59ce9b65a517732157538e958c7,gx-no-cache=1748438206945 - - -
info: Microsoft.AspNetCore.Hosting.Diagnostics[2]
      Request finished HTTP/1.1 GET http://localhost/Factory2NETPostgreSQL/wpropostadocumentos?c01d04b1610243d2a2af23e7952e8b18b7d0a8fb5b036488e570b910b682cd8803aa0395fb278683aa19ec983cb19dc2bc7f66f7a6d630fbac02e540b6c89a91b43bccfaae7ce0148d725686922226c46b346da719bd19966b946fdf3c7b2d3286cbfc31526ce53ecaefd3b44a31980c665c0ae31660503d634a208f6aa6c47d3c52c0b75500714241102fd1685a4d001086ef0f27d9c641b3c9df1d5dd7b07bf7518797548d445ede87ba04ad115205c26490e05120b78ef70434d5c2f21d36e426b41c5d8714d7f01ea8bca36b1f860ea3441b8001b7f6d9338bd4ad47f1cf9ff2ca9365ce0cd7fed96f596449c8e774d5b37805abbd9094782a749fb44f2efddb4fd2f6aa897f7a43cbaceebd3ea18eaebdfd00ade2c21215ca97acfa58de6568c14d4c018252c8cf591f51307b63947ee59ce9b65a517732157538e958c7,gx-no-cache=1748438206945 - 200 - application/json 23.8269ms
info: Microsoft.AspNetCore.Hosting.Diagnostics[1]
      Request starting HTTP/1.1 POST http://localhost/Factory2NETPostgreSQL/wproposta?c01d04b1610243d2a2af23e7952e8b18c058b2f07c0b1467004946e819bfbb91,3KwZsiZy23EAR7CnZcdMoxoocxpZMrKZr54ula9XkXCkF3QlmimO9ycYP4WMMX3F,gx-no-cache=1748438208307 - application/json 2323
info: Microsoft.AspNetCore.Hosting.Diagnostics[2]
      Request finished HTTP/1.1 POST http://localhost/Factory2NETPostgreSQL/wproposta?c01d04b1610243d2a2af23e7952e8b18c058b2f07c0b1467004946e819bfbb91,3KwZsiZy23EAR7CnZcdMoxoocxpZMrKZr54ula9XkXCkF3QlmimO9ycYP4WMMX3F,gx-no-cache=1748438208307 - 200 - application/json 5.6172ms
info: Microsoft.AspNetCore.Hosting.Diagnostics[1]
      Request starting HTTP/1.1 GET http://localhost/Factory2NETPostgreSQL/wproposta?8LzPzeALZ-X-1S6FVwdYszaeBTDXRbty8i0wN8SFz6buKIoRaxSlXduy26qXnzUh - - -
info: Microsoft.AspNetCore.Hosting.Diagnostics[2]
      Request finished HTTP/1.1 GET http://localhost/Factory2NETPostgreSQL/wproposta?8LzPzeALZ-X-1S6FVwdYszaeBTDXRbty8i0wN8SFz6buKIoRaxSlXduy26qXnzUh - 200 - text/html 4019.6979ms
info: Microsoft.AspNetCore.Hosting.Diagnostics[1]
      Request starting HTTP/1.1 POST http://localhost/Factory2NETPostgreSQL/wproposta?c01d04b1610243d2a2af23e7952e8b18c058b2f07c0b1467004946e819bfbb91,8LzPzeALZ-X-1S6FVwdYszaeBTDXRbty8i0wN8SFz6buKIoRaxSlXduy26qXnzUh,gx-no-cache=1748438214682 - application/json 10689
info: Microsoft.AspNetCore.Hosting.Diagnostics[2]
      Request finished HTTP/1.1 POST http://localhost/Factory2NETPostgreSQL/wproposta?c01d04b1610243d2a2af23e7952e8b18c058b2f07c0b1467004946e819bfbb91,8LzPzeALZ-X-1S6FVwdYszaeBTDXRbty8i0wN8SFz6buKIoRaxSlXduy26qXnzUh,gx-no-cache=1748438214682 - 200 - application/json 2450.9289ms
info: Microsoft.AspNetCore.Hosting.Diagnostics[1]
      Request starting HTTP/1.1 GET http://localhost/Factory2NETPostgreSQL/wproposta?6cnqLwGAiCY114TaG1gwKAIhzYiCpn0Nax1kL1F3vhrsK8QWrEli0WqVkHlvD3F7 - - -
info: Microsoft.AspNetCore.Hosting.Diagnostics[2]
      Request finished HTTP/1.1 GET http://localhost/Factory2NETPostgreSQL/wproposta?6cnqLwGAiCY114TaG1gwKAIhzYiCpn0Nax1kL1F3vhrsK8QWrEli0WqVkHlvD3F7 - 200 - text/html 616.1496ms
info: Microsoft.AspNetCore.Hosting.Diagnostics[1]
      Request starting HTTP/1.1 GET http://localhost/Factory2NETPostgreSQL/UserControls/UCPropostaComprovanteRender.js?20255289581969 - - -
info: Microsoft.AspNetCore.StaticFiles.StaticFileMiddleware[2]
      Sending file. Request path: '/UserControls/UCPropostaComprovanteRender.js'. Physical path: 'E:\Kbs\Factory2\NETPostgreSQL002\web\UserControls\UCPropostaComprovanteRender.js'
info: Microsoft.AspNetCore.Hosting.Diagnostics[2]
      Request finished HTTP/1.1 GET http://localhost/Factory2NETPostgreSQL/UserControls/UCPropostaComprovanteRender.js?20255289581969 - 200 3189 text/javascript 0.6374ms
info: Microsoft.AspNetCore.Hosting.Diagnostics[1]
      Request starting HTTP/1.1 GET http://localhost/Factory2NETPostgreSQL/wpropostaproposta_criada.js?20255289142657 - - -
info: Microsoft.AspNetCore.StaticFiles.StaticFileMiddleware[6]
      The file /wpropostaproposta_criada.js was not modified
info: Microsoft.AspNetCore.Hosting.Diagnostics[2]
      Request finished HTTP/1.1 GET http://localhost/Factory2NETPostgreSQL/wpropostaproposta_criada.js?20255289142657 - 304 - text/javascript 0.2858ms
info: Microsoft.AspNetCore.Hosting.Diagnostics[1]
      Request starting HTTP/1.1 GET http://localhost/Factory2NETPostgreSQL/propostaww - - -
info: Microsoft.AspNetCore.Hosting.Diagnostics[2]
      Request finished HTTP/1.1 GET http://localhost/Factory2NETPostgreSQL/propostaww - 200 - text/html 74.4682ms
info: Microsoft.AspNetCore.Hosting.Diagnostics[1]
      Request starting HTTP/1.1 GET http://localhost/Factory2NETPostgreSQL/wpalterarproposta?bET4Ybhdl0GBcKUqJ1cKzE9IphwZMIEl6OijCqABKb0 - - -
info: Microsoft.AspNetCore.Hosting.Diagnostics[2]
      Request finished HTTP/1.1 GET http://localhost/Factory2NETPostgreSQL/gxwebsocket?d7611339-b26e-4cfa-9629-79b864a43442 - 101 - - 164161.5987ms
info: Microsoft.AspNetCore.Hosting.Diagnostics[2]
      Request finished HTTP/1.1 GET http://localhost/Factory2NETPostgreSQL/wpalterarproposta?bET4Ybhdl0GBcKUqJ1cKzE9IphwZMIEl6OijCqABKb0 - 200 - text/html 2063.9328ms
info: Microsoft.AspNetCore.Hosting.Diagnostics[1]
      Request starting HTTP/1.1 GET http://localhost/Factory2NETPostgreSQL/wpalterarproposta?bET4Ybhdl0GBcKUqJ1cKzE9IphwZMIEl6OijCqABKb0 - - -
info: Microsoft.AspNetCore.Hosting.Diagnostics[1]
      Request starting HTTP/1.1 GET http://localhost/Factory2NETPostgreSQL/shared/HistoryManager/HistoryManager.js?20255289581969 - - -
info: Microsoft.AspNetCore.StaticFiles.StaticFileMiddleware[2]
      Sending file. Request path: '/shared/HistoryManager/HistoryManager.js'. Physical path: 'E:\Kbs\Factory2\NETPostgreSQL002\web\shared\HistoryManager\HistoryManager.js'
info: Microsoft.AspNetCore.Hosting.Diagnostics[2]
      Request finished HTTP/1.1 GET http://localhost/Factory2NETPostgreSQL/shared/HistoryManager/HistoryManager.js?20255289581969 - 200 4476 text/javascript 1.3696ms
info: Microsoft.AspNetCore.Hosting.Diagnostics[1]
      Request starting HTTP/1.1 GET http://localhost/Factory2NETPostgreSQL/shared/HistoryManager/rsh/json2005.js?20255289581969 - - -
info: Microsoft.AspNetCore.StaticFiles.StaticFileMiddleware[2]
      Sending file. Request path: '/shared/HistoryManager/rsh/json2005.js'. Physical path: 'E:\Kbs\Factory2\NETPostgreSQL002\web\shared\HistoryManager\rsh\json2005.js'
info: Microsoft.AspNetCore.Hosting.Diagnostics[2]
      Request finished HTTP/1.1 GET http://localhost/Factory2NETPostgreSQL/shared/HistoryManager/rsh/json2005.js?20255289581969 - 200 8846 text/javascript 0.9585ms
info: Microsoft.AspNetCore.Hosting.Diagnostics[1]
      Request starting HTTP/1.1 GET http://localhost/Factory2NETPostgreSQL/shared/HistoryManager/rsh/rsh.js?20255289581969 - - -
info: Microsoft.AspNetCore.StaticFiles.StaticFileMiddleware[2]
      Sending file. Request path: '/shared/HistoryManager/rsh/rsh.js'. Physical path: 'E:\Kbs\Factory2\NETPostgreSQL002\web\shared\HistoryManager\rsh\rsh.js'
info: Microsoft.AspNetCore.Hosting.Diagnostics[2]
      Request finished HTTP/1.1 GET http://localhost/Factory2NETPostgreSQL/shared/HistoryManager/rsh/rsh.js?20255289581969 - 200 8839 text/javascript 0.7450ms
info: Microsoft.AspNetCore.Hosting.Diagnostics[1]
      Request starting HTTP/1.1 GET http://localhost/Factory2NETPostgreSQL/shared/HistoryManager/HistoryManagerCreate.js?20255289581969 - - -
info: Microsoft.AspNetCore.StaticFiles.StaticFileMiddleware[2]
      Sending file. Request path: '/shared/HistoryManager/HistoryManagerCreate.js'. Physical path: 'E:\Kbs\Factory2\NETPostgreSQL002\web\shared\HistoryManager\HistoryManagerCreate.js'
info: Microsoft.AspNetCore.Hosting.Diagnostics[2]
      Request finished HTTP/1.1 GET http://localhost/Factory2NETPostgreSQL/shared/HistoryManager/HistoryManagerCreate.js?20255289581969 - 200 350 text/javascript 0.8785ms
info: Microsoft.AspNetCore.Hosting.Diagnostics[1]
      Request starting HTTP/1.1 GET http://localhost/Factory2NETPostgreSQL/Tab/TabRender.js?20255289581969 - - -
info: Microsoft.AspNetCore.StaticFiles.StaticFileMiddleware[2]
      Sending file. Request path: '/Tab/TabRender.js'. Physical path: 'E:\Kbs\Factory2\NETPostgreSQL002\web\Tab\TabRender.js'
info: Microsoft.AspNetCore.Hosting.Diagnostics[2]
      Request finished HTTP/1.1 GET http://localhost/Factory2NETPostgreSQL/Tab/TabRender.js?20255289581969 - 200 3705 text/javascript 1.3711ms
info: Microsoft.AspNetCore.Hosting.Diagnostics[2]
      Request finished HTTP/1.1 GET http://localhost/Factory2NETPostgreSQL/wpalterarproposta?bET4Ybhdl0GBcKUqJ1cKzE9IphwZMIEl6OijCqABKb0 - 200 - text/html 163.9250ms
info: Microsoft.AspNetCore.Hosting.Diagnostics[1]
      Request starting HTTP/1.1 GET http://localhost/Factory2NETPostgreSQL/PublicTempStorage/a191df3e-0c8a-4a3a-a037-72ac5ec3ed85.tmp - - -
info: Microsoft.AspNetCore.StaticFiles.StaticFileMiddleware[2]
      Sending file. Request path: '/PublicTempStorage/a191df3e-0c8a-4a3a-a037-72ac5ec3ed85.tmp'. Physical path: 'E:\Kbs\Factory2\NETPostgreSQL002\web\PublicTempStorage\a191df3e-0c8a-4a3a-a037-72ac5ec3ed85.tmp'
info: Microsoft.AspNetCore.Hosting.Diagnostics[2]
      Request finished HTTP/1.1 GET http://localhost/Factory2NETPostgreSQL/PublicTempStorage/a191df3e-0c8a-4a3a-a037-72ac5ec3ed85.tmp - 401 0 image/jpeg 4.1239ms
info: Microsoft.AspNetCore.Hosting.Diagnostics[1]
      Request starting HTTP/1.1 GET http://localhost/Factory2NETPostgreSQL/resources/Imagemheader.png - - -
info: Microsoft.AspNetCore.StaticFiles.StaticFileMiddleware[2]
      Sending file. Request path: '/Imagemheader.png'. Physical path: 'E:\Kbs\Factory2\NETPostgreSQL002\web\Resources\Imagemheader.png'
info: Microsoft.AspNetCore.Hosting.Diagnostics[2]
      Request finished HTTP/1.1 GET http://localhost/Factory2NETPostgreSQL/resources/Imagemheader.png - 200 25223 image/png 1.4669ms
info: Microsoft.AspNetCore.Hosting.Diagnostics[1]
      Request starting HTTP/1.1 GET http://localhost/Factory2NETPostgreSQL/gxwebsocket?d7611339-b26e-4cfa-9629-79b864a43442 - - -
info: Microsoft.AspNetCore.Hosting.Diagnostics[1]
      Request starting HTTP/1.1 GET http://localhost/Factory2NETPostgreSQL/PublicTempStorage/5589c74c-007d-4d8a-abe2-49f08a215daa.tmp - - -
info: Microsoft.AspNetCore.StaticFiles.StaticFileMiddleware[2]
      Sending file. Request path: '/PublicTempStorage/5589c74c-007d-4d8a-abe2-49f08a215daa.tmp'. Physical path: 'E:\Kbs\Factory2\NETPostgreSQL002\web\PublicTempStorage\5589c74c-007d-4d8a-abe2-49f08a215daa.tmp'
info: Microsoft.AspNetCore.Hosting.Diagnostics[2]
      Request finished HTTP/1.1 GET http://localhost/Factory2NETPostgreSQL/PublicTempStorage/5589c74c-007d-4d8a-abe2-49f08a215daa.tmp - 401 0 image/jpeg 0.8288ms
info: Microsoft.AspNetCore.Hosting.Diagnostics[1]
      Request starting HTTP/1.1 POST http://localhost/Factory2NETPostgreSQL/wpalterarproposta?c01d04b1610243d2a2af23e7952e8b18c058b2f07c0b1467004946e819bfbb91,bET4Ybhdl0GBcKUqJ1cKzE9IphwZMIEl6OijCqABKb0,gx-no-cache=1748438266952 - application/json 238
info: Microsoft.AspNetCore.Hosting.Diagnostics[2]
      Request finished HTTP/1.1 POST http://localhost/Factory2NETPostgreSQL/wpalterarproposta?c01d04b1610243d2a2af23e7952e8b18c058b2f07c0b1467004946e819bfbb91,bET4Ybhdl0GBcKUqJ1cKzE9IphwZMIEl6OijCqABKb0,gx-no-cache=1748438266952 - 200 - application/json 151.7948ms
info: Microsoft.AspNetCore.Hosting.Diagnostics[2]
      Request finished HTTP/1.1 GET http://localhost/Factory2NETPostgreSQL/gxwebsocket?d7611339-b26e-4cfa-9629-79b864a43442 - 101 - - 6200.1061ms
info: Microsoft.AspNetCore.Hosting.Diagnostics[1]
      Request starting HTTP/1.1 GET http://localhost/Factory2NETPostgreSQL/wpalterarproposta?bET4Ybhdl0GBcKUqJ1cKzE9IphwZMIEl6OijCqABKb0 - - -
info: Microsoft.AspNetCore.Hosting.Diagnostics[2]
      Request finished HTTP/1.1 GET http://localhost/Factory2NETPostgreSQL/wpalterarproposta?bET4Ybhdl0GBcKUqJ1cKzE9IphwZMIEl6OijCqABKb0 - 200 - text/html 107.3374ms
info: Microsoft.AspNetCore.Hosting.Diagnostics[1]
      Request starting HTTP/1.1 GET http://localhost/Factory2NETPostgreSQL/resources/Imagemheader.png - - -
info: Microsoft.AspNetCore.StaticFiles.StaticFileMiddleware[2]
      Sending file. Request path: '/Imagemheader.png'. Physical path: 'E:\Kbs\Factory2\NETPostgreSQL002\web\Resources\Imagemheader.png'
info: Microsoft.AspNetCore.Hosting.Diagnostics[2]
      Request finished HTTP/1.1 GET http://localhost/Factory2NETPostgreSQL/resources/Imagemheader.png - 200 25223 image/png 0.8537ms
info: Microsoft.AspNetCore.Hosting.Diagnostics[1]
      Request starting HTTP/1.1 GET http://localhost/Factory2NETPostgreSQL/gxwebsocket?d7611339-b26e-4cfa-9629-79b864a43442 - - -
info: Microsoft.AspNetCore.Hosting.Diagnostics[1]
      Request starting HTTP/1.1 GET http://localhost/Factory2NETPostgreSQL/PublicTempStorage/b6f3e6c9-f091-4435-b96e-59231ca2d7d4.tmp - - -
info: Microsoft.AspNetCore.StaticFiles.StaticFileMiddleware[2]
      Sending file. Request path: '/PublicTempStorage/b6f3e6c9-f091-4435-b96e-59231ca2d7d4.tmp'. Physical path: 'E:\Kbs\Factory2\NETPostgreSQL002\web\PublicTempStorage\b6f3e6c9-f091-4435-b96e-59231ca2d7d4.tmp'
info: Microsoft.AspNetCore.Hosting.Diagnostics[2]
      Request finished HTTP/1.1 GET http://localhost/Factory2NETPostgreSQL/PublicTempStorage/b6f3e6c9-f091-4435-b96e-59231ca2d7d4.tmp - 401 0 image/jpeg 1.2149ms
info: Microsoft.AspNetCore.Hosting.Diagnostics[1]
      Request starting HTTP/1.1 POST http://localhost/Factory2NETPostgreSQL/wpalterarproposta?c01d04b1610243d2a2af23e7952e8b18c058b2f07c0b1467004946e819bfbb91,bET4Ybhdl0GBcKUqJ1cKzE9IphwZMIEl6OijCqABKb0,gx-no-cache=1748438272485 - application/json 241
info: Microsoft.AspNetCore.Hosting.Diagnostics[2]
      Request finished HTTP/1.1 POST http://localhost/Factory2NETPostgreSQL/wpalterarproposta?c01d04b1610243d2a2af23e7952e8b18c058b2f07c0b1467004946e819bfbb91,bET4Ybhdl0GBcKUqJ1cKzE9IphwZMIEl6OijCqABKb0,gx-no-cache=1748438272485 - 200 - application/json 1705.5864ms
info: Microsoft.AspNetCore.Hosting.Diagnostics[1]
      Request starting HTTP/1.1 GET http://localhost/Factory2NETPostgreSQL/propostaww - - -
info: Microsoft.AspNetCore.Hosting.Diagnostics[2]
      Request finished HTTP/1.1 GET http://localhost/Factory2NETPostgreSQL/propostaww - 200 - text/html 89.5887ms
info: Microsoft.AspNetCore.Hosting.Diagnostics[1]
      Request starting HTTP/1.1 GET http://localhost/Factory2NETPostgreSQL/resources/Imagemheader.png - - -
info: Microsoft.AspNetCore.StaticFiles.StaticFileMiddleware[2]
      Sending file. Request path: '/Imagemheader.png'. Physical path: 'E:\Kbs\Factory2\NETPostgreSQL002\web\Resources\Imagemheader.png'
info: Microsoft.AspNetCore.Hosting.Diagnostics[2]
      Request finished HTTP/1.1 GET http://localhost/Factory2NETPostgreSQL/resources/Imagemheader.png - 200 25223 image/png 1.8350ms
info: Microsoft.AspNetCore.Hosting.Diagnostics[1]
      Request starting HTTP/1.1 POST http://localhost/Factory2NETPostgreSQL/propostaww?c01d04b1610243d2a2af23e7952e8b18c058b2f07c0b1467004946e819bfbb91,gx-no-cache=1748438313265 - application/json 2965
info: Microsoft.AspNetCore.Hosting.Diagnostics[2]
      Request finished HTTP/1.1 POST http://localhost/Factory2NETPostgreSQL/propostaww?c01d04b1610243d2a2af23e7952e8b18c058b2f07c0b1467004946e819bfbb91,gx-no-cache=1748438313265 - 200 - application/json 24.9853ms
info: Microsoft.AspNetCore.Hosting.Diagnostics[1]
      Request starting HTTP/1.1 GET http://localhost/Factory2NETPostgreSQL/aprovacaoww?2M7EZdERlA6v-pqFBp_i4MFhY8x3LEblxnjTtr8kD7k,gxPopupLevel%3D0%3BgxTabId%3D880a6075-0cdb-4c85-8a14-cf0c7452cc36%3B - - -
info: Microsoft.AspNetCore.Hosting.Diagnostics[2]
      Request finished HTTP/1.1 GET http://localhost/Factory2NETPostgreSQL/aprovacaoww?2M7EZdERlA6v-pqFBp_i4MFhY8x3LEblxnjTtr8kD7k,gxPopupLevel%3D0%3BgxTabId%3D880a6075-0cdb-4c85-8a14-cf0c7452cc36%3B - 200 - text/html 688.1168ms
info: Microsoft.AspNetCore.Hosting.Diagnostics[1]
      Request starting HTTP/1.1 GET http://localhost/Factory2NETPostgreSQL/gxcfg.js?20255289581969 - - -
info: Microsoft.AspNetCore.StaticFiles.StaticFileMiddleware[2]
      Sending file. Request path: '/gxcfg.js'. Physical path: 'E:\Kbs\Factory2\NETPostgreSQL002\web\gxcfg.js'
info: Microsoft.AspNetCore.Hosting.Diagnostics[2]
      Request finished HTTP/1.1 GET http://localhost/Factory2NETPostgreSQL/gxcfg.js?20255289581969 - 200 894 text/javascript 0.5362ms
info: Microsoft.AspNetCore.Hosting.Diagnostics[1]
      Request starting HTTP/1.1 GET http://localhost/Factory2NETPostgreSQL/gxwebsocket?d7611339-b26e-4cfa-9629-79b864a43442 - - -
info: Microsoft.AspNetCore.Hosting.Diagnostics[1]
      Request starting HTTP/1.1 POST http://127.0.0.1:42629/FACTORY2NETPOSTGRESQL/iisintegration - - 0
info: Microsoft.AspNetCore.Hosting.Diagnostics[2]
      Request finished HTTP/1.1 POST http://127.0.0.1:42629/FACTORY2NETPOSTGRESQL/iisintegration - 202 0 - 0.1123ms
