warn: Microsoft.AspNetCore.DataProtection.Repositories.EphemeralXmlRepository[50]
      Using an in-memory repository. Keys will not be persisted to storage.
warn: Microsoft.AspNetCore.DataProtection.KeyManagement.XmlKeyManager[59]
      Neither user profile nor HKLM registry available. Using an ephemeral key repository. Protected data will be unavailable when application exits.
warn: Microsoft.AspNetCore.StaticFiles.StaticFileMiddleware[16]
      The WebRootPath was not found: E:\Kbs\Factory2\NETPostgreSQL002\web\wwwroot. Static files may be unavailable.
info: Microsoft.AspNetCore.DataProtection.KeyManagement.XmlKeyManager[58]
      Creating key {9ce9cb6f-9ee5-4f9b-bfef-21ff506ae8d0} with creation date 2025-05-27 00:15:14Z, activation date 2025-05-27 00:15:14Z, and expiration date 2025-08-25 00:15:14Z.
warn: Microsoft.AspNetCore.DataProtection.KeyManagement.XmlKeyManager[35]
      No XML encryptor configured. Key {9ce9cb6f-9ee5-4f9b-bfef-21ff506ae8d0} may be persisted to storage in unencrypted form.
Hosting environment: Production
Content root path: E:\Kbs\Factory2\NETPostgreSQL002\web
Now listening on: http://127.0.0.1:45395
Application started. Press Ctrl+C to shut down.
info: Microsoft.AspNetCore.Hosting.Diagnostics[1]
      Request starting HTTP/1.1 GET http://localhost/Factory2NETPostgreSQL/login - - -
warn: Microsoft.AspNetCore.Session.SessionMiddleware[7]
      Error unprotecting the session cookie.
      System.Security.Cryptography.CryptographicException: The key {5659cb50-eeaa-4679-812b-3238b0b56580} was not found in the key ring. For more information go to https://aka.ms/aspnet/dataprotectionwarning
         at Microsoft.AspNetCore.DataProtection.KeyManagement.KeyRingBasedDataProtector.UnprotectCore(Byte[] protectedData, Boolean allowOperationsOnRevokedKeys, UnprotectStatus& status)
         at Microsoft.AspNetCore.DataProtection.KeyManagement.KeyRingBasedDataProtector.Unprotect(Byte[] protectedData)
         at Microsoft.AspNetCore.Session.CookieProtection.Unprotect(IDataProtector protector, String protectedText, ILogger logger)
info: Microsoft.AspNetCore.Session.DistributedSession[3]
      Session started; Key:b84023b1-b87f-d220-47b9-56c0dca36672, Id:dafa036a-3820-d005-4d00-6167c9d7d047
info: Microsoft.AspNetCore.Hosting.Diagnostics[2]
      Request finished HTTP/1.1 GET http://localhost/Factory2NETPostgreSQL/login - 200 - text/html 1726.0471ms
info: Microsoft.AspNetCore.Hosting.Diagnostics[1]
      Request starting HTTP/1.1 GET http://localhost/Factory2NETPostgreSQL/DVelop/DVMessage/DVMessage.css?20255262163613 - - -
info: Microsoft.AspNetCore.Hosting.Diagnostics[1]
      Request starting HTTP/1.1 GET http://localhost/Factory2NETPostgreSQL/DVelop/Bootstrap/Shared/fontawesome_vlatest/css/all.min.css?20255262163613 - - -
info: Microsoft.AspNetCore.Hosting.Diagnostics[1]
      Request starting HTTP/1.1 GET http://localhost/Factory2NETPostgreSQL/bootstrap/css/bootstrap.min.css?20255262163613 - - -
info: Microsoft.AspNetCore.StaticFiles.StaticFileMiddleware[2]
      Sending file. Request path: '/DVelop/DVMessage/DVMessage.css'. Physical path: 'E:\Kbs\Factory2\NETPostgreSQL002\web\DVelop\DVMessage\DVMessage.css'
info: Microsoft.AspNetCore.StaticFiles.StaticFileMiddleware[2]
      Sending file. Request path: '/DVelop/Bootstrap/Shared/fontawesome_vlatest/css/all.min.css'. Physical path: 'E:\Kbs\Factory2\NETPostgreSQL002\web\DVelop\Bootstrap\Shared\fontawesome_vlatest\css\all.min.css'
info: Microsoft.AspNetCore.Hosting.Diagnostics[2]
      Request finished HTTP/1.1 GET http://localhost/Factory2NETPostgreSQL/DVelop/Bootstrap/Shared/fontawesome_vlatest/css/all.min.css?20255262163613 - 200 - text/css 61.5011ms
info: Microsoft.AspNetCore.Hosting.Diagnostics[2]
      Request finished HTTP/1.1 GET http://localhost/Factory2NETPostgreSQL/DVelop/DVMessage/DVMessage.css?20255262163613 - 200 - text/css 62.6903ms
info: Microsoft.AspNetCore.StaticFiles.StaticFileMiddleware[2]
      Sending file. Request path: '/bootstrap/css/bootstrap.min.css'. Physical path: 'E:\Kbs\Factory2\NETPostgreSQL002\web\bootstrap\css\bootstrap.min.css'
info: Microsoft.AspNetCore.Hosting.Diagnostics[2]
      Request finished HTTP/1.1 GET http://localhost/Factory2NETPostgreSQL/bootstrap/css/bootstrap.min.css?20255262163613 - 200 - text/css 54.7436ms
info: Microsoft.AspNetCore.Hosting.Diagnostics[1]
      Request starting HTTP/1.1 GET http://localhost/Factory2NETPostgreSQL/DVelop/Bootstrap/Shared/DVelopBootstrap.css?20255262163613 - - -
info: Microsoft.AspNetCore.Hosting.Diagnostics[1]
      Request starting HTTP/1.1 GET http://localhost/Factory2NETPostgreSQL/DVelop/Shared/daterangepicker/daterangepicker.css?20255262163613 - - -
info: Microsoft.AspNetCore.Hosting.Diagnostics[1]
      Request starting HTTP/1.1 GET http://localhost/Factory2NETPostgreSQL/calendar-system.css?20255262163613 - - -
info: Microsoft.AspNetCore.StaticFiles.StaticFileMiddleware[2]
      Sending file. Request path: '/DVelop/Shared/daterangepicker/daterangepicker.css'. Physical path: 'E:\Kbs\Factory2\NETPostgreSQL002\web\DVelop\Shared\daterangepicker\daterangepicker.css'
info: Microsoft.AspNetCore.Hosting.Diagnostics[2]
      Request finished HTTP/1.1 GET http://localhost/Factory2NETPostgreSQL/DVelop/Shared/daterangepicker/daterangepicker.css?20255262163613 - 200 - text/css 17.9540ms
info: Microsoft.AspNetCore.Hosting.Diagnostics[1]
      Request starting HTTP/1.1 GET http://localhost/Factory2NETPostgreSQL/Resources/Portuguese/DSLogin.css?20255262163613 - - -
info: Microsoft.AspNetCore.StaticFiles.StaticFileMiddleware[2]
      Sending file. Request path: '/calendar-system.css'. Physical path: 'E:\Kbs\Factory2\NETPostgreSQL002\web\calendar-system.css'
info: Microsoft.AspNetCore.Hosting.Diagnostics[2]
      Request finished HTTP/1.1 GET http://localhost/Factory2NETPostgreSQL/calendar-system.css?20255262163613 - 200 - text/css 19.5862ms
info: Microsoft.AspNetCore.StaticFiles.StaticFileMiddleware[2]
      Sending file. Request path: '/Portuguese/DSLogin.css'. Physical path: 'E:\Kbs\Factory2\NETPostgreSQL002\web\Resources\Portuguese\DSLogin.css'
info: Microsoft.AspNetCore.Hosting.Diagnostics[2]
      Request finished HTTP/1.1 GET http://localhost/Factory2NETPostgreSQL/Resources/Portuguese/DSLogin.css?20255262163613 - 200 - text/css 11.2380ms
info: Microsoft.AspNetCore.Hosting.Diagnostics[1]
      Request starting HTTP/1.1 GET http://localhost/Factory2NETPostgreSQL/bootstrap/js/bootstrap.min.js?20255262163613 - - -
info: Microsoft.AspNetCore.StaticFiles.StaticFileMiddleware[2]
      Sending file. Request path: '/DVelop/Bootstrap/Shared/DVelopBootstrap.css'. Physical path: 'E:\Kbs\Factory2\NETPostgreSQL002\web\DVelop\Bootstrap\Shared\DVelopBootstrap.css'
info: Microsoft.AspNetCore.Hosting.Diagnostics[2]
      Request finished HTTP/1.1 GET http://localhost/Factory2NETPostgreSQL/DVelop/Bootstrap/Shared/DVelopBootstrap.css?20255262163613 - 200 - text/css 39.2889ms
info: Microsoft.AspNetCore.Hosting.Diagnostics[1]
      Request starting HTTP/1.1 GET http://localhost/Factory2NETPostgreSQL/gxcfg.js?20255262163613 - - -
info: Microsoft.AspNetCore.Hosting.Diagnostics[1]
      Request starting HTTP/1.1 GET http://localhost/Factory2NETPostgreSQL/gxgral.js?133260 - - -
info: Microsoft.AspNetCore.StaticFiles.StaticFileMiddleware[6]
      The file /gxgral.js was not modified
info: Microsoft.AspNetCore.Hosting.Diagnostics[2]
      Request finished HTTP/1.1 GET http://localhost/Factory2NETPostgreSQL/gxgral.js?133260 - 304 - text/javascript 3.5265ms
info: Microsoft.AspNetCore.Hosting.Diagnostics[1]
      Request starting HTTP/1.1 GET http://localhost/Factory2NETPostgreSQL/resources/ImagemLogin.png - - -
info: Microsoft.AspNetCore.StaticFiles.StaticFileMiddleware[2]
      Sending file. Request path: '/gxcfg.js'. Physical path: 'E:\Kbs\Factory2\NETPostgreSQL002\web\gxcfg.js'
info: Microsoft.AspNetCore.Hosting.Diagnostics[2]
      Request finished HTTP/1.1 GET http://localhost/Factory2NETPostgreSQL/gxcfg.js?20255262163613 - 200 894 text/javascript 31.6057ms
info: Microsoft.AspNetCore.StaticFiles.StaticFileMiddleware[2]
      Sending file. Request path: '/bootstrap/js/bootstrap.min.js'. Physical path: 'E:\Kbs\Factory2\NETPostgreSQL002\web\bootstrap\js\bootstrap.min.js'
info: Microsoft.AspNetCore.Hosting.Diagnostics[2]
      Request finished HTTP/1.1 GET http://localhost/Factory2NETPostgreSQL/bootstrap/js/bootstrap.min.js?20255262163613 - 200 39685 text/javascript 34.9560ms
info: Microsoft.AspNetCore.Hosting.Diagnostics[1]
      Request starting HTTP/1.1 GET http://localhost/Factory2NETPostgreSQL/Resources/Portuguese/AnyStyles.ImagesTokens.css - - -
info: Microsoft.AspNetCore.StaticFiles.StaticFileMiddleware[6]
      The file /Portuguese/AnyStyles.ImagesTokens.css was not modified
info: Microsoft.AspNetCore.Hosting.Diagnostics[1]
      Request starting HTTP/1.1 GET http://localhost/Factory2NETPostgreSQL/Resources/Portuguese/DSLogin_Tokens.css - - -
info: Microsoft.AspNetCore.Hosting.Diagnostics[2]
      Request finished HTTP/1.1 GET http://localhost/Factory2NETPostgreSQL/Resources/Portuguese/AnyStyles.ImagesTokens.css - 304 - text/css 0.8255ms
info: Microsoft.AspNetCore.StaticFiles.StaticFileMiddleware[6]
      The file /Portuguese/DSLogin_Tokens.css was not modified
info: Microsoft.AspNetCore.Hosting.Diagnostics[2]
      Request finished HTTP/1.1 GET http://localhost/Factory2NETPostgreSQL/Resources/Portuguese/DSLogin_Tokens.css - 304 - text/css 1.7126ms
info: Microsoft.AspNetCore.Hosting.Diagnostics[1]
      Request starting HTTP/1.1 GET http://localhost/Factory2NETPostgreSQL/messages.por.js?20255262163613 - - -
info: Microsoft.AspNetCore.StaticFiles.StaticFileMiddleware[2]
      Sending file. Request path: '/ImagemLogin.png'. Physical path: 'E:\Kbs\Factory2\NETPostgreSQL002\web\Resources\ImagemLogin.png'
info: Microsoft.AspNetCore.Hosting.Diagnostics[2]
      Request finished HTTP/1.1 GET http://localhost/Factory2NETPostgreSQL/resources/ImagemLogin.png - 200 754992 image/png 33.7871ms
info: Microsoft.AspNetCore.StaticFiles.StaticFileMiddleware[2]
      Sending file. Request path: '/messages.por.js'. Physical path: 'E:\Kbs\Factory2\NETPostgreSQL002\web\messages.por.js'
info: Microsoft.AspNetCore.Hosting.Diagnostics[2]
      Request finished HTTP/1.1 GET http://localhost/Factory2NETPostgreSQL/messages.por.js?20255262163613 - 200 95722 text/javascript 24.9824ms
info: Microsoft.AspNetCore.Hosting.Diagnostics[1]
      Request starting HTTP/1.1 GET http://localhost/Factory2NETPostgreSQL/login.js?202551918522453 - - -
info: Microsoft.AspNetCore.StaticFiles.StaticFileMiddleware[6]
      The file /login.js was not modified
info: Microsoft.AspNetCore.Hosting.Diagnostics[2]
      Request finished HTTP/1.1 GET http://localhost/Factory2NETPostgreSQL/login.js?202551918522453 - 304 - text/javascript 1.8228ms
info: Microsoft.AspNetCore.Hosting.Diagnostics[1]
      Request starting HTTP/1.1 GET http://localhost/Factory2NETPostgreSQL/calendar.js?133260 - - -
info: Microsoft.AspNetCore.Hosting.Diagnostics[1]
      Request starting HTTP/1.1 GET http://localhost/Factory2NETPostgreSQL/DVelop/DVMessage/pnotify.custom.js?20255262163613 - - -
info: Microsoft.AspNetCore.Hosting.Diagnostics[1]
      Request starting HTTP/1.1 GET http://localhost/Factory2NETPostgreSQL/calendar-setup.js?133260 - - -
info: Microsoft.AspNetCore.StaticFiles.StaticFileMiddleware[6]
      The file /calendar.js was not modified
info: Microsoft.AspNetCore.StaticFiles.StaticFileMiddleware[6]
      The file /calendar-setup.js was not modified
info: Microsoft.AspNetCore.Hosting.Diagnostics[2]
      Request finished HTTP/1.1 GET http://localhost/Factory2NETPostgreSQL/calendar-setup.js?133260 - 304 - text/javascript 0.6713ms
info: Microsoft.AspNetCore.Hosting.Diagnostics[2]
      Request finished HTTP/1.1 GET http://localhost/Factory2NETPostgreSQL/calendar.js?133260 - 304 - text/javascript 1.9844ms
info: Microsoft.AspNetCore.Hosting.Diagnostics[1]
      Request starting HTTP/1.1 GET http://localhost/Factory2NETPostgreSQL/DVelop/Shared/WorkWithPlusCommon.js?20255262163613 - - -
info: Microsoft.AspNetCore.Hosting.Diagnostics[1]
      Request starting HTTP/1.1 GET http://localhost/Factory2NETPostgreSQL/calendar-pt.js?133260 - - -
info: Microsoft.AspNetCore.StaticFiles.StaticFileMiddleware[2]
      Sending file. Request path: '/DVelop/DVMessage/pnotify.custom.js'. Physical path: 'E:\Kbs\Factory2\NETPostgreSQL002\web\DVelop\DVMessage\pnotify.custom.js'
info: Microsoft.AspNetCore.StaticFiles.StaticFileMiddleware[6]
      The file /calendar-pt.js was not modified
info: Microsoft.AspNetCore.Hosting.Diagnostics[2]
      Request finished HTTP/1.1 GET http://localhost/Factory2NETPostgreSQL/calendar-pt.js?133260 - 304 - text/javascript 0.9979ms
info: Microsoft.AspNetCore.Hosting.Diagnostics[2]
      Request finished HTTP/1.1 GET http://localhost/Factory2NETPostgreSQL/DVelop/DVMessage/pnotify.custom.js?20255262163613 - 200 31442 text/javascript 3.6931ms
info: Microsoft.AspNetCore.Hosting.Diagnostics[1]
      Request starting HTTP/1.1 GET http://localhost/Factory2NETPostgreSQL/DVelop/DVMessage/DVMessageRender.js?20255262163613 - - -
info: Microsoft.AspNetCore.Hosting.Diagnostics[1]
      Request starting HTTP/1.1 GET http://localhost/Factory2NETPostgreSQL/DVelop/Bootstrap/Tooltip/BootstrapTooltipRender.js?20255262163613 - - -
info: Microsoft.AspNetCore.StaticFiles.StaticFileMiddleware[2]
      Sending file. Request path: '/DVelop/DVMessage/DVMessageRender.js'. Physical path: 'E:\Kbs\Factory2\NETPostgreSQL002\web\DVelop\DVMessage\DVMessageRender.js'
info: Microsoft.AspNetCore.Hosting.Diagnostics[2]
      Request finished HTTP/1.1 GET http://localhost/Factory2NETPostgreSQL/DVelop/DVMessage/DVMessageRender.js?20255262163613 - 200 7611 text/javascript 10.9410ms
info: Microsoft.AspNetCore.Hosting.Diagnostics[1]
      Request starting HTTP/1.1 GET http://localhost/Factory2NETPostgreSQL/DVelop/Mask/jquery.mask.js?20255262163613 - - -
info: Microsoft.AspNetCore.StaticFiles.StaticFileMiddleware[2]
      Sending file. Request path: '/DVelop/Shared/WorkWithPlusCommon.js'. Physical path: 'E:\Kbs\Factory2\NETPostgreSQL002\web\DVelop\Shared\WorkWithPlusCommon.js'
info: Microsoft.AspNetCore.StaticFiles.StaticFileMiddleware[2]
      Sending file. Request path: '/DVelop/Bootstrap/Tooltip/BootstrapTooltipRender.js'. Physical path: 'E:\Kbs\Factory2\NETPostgreSQL002\web\DVelop\Bootstrap\Tooltip\BootstrapTooltipRender.js'
info: Microsoft.AspNetCore.StaticFiles.StaticFileMiddleware[2]
      Sending file. Request path: '/DVelop/Mask/jquery.mask.js'. Physical path: 'E:\Kbs\Factory2\NETPostgreSQL002\web\DVelop\Mask\jquery.mask.js'
info: Microsoft.AspNetCore.Hosting.Diagnostics[2]
      Request finished HTTP/1.1 GET http://localhost/Factory2NETPostgreSQL/DVelop/Shared/WorkWithPlusCommon.js?20255262163613 - 200 24755 text/javascript 27.3140ms
info: Microsoft.AspNetCore.Hosting.Diagnostics[2]
      Request finished HTTP/1.1 GET http://localhost/Factory2NETPostgreSQL/DVelop/Mask/jquery.mask.js?20255262163613 - 200 7444 text/javascript 10.6974ms
info: Microsoft.AspNetCore.Hosting.Diagnostics[2]
      Request finished HTTP/1.1 GET http://localhost/Factory2NETPostgreSQL/DVelop/Bootstrap/Tooltip/BootstrapTooltipRender.js?20255262163613 - 200 5904 text/javascript 21.0242ms
info: Microsoft.AspNetCore.Hosting.Diagnostics[1]
      Request starting HTTP/1.1 GET http://localhost/Factory2NETPostgreSQL/DVelop/WorkWithPlusUtilities/BootstrapSelect.js?20255262163613 - - -
info: Microsoft.AspNetCore.Hosting.Diagnostics[1]
      Request starting HTTP/1.1 GET http://localhost/Factory2NETPostgreSQL/DVelop/WorkWithPlusUtilities/WorkWithPlusUtilitiesRender.js?20255262163613 - - -
info: Microsoft.AspNetCore.Hosting.Diagnostics[1]
      Request starting HTTP/1.1 GET http://localhost/Factory2NETPostgreSQL/DVelop/Shared/daterangepicker/locales.js?20255262163613 - - -
info: Microsoft.AspNetCore.StaticFiles.StaticFileMiddleware[2]
      Sending file. Request path: '/DVelop/WorkWithPlusUtilities/WorkWithPlusUtilitiesRender.js'. Physical path: 'E:\Kbs\Factory2\NETPostgreSQL002\web\DVelop\WorkWithPlusUtilities\WorkWithPlusUtilitiesRender.js'
info: Microsoft.AspNetCore.StaticFiles.StaticFileMiddleware[2]
      Sending file. Request path: '/DVelop/Shared/daterangepicker/locales.js'. Physical path: 'E:\Kbs\Factory2\NETPostgreSQL002\web\DVelop\Shared\daterangepicker\locales.js'
info: Microsoft.AspNetCore.Hosting.Diagnostics[2]
      Request finished HTTP/1.1 GET http://localhost/Factory2NETPostgreSQL/DVelop/WorkWithPlusUtilities/WorkWithPlusUtilitiesRender.js?20255262163613 - 200 29810 text/javascript 17.5284ms
info: Microsoft.AspNetCore.StaticFiles.StaticFileMiddleware[2]
      Sending file. Request path: '/DVelop/WorkWithPlusUtilities/BootstrapSelect.js'. Physical path: 'E:\Kbs\Factory2\NETPostgreSQL002\web\DVelop\WorkWithPlusUtilities\BootstrapSelect.js'
info: Microsoft.AspNetCore.Hosting.Diagnostics[2]
      Request finished HTTP/1.1 GET http://localhost/Factory2NETPostgreSQL/DVelop/Shared/daterangepicker/locales.js?20255262163613 - 200 3806 text/javascript 16.9533ms
info: Microsoft.AspNetCore.Hosting.Diagnostics[2]
      Request finished HTTP/1.1 GET http://localhost/Factory2NETPostgreSQL/DVelop/WorkWithPlusUtilities/BootstrapSelect.js?20255262163613 - 200 52902 text/javascript 22.1872ms
info: Microsoft.AspNetCore.Hosting.Diagnostics[1]
      Request starting HTTP/1.1 GET http://localhost/Factory2NETPostgreSQL/DVelop/Shared/daterangepicker/wwp-daterangepicker.js?20255262163613 - - -
info: Microsoft.AspNetCore.Hosting.Diagnostics[1]
      Request starting HTTP/1.1 GET http://localhost/Factory2NETPostgreSQL/DVelop/Shared/daterangepicker/moment.min.js?20255262163613 - - -
info: Microsoft.AspNetCore.Hosting.Diagnostics[1]
      Request starting HTTP/1.1 GET http://localhost/Factory2NETPostgreSQL/DVelop/Shared/daterangepicker/daterangepicker.min.js?20255262163613 - - -
info: Microsoft.AspNetCore.StaticFiles.StaticFileMiddleware[2]
      Sending file. Request path: '/DVelop/Shared/daterangepicker/wwp-daterangepicker.js'. Physical path: 'E:\Kbs\Factory2\NETPostgreSQL002\web\DVelop\Shared\daterangepicker\wwp-daterangepicker.js'
info: Microsoft.AspNetCore.Hosting.Diagnostics[2]
      Request finished HTTP/1.1 GET http://localhost/Factory2NETPostgreSQL/DVelop/Shared/daterangepicker/wwp-daterangepicker.js?20255262163613 - 200 5777 text/javascript 3.8297ms
info: Microsoft.AspNetCore.Hosting.Diagnostics[1]
      Request starting HTTP/1.1 GET http://localhost/Factory2NETPostgreSQL/DVelop/DatePicker/DatePickerRender.js?20255262163613 - - -
info: Microsoft.AspNetCore.StaticFiles.StaticFileMiddleware[2]
      Sending file. Request path: '/DVelop/DatePicker/DatePickerRender.js'. Physical path: 'E:\Kbs\Factory2\NETPostgreSQL002\web\DVelop\DatePicker\DatePickerRender.js'
info: Microsoft.AspNetCore.Hosting.Diagnostics[2]
      Request finished HTTP/1.1 GET http://localhost/Factory2NETPostgreSQL/DVelop/DatePicker/DatePickerRender.js?20255262163613 - 200 3134 text/javascript 4.3926ms
info: Microsoft.AspNetCore.StaticFiles.StaticFileMiddleware[2]
      Sending file. Request path: '/DVelop/Shared/daterangepicker/moment.min.js'. Physical path: 'E:\Kbs\Factory2\NETPostgreSQL002\web\DVelop\Shared\daterangepicker\moment.min.js'
info: Microsoft.AspNetCore.StaticFiles.StaticFileMiddleware[2]
      Sending file. Request path: '/DVelop/Shared/daterangepicker/daterangepicker.min.js'. Physical path: 'E:\Kbs\Factory2\NETPostgreSQL002\web\DVelop\Shared\daterangepicker\daterangepicker.min.js'
info: Microsoft.AspNetCore.Hosting.Diagnostics[1]
      Request starting HTTP/1.1 GET http://localhost/Factory2NETPostgreSQL/wwpbaseobjects/workwithplusmasterpageempty.js?202551918522023 - - -
info: Microsoft.AspNetCore.Hosting.Diagnostics[2]
      Request finished HTTP/1.1 GET http://localhost/Factory2NETPostgreSQL/DVelop/Shared/daterangepicker/moment.min.js?20255262163613 - 200 59101 text/javascript 29.7691ms
info: Microsoft.AspNetCore.Hosting.Diagnostics[2]
      Request finished HTTP/1.1 GET http://localhost/Factory2NETPostgreSQL/DVelop/Shared/daterangepicker/daterangepicker.min.js?20255262163613 - 200 62675 text/javascript 29.7690ms
info: Microsoft.AspNetCore.StaticFiles.StaticFileMiddleware[6]
      The file /wwpbaseobjects/workwithplusmasterpageempty.js was not modified
info: Microsoft.AspNetCore.Hosting.Diagnostics[2]
      Request finished HTTP/1.1 GET http://localhost/Factory2NETPostgreSQL/wwpbaseobjects/workwithplusmasterpageempty.js?202551918522023 - 304 - text/javascript 1.0559ms
info: Microsoft.AspNetCore.Hosting.Diagnostics[1]
      Request starting HTTP/1.1 GET http://localhost/Factory2NETPostgreSQL/gxgral.js?133260 - - -
info: Microsoft.AspNetCore.StaticFiles.StaticFileMiddleware[6]
      The file /gxgral.js was not modified
info: Microsoft.AspNetCore.Hosting.Diagnostics[2]
      Request finished HTTP/1.1 GET http://localhost/Factory2NETPostgreSQL/gxgral.js?133260 - 304 - text/javascript 1.3993ms
info: Microsoft.AspNetCore.Hosting.Diagnostics[1]
      Request starting HTTP/1.1 GET http://localhost/Factory2NETPostgreSQL/bootstrap/js/bootstrap.min.js?20255262163613 - - -
info: Microsoft.AspNetCore.Hosting.Diagnostics[1]
      Request starting HTTP/1.1 GET http://localhost/Factory2NETPostgreSQL/gxcfg.js?20255262163613 - - -
info: Microsoft.AspNetCore.StaticFiles.StaticFileMiddleware[2]
      Sending file. Request path: '/gxcfg.js'. Physical path: 'E:\Kbs\Factory2\NETPostgreSQL002\web\gxcfg.js'
info: Microsoft.AspNetCore.Hosting.Diagnostics[2]
      Request finished HTTP/1.1 GET http://localhost/Factory2NETPostgreSQL/gxcfg.js?20255262163613 - 200 894 text/javascript 0.9594ms
info: Microsoft.AspNetCore.StaticFiles.StaticFileMiddleware[2]
      Sending file. Request path: '/bootstrap/js/bootstrap.min.js'. Physical path: 'E:\Kbs\Factory2\NETPostgreSQL002\web\bootstrap\js\bootstrap.min.js'
info: Microsoft.AspNetCore.Hosting.Diagnostics[2]
      Request finished HTTP/1.1 GET http://localhost/Factory2NETPostgreSQL/bootstrap/js/bootstrap.min.js?20255262163613 - 200 39685 text/javascript 2.0179ms
info: Microsoft.AspNetCore.Hosting.Diagnostics[1]
      Request starting HTTP/1.1 GET http://localhost/Factory2NETPostgreSQL/messages.por.js?20255262163613 - - -
info: Microsoft.AspNetCore.StaticFiles.StaticFileMiddleware[2]
      Sending file. Request path: '/messages.por.js'. Physical path: 'E:\Kbs\Factory2\NETPostgreSQL002\web\messages.por.js'
info: Microsoft.AspNetCore.Hosting.Diagnostics[2]
      Request finished HTTP/1.1 GET http://localhost/Factory2NETPostgreSQL/messages.por.js?20255262163613 - 200 95722 text/javascript 1.8692ms
info: Microsoft.AspNetCore.Hosting.Diagnostics[1]
      Request starting HTTP/1.1 GET http://localhost/Factory2NETPostgreSQL/login.js?202551918522453 - - -
info: Microsoft.AspNetCore.Hosting.Diagnostics[1]
      Request starting HTTP/1.1 GET http://localhost/Factory2NETPostgreSQL/calendar.js?133260 - - -
info: Microsoft.AspNetCore.Hosting.Diagnostics[1]
      Request starting HTTP/1.1 GET http://localhost/Factory2NETPostgreSQL/calendar-setup.js?133260 - - -
info: Microsoft.AspNetCore.StaticFiles.StaticFileMiddleware[2]
      Sending file. Request path: '/calendar-setup.js'. Physical path: 'E:\Kbs\Factory2\NETPostgreSQL002\web\calendar-setup.js'
info: Microsoft.AspNetCore.Hosting.Diagnostics[2]
      Request finished HTTP/1.1 GET http://localhost/Factory2NETPostgreSQL/calendar-setup.js?133260 - 200 3066 text/javascript 75.5865ms
info: Microsoft.AspNetCore.StaticFiles.StaticFileMiddleware[2]
      Sending file. Request path: '/login.js'. Physical path: 'E:\Kbs\Factory2\NETPostgreSQL002\web\login.js'
info: Microsoft.AspNetCore.Hosting.Diagnostics[2]
      Request finished HTTP/1.1 GET http://localhost/Factory2NETPostgreSQL/login.js?202551918522453 - 200 6312 text/javascript 97.0250ms
info: Microsoft.AspNetCore.Hosting.Diagnostics[1]
      Request starting HTTP/1.1 GET http://localhost/Factory2NETPostgreSQL/DVelop/DVMessage/pnotify.custom.js?20255262163613 - - -
info: Microsoft.AspNetCore.Hosting.Diagnostics[1]
      Request starting HTTP/1.1 GET http://localhost/Factory2NETPostgreSQL/calendar-pt.js?133260 - - -
info: Microsoft.AspNetCore.StaticFiles.StaticFileMiddleware[2]
      Sending file. Request path: '/DVelop/DVMessage/pnotify.custom.js'. Physical path: 'E:\Kbs\Factory2\NETPostgreSQL002\web\DVelop\DVMessage\pnotify.custom.js'
info: Microsoft.AspNetCore.Hosting.Diagnostics[2]
      Request finished HTTP/1.1 GET http://localhost/Factory2NETPostgreSQL/DVelop/DVMessage/pnotify.custom.js?20255262163613 - 200 31442 text/javascript 2.1906ms
info: Microsoft.AspNetCore.Hosting.Diagnostics[1]
      Request starting HTTP/1.1 GET http://localhost/Factory2NETPostgreSQL/DVelop/DVMessage/DVMessageRender.js?20255262163613 - - -
info: Microsoft.AspNetCore.StaticFiles.StaticFileMiddleware[2]
      Sending file. Request path: '/DVelop/DVMessage/DVMessageRender.js'. Physical path: 'E:\Kbs\Factory2\NETPostgreSQL002\web\DVelop\DVMessage\DVMessageRender.js'
info: Microsoft.AspNetCore.Hosting.Diagnostics[2]
      Request finished HTTP/1.1 GET http://localhost/Factory2NETPostgreSQL/DVelop/DVMessage/DVMessageRender.js?20255262163613 - 200 7611 text/javascript 4.5138ms
info: Microsoft.AspNetCore.Hosting.Diagnostics[1]
      Request starting HTTP/1.1 GET http://localhost/Factory2NETPostgreSQL/DVelop/Shared/WorkWithPlusCommon.js?20255262163613 - - -
info: Microsoft.AspNetCore.StaticFiles.StaticFileMiddleware[2]
      Sending file. Request path: '/calendar.js'. Physical path: 'E:\Kbs\Factory2\NETPostgreSQL002\web\calendar.js'
info: Microsoft.AspNetCore.Hosting.Diagnostics[2]
      Request finished HTTP/1.1 GET http://localhost/Factory2NETPostgreSQL/calendar.js?133260 - 200 26338 text/javascript 125.7230ms
info: Microsoft.AspNetCore.StaticFiles.StaticFileMiddleware[2]
      Sending file. Request path: '/DVelop/Shared/WorkWithPlusCommon.js'. Physical path: 'E:\Kbs\Factory2\NETPostgreSQL002\web\DVelop\Shared\WorkWithPlusCommon.js'
info: Microsoft.AspNetCore.Hosting.Diagnostics[2]
      Request finished HTTP/1.1 GET http://localhost/Factory2NETPostgreSQL/DVelop/Shared/WorkWithPlusCommon.js?20255262163613 - 200 24755 text/javascript 3.0512ms
info: Microsoft.AspNetCore.Hosting.Diagnostics[1]
      Request starting HTTP/1.1 GET http://localhost/Factory2NETPostgreSQL/DVelop/Bootstrap/Tooltip/BootstrapTooltipRender.js?20255262163613 - - -
info: Microsoft.AspNetCore.StaticFiles.StaticFileMiddleware[2]
      Sending file. Request path: '/DVelop/Bootstrap/Tooltip/BootstrapTooltipRender.js'. Physical path: 'E:\Kbs\Factory2\NETPostgreSQL002\web\DVelop\Bootstrap\Tooltip\BootstrapTooltipRender.js'
info: Microsoft.AspNetCore.Hosting.Diagnostics[2]
      Request finished HTTP/1.1 GET http://localhost/Factory2NETPostgreSQL/DVelop/Bootstrap/Tooltip/BootstrapTooltipRender.js?20255262163613 - 200 5904 text/javascript 2.0765ms
info: Microsoft.AspNetCore.Hosting.Diagnostics[1]
      Request starting HTTP/1.1 GET http://localhost/Factory2NETPostgreSQL/DVelop/Mask/jquery.mask.js?20255262163613 - - -
info: Microsoft.AspNetCore.StaticFiles.StaticFileMiddleware[2]
      Sending file. Request path: '/DVelop/Mask/jquery.mask.js'. Physical path: 'E:\Kbs\Factory2\NETPostgreSQL002\web\DVelop\Mask\jquery.mask.js'
info: Microsoft.AspNetCore.Hosting.Diagnostics[2]
      Request finished HTTP/1.1 GET http://localhost/Factory2NETPostgreSQL/DVelop/Mask/jquery.mask.js?20255262163613 - 200 7444 text/javascript 6.9072ms
info: Microsoft.AspNetCore.StaticFiles.StaticFileMiddleware[2]
      Sending file. Request path: '/calendar-pt.js'. Physical path: 'E:\Kbs\Factory2\NETPostgreSQL002\web\calendar-pt.js'
info: Microsoft.AspNetCore.Hosting.Diagnostics[2]
      Request finished HTTP/1.1 GET http://localhost/Factory2NETPostgreSQL/calendar-pt.js?133260 - 200 994 text/javascript 46.5807ms
info: Microsoft.AspNetCore.Hosting.Diagnostics[1]
      Request starting HTTP/1.1 GET http://localhost/Factory2NETPostgreSQL/DVelop/WorkWithPlusUtilities/WorkWithPlusUtilitiesRender.js?20255262163613 - - -
info: Microsoft.AspNetCore.Hosting.Diagnostics[1]
      Request starting HTTP/1.1 GET http://localhost/Factory2NETPostgreSQL/DVelop/WorkWithPlusUtilities/BootstrapSelect.js?20255262163613 - - -
info: Microsoft.AspNetCore.StaticFiles.StaticFileMiddleware[2]
      Sending file. Request path: '/DVelop/WorkWithPlusUtilities/WorkWithPlusUtilitiesRender.js'. Physical path: 'E:\Kbs\Factory2\NETPostgreSQL002\web\DVelop\WorkWithPlusUtilities\WorkWithPlusUtilitiesRender.js'
info: Microsoft.AspNetCore.Hosting.Diagnostics[2]
      Request finished HTTP/1.1 GET http://localhost/Factory2NETPostgreSQL/DVelop/WorkWithPlusUtilities/WorkWithPlusUtilitiesRender.js?20255262163613 - 200 29810 text/javascript 2.1161ms
info: Microsoft.AspNetCore.Hosting.Diagnostics[1]
      Request starting HTTP/1.1 GET http://localhost/Factory2NETPostgreSQL/DVelop/Shared/daterangepicker/locales.js?20255262163613 - - -
info: Microsoft.AspNetCore.StaticFiles.StaticFileMiddleware[2]
      Sending file. Request path: '/DVelop/WorkWithPlusUtilities/BootstrapSelect.js'. Physical path: 'E:\Kbs\Factory2\NETPostgreSQL002\web\DVelop\WorkWithPlusUtilities\BootstrapSelect.js'
info: Microsoft.AspNetCore.Hosting.Diagnostics[2]
      Request finished HTTP/1.1 GET http://localhost/Factory2NETPostgreSQL/DVelop/WorkWithPlusUtilities/BootstrapSelect.js?20255262163613 - 200 52902 text/javascript 2.7700ms
info: Microsoft.AspNetCore.StaticFiles.StaticFileMiddleware[2]
      Sending file. Request path: '/DVelop/Shared/daterangepicker/locales.js'. Physical path: 'E:\Kbs\Factory2\NETPostgreSQL002\web\DVelop\Shared\daterangepicker\locales.js'
info: Microsoft.AspNetCore.Hosting.Diagnostics[2]
      Request finished HTTP/1.1 GET http://localhost/Factory2NETPostgreSQL/DVelop/Shared/daterangepicker/locales.js?20255262163613 - 200 3806 text/javascript 1.7055ms
info: Microsoft.AspNetCore.Hosting.Diagnostics[1]
      Request starting HTTP/1.1 GET http://localhost/Factory2NETPostgreSQL/DVelop/Shared/daterangepicker/wwp-daterangepicker.js?20255262163613 - - -
info: Microsoft.AspNetCore.StaticFiles.StaticFileMiddleware[2]
      Sending file. Request path: '/DVelop/Shared/daterangepicker/wwp-daterangepicker.js'. Physical path: 'E:\Kbs\Factory2\NETPostgreSQL002\web\DVelop\Shared\daterangepicker\wwp-daterangepicker.js'
info: Microsoft.AspNetCore.Hosting.Diagnostics[2]
      Request finished HTTP/1.1 GET http://localhost/Factory2NETPostgreSQL/DVelop/Shared/daterangepicker/wwp-daterangepicker.js?20255262163613 - 200 5777 text/javascript 3.8973ms
info: Microsoft.AspNetCore.Hosting.Diagnostics[1]
      Request starting HTTP/1.1 GET http://localhost/Factory2NETPostgreSQL/DVelop/DatePicker/DatePickerRender.js?20255262163613 - - -
info: Microsoft.AspNetCore.StaticFiles.StaticFileMiddleware[2]
      Sending file. Request path: '/DVelop/DatePicker/DatePickerRender.js'. Physical path: 'E:\Kbs\Factory2\NETPostgreSQL002\web\DVelop\DatePicker\DatePickerRender.js'
info: Microsoft.AspNetCore.Hosting.Diagnostics[2]
      Request finished HTTP/1.1 GET http://localhost/Factory2NETPostgreSQL/DVelop/DatePicker/DatePickerRender.js?20255262163613 - 200 3134 text/javascript 2.5576ms
info: Microsoft.AspNetCore.Hosting.Diagnostics[1]
      Request starting HTTP/1.1 GET http://localhost/Factory2NETPostgreSQL/DVelop/Shared/daterangepicker/daterangepicker.min.js?20255262163613 - - -
info: Microsoft.AspNetCore.StaticFiles.StaticFileMiddleware[2]
      Sending file. Request path: '/DVelop/Shared/daterangepicker/daterangepicker.min.js'. Physical path: 'E:\Kbs\Factory2\NETPostgreSQL002\web\DVelop\Shared\daterangepicker\daterangepicker.min.js'
info: Microsoft.AspNetCore.Hosting.Diagnostics[2]
      Request finished HTTP/1.1 GET http://localhost/Factory2NETPostgreSQL/DVelop/Shared/daterangepicker/daterangepicker.min.js?20255262163613 - 200 62675 text/javascript 3.3049ms
info: Microsoft.AspNetCore.Hosting.Diagnostics[1]
      Request starting HTTP/1.1 GET http://localhost/Factory2NETPostgreSQL/DVelop/Shared/daterangepicker/moment.min.js?20255262163613 - - -
info: Microsoft.AspNetCore.Hosting.Diagnostics[1]
      Request starting HTTP/1.1 GET http://localhost/Factory2NETPostgreSQL/wwpbaseobjects/workwithplusmasterpageempty.js?202551918522023 - - -
info: Microsoft.AspNetCore.StaticFiles.StaticFileMiddleware[2]
      Sending file. Request path: '/DVelop/Shared/daterangepicker/moment.min.js'. Physical path: 'E:\Kbs\Factory2\NETPostgreSQL002\web\DVelop\Shared\daterangepicker\moment.min.js'
info: Microsoft.AspNetCore.Hosting.Diagnostics[2]
      Request finished HTTP/1.1 GET http://localhost/Factory2NETPostgreSQL/DVelop/Shared/daterangepicker/moment.min.js?20255262163613 - 200 59101 text/javascript 2.6250ms
info: Microsoft.AspNetCore.StaticFiles.StaticFileMiddleware[2]
      Sending file. Request path: '/wwpbaseobjects/workwithplusmasterpageempty.js'. Physical path: 'E:\Kbs\Factory2\NETPostgreSQL002\web\wwpbaseobjects\workwithplusmasterpageempty.js'
info: Microsoft.AspNetCore.Hosting.Diagnostics[2]
      Request finished HTTP/1.1 GET http://localhost/Factory2NETPostgreSQL/wwpbaseobjects/workwithplusmasterpageempty.js?202551918522023 - 200 10215 text/javascript 49.0629ms
info: Microsoft.AspNetCore.Hosting.Diagnostics[1]
      Request starting HTTP/1.1 GET http://localhost/Factory2NETPostgreSQL/propostaww - - -
warn: Microsoft.AspNetCore.Session.SessionMiddleware[7]
      Error unprotecting the session cookie.
      System.Security.Cryptography.CryptographicException: The key {ae55968c-8d5b-4dc5-8ef1-17fa334f9b24} was not found in the key ring. For more information go to https://aka.ms/aspnet/dataprotectionwarning
         at Microsoft.AspNetCore.DataProtection.KeyManagement.KeyRingBasedDataProtector.UnprotectCore(Byte[] protectedData, Boolean allowOperationsOnRevokedKeys, UnprotectStatus& status)
         at Microsoft.AspNetCore.DataProtection.KeyManagement.KeyRingBasedDataProtector.Unprotect(Byte[] protectedData)
         at Microsoft.AspNetCore.Session.CookieProtection.Unprotect(IDataProtector protector, String protectedText, ILogger logger)
info: Microsoft.AspNetCore.Session.DistributedSession[3]
      Session started; Key:940354e3-69b4-8c39-c97c-ab6d15fd7427, Id:456c046d-3ecb-1671-ad7a-6fde3beb5aa9
info: Microsoft.AspNetCore.Hosting.Diagnostics[2]
      Request finished HTTP/1.1 GET http://localhost/Factory2NETPostgreSQL/propostaww - 301 - - 749.4846ms
info: Microsoft.AspNetCore.Hosting.Diagnostics[1]
      Request starting HTTP/1.1 GET http://localhost/Factory2NETPostgreSQL/login - - -
info: Microsoft.AspNetCore.Hosting.Diagnostics[2]
      Request finished HTTP/1.1 GET http://localhost/Factory2NETPostgreSQL/login - 200 - text/html 126.3611ms
info: Microsoft.AspNetCore.Hosting.Diagnostics[1]
      Request starting HTTP/1.1 GET http://localhost/Factory2NETPostgreSQL/bootstrap/css/bootstrap.min.css?20255262163613 - - -
info: Microsoft.AspNetCore.Hosting.Diagnostics[1]
      Request starting HTTP/1.1 GET http://localhost/Factory2NETPostgreSQL/DVelop/DVMessage/DVMessage.css?20255262163613 - - -
info: Microsoft.AspNetCore.StaticFiles.StaticFileMiddleware[2]
      Sending file. Request path: '/bootstrap/css/bootstrap.min.css'. Physical path: 'E:\Kbs\Factory2\NETPostgreSQL002\web\bootstrap\css\bootstrap.min.css'
info: Microsoft.AspNetCore.StaticFiles.StaticFileMiddleware[2]
      Sending file. Request path: '/DVelop/DVMessage/DVMessage.css'. Physical path: 'E:\Kbs\Factory2\NETPostgreSQL002\web\DVelop\DVMessage\DVMessage.css'
info: Microsoft.AspNetCore.Hosting.Diagnostics[2]
      Request finished HTTP/1.1 GET http://localhost/Factory2NETPostgreSQL/bootstrap/css/bootstrap.min.css?20255262163613 - 200 - text/css 9.9271ms
info: Microsoft.AspNetCore.Hosting.Diagnostics[2]
      Request finished HTTP/1.1 GET http://localhost/Factory2NETPostgreSQL/DVelop/DVMessage/DVMessage.css?20255262163613 - 200 - text/css 2.8418ms
info: Microsoft.AspNetCore.Hosting.Diagnostics[1]
      Request starting HTTP/1.1 GET http://localhost/Factory2NETPostgreSQL/DVelop/Bootstrap/Shared/fontawesome_vlatest/css/all.min.css?20255262163613 - - -
info: Microsoft.AspNetCore.StaticFiles.StaticFileMiddleware[2]
      Sending file. Request path: '/DVelop/Bootstrap/Shared/fontawesome_vlatest/css/all.min.css'. Physical path: 'E:\Kbs\Factory2\NETPostgreSQL002\web\DVelop\Bootstrap\Shared\fontawesome_vlatest\css\all.min.css'
info: Microsoft.AspNetCore.Hosting.Diagnostics[2]
      Request finished HTTP/1.1 GET http://localhost/Factory2NETPostgreSQL/DVelop/Bootstrap/Shared/fontawesome_vlatest/css/all.min.css?20255262163613 - 200 - text/css 5.7507ms
info: Microsoft.AspNetCore.Hosting.Diagnostics[1]
      Request starting HTTP/1.1 GET http://localhost/Factory2NETPostgreSQL/DVelop/Shared/daterangepicker/daterangepicker.css?20255262163613 - - -
info: Microsoft.AspNetCore.StaticFiles.StaticFileMiddleware[2]
      Sending file. Request path: '/DVelop/Shared/daterangepicker/daterangepicker.css'. Physical path: 'E:\Kbs\Factory2\NETPostgreSQL002\web\DVelop\Shared\daterangepicker\daterangepicker.css'
info: Microsoft.AspNetCore.Hosting.Diagnostics[2]
      Request finished HTTP/1.1 GET http://localhost/Factory2NETPostgreSQL/DVelop/Shared/daterangepicker/daterangepicker.css?20255262163613 - 200 - text/css 2.8892ms
info: Microsoft.AspNetCore.Hosting.Diagnostics[1]
      Request starting HTTP/1.1 GET http://localhost/Factory2NETPostgreSQL/calendar-system.css?20255262163613 - - -
info: Microsoft.AspNetCore.StaticFiles.StaticFileMiddleware[2]
      Sending file. Request path: '/calendar-system.css'. Physical path: 'E:\Kbs\Factory2\NETPostgreSQL002\web\calendar-system.css'
info: Microsoft.AspNetCore.Hosting.Diagnostics[2]
      Request finished HTTP/1.1 GET http://localhost/Factory2NETPostgreSQL/calendar-system.css?20255262163613 - 200 - text/css 5.1688ms
info: Microsoft.AspNetCore.Hosting.Diagnostics[1]
      Request starting HTTP/1.1 GET http://localhost/Factory2NETPostgreSQL/DVelop/Bootstrap/Shared/DVelopBootstrap.css?20255262163613 - - -
info: Microsoft.AspNetCore.StaticFiles.StaticFileMiddleware[2]
      Sending file. Request path: '/DVelop/Bootstrap/Shared/DVelopBootstrap.css'. Physical path: 'E:\Kbs\Factory2\NETPostgreSQL002\web\DVelop\Bootstrap\Shared\DVelopBootstrap.css'
info: Microsoft.AspNetCore.Hosting.Diagnostics[2]
      Request finished HTTP/1.1 GET http://localhost/Factory2NETPostgreSQL/DVelop/Bootstrap/Shared/DVelopBootstrap.css?20255262163613 - 200 - text/css 11.5572ms
info: Microsoft.AspNetCore.Hosting.Diagnostics[1]
      Request starting HTTP/1.1 GET http://localhost/Factory2NETPostgreSQL/Resources/Portuguese/DSLogin.css?20255262163613 - - -
info: Microsoft.AspNetCore.Hosting.Diagnostics[1]
      Request starting HTTP/1.1 GET http://localhost/Factory2NETPostgreSQL/bootstrap/js/bootstrap.min.js?20255262163613 - - -
info: Microsoft.AspNetCore.StaticFiles.StaticFileMiddleware[2]
      Sending file. Request path: '/Portuguese/DSLogin.css'. Physical path: 'E:\Kbs\Factory2\NETPostgreSQL002\web\Resources\Portuguese\DSLogin.css'
info: Microsoft.AspNetCore.Hosting.Diagnostics[2]
      Request finished HTTP/1.1 GET http://localhost/Factory2NETPostgreSQL/Resources/Portuguese/DSLogin.css?20255262163613 - 200 - text/css 4.2341ms
info: Microsoft.AspNetCore.StaticFiles.StaticFileMiddleware[2]
      Sending file. Request path: '/bootstrap/js/bootstrap.min.js'. Physical path: 'E:\Kbs\Factory2\NETPostgreSQL002\web\bootstrap\js\bootstrap.min.js'
info: Microsoft.AspNetCore.Hosting.Diagnostics[2]
      Request finished HTTP/1.1 GET http://localhost/Factory2NETPostgreSQL/bootstrap/js/bootstrap.min.js?20255262163613 - 200 39685 text/javascript 3.1474ms
info: Microsoft.AspNetCore.Hosting.Diagnostics[1]
      Request starting HTTP/1.1 GET http://localhost/Factory2NETPostgreSQL/gxcfg.js?20255262163613 - - -
info: Microsoft.AspNetCore.StaticFiles.StaticFileMiddleware[2]
      Sending file. Request path: '/gxcfg.js'. Physical path: 'E:\Kbs\Factory2\NETPostgreSQL002\web\gxcfg.js'
info: Microsoft.AspNetCore.Hosting.Diagnostics[2]
      Request finished HTTP/1.1 GET http://localhost/Factory2NETPostgreSQL/gxcfg.js?20255262163613 - 200 894 text/javascript 2.5710ms
info: Microsoft.AspNetCore.Hosting.Diagnostics[1]
      Request starting HTTP/1.1 GET http://localhost/Factory2NETPostgreSQL/resources/ImagemLogin.png - - -
info: Microsoft.AspNetCore.Hosting.Diagnostics[1]
      Request starting HTTP/1.1 GET http://localhost/Factory2NETPostgreSQL/messages.por.js?20255262163613 - - -
info: Microsoft.AspNetCore.StaticFiles.StaticFileMiddleware[2]
      Sending file. Request path: '/messages.por.js'. Physical path: 'E:\Kbs\Factory2\NETPostgreSQL002\web\messages.por.js'
info: Microsoft.AspNetCore.Hosting.Diagnostics[2]
      Request finished HTTP/1.1 GET http://localhost/Factory2NETPostgreSQL/messages.por.js?20255262163613 - 200 95722 text/javascript 2.1442ms
info: Microsoft.AspNetCore.StaticFiles.StaticFileMiddleware[2]
      Sending file. Request path: '/ImagemLogin.png'. Physical path: 'E:\Kbs\Factory2\NETPostgreSQL002\web\Resources\ImagemLogin.png'
info: Microsoft.AspNetCore.Hosting.Diagnostics[2]
      Request finished HTTP/1.1 GET http://localhost/Factory2NETPostgreSQL/resources/ImagemLogin.png - 200 754992 image/png 36.5217ms
info: Microsoft.AspNetCore.Hosting.Diagnostics[1]
      Request starting HTTP/1.1 GET http://localhost/Factory2NETPostgreSQL/DVelop/DVMessage/pnotify.custom.js?20255262163613 - - -
info: Microsoft.AspNetCore.StaticFiles.StaticFileMiddleware[2]
      Sending file. Request path: '/DVelop/DVMessage/pnotify.custom.js'. Physical path: 'E:\Kbs\Factory2\NETPostgreSQL002\web\DVelop\DVMessage\pnotify.custom.js'
info: Microsoft.AspNetCore.Hosting.Diagnostics[2]
      Request finished HTTP/1.1 GET http://localhost/Factory2NETPostgreSQL/DVelop/DVMessage/pnotify.custom.js?20255262163613 - 200 31442 text/javascript 3.8963ms
info: Microsoft.AspNetCore.Hosting.Diagnostics[1]
      Request starting HTTP/1.1 GET http://localhost/Factory2NETPostgreSQL/DVelop/Shared/WorkWithPlusCommon.js?20255262163613 - - -
info: Microsoft.AspNetCore.Hosting.Diagnostics[1]
      Request starting HTTP/1.1 GET http://localhost/Factory2NETPostgreSQL/DVelop/DVMessage/DVMessageRender.js?20255262163613 - - -
info: Microsoft.AspNetCore.StaticFiles.StaticFileMiddleware[2]
      Sending file. Request path: '/DVelop/Shared/WorkWithPlusCommon.js'. Physical path: 'E:\Kbs\Factory2\NETPostgreSQL002\web\DVelop\Shared\WorkWithPlusCommon.js'
info: Microsoft.AspNetCore.Hosting.Diagnostics[2]
      Request finished HTTP/1.1 GET http://localhost/Factory2NETPostgreSQL/DVelop/Shared/WorkWithPlusCommon.js?20255262163613 - 200 24755 text/javascript 4.0994ms
info: Microsoft.AspNetCore.StaticFiles.StaticFileMiddleware[2]
      Sending file. Request path: '/DVelop/DVMessage/DVMessageRender.js'. Physical path: 'E:\Kbs\Factory2\NETPostgreSQL002\web\DVelop\DVMessage\DVMessageRender.js'
info: Microsoft.AspNetCore.Hosting.Diagnostics[2]
      Request finished HTTP/1.1 GET http://localhost/Factory2NETPostgreSQL/DVelop/DVMessage/DVMessageRender.js?20255262163613 - 200 7611 text/javascript 4.7030ms
info: Microsoft.AspNetCore.Hosting.Diagnostics[1]
      Request starting HTTP/1.1 GET http://localhost/Factory2NETPostgreSQL/DVelop/Mask/jquery.mask.js?20255262163613 - - -
info: Microsoft.AspNetCore.Hosting.Diagnostics[1]
      Request starting HTTP/1.1 GET http://localhost/Factory2NETPostgreSQL/DVelop/Bootstrap/Tooltip/BootstrapTooltipRender.js?20255262163613 - - -
info: Microsoft.AspNetCore.StaticFiles.StaticFileMiddleware[2]
      Sending file. Request path: '/DVelop/Mask/jquery.mask.js'. Physical path: 'E:\Kbs\Factory2\NETPostgreSQL002\web\DVelop\Mask\jquery.mask.js'
info: Microsoft.AspNetCore.StaticFiles.StaticFileMiddleware[2]
      Sending file. Request path: '/DVelop/Bootstrap/Tooltip/BootstrapTooltipRender.js'. Physical path: 'E:\Kbs\Factory2\NETPostgreSQL002\web\DVelop\Bootstrap\Tooltip\BootstrapTooltipRender.js'
info: Microsoft.AspNetCore.Hosting.Diagnostics[2]
      Request finished HTTP/1.1 GET http://localhost/Factory2NETPostgreSQL/DVelop/Bootstrap/Tooltip/BootstrapTooltipRender.js?20255262163613 - 200 5904 text/javascript 2.0161ms
info: Microsoft.AspNetCore.Hosting.Diagnostics[2]
      Request finished HTTP/1.1 GET http://localhost/Factory2NETPostgreSQL/DVelop/Mask/jquery.mask.js?20255262163613 - 200 7444 text/javascript 1.5906ms
info: Microsoft.AspNetCore.Hosting.Diagnostics[1]
      Request starting HTTP/1.1 GET http://localhost/Factory2NETPostgreSQL/DVelop/WorkWithPlusUtilities/BootstrapSelect.js?20255262163613 - - -
info: Microsoft.AspNetCore.Hosting.Diagnostics[1]
      Request starting HTTP/1.1 GET http://localhost/Factory2NETPostgreSQL/DVelop/Shared/daterangepicker/locales.js?20255262163613 - - -
info: Microsoft.AspNetCore.StaticFiles.StaticFileMiddleware[2]
      Sending file. Request path: '/DVelop/WorkWithPlusUtilities/BootstrapSelect.js'. Physical path: 'E:\Kbs\Factory2\NETPostgreSQL002\web\DVelop\WorkWithPlusUtilities\BootstrapSelect.js'
info: Microsoft.AspNetCore.StaticFiles.StaticFileMiddleware[2]
      Sending file. Request path: '/DVelop/Shared/daterangepicker/locales.js'. Physical path: 'E:\Kbs\Factory2\NETPostgreSQL002\web\DVelop\Shared\daterangepicker\locales.js'
info: Microsoft.AspNetCore.Hosting.Diagnostics[2]
      Request finished HTTP/1.1 GET http://localhost/Factory2NETPostgreSQL/DVelop/Shared/daterangepicker/locales.js?20255262163613 - 200 3806 text/javascript 1.7877ms
info: Microsoft.AspNetCore.Hosting.Diagnostics[1]
      Request starting HTTP/1.1 GET http://localhost/Factory2NETPostgreSQL/DVelop/WorkWithPlusUtilities/WorkWithPlusUtilitiesRender.js?20255262163613 - - -
info: Microsoft.AspNetCore.Hosting.Diagnostics[2]
      Request finished HTTP/1.1 GET http://localhost/Factory2NETPostgreSQL/DVelop/WorkWithPlusUtilities/BootstrapSelect.js?20255262163613 - 200 52902 text/javascript 4.1416ms
info: Microsoft.AspNetCore.Hosting.Diagnostics[1]
      Request starting HTTP/1.1 GET http://localhost/Factory2NETPostgreSQL/DVelop/Shared/daterangepicker/wwp-daterangepicker.js?20255262163613 - - -
info: Microsoft.AspNetCore.StaticFiles.StaticFileMiddleware[2]
      Sending file. Request path: '/DVelop/WorkWithPlusUtilities/WorkWithPlusUtilitiesRender.js'. Physical path: 'E:\Kbs\Factory2\NETPostgreSQL002\web\DVelop\WorkWithPlusUtilities\WorkWithPlusUtilitiesRender.js'
info: Microsoft.AspNetCore.Hosting.Diagnostics[2]
      Request finished HTTP/1.1 GET http://localhost/Factory2NETPostgreSQL/DVelop/WorkWithPlusUtilities/WorkWithPlusUtilitiesRender.js?20255262163613 - 200 29810 text/javascript 1.5458ms
info: Microsoft.AspNetCore.StaticFiles.StaticFileMiddleware[2]
      Sending file. Request path: '/DVelop/Shared/daterangepicker/wwp-daterangepicker.js'. Physical path: 'E:\Kbs\Factory2\NETPostgreSQL002\web\DVelop\Shared\daterangepicker\wwp-daterangepicker.js'
info: Microsoft.AspNetCore.Hosting.Diagnostics[2]
      Request finished HTTP/1.1 GET http://localhost/Factory2NETPostgreSQL/DVelop/Shared/daterangepicker/wwp-daterangepicker.js?20255262163613 - 200 5777 text/javascript 5.2246ms
info: Microsoft.AspNetCore.Hosting.Diagnostics[1]
      Request starting HTTP/1.1 GET http://localhost/Factory2NETPostgreSQL/DVelop/Shared/daterangepicker/moment.min.js?20255262163613 - - -
info: Microsoft.AspNetCore.Hosting.Diagnostics[1]
      Request starting HTTP/1.1 GET http://localhost/Factory2NETPostgreSQL/DVelop/Shared/daterangepicker/daterangepicker.min.js?20255262163613 - - -
info: Microsoft.AspNetCore.StaticFiles.StaticFileMiddleware[2]
      Sending file. Request path: '/DVelop/Shared/daterangepicker/moment.min.js'. Physical path: 'E:\Kbs\Factory2\NETPostgreSQL002\web\DVelop\Shared\daterangepicker\moment.min.js'
info: Microsoft.AspNetCore.Hosting.Diagnostics[2]
      Request finished HTTP/1.1 GET http://localhost/Factory2NETPostgreSQL/DVelop/Shared/daterangepicker/moment.min.js?20255262163613 - 200 59101 text/javascript 1.8975ms
info: Microsoft.AspNetCore.Hosting.Diagnostics[1]
      Request starting HTTP/1.1 GET http://localhost/Factory2NETPostgreSQL/DVelop/DatePicker/DatePickerRender.js?20255262163613 - - -
info: Microsoft.AspNetCore.StaticFiles.StaticFileMiddleware[2]
      Sending file. Request path: '/DVelop/Shared/daterangepicker/daterangepicker.min.js'. Physical path: 'E:\Kbs\Factory2\NETPostgreSQL002\web\DVelop\Shared\daterangepicker\daterangepicker.min.js'
info: Microsoft.AspNetCore.Hosting.Diagnostics[2]
      Request finished HTTP/1.1 GET http://localhost/Factory2NETPostgreSQL/DVelop/Shared/daterangepicker/daterangepicker.min.js?20255262163613 - 200 62675 text/javascript 6.1126ms
info: Microsoft.AspNetCore.StaticFiles.StaticFileMiddleware[2]
      Sending file. Request path: '/DVelop/DatePicker/DatePickerRender.js'. Physical path: 'E:\Kbs\Factory2\NETPostgreSQL002\web\DVelop\DatePicker\DatePickerRender.js'
info: Microsoft.AspNetCore.Hosting.Diagnostics[2]
      Request finished HTTP/1.1 GET http://localhost/Factory2NETPostgreSQL/DVelop/DatePicker/DatePickerRender.js?20255262163613 - 200 3134 text/javascript 1.5620ms
info: Microsoft.AspNetCore.Hosting.Diagnostics[1]
      Request starting HTTP/1.1 POST http://localhost/Factory2NETPostgreSQL/login?c01d04b1610243d2a2af23e7952e8b18421e497f3729752ac71bd7f45da77f2a,gx-no-cache=1748304954176 - application/json 161
info: Microsoft.AspNetCore.Hosting.Diagnostics[2]
      Request finished HTTP/1.1 POST http://localhost/Factory2NETPostgreSQL/login?c01d04b1610243d2a2af23e7952e8b18421e497f3729752ac71bd7f45da77f2a,gx-no-cache=1748304954176 - 200 - application/json 392.2973ms
info: Microsoft.AspNetCore.Hosting.Diagnostics[1]
      Request starting HTTP/1.1 GET http://localhost/Factory2NETPostgreSQL/index?OQ2ExCxF2hu16v1yxxqyMw - - -
info: Microsoft.AspNetCore.Hosting.Diagnostics[2]
      Request finished HTTP/1.1 GET http://localhost/Factory2NETPostgreSQL/index?OQ2ExCxF2hu16v1yxxqyMw - 200 - application/json 54.6503ms
info: Microsoft.AspNetCore.Hosting.Diagnostics[1]
      Request starting HTTP/1.1 GET http://localhost/Factory2NETPostgreSQL/vendas - - -
info: Microsoft.AspNetCore.Hosting.Diagnostics[2]
      Request finished HTTP/1.1 GET http://localhost/Factory2NETPostgreSQL/vendas - 200 - text/html 451.8114ms
info: Microsoft.AspNetCore.Hosting.Diagnostics[1]
      Request starting HTTP/1.1 GET http://localhost/Factory2NETPostgreSQL/DVelop/Bootstrap/Shared/DVelopBootstrap.js?20255262163613 - - -
info: Microsoft.AspNetCore.Hosting.Diagnostics[1]
      Request starting HTTP/1.1 GET http://localhost/Factory2NETPostgreSQL/DVelop/DVPaginationBar/DVPaginationBar.css?20255262163613 - - -
info: Microsoft.AspNetCore.Hosting.Diagnostics[1]
      Request starting HTTP/1.1 GET http://localhost/Factory2NETPostgreSQL/Resources/Portuguese/WorkWithPlusDS.css?20255262163613 - - -
info: Microsoft.AspNetCore.StaticFiles.StaticFileMiddleware[2]
      Sending file. Request path: '/DVelop/DVPaginationBar/DVPaginationBar.css'. Physical path: 'E:\Kbs\Factory2\NETPostgreSQL002\web\DVelop\DVPaginationBar\DVPaginationBar.css'
info: Microsoft.AspNetCore.Hosting.Diagnostics[2]
      Request finished HTTP/1.1 GET http://localhost/Factory2NETPostgreSQL/DVelop/DVPaginationBar/DVPaginationBar.css?20255262163613 - 200 - text/css 21.8236ms
info: Microsoft.AspNetCore.Hosting.Diagnostics[1]
      Request starting HTTP/1.1 GET http://localhost/Factory2NETPostgreSQL/resources/Imagemheader.png - - -
info: Microsoft.AspNetCore.StaticFiles.StaticFileMiddleware[2]
      Sending file. Request path: '/Imagemheader.png'. Physical path: 'E:\Kbs\Factory2\NETPostgreSQL002\web\Resources\Imagemheader.png'
info: Microsoft.AspNetCore.Hosting.Diagnostics[2]
      Request finished HTTP/1.1 GET http://localhost/Factory2NETPostgreSQL/resources/Imagemheader.png - 200 25223 image/png 2.8588ms
info: Microsoft.AspNetCore.StaticFiles.StaticFileMiddleware[2]
      Sending file. Request path: '/Portuguese/WorkWithPlusDS.css'. Physical path: 'E:\Kbs\Factory2\NETPostgreSQL002\web\Resources\Portuguese\WorkWithPlusDS.css'
info: Microsoft.AspNetCore.Hosting.Diagnostics[2]
      Request finished HTTP/1.1 GET http://localhost/Factory2NETPostgreSQL/Resources/Portuguese/WorkWithPlusDS.css?20255262163613 - 200 - text/css 31.4090ms
info: Microsoft.AspNetCore.StaticFiles.StaticFileMiddleware[2]
      Sending file. Request path: '/DVelop/Bootstrap/Shared/DVelopBootstrap.js'. Physical path: 'E:\Kbs\Factory2\NETPostgreSQL002\web\DVelop\Bootstrap\Shared\DVelopBootstrap.js'
info: Microsoft.AspNetCore.Hosting.Diagnostics[2]
      Request finished HTTP/1.1 GET http://localhost/Factory2NETPostgreSQL/DVelop/Bootstrap/Shared/DVelopBootstrap.js?20255262163613 - 200 163482 text/javascript 57.1502ms
info: Microsoft.AspNetCore.Hosting.Diagnostics[1]
      Request starting HTTP/1.1 GET http://localhost/Factory2NETPostgreSQL/DVelop/Bootstrap/Panel/BootstrapPanelRender.js?20255262163613 - - -
info: Microsoft.AspNetCore.StaticFiles.StaticFileMiddleware[2]
      Sending file. Request path: '/DVelop/Bootstrap/Panel/BootstrapPanelRender.js'. Physical path: 'E:\Kbs\Factory2\NETPostgreSQL002\web\DVelop\Bootstrap\Panel\BootstrapPanelRender.js'
info: Microsoft.AspNetCore.Hosting.Diagnostics[2]
      Request finished HTTP/1.1 GET http://localhost/Factory2NETPostgreSQL/DVelop/Bootstrap/Panel/BootstrapPanelRender.js?20255262163613 - 200 685 text/javascript 1.3245ms
info: Microsoft.AspNetCore.Hosting.Diagnostics[1]
      Request starting HTTP/1.1 GET http://localhost/Factory2NETPostgreSQL/DVelop/Bootstrap/DropDownOptions/BootstrapDropDownOptionsRender.js?20255262163613 - - -
info: Microsoft.AspNetCore.StaticFiles.StaticFileMiddleware[2]
      Sending file. Request path: '/DVelop/Bootstrap/DropDownOptions/BootstrapDropDownOptionsRender.js'. Physical path: 'E:\Kbs\Factory2\NETPostgreSQL002\web\DVelop\Bootstrap\DropDownOptions\BootstrapDropDownOptionsRender.js'
info: Microsoft.AspNetCore.Hosting.Diagnostics[2]
      Request finished HTTP/1.1 GET http://localhost/Factory2NETPostgreSQL/DVelop/Bootstrap/DropDownOptions/BootstrapDropDownOptionsRender.js?20255262163613 - 200 29124 text/javascript 23.3330ms
info: Microsoft.AspNetCore.Hosting.Diagnostics[1]
      Request starting HTTP/1.1 GET http://localhost/Factory2NETPostgreSQL/DVelop/DVPaginationBar/DVPaginationBarRender.js?20255262163613 - - -
info: Microsoft.AspNetCore.StaticFiles.StaticFileMiddleware[2]
      Sending file. Request path: '/DVelop/DVPaginationBar/DVPaginationBarRender.js'. Physical path: 'E:\Kbs\Factory2\NETPostgreSQL002\web\DVelop\DVPaginationBar\DVPaginationBarRender.js'
info: Microsoft.AspNetCore.Hosting.Diagnostics[2]
      Request finished HTTP/1.1 GET http://localhost/Factory2NETPostgreSQL/DVelop/DVPaginationBar/DVPaginationBarRender.js?20255262163613 - 200 13900 text/javascript 16.1630ms
info: Microsoft.AspNetCore.Hosting.Diagnostics[1]
      Request starting HTTP/1.1 GET http://localhost/Factory2NETPostgreSQL/DVelop/GridEmpowerer/GridEmpowererRender.js?20255262163613 - - -
info: Microsoft.AspNetCore.StaticFiles.StaticFileMiddleware[2]
      Sending file. Request path: '/DVelop/GridEmpowerer/GridEmpowererRender.js'. Physical path: 'E:\Kbs\Factory2\NETPostgreSQL002\web\DVelop\GridEmpowerer\GridEmpowererRender.js'
info: Microsoft.AspNetCore.Hosting.Diagnostics[2]
      Request finished HTTP/1.1 GET http://localhost/Factory2NETPostgreSQL/DVelop/GridEmpowerer/GridEmpowererRender.js?20255262163613 - 200 58313 text/javascript 6.4084ms
info: Microsoft.AspNetCore.Hosting.Diagnostics[1]
      Request starting HTTP/1.1 GET http://localhost/Factory2NETPostgreSQL/DVelop/DateRangePicker/DateRangePickerRender.js?20255262163613 - - -
info: Microsoft.AspNetCore.StaticFiles.StaticFileMiddleware[2]
      Sending file. Request path: '/DVelop/DateRangePicker/DateRangePickerRender.js'. Physical path: 'E:\Kbs\Factory2\NETPostgreSQL002\web\DVelop\DateRangePicker\DateRangePickerRender.js'
info: Microsoft.AspNetCore.Hosting.Diagnostics[2]
      Request finished HTTP/1.1 GET http://localhost/Factory2NETPostgreSQL/DVelop/DateRangePicker/DateRangePickerRender.js?20255262163613 - 200 3180 text/javascript 12.1391ms
info: Microsoft.AspNetCore.Hosting.Diagnostics[1]
      Request starting HTTP/1.1 GET http://localhost/Factory2NETPostgreSQL/DVelop/Bootstrap/Shared/slimscroll/jquery.slimscroll.min.js?20255262163613 - - -
info: Microsoft.AspNetCore.StaticFiles.StaticFileMiddleware[2]
      Sending file. Request path: '/DVelop/Bootstrap/Shared/slimscroll/jquery.slimscroll.min.js'. Physical path: 'E:\Kbs\Factory2\NETPostgreSQL002\web\DVelop\Bootstrap\Shared\slimscroll\jquery.slimscroll.min.js'
info: Microsoft.AspNetCore.Hosting.Diagnostics[2]
      Request finished HTTP/1.1 GET http://localhost/Factory2NETPostgreSQL/DVelop/Bootstrap/Shared/slimscroll/jquery.slimscroll.min.js?20255262163613 - 200 4736 text/javascript 10.9589ms
info: Microsoft.AspNetCore.Hosting.Diagnostics[1]
      Request starting HTTP/1.1 GET http://localhost/Factory2NETPostgreSQL/DVelop/Bootstrap/SidebarMenu/BootstrapSidebarMenuRender.js?20255262163613 - - -
info: Microsoft.AspNetCore.StaticFiles.StaticFileMiddleware[2]
      Sending file. Request path: '/DVelop/Bootstrap/SidebarMenu/BootstrapSidebarMenuRender.js'. Physical path: 'E:\Kbs\Factory2\NETPostgreSQL002\web\DVelop\Bootstrap\SidebarMenu\BootstrapSidebarMenuRender.js'
info: Microsoft.AspNetCore.Hosting.Diagnostics[2]
      Request finished HTTP/1.1 GET http://localhost/Factory2NETPostgreSQL/DVelop/Bootstrap/SidebarMenu/BootstrapSidebarMenuRender.js?20255262163613 - 200 19643 text/javascript 2.6882ms
info: Microsoft.AspNetCore.Hosting.Diagnostics[1]
      Request starting HTTP/1.1 GET http://localhost/Factory2NETPostgreSQL/DVelop/Chronometer/ChronometerRender.js?20255262163613 - - -
info: Microsoft.AspNetCore.StaticFiles.StaticFileMiddleware[2]
      Sending file. Request path: '/DVelop/Chronometer/ChronometerRender.js'. Physical path: 'E:\Kbs\Factory2\NETPostgreSQL002\web\DVelop\Chronometer\ChronometerRender.js'
info: Microsoft.AspNetCore.Hosting.Diagnostics[2]
      Request finished HTTP/1.1 GET http://localhost/Factory2NETPostgreSQL/DVelop/Chronometer/ChronometerRender.js?20255262163613 - 200 682 text/javascript 1.0265ms
info: Microsoft.AspNetCore.Hosting.Diagnostics[1]
      Request starting HTTP/1.1 GET http://localhost/Factory2NETPostgreSQL/DVelop/Bootstrap/ConfirmPanel/BootstrapConfirmPanelRender.js?20255262163613 - - -
info: Microsoft.AspNetCore.StaticFiles.StaticFileMiddleware[2]
      Sending file. Request path: '/DVelop/Bootstrap/ConfirmPanel/BootstrapConfirmPanelRender.js'. Physical path: 'E:\Kbs\Factory2\NETPostgreSQL002\web\DVelop\Bootstrap\ConfirmPanel\BootstrapConfirmPanelRender.js'
info: Microsoft.AspNetCore.Hosting.Diagnostics[2]
      Request finished HTTP/1.1 GET http://localhost/Factory2NETPostgreSQL/DVelop/Bootstrap/ConfirmPanel/BootstrapConfirmPanelRender.js?20255262163613 - 200 644 text/javascript 1.1671ms
info: Microsoft.AspNetCore.Hosting.Diagnostics[1]
      Request starting HTTP/1.1 GET http://localhost/Factory2NETPostgreSQL/wwpbaseobjects/workwithplusmasterpage.js?20255261646499 - - -
info: Microsoft.AspNetCore.StaticFiles.StaticFileMiddleware[6]
      The file /wwpbaseobjects/workwithplusmasterpage.js was not modified
info: Microsoft.AspNetCore.Hosting.Diagnostics[2]
      Request finished HTTP/1.1 GET http://localhost/Factory2NETPostgreSQL/wwpbaseobjects/workwithplusmasterpage.js?20255261646499 - 304 - text/javascript 0.4551ms
info: Microsoft.AspNetCore.Hosting.Diagnostics[1]
      Request starting HTTP/1.1 GET http://localhost/Factory2NETPostgreSQL/gxwebsocket?285b229e-02fc-47b4-945b-a848f7d6862a - - -
info: Microsoft.AspNetCore.Hosting.Diagnostics[1]
      Request starting HTTP/1.1 GET http://localhost/Factory2NETPostgreSQL/propostaww - - -
info: Microsoft.AspNetCore.Hosting.Diagnostics[2]
      Request finished HTTP/1.1 GET http://localhost/Factory2NETPostgreSQL/propostaww - 200 - text/html 246.0976ms
info: Microsoft.AspNetCore.Hosting.Diagnostics[1]
      Request starting HTTP/1.1 GET http://localhost/Factory2NETPostgreSQL/DVelop/GridTitlesCategories/GridTitlesCategoriesRender.js?20255262163613 - - -
info: Microsoft.AspNetCore.StaticFiles.StaticFileMiddleware[2]
      Sending file. Request path: '/DVelop/GridTitlesCategories/GridTitlesCategoriesRender.js'. Physical path: 'E:\Kbs\Factory2\NETPostgreSQL002\web\DVelop\GridTitlesCategories\GridTitlesCategoriesRender.js'
info: Microsoft.AspNetCore.Hosting.Diagnostics[2]
      Request finished HTTP/1.1 GET http://localhost/Factory2NETPostgreSQL/DVelop/GridTitlesCategories/GridTitlesCategoriesRender.js?20255262163613 - 200 5543 text/javascript 18.5524ms
info: Microsoft.AspNetCore.Hosting.Diagnostics[1]
      Request starting HTTP/1.1 GET http://localhost/Factory2NETPostgreSQL/propostaww.js?20255261647929 - - -
info: Microsoft.AspNetCore.StaticFiles.StaticFileMiddleware[6]
      The file /propostaww.js was not modified
info: Microsoft.AspNetCore.Hosting.Diagnostics[2]
      Request finished HTTP/1.1 GET http://localhost/Factory2NETPostgreSQL/propostaww.js?20255261647929 - 304 - text/javascript 0.3287ms
info: Microsoft.AspNetCore.Hosting.Diagnostics[1]
      Request starting HTTP/1.1 GET http://localhost/Factory2NETPostgreSQL/wpalterarproposta?bET4Ybhdl0GBcKUqJ1cKzMMUm-vYvnCEr1kICfsLFhI - - -
info: Microsoft.AspNetCore.Hosting.Diagnostics[2]
      Request finished HTTP/1.1 GET http://localhost/Factory2NETPostgreSQL/wpalterarproposta?bET4Ybhdl0GBcKUqJ1cKzMMUm-vYvnCEr1kICfsLFhI - 200 - text/html 966.9233ms
info: Microsoft.AspNetCore.Hosting.Diagnostics[1]
      Request starting HTTP/1.1 GET http://localhost/Factory2NETPostgreSQL/shared/HistoryManager/HistoryManager.js?20255262163613 - - -
info: Microsoft.AspNetCore.StaticFiles.StaticFileMiddleware[2]
      Sending file. Request path: '/shared/HistoryManager/HistoryManager.js'. Physical path: 'E:\Kbs\Factory2\NETPostgreSQL002\web\shared\HistoryManager\HistoryManager.js'
info: Microsoft.AspNetCore.Hosting.Diagnostics[2]
      Request finished HTTP/1.1 GET http://localhost/Factory2NETPostgreSQL/shared/HistoryManager/HistoryManager.js?20255262163613 - 200 4476 text/javascript 18.5135ms
info: Microsoft.AspNetCore.Hosting.Diagnostics[1]
      Request starting HTTP/1.1 GET http://localhost/Factory2NETPostgreSQL/shared/HistoryManager/rsh/json2005.js?20255262163613 - - -
info: Microsoft.AspNetCore.StaticFiles.StaticFileMiddleware[2]
      Sending file. Request path: '/shared/HistoryManager/rsh/json2005.js'. Physical path: 'E:\Kbs\Factory2\NETPostgreSQL002\web\shared\HistoryManager\rsh\json2005.js'
info: Microsoft.AspNetCore.Hosting.Diagnostics[2]
      Request finished HTTP/1.1 GET http://localhost/Factory2NETPostgreSQL/shared/HistoryManager/rsh/json2005.js?20255262163613 - 200 8846 text/javascript 2.6141ms
info: Microsoft.AspNetCore.Hosting.Diagnostics[1]
      Request starting HTTP/1.1 GET http://localhost/Factory2NETPostgreSQL/shared/HistoryManager/rsh/rsh.js?20255262163613 - - -
info: Microsoft.AspNetCore.StaticFiles.StaticFileMiddleware[2]
      Sending file. Request path: '/shared/HistoryManager/rsh/rsh.js'. Physical path: 'E:\Kbs\Factory2\NETPostgreSQL002\web\shared\HistoryManager\rsh\rsh.js'
info: Microsoft.AspNetCore.Hosting.Diagnostics[2]
      Request finished HTTP/1.1 GET http://localhost/Factory2NETPostgreSQL/shared/HistoryManager/rsh/rsh.js?20255262163613 - 200 8839 text/javascript 1.9011ms
info: Microsoft.AspNetCore.Hosting.Diagnostics[1]
      Request starting HTTP/1.1 GET http://localhost/Factory2NETPostgreSQL/shared/HistoryManager/HistoryManagerCreate.js?20255262163613 - - -
info: Microsoft.AspNetCore.StaticFiles.StaticFileMiddleware[2]
      Sending file. Request path: '/shared/HistoryManager/HistoryManagerCreate.js'. Physical path: 'E:\Kbs\Factory2\NETPostgreSQL002\web\shared\HistoryManager\HistoryManagerCreate.js'
info: Microsoft.AspNetCore.Hosting.Diagnostics[2]
      Request finished HTTP/1.1 GET http://localhost/Factory2NETPostgreSQL/shared/HistoryManager/HistoryManagerCreate.js?20255262163613 - 200 350 text/javascript 0.9559ms
info: Microsoft.AspNetCore.Hosting.Diagnostics[1]
      Request starting HTTP/1.1 GET http://localhost/Factory2NETPostgreSQL/Tab/TabRender.js?20255262163613 - - -
info: Microsoft.AspNetCore.StaticFiles.StaticFileMiddleware[2]
      Sending file. Request path: '/Tab/TabRender.js'. Physical path: 'E:\Kbs\Factory2\NETPostgreSQL002\web\Tab\TabRender.js'
info: Microsoft.AspNetCore.Hosting.Diagnostics[2]
      Request finished HTTP/1.1 GET http://localhost/Factory2NETPostgreSQL/Tab/TabRender.js?20255262163613 - 200 3705 text/javascript 18.3226ms
info: Microsoft.AspNetCore.Hosting.Diagnostics[1]
      Request starting HTTP/1.1 GET http://localhost/Factory2NETPostgreSQL/Window/InNewWindowRender.js?20255262163613 - - -
info: Microsoft.AspNetCore.StaticFiles.StaticFileMiddleware[2]
      Sending file. Request path: '/Window/InNewWindowRender.js'. Physical path: 'E:\Kbs\Factory2\NETPostgreSQL002\web\Window\InNewWindowRender.js'
info: Microsoft.AspNetCore.Hosting.Diagnostics[2]
      Request finished HTTP/1.1 GET http://localhost/Factory2NETPostgreSQL/Window/InNewWindowRender.js?20255262163613 - 200 1714 text/javascript 14.5129ms
info: Microsoft.AspNetCore.Hosting.Diagnostics[1]
      Request starting HTTP/1.1 GET http://localhost/Factory2NETPostgreSQL/wpalterarproposta.js?20255262162814 - - -
info: Microsoft.AspNetCore.StaticFiles.StaticFileMiddleware[2]
      Sending file. Request path: '/wpalterarproposta.js'. Physical path: 'E:\Kbs\Factory2\NETPostgreSQL002\web\wpalterarproposta.js'
info: Microsoft.AspNetCore.Hosting.Diagnostics[2]
      Request finished HTTP/1.1 GET http://localhost/Factory2NETPostgreSQL/wpalterarproposta.js?20255262162814 - 200 103689 text/javascript 62.5184ms
info: Microsoft.AspNetCore.Hosting.Diagnostics[1]
      Request starting HTTP/1.1 GET http://localhost/Factory2NETPostgreSQL/PublicTempStorage/4d944684-fb79-4913-b117-213b518dd183.tmp - - -
info: Microsoft.AspNetCore.StaticFiles.StaticFileMiddleware[2]
      Sending file. Request path: '/PublicTempStorage/4d944684-fb79-4913-b117-213b518dd183.tmp'. Physical path: 'E:\Kbs\Factory2\NETPostgreSQL002\web\PublicTempStorage\4d944684-fb79-4913-b117-213b518dd183.tmp'
info: Microsoft.AspNetCore.Hosting.Diagnostics[2]
      Request finished HTTP/1.1 GET http://localhost/Factory2NETPostgreSQL/PublicTempStorage/4d944684-fb79-4913-b117-213b518dd183.tmp - 401 0 image/jpeg 7.6092ms
info: Microsoft.AspNetCore.Hosting.Diagnostics[1]
      Request starting HTTP/1.1 POST http://localhost/Factory2NETPostgreSQL/wpalterarproposta?c01d04b1610243d2a2af23e7952e8b18421e497f3729752ac71bd7f45da77f2a,bET4Ybhdl0GBcKUqJ1cKzMMUm-vYvnCEr1kICfsLFhI,gx-no-cache=1748304969112 - application/json 552
info: Microsoft.AspNetCore.Hosting.Diagnostics[2]
      Request finished HTTP/1.1 POST http://localhost/Factory2NETPostgreSQL/wpalterarproposta?c01d04b1610243d2a2af23e7952e8b18421e497f3729752ac71bd7f45da77f2a,bET4Ybhdl0GBcKUqJ1cKzMMUm-vYvnCEr1kICfsLFhI,gx-no-cache=1748304969112 - 200 - application/json 442.5968ms
info: Microsoft.AspNetCore.Hosting.Diagnostics[2]
      Request finished HTTP/1.1 GET http://localhost/Factory2NETPostgreSQL/gxwebsocket?285b229e-02fc-47b4-945b-a848f7d6862a - 101 - - 180144.3364ms
info: Microsoft.AspNetCore.Hosting.Diagnostics[1]
      Request starting HTTP/1.1 GET http://localhost/Factory2NETPostgreSQL/wpalterarproposta?bET4Ybhdl0GBcKUqJ1cKzMMUm-vYvnCEr1kICfsLFhI - - -
info: Microsoft.AspNetCore.Hosting.Diagnostics[2]
      Request finished HTTP/1.1 GET http://localhost/Factory2NETPostgreSQL/wpalterarproposta?bET4Ybhdl0GBcKUqJ1cKzMMUm-vYvnCEr1kICfsLFhI - 200 - text/html 551.4188ms
info: Microsoft.AspNetCore.Hosting.Diagnostics[1]
      Request starting HTTP/1.1 GET http://localhost/Factory2NETPostgreSQL/gxcfg.js?20255262163613 - - -
info: Microsoft.AspNetCore.StaticFiles.StaticFileMiddleware[6]
      The file /gxcfg.js was not modified
info: Microsoft.AspNetCore.Hosting.Diagnostics[2]
      Request finished HTTP/1.1 GET http://localhost/Factory2NETPostgreSQL/gxcfg.js?20255262163613 - 304 - text/javascript 0.6259ms
info: Microsoft.AspNetCore.Hosting.Diagnostics[1]
      Request starting HTTP/1.1 GET http://localhost/Factory2NETPostgreSQL/resources/Imagemheader.png - - -
info: Microsoft.AspNetCore.StaticFiles.StaticFileMiddleware[2]
      Sending file. Request path: '/Imagemheader.png'. Physical path: 'E:\Kbs\Factory2\NETPostgreSQL002\web\Resources\Imagemheader.png'
info: Microsoft.AspNetCore.Hosting.Diagnostics[2]
      Request finished HTTP/1.1 GET http://localhost/Factory2NETPostgreSQL/resources/Imagemheader.png - 200 25223 image/png 1.8906ms
info: Microsoft.AspNetCore.Hosting.Diagnostics[1]
      Request starting HTTP/1.1 GET http://localhost/Factory2NETPostgreSQL/wpalterarproposta.js?20255262162814 - - -
info: Microsoft.AspNetCore.StaticFiles.StaticFileMiddleware[6]
      The file /wpalterarproposta.js was not modified
info: Microsoft.AspNetCore.Hosting.Diagnostics[2]
      Request finished HTTP/1.1 GET http://localhost/Factory2NETPostgreSQL/wpalterarproposta.js?20255262162814 - 304 - text/javascript 5.2123ms
info: Microsoft.AspNetCore.Hosting.Diagnostics[1]
      Request starting HTTP/1.1 GET http://localhost/Factory2NETPostgreSQL/gxwebsocket?285b229e-02fc-47b4-945b-a848f7d6862a - - -
info: Microsoft.AspNetCore.Hosting.Diagnostics[1]
      Request starting HTTP/1.1 GET http://localhost/Factory2NETPostgreSQL/PublicTempStorage/b201508c-be2e-49b2-a0e8-90cd1259e674.tmp - - -
info: Microsoft.AspNetCore.StaticFiles.StaticFileMiddleware[2]
      Sending file. Request path: '/PublicTempStorage/b201508c-be2e-49b2-a0e8-90cd1259e674.tmp'. Physical path: 'E:\Kbs\Factory2\NETPostgreSQL002\web\PublicTempStorage\b201508c-be2e-49b2-a0e8-90cd1259e674.tmp'
info: Microsoft.AspNetCore.Hosting.Diagnostics[2]
      Request finished HTTP/1.1 GET http://localhost/Factory2NETPostgreSQL/PublicTempStorage/b201508c-be2e-49b2-a0e8-90cd1259e674.tmp - 401 0 image/jpeg 11.8424ms
info: Microsoft.AspNetCore.Hosting.Diagnostics[1]
      Request starting HTTP/1.1 POST http://localhost/Factory2NETPostgreSQL/wpalterarproposta?c01d04b1610243d2a2af23e7952e8b18421e497f3729752ac71bd7f45da77f2a,bET4Ybhdl0GBcKUqJ1cKzMMUm-vYvnCEr1kICfsLFhI,gx-no-cache=1748305137765 - application/json 190
info: Microsoft.AspNetCore.Hosting.Diagnostics[2]
      Request finished HTTP/1.1 POST http://localhost/Factory2NETPostgreSQL/wpalterarproposta?c01d04b1610243d2a2af23e7952e8b18421e497f3729752ac71bd7f45da77f2a,bET4Ybhdl0GBcKUqJ1cKzMMUm-vYvnCEr1kICfsLFhI,gx-no-cache=1748305137765 - 200 - application/json 387.6101ms
info: Microsoft.AspNetCore.Hosting.Diagnostics[1]
      Request starting HTTP/1.1 GET http://localhost/Factory2NETPostgreSQL/wwpbaseobjects/wwp_wcmodules.js?202552614485964 - - -
info: Microsoft.AspNetCore.StaticFiles.StaticFileMiddleware[6]
      The file /wwpbaseobjects/wwp_wcmodules.js was not modified
info: Microsoft.AspNetCore.Hosting.Diagnostics[2]
      Request finished HTTP/1.1 GET http://localhost/Factory2NETPostgreSQL/wwpbaseobjects/wwp_wcmodules.js?202552614485964 - 304 - text/javascript 0.4517ms
info: Microsoft.AspNetCore.Hosting.Diagnostics[2]
      Request finished HTTP/1.1 GET http://localhost/Factory2NETPostgreSQL/gxwebsocket?285b229e-02fc-47b4-945b-a848f7d6862a - 101 - - 448122.2487ms
info: Microsoft.AspNetCore.Hosting.Diagnostics[1]
      Request starting HTTP/1.1 GET http://localhost/Factory2NETPostgreSQL/wpalterarproposta?bET4Ybhdl0GBcKUqJ1cKzMMUm-vYvnCEr1kICfsLFhI - - -
info: Microsoft.AspNetCore.Hosting.Diagnostics[2]
      Request finished HTTP/1.1 GET http://localhost/Factory2NETPostgreSQL/wpalterarproposta?bET4Ybhdl0GBcKUqJ1cKzMMUm-vYvnCEr1kICfsLFhI - 200 - text/html 707.2071ms
info: Microsoft.AspNetCore.Hosting.Diagnostics[1]
      Request starting HTTP/1.1 GET http://localhost/Factory2NETPostgreSQL/gxwebsocket?285b229e-02fc-47b4-945b-a848f7d6862a - - -
info: Microsoft.AspNetCore.Hosting.Diagnostics[1]
      Request starting HTTP/1.1 GET http://localhost/Factory2NETPostgreSQL/PublicTempStorage/dbab2caf-3580-409d-af47-d88851ddd4a9.tmp - - -
info: Microsoft.AspNetCore.StaticFiles.StaticFileMiddleware[2]
      Sending file. Request path: '/PublicTempStorage/dbab2caf-3580-409d-af47-d88851ddd4a9.tmp'. Physical path: 'E:\Kbs\Factory2\NETPostgreSQL002\web\PublicTempStorage\dbab2caf-3580-409d-af47-d88851ddd4a9.tmp'
info: Microsoft.AspNetCore.Hosting.Diagnostics[2]
      Request finished HTTP/1.1 GET http://localhost/Factory2NETPostgreSQL/PublicTempStorage/dbab2caf-3580-409d-af47-d88851ddd4a9.tmp - 401 0 image/jpeg 4.4020ms
info: Microsoft.AspNetCore.Hosting.Diagnostics[1]
      Request starting HTTP/1.1 GET http://localhost/Factory2NETPostgreSQL/wpalterarproposta?bET4Ybhdl0GBcKUqJ1cKzMMUm-vYvnCEr1kICfsLFhI - - -
info: Microsoft.AspNetCore.Hosting.Diagnostics[1]
      Request starting HTTP/1.1 GET http://localhost/Factory2NETPostgreSQL/signature?K9dAfNi6Z9qFIfI2l07ZeSfc3rRb9cITm58TYfgyBB4 - - -
info: Microsoft.AspNetCore.Hosting.Diagnostics[2]
      Request finished HTTP/1.1 GET http://localhost/Factory2NETPostgreSQL/wpalterarproposta?bET4Ybhdl0GBcKUqJ1cKzMMUm-vYvnCEr1kICfsLFhI - 200 - text/html 466.4067ms
info: Microsoft.AspNetCore.Hosting.Diagnostics[2]
      Request finished HTTP/1.1 GET http://localhost/Factory2NETPostgreSQL/signature?K9dAfNi6Z9qFIfI2l07ZeSfc3rRb9cITm58TYfgyBB4 - 301 - - 488.1387ms
info: Microsoft.AspNetCore.Hosting.Diagnostics[1]
      Request starting HTTP/1.1 GET http://localhost/Factory2NETPostgreSQL/confirmacao?YPGLD%2F9lcoO0W24KxNozog%3D%3D - - -
info: Microsoft.AspNetCore.Hosting.Diagnostics[2]
      Request finished HTTP/1.1 GET http://localhost/Factory2NETPostgreSQL/confirmacao?YPGLD%2F9lcoO0W24KxNozog%3D%3D - 200 - text/html 87.9641ms
info: Microsoft.AspNetCore.Hosting.Diagnostics[1]
      Request starting HTTP/1.1 GET http://localhost/Factory2NETPostgreSQL/gxwebsocket?285b229e-02fc-47b4-945b-a848f7d6862a - - -
info: Microsoft.AspNetCore.Hosting.Diagnostics[1]
      Request starting HTTP/1.1 GET http://localhost/Factory2NETPostgreSQL/PublicTempStorage/bcd57bdd-01dc-4cf8-bf17-54d6ee0807fb.tmp - - -
info: Microsoft.AspNetCore.StaticFiles.StaticFileMiddleware[2]
      Sending file. Request path: '/PublicTempStorage/bcd57bdd-01dc-4cf8-bf17-54d6ee0807fb.tmp'. Physical path: 'E:\Kbs\Factory2\NETPostgreSQL002\web\PublicTempStorage\bcd57bdd-01dc-4cf8-bf17-54d6ee0807fb.tmp'
info: Microsoft.AspNetCore.Hosting.Diagnostics[2]
      Request finished HTTP/1.1 GET http://localhost/Factory2NETPostgreSQL/PublicTempStorage/bcd57bdd-01dc-4cf8-bf17-54d6ee0807fb.tmp - 401 0 image/jpeg 4.8643ms
info: Microsoft.AspNetCore.Hosting.Diagnostics[2]
      Request finished HTTP/1.1 GET http://localhost/Factory2NETPostgreSQL/gxwebsocket?285b229e-02fc-47b4-945b-a848f7d6862a - 101 - - 41867.4345ms
info: Microsoft.AspNetCore.Hosting.Diagnostics[2]
      Request finished HTTP/1.1 GET http://localhost/Factory2NETPostgreSQL/gxwebsocket?285b229e-02fc-47b4-945b-a848f7d6862a - 101 - - 37390.7558ms
info: Microsoft.AspNetCore.Hosting.Diagnostics[1]
      Request starting HTTP/1.1 POST http://127.0.0.1:45395/FACTORY2NETPOSTGRESQL/iisintegration - - 0
info: Microsoft.AspNetCore.Hosting.Diagnostics[2]
      Request finished HTTP/1.1 POST http://127.0.0.1:45395/FACTORY2NETPOSTGRESQL/iisintegration - 202 0 - 0.1859ms
