warn: Microsoft.AspNetCore.DataProtection.Repositories.EphemeralXmlRepository[50]
      Using an in-memory repository. Keys will not be persisted to storage.
warn: Microsoft.AspNetCore.DataProtection.KeyManagement.XmlKeyManager[59]
      Neither user profile nor HKLM registry available. Using an ephemeral key repository. Protected data will be unavailable when application exits.
warn: Microsoft.AspNetCore.StaticFiles.StaticFileMiddleware[16]
      The WebRootPath was not found: E:\Kbs\Factory2\NETPostgreSQL002\web\wwwroot. Static files may be unavailable.
info: Microsoft.AspNetCore.DataProtection.KeyManagement.XmlKeyManager[58]
      Creating key {1ba7b490-6e7b-464c-90a6-9f6d1fcb4794} with creation date 2025-05-26 20:58:24Z, activation date 2025-05-26 20:58:24Z, and expiration date 2025-08-24 20:58:24Z.
warn: Microsoft.AspNetCore.DataProtection.KeyManagement.XmlKeyManager[35]
      No XML encryptor configured. Key {1ba7b490-6e7b-464c-90a6-9f6d1fcb4794} may be persisted to storage in unencrypted form.
Hosting environment: Production
Content root path: E:\Kbs\Factory2\NETPostgreSQL002\web
Now listening on: http://127.0.0.1:24420
Application started. Press Ctrl+C to shut down.
info: Microsoft.AspNetCore.Hosting.Diagnostics[1]
      Request starting HTTP/1.1 GET http://localhost/Factory2NETPostgreSQL/login - - -
warn: Microsoft.AspNetCore.Session.SessionMiddleware[7]
      Error unprotecting the session cookie.
      System.Security.Cryptography.CryptographicException: The key {49b55dce-3340-406d-b70e-94db20cf2754} was not found in the key ring. For more information go to https://aka.ms/aspnet/dataprotectionwarning
         at Microsoft.AspNetCore.DataProtection.KeyManagement.KeyRingBasedDataProtector.UnprotectCore(Byte[] protectedData, Boolean allowOperationsOnRevokedKeys, UnprotectStatus& status)
         at Microsoft.AspNetCore.DataProtection.KeyManagement.KeyRingBasedDataProtector.Unprotect(Byte[] protectedData)
         at Microsoft.AspNetCore.Session.CookieProtection.Unprotect(IDataProtector protector, String protectedText, ILogger logger)
info: Microsoft.AspNetCore.Session.DistributedSession[3]
      Session started; Key:91007bc1-2554-f567-bd8b-a521d6419be4, Id:f092d218-f4ef-ae46-c08a-96ed939ac995
info: Microsoft.AspNetCore.Hosting.Diagnostics[2]
      Request finished HTTP/1.1 GET http://localhost/Factory2NETPostgreSQL/login - 200 - text/html 2402.9962ms
info: Microsoft.AspNetCore.Hosting.Diagnostics[1]
      Request starting HTTP/1.1 GET http://localhost/Factory2NETPostgreSQL/bootstrap/css/bootstrap.min.css?20255261791768 - - -
info: Microsoft.AspNetCore.Hosting.Diagnostics[1]
      Request starting HTTP/1.1 GET http://localhost/Factory2NETPostgreSQL/DVelop/DVMessage/DVMessage.css?20255261791768 - - -
info: Microsoft.AspNetCore.Hosting.Diagnostics[1]
      Request starting HTTP/1.1 GET http://localhost/Factory2NETPostgreSQL/DVelop/Bootstrap/Shared/fontawesome_vlatest/css/all.min.css?20255261791768 - - -
info: Microsoft.AspNetCore.StaticFiles.StaticFileMiddleware[2]
      Sending file. Request path: '/DVelop/DVMessage/DVMessage.css'. Physical path: 'E:\Kbs\Factory2\NETPostgreSQL002\web\DVelop\DVMessage\DVMessage.css'
info: Microsoft.AspNetCore.Hosting.Diagnostics[2]
      Request finished HTTP/1.1 GET http://localhost/Factory2NETPostgreSQL/DVelop/DVMessage/DVMessage.css?20255261791768 - 200 - text/css 39.6629ms
info: Microsoft.AspNetCore.Hosting.Diagnostics[1]
      Request starting HTTP/1.1 GET http://localhost/Factory2NETPostgreSQL/DVelop/Bootstrap/Shared/DVelopBootstrap.css?20255261791768 - - -
info: Microsoft.AspNetCore.StaticFiles.StaticFileMiddleware[2]
      Sending file. Request path: '/bootstrap/css/bootstrap.min.css'. Physical path: 'E:\Kbs\Factory2\NETPostgreSQL002\web\bootstrap\css\bootstrap.min.css'
info: Microsoft.AspNetCore.StaticFiles.StaticFileMiddleware[2]
      Sending file. Request path: '/DVelop/Bootstrap/Shared/fontawesome_vlatest/css/all.min.css'. Physical path: 'E:\Kbs\Factory2\NETPostgreSQL002\web\DVelop\Bootstrap\Shared\fontawesome_vlatest\css\all.min.css'
info: Microsoft.AspNetCore.Hosting.Diagnostics[2]
      Request finished HTTP/1.1 GET http://localhost/Factory2NETPostgreSQL/DVelop/Bootstrap/Shared/fontawesome_vlatest/css/all.min.css?20255261791768 - 200 - text/css 59.8239ms
info: Microsoft.AspNetCore.Hosting.Diagnostics[2]
      Request finished HTTP/1.1 GET http://localhost/Factory2NETPostgreSQL/bootstrap/css/bootstrap.min.css?20255261791768 - 200 - text/css 70.9320ms
info: Microsoft.AspNetCore.StaticFiles.StaticFileMiddleware[2]
      Sending file. Request path: '/DVelop/Bootstrap/Shared/DVelopBootstrap.css'. Physical path: 'E:\Kbs\Factory2\NETPostgreSQL002\web\DVelop\Bootstrap\Shared\DVelopBootstrap.css'
info: Microsoft.AspNetCore.Hosting.Diagnostics[1]
      Request starting HTTP/1.1 GET http://localhost/Factory2NETPostgreSQL/calendar-system.css?20255261791768 - - -
info: Microsoft.AspNetCore.Hosting.Diagnostics[1]
      Request starting HTTP/1.1 GET http://localhost/Factory2NETPostgreSQL/DVelop/Shared/daterangepicker/daterangepicker.css?20255261791768 - - -
info: Microsoft.AspNetCore.Hosting.Diagnostics[2]
      Request finished HTTP/1.1 GET http://localhost/Factory2NETPostgreSQL/DVelop/Bootstrap/Shared/DVelopBootstrap.css?20255261791768 - 200 - text/css 23.6586ms
info: Microsoft.AspNetCore.StaticFiles.StaticFileMiddleware[2]
      Sending file. Request path: '/DVelop/Shared/daterangepicker/daterangepicker.css'. Physical path: 'E:\Kbs\Factory2\NETPostgreSQL002\web\DVelop\Shared\daterangepicker\daterangepicker.css'
info: Microsoft.AspNetCore.Hosting.Diagnostics[2]
      Request finished HTTP/1.1 GET http://localhost/Factory2NETPostgreSQL/DVelop/Shared/daterangepicker/daterangepicker.css?20255261791768 - 200 - text/css 2.8056ms
info: Microsoft.AspNetCore.Hosting.Diagnostics[1]
      Request starting HTTP/1.1 GET http://localhost/Factory2NETPostgreSQL/Resources/Portuguese/DSLogin.css?20255261791768 - - -
info: Microsoft.AspNetCore.Hosting.Diagnostics[1]
      Request starting HTTP/1.1 GET http://localhost/Factory2NETPostgreSQL/bootstrap/js/bootstrap.min.js?20255261791768 - - -
info: Microsoft.AspNetCore.StaticFiles.StaticFileMiddleware[2]
      Sending file. Request path: '/calendar-system.css'. Physical path: 'E:\Kbs\Factory2\NETPostgreSQL002\web\calendar-system.css'
info: Microsoft.AspNetCore.Hosting.Diagnostics[2]
      Request finished HTTP/1.1 GET http://localhost/Factory2NETPostgreSQL/calendar-system.css?20255261791768 - 200 - text/css 12.8778ms
info: Microsoft.AspNetCore.Hosting.Diagnostics[1]
      Request starting HTTP/1.1 GET http://localhost/Factory2NETPostgreSQL/gxcfg.js?20255261791768 - - -
info: Microsoft.AspNetCore.StaticFiles.StaticFileMiddleware[2]
      Sending file. Request path: '/Portuguese/DSLogin.css'. Physical path: 'E:\Kbs\Factory2\NETPostgreSQL002\web\Resources\Portuguese\DSLogin.css'
info: Microsoft.AspNetCore.Hosting.Diagnostics[2]
      Request finished HTTP/1.1 GET http://localhost/Factory2NETPostgreSQL/Resources/Portuguese/DSLogin.css?20255261791768 - 200 - text/css 15.1825ms
info: Microsoft.AspNetCore.Hosting.Diagnostics[1]
      Request starting HTTP/1.1 GET http://localhost/Factory2NETPostgreSQL/resources/ImagemLogin.png - - -
info: Microsoft.AspNetCore.StaticFiles.StaticFileMiddleware[2]
      Sending file. Request path: '/gxcfg.js'. Physical path: 'E:\Kbs\Factory2\NETPostgreSQL002\web\gxcfg.js'
info: Microsoft.AspNetCore.Hosting.Diagnostics[2]
      Request finished HTTP/1.1 GET http://localhost/Factory2NETPostgreSQL/gxcfg.js?20255261791768 - 200 894 text/javascript 12.3684ms
info: Microsoft.AspNetCore.StaticFiles.StaticFileMiddleware[2]
      Sending file. Request path: '/bootstrap/js/bootstrap.min.js'. Physical path: 'E:\Kbs\Factory2\NETPostgreSQL002\web\bootstrap\js\bootstrap.min.js'
info: Microsoft.AspNetCore.Hosting.Diagnostics[2]
      Request finished HTTP/1.1 GET http://localhost/Factory2NETPostgreSQL/bootstrap/js/bootstrap.min.js?20255261791768 - 200 39685 text/javascript 25.3034ms
info: Microsoft.AspNetCore.Hosting.Diagnostics[1]
      Request starting HTTP/1.1 GET http://localhost/Factory2NETPostgreSQL/messages.por.js?20255261791768 - - -
info: Microsoft.AspNetCore.StaticFiles.StaticFileMiddleware[2]
      Sending file. Request path: '/ImagemLogin.png'. Physical path: 'E:\Kbs\Factory2\NETPostgreSQL002\web\Resources\ImagemLogin.png'
info: Microsoft.AspNetCore.StaticFiles.StaticFileMiddleware[2]
      Sending file. Request path: '/messages.por.js'. Physical path: 'E:\Kbs\Factory2\NETPostgreSQL002\web\messages.por.js'
info: Microsoft.AspNetCore.Hosting.Diagnostics[2]
      Request finished HTTP/1.1 GET http://localhost/Factory2NETPostgreSQL/resources/ImagemLogin.png - 200 754992 image/png 33.7515ms
info: Microsoft.AspNetCore.Hosting.Diagnostics[2]
      Request finished HTTP/1.1 GET http://localhost/Factory2NETPostgreSQL/messages.por.js?20255261791768 - 200 95722 text/javascript 24.4092ms
info: Microsoft.AspNetCore.Hosting.Diagnostics[1]
      Request starting HTTP/1.1 GET http://localhost/Factory2NETPostgreSQL/DVelop/DVMessage/pnotify.custom.js?20255261791768 - - -
info: Microsoft.AspNetCore.Hosting.Diagnostics[1]
      Request starting HTTP/1.1 GET http://localhost/Factory2NETPostgreSQL/DVelop/Shared/WorkWithPlusCommon.js?20255261791768 - - -
info: Microsoft.AspNetCore.Hosting.Diagnostics[1]
      Request starting HTTP/1.1 GET http://localhost/Factory2NETPostgreSQL/DVelop/DVMessage/DVMessageRender.js?20255261791768 - - -
info: Microsoft.AspNetCore.StaticFiles.StaticFileMiddleware[2]
      Sending file. Request path: '/DVelop/DVMessage/pnotify.custom.js'. Physical path: 'E:\Kbs\Factory2\NETPostgreSQL002\web\DVelop\DVMessage\pnotify.custom.js'
info: Microsoft.AspNetCore.Hosting.Diagnostics[2]
      Request finished HTTP/1.1 GET http://localhost/Factory2NETPostgreSQL/DVelop/DVMessage/pnotify.custom.js?20255261791768 - 200 31442 text/javascript 4.4371ms
info: Microsoft.AspNetCore.Hosting.Diagnostics[1]
      Request starting HTTP/1.1 GET http://localhost/Factory2NETPostgreSQL/DVelop/Bootstrap/Tooltip/BootstrapTooltipRender.js?20255261791768 - - -
info: Microsoft.AspNetCore.StaticFiles.StaticFileMiddleware[2]
      Sending file. Request path: '/DVelop/DVMessage/DVMessageRender.js'. Physical path: 'E:\Kbs\Factory2\NETPostgreSQL002\web\DVelop\DVMessage\DVMessageRender.js'
info: Microsoft.AspNetCore.Hosting.Diagnostics[2]
      Request finished HTTP/1.1 GET http://localhost/Factory2NETPostgreSQL/DVelop/DVMessage/DVMessageRender.js?20255261791768 - 200 7611 text/javascript 15.4178ms
info: Microsoft.AspNetCore.Hosting.Diagnostics[1]
      Request starting HTTP/1.1 GET http://localhost/Factory2NETPostgreSQL/DVelop/Mask/jquery.mask.js?20255261791768 - - -
info: Microsoft.AspNetCore.StaticFiles.StaticFileMiddleware[2]
      Sending file. Request path: '/DVelop/Shared/WorkWithPlusCommon.js'. Physical path: 'E:\Kbs\Factory2\NETPostgreSQL002\web\DVelop\Shared\WorkWithPlusCommon.js'
info: Microsoft.AspNetCore.StaticFiles.StaticFileMiddleware[2]
      Sending file. Request path: '/DVelop/Bootstrap/Tooltip/BootstrapTooltipRender.js'. Physical path: 'E:\Kbs\Factory2\NETPostgreSQL002\web\DVelop\Bootstrap\Tooltip\BootstrapTooltipRender.js'
info: Microsoft.AspNetCore.Hosting.Diagnostics[2]
      Request finished HTTP/1.1 GET http://localhost/Factory2NETPostgreSQL/DVelop/Shared/WorkWithPlusCommon.js?20255261791768 - 200 24755 text/javascript 30.0478ms
info: Microsoft.AspNetCore.Hosting.Diagnostics[2]
      Request finished HTTP/1.1 GET http://localhost/Factory2NETPostgreSQL/DVelop/Bootstrap/Tooltip/BootstrapTooltipRender.js?20255261791768 - 200 5904 text/javascript 24.5050ms
info: Microsoft.AspNetCore.StaticFiles.StaticFileMiddleware[2]
      Sending file. Request path: '/DVelop/Mask/jquery.mask.js'. Physical path: 'E:\Kbs\Factory2\NETPostgreSQL002\web\DVelop\Mask\jquery.mask.js'
info: Microsoft.AspNetCore.Hosting.Diagnostics[2]
      Request finished HTTP/1.1 GET http://localhost/Factory2NETPostgreSQL/DVelop/Mask/jquery.mask.js?20255261791768 - 200 7444 text/javascript 19.8322ms
info: Microsoft.AspNetCore.Hosting.Diagnostics[1]
      Request starting HTTP/1.1 GET http://localhost/Factory2NETPostgreSQL/DVelop/WorkWithPlusUtilities/WorkWithPlusUtilitiesRender.js?20255261791768 - - -
info: Microsoft.AspNetCore.Hosting.Diagnostics[1]
      Request starting HTTP/1.1 GET http://localhost/Factory2NETPostgreSQL/DVelop/Shared/daterangepicker/locales.js?20255261791768 - - -
info: Microsoft.AspNetCore.Hosting.Diagnostics[1]
      Request starting HTTP/1.1 GET http://localhost/Factory2NETPostgreSQL/DVelop/WorkWithPlusUtilities/BootstrapSelect.js?20255261791768 - - -
info: Microsoft.AspNetCore.StaticFiles.StaticFileMiddleware[2]
      Sending file. Request path: '/DVelop/Shared/daterangepicker/locales.js'. Physical path: 'E:\Kbs\Factory2\NETPostgreSQL002\web\DVelop\Shared\daterangepicker\locales.js'
info: Microsoft.AspNetCore.Hosting.Diagnostics[2]
      Request finished HTTP/1.1 GET http://localhost/Factory2NETPostgreSQL/DVelop/Shared/daterangepicker/locales.js?20255261791768 - 200 3806 text/javascript 4.9318ms
info: Microsoft.AspNetCore.Hosting.Diagnostics[1]
      Request starting HTTP/1.1 GET http://localhost/Factory2NETPostgreSQL/DVelop/Shared/daterangepicker/wwp-daterangepicker.js?20255261791768 - - -
info: Microsoft.AspNetCore.StaticFiles.StaticFileMiddleware[2]
      Sending file. Request path: '/DVelop/WorkWithPlusUtilities/WorkWithPlusUtilitiesRender.js'. Physical path: 'E:\Kbs\Factory2\NETPostgreSQL002\web\DVelop\WorkWithPlusUtilities\WorkWithPlusUtilitiesRender.js'
info: Microsoft.AspNetCore.Hosting.Diagnostics[2]
      Request finished HTTP/1.1 GET http://localhost/Factory2NETPostgreSQL/DVelop/WorkWithPlusUtilities/WorkWithPlusUtilitiesRender.js?20255261791768 - 200 29810 text/javascript 12.0879ms
info: Microsoft.AspNetCore.StaticFiles.StaticFileMiddleware[2]
      Sending file. Request path: '/DVelop/Shared/daterangepicker/wwp-daterangepicker.js'. Physical path: 'E:\Kbs\Factory2\NETPostgreSQL002\web\DVelop\Shared\daterangepicker\wwp-daterangepicker.js'
info: Microsoft.AspNetCore.Hosting.Diagnostics[2]
      Request finished HTTP/1.1 GET http://localhost/Factory2NETPostgreSQL/DVelop/Shared/daterangepicker/wwp-daterangepicker.js?20255261791768 - 200 5777 text/javascript 12.1616ms
info: Microsoft.AspNetCore.Hosting.Diagnostics[1]
      Request starting HTTP/1.1 GET http://localhost/Factory2NETPostgreSQL/DVelop/Shared/daterangepicker/moment.min.js?20255261791768 - - -
info: Microsoft.AspNetCore.Hosting.Diagnostics[1]
      Request starting HTTP/1.1 GET http://localhost/Factory2NETPostgreSQL/DVelop/Shared/daterangepicker/daterangepicker.min.js?20255261791768 - - -
info: Microsoft.AspNetCore.StaticFiles.StaticFileMiddleware[2]
      Sending file. Request path: '/DVelop/WorkWithPlusUtilities/BootstrapSelect.js'. Physical path: 'E:\Kbs\Factory2\NETPostgreSQL002\web\DVelop\WorkWithPlusUtilities\BootstrapSelect.js'
info: Microsoft.AspNetCore.Hosting.Diagnostics[2]
      Request finished HTTP/1.1 GET http://localhost/Factory2NETPostgreSQL/DVelop/WorkWithPlusUtilities/BootstrapSelect.js?20255261791768 - 200 52902 text/javascript 29.3976ms
info: Microsoft.AspNetCore.Hosting.Diagnostics[1]
      Request starting HTTP/1.1 GET http://localhost/Factory2NETPostgreSQL/DVelop/DatePicker/DatePickerRender.js?20255261791768 - - -
info: Microsoft.AspNetCore.StaticFiles.StaticFileMiddleware[2]
      Sending file. Request path: '/DVelop/DatePicker/DatePickerRender.js'. Physical path: 'E:\Kbs\Factory2\NETPostgreSQL002\web\DVelop\DatePicker\DatePickerRender.js'
info: Microsoft.AspNetCore.Hosting.Diagnostics[2]
      Request finished HTTP/1.1 GET http://localhost/Factory2NETPostgreSQL/DVelop/DatePicker/DatePickerRender.js?20255261791768 - 200 3134 text/javascript 4.4612ms
info: Microsoft.AspNetCore.StaticFiles.StaticFileMiddleware[2]
      Sending file. Request path: '/DVelop/Shared/daterangepicker/moment.min.js'. Physical path: 'E:\Kbs\Factory2\NETPostgreSQL002\web\DVelop\Shared\daterangepicker\moment.min.js'
info: Microsoft.AspNetCore.Hosting.Diagnostics[2]
      Request finished HTTP/1.1 GET http://localhost/Factory2NETPostgreSQL/DVelop/Shared/daterangepicker/moment.min.js?20255261791768 - 200 59101 text/javascript 29.1977ms
info: Microsoft.AspNetCore.StaticFiles.StaticFileMiddleware[2]
      Sending file. Request path: '/DVelop/Shared/daterangepicker/daterangepicker.min.js'. Physical path: 'E:\Kbs\Factory2\NETPostgreSQL002\web\DVelop\Shared\daterangepicker\daterangepicker.min.js'
info: Microsoft.AspNetCore.Hosting.Diagnostics[2]
      Request finished HTTP/1.1 GET http://localhost/Factory2NETPostgreSQL/DVelop/Shared/daterangepicker/daterangepicker.min.js?20255261791768 - 200 62675 text/javascript 26.3218ms
info: Microsoft.AspNetCore.Hosting.Diagnostics[1]
      Request starting HTTP/1.1 POST http://localhost/Factory2NETPostgreSQL/login?c01d04b1610243d2a2af23e7952e8b185514e1133cfed533968d9b8b484a56dd,gx-no-cache=1748293108149 - application/json 161
info: Microsoft.AspNetCore.Hosting.Diagnostics[2]
      Request finished HTTP/1.1 POST http://localhost/Factory2NETPostgreSQL/login?c01d04b1610243d2a2af23e7952e8b185514e1133cfed533968d9b8b484a56dd,gx-no-cache=1748293108149 - 200 - application/json 548.4466ms
info: Microsoft.AspNetCore.Hosting.Diagnostics[1]
      Request starting HTTP/1.1 GET http://localhost/Factory2NETPostgreSQL/index?OQ2ExCxF2hu16v1yxxqyMw - - -
info: Microsoft.AspNetCore.Hosting.Diagnostics[2]
      Request finished HTTP/1.1 GET http://localhost/Factory2NETPostgreSQL/index?OQ2ExCxF2hu16v1yxxqyMw - 200 - application/json 40.7192ms
info: Microsoft.AspNetCore.Hosting.Diagnostics[1]
      Request starting HTTP/1.1 GET http://localhost/Factory2NETPostgreSQL/vendas - - -
info: Microsoft.AspNetCore.Hosting.Diagnostics[2]
      Request finished HTTP/1.1 GET http://localhost/Factory2NETPostgreSQL/vendas - 200 - text/html 565.2094ms
info: Microsoft.AspNetCore.Hosting.Diagnostics[1]
      Request starting HTTP/1.1 GET http://localhost/Factory2NETPostgreSQL/DVelop/DVPaginationBar/DVPaginationBar.css?20255261791768 - - -
info: Microsoft.AspNetCore.Hosting.Diagnostics[1]
      Request starting HTTP/1.1 GET http://localhost/Factory2NETPostgreSQL/Resources/Portuguese/WorkWithPlusDS.css?20255261791768 - - -
info: Microsoft.AspNetCore.Hosting.Diagnostics[1]
      Request starting HTTP/1.1 GET http://localhost/Factory2NETPostgreSQL/DVelop/Bootstrap/Shared/DVelopBootstrap.js?20255261791768 - - -
info: Microsoft.AspNetCore.StaticFiles.StaticFileMiddleware[2]
      Sending file. Request path: '/DVelop/DVPaginationBar/DVPaginationBar.css'. Physical path: 'E:\Kbs\Factory2\NETPostgreSQL002\web\DVelop\DVPaginationBar\DVPaginationBar.css'
info: Microsoft.AspNetCore.Hosting.Diagnostics[2]
      Request finished HTTP/1.1 GET http://localhost/Factory2NETPostgreSQL/DVelop/DVPaginationBar/DVPaginationBar.css?20255261791768 - 200 - text/css 14.1478ms
info: Microsoft.AspNetCore.Hosting.Diagnostics[1]
      Request starting HTTP/1.1 GET http://localhost/Factory2NETPostgreSQL/resources/Imagemheader.png - - -
info: Microsoft.AspNetCore.StaticFiles.StaticFileMiddleware[2]
      Sending file. Request path: '/Imagemheader.png'. Physical path: 'E:\Kbs\Factory2\NETPostgreSQL002\web\Resources\Imagemheader.png'
info: Microsoft.AspNetCore.Hosting.Diagnostics[2]
      Request finished HTTP/1.1 GET http://localhost/Factory2NETPostgreSQL/resources/Imagemheader.png - 200 25223 image/png 3.4805ms
info: Microsoft.AspNetCore.Hosting.Diagnostics[1]
      Request starting HTTP/1.1 GET http://localhost/Factory2NETPostgreSQL/Resources/Portuguese/WorkWithPlusDS.css?20255261791768 - - -
info: Microsoft.AspNetCore.StaticFiles.StaticFileMiddleware[2]
      Sending file. Request path: '/Portuguese/WorkWithPlusDS.css'. Physical path: 'E:\Kbs\Factory2\NETPostgreSQL002\web\Resources\Portuguese\WorkWithPlusDS.css'
info: Microsoft.AspNetCore.Hosting.Diagnostics[2]
      Request finished HTTP/1.1 GET http://localhost/Factory2NETPostgreSQL/Resources/Portuguese/WorkWithPlusDS.css?20255261791768 - 200 - text/css 26.5474ms
info: Microsoft.AspNetCore.StaticFiles.StaticFileMiddleware[2]
      Sending file. Request path: '/Portuguese/WorkWithPlusDS.css'. Physical path: 'E:\Kbs\Factory2\NETPostgreSQL002\web\Resources\Portuguese\WorkWithPlusDS.css'
info: Microsoft.AspNetCore.Hosting.Diagnostics[2]
      Request finished HTTP/1.1 GET http://localhost/Factory2NETPostgreSQL/Resources/Portuguese/WorkWithPlusDS.css?20255261791768 - 200 - text/css 7.2312ms
info: Microsoft.AspNetCore.StaticFiles.StaticFileMiddleware[2]
      Sending file. Request path: '/DVelop/Bootstrap/Shared/DVelopBootstrap.js'. Physical path: 'E:\Kbs\Factory2\NETPostgreSQL002\web\DVelop\Bootstrap\Shared\DVelopBootstrap.js'
info: Microsoft.AspNetCore.Hosting.Diagnostics[2]
      Request finished HTTP/1.1 GET http://localhost/Factory2NETPostgreSQL/DVelop/Bootstrap/Shared/DVelopBootstrap.js?20255261791768 - 200 163482 text/javascript 49.9960ms
info: Microsoft.AspNetCore.Hosting.Diagnostics[1]
      Request starting HTTP/1.1 GET http://localhost/Factory2NETPostgreSQL/DVelop/Bootstrap/Panel/BootstrapPanelRender.js?20255261791768 - - -
info: Microsoft.AspNetCore.StaticFiles.StaticFileMiddleware[2]
      Sending file. Request path: '/DVelop/Bootstrap/Panel/BootstrapPanelRender.js'. Physical path: 'E:\Kbs\Factory2\NETPostgreSQL002\web\DVelop\Bootstrap\Panel\BootstrapPanelRender.js'
info: Microsoft.AspNetCore.Hosting.Diagnostics[2]
      Request finished HTTP/1.1 GET http://localhost/Factory2NETPostgreSQL/DVelop/Bootstrap/Panel/BootstrapPanelRender.js?20255261791768 - 200 685 text/javascript 1.6908ms
info: Microsoft.AspNetCore.Hosting.Diagnostics[1]
      Request starting HTTP/1.1 GET http://localhost/Factory2NETPostgreSQL/DVelop/Bootstrap/DropDownOptions/BootstrapDropDownOptionsRender.js?20255261791768 - - -
info: Microsoft.AspNetCore.StaticFiles.StaticFileMiddleware[2]
      Sending file. Request path: '/DVelop/Bootstrap/DropDownOptions/BootstrapDropDownOptionsRender.js'. Physical path: 'E:\Kbs\Factory2\NETPostgreSQL002\web\DVelop\Bootstrap\DropDownOptions\BootstrapDropDownOptionsRender.js'
info: Microsoft.AspNetCore.Hosting.Diagnostics[2]
      Request finished HTTP/1.1 GET http://localhost/Factory2NETPostgreSQL/DVelop/Bootstrap/DropDownOptions/BootstrapDropDownOptionsRender.js?20255261791768 - 200 29124 text/javascript 10.4823ms
info: Microsoft.AspNetCore.Hosting.Diagnostics[1]
      Request starting HTTP/1.1 GET http://localhost/Factory2NETPostgreSQL/DVelop/DVPaginationBar/DVPaginationBarRender.js?20255261791768 - - -
info: Microsoft.AspNetCore.StaticFiles.StaticFileMiddleware[2]
      Sending file. Request path: '/DVelop/DVPaginationBar/DVPaginationBarRender.js'. Physical path: 'E:\Kbs\Factory2\NETPostgreSQL002\web\DVelop\DVPaginationBar\DVPaginationBarRender.js'
info: Microsoft.AspNetCore.Hosting.Diagnostics[2]
      Request finished HTTP/1.1 GET http://localhost/Factory2NETPostgreSQL/DVelop/DVPaginationBar/DVPaginationBarRender.js?20255261791768 - 200 13900 text/javascript 7.1208ms
info: Microsoft.AspNetCore.Hosting.Diagnostics[1]
      Request starting HTTP/1.1 GET http://localhost/Factory2NETPostgreSQL/DVelop/GridEmpowerer/GridEmpowererRender.js?20255261791768 - - -
info: Microsoft.AspNetCore.StaticFiles.StaticFileMiddleware[2]
      Sending file. Request path: '/DVelop/GridEmpowerer/GridEmpowererRender.js'. Physical path: 'E:\Kbs\Factory2\NETPostgreSQL002\web\DVelop\GridEmpowerer\GridEmpowererRender.js'
info: Microsoft.AspNetCore.Hosting.Diagnostics[2]
      Request finished HTTP/1.1 GET http://localhost/Factory2NETPostgreSQL/DVelop/GridEmpowerer/GridEmpowererRender.js?20255261791768 - 200 58313 text/javascript 4.6467ms
info: Microsoft.AspNetCore.Hosting.Diagnostics[1]
      Request starting HTTP/1.1 GET http://localhost/Factory2NETPostgreSQL/DVelop/DateRangePicker/DateRangePickerRender.js?20255261791768 - - -
info: Microsoft.AspNetCore.StaticFiles.StaticFileMiddleware[2]
      Sending file. Request path: '/DVelop/DateRangePicker/DateRangePickerRender.js'. Physical path: 'E:\Kbs\Factory2\NETPostgreSQL002\web\DVelop\DateRangePicker\DateRangePickerRender.js'
info: Microsoft.AspNetCore.Hosting.Diagnostics[2]
      Request finished HTTP/1.1 GET http://localhost/Factory2NETPostgreSQL/DVelop/DateRangePicker/DateRangePickerRender.js?20255261791768 - 200 3180 text/javascript 1.7308ms
info: Microsoft.AspNetCore.Hosting.Diagnostics[1]
      Request starting HTTP/1.1 GET http://localhost/Factory2NETPostgreSQL/DVelop/Bootstrap/Shared/slimscroll/jquery.slimscroll.min.js?20255261791768 - - -
info: Microsoft.AspNetCore.StaticFiles.StaticFileMiddleware[2]
      Sending file. Request path: '/DVelop/Bootstrap/Shared/slimscroll/jquery.slimscroll.min.js'. Physical path: 'E:\Kbs\Factory2\NETPostgreSQL002\web\DVelop\Bootstrap\Shared\slimscroll\jquery.slimscroll.min.js'
info: Microsoft.AspNetCore.Hosting.Diagnostics[2]
      Request finished HTTP/1.1 GET http://localhost/Factory2NETPostgreSQL/DVelop/Bootstrap/Shared/slimscroll/jquery.slimscroll.min.js?20255261791768 - 200 4736 text/javascript 16.1009ms
info: Microsoft.AspNetCore.Hosting.Diagnostics[1]
      Request starting HTTP/1.1 GET http://localhost/Factory2NETPostgreSQL/DVelop/Bootstrap/SidebarMenu/BootstrapSidebarMenuRender.js?20255261791768 - - -
info: Microsoft.AspNetCore.StaticFiles.StaticFileMiddleware[2]
      Sending file. Request path: '/DVelop/Bootstrap/SidebarMenu/BootstrapSidebarMenuRender.js'. Physical path: 'E:\Kbs\Factory2\NETPostgreSQL002\web\DVelop\Bootstrap\SidebarMenu\BootstrapSidebarMenuRender.js'
info: Microsoft.AspNetCore.Hosting.Diagnostics[2]
      Request finished HTTP/1.1 GET http://localhost/Factory2NETPostgreSQL/DVelop/Bootstrap/SidebarMenu/BootstrapSidebarMenuRender.js?20255261791768 - 200 19643 text/javascript 2.8270ms
info: Microsoft.AspNetCore.Hosting.Diagnostics[1]
      Request starting HTTP/1.1 GET http://localhost/Factory2NETPostgreSQL/DVelop/Chronometer/ChronometerRender.js?20255261791768 - - -
info: Microsoft.AspNetCore.StaticFiles.StaticFileMiddleware[2]
      Sending file. Request path: '/DVelop/Chronometer/ChronometerRender.js'. Physical path: 'E:\Kbs\Factory2\NETPostgreSQL002\web\DVelop\Chronometer\ChronometerRender.js'
info: Microsoft.AspNetCore.Hosting.Diagnostics[2]
      Request finished HTTP/1.1 GET http://localhost/Factory2NETPostgreSQL/DVelop/Chronometer/ChronometerRender.js?20255261791768 - 200 682 text/javascript 0.9832ms
info: Microsoft.AspNetCore.Hosting.Diagnostics[1]
      Request starting HTTP/1.1 GET http://localhost/Factory2NETPostgreSQL/DVelop/Bootstrap/ConfirmPanel/BootstrapConfirmPanelRender.js?20255261791768 - - -
info: Microsoft.AspNetCore.StaticFiles.StaticFileMiddleware[2]
      Sending file. Request path: '/DVelop/Bootstrap/ConfirmPanel/BootstrapConfirmPanelRender.js'. Physical path: 'E:\Kbs\Factory2\NETPostgreSQL002\web\DVelop\Bootstrap\ConfirmPanel\BootstrapConfirmPanelRender.js'
info: Microsoft.AspNetCore.Hosting.Diagnostics[2]
      Request finished HTTP/1.1 GET http://localhost/Factory2NETPostgreSQL/DVelop/Bootstrap/ConfirmPanel/BootstrapConfirmPanelRender.js?20255261791768 - 200 644 text/javascript 1.2027ms
info: Microsoft.AspNetCore.Hosting.Diagnostics[1]
      Request starting HTTP/1.1 GET http://localhost/Factory2NETPostgreSQL/wwpbaseobjects/workwithplusmasterpage.js?20255261646499 - - -
info: Microsoft.AspNetCore.StaticFiles.StaticFileMiddleware[6]
      The file /wwpbaseobjects/workwithplusmasterpage.js was not modified
info: Microsoft.AspNetCore.Hosting.Diagnostics[2]
      Request finished HTTP/1.1 GET http://localhost/Factory2NETPostgreSQL/wwpbaseobjects/workwithplusmasterpage.js?20255261646499 - 304 - text/javascript 0.7529ms
info: Microsoft.AspNetCore.Hosting.Diagnostics[1]
      Request starting HTTP/1.1 GET http://localhost/Factory2NETPostgreSQL/gxwebsocket?285b229e-02fc-47b4-945b-a848f7d6862a - - -
info: Microsoft.AspNetCore.Hosting.Diagnostics[1]
      Request starting HTTP/1.1 GET http://localhost/Factory2NETPostgreSQL/wpalterarproposta?bET4Ybhdl0GBcKUqJ1cKzMMUm-vYvnCEr1kICfsLFhI - - -
info: Microsoft.AspNetCore.Hosting.Diagnostics[2]
      Request finished HTTP/1.1 GET http://localhost/Factory2NETPostgreSQL/wpalterarproposta?bET4Ybhdl0GBcKUqJ1cKzMMUm-vYvnCEr1kICfsLFhI - 200 - text/html 2509.2837ms
info: Microsoft.AspNetCore.Hosting.Diagnostics[1]
      Request starting HTTP/1.1 GET http://localhost/Factory2NETPostgreSQL/shared/HistoryManager/HistoryManager.js?20255261791768 - - -
info: Microsoft.AspNetCore.Hosting.Diagnostics[1]
      Request starting HTTP/1.1 GET http://localhost/Factory2NETPostgreSQL/shared/HistoryManager/rsh/json2005.js?20255261791768 - - -
info: Microsoft.AspNetCore.StaticFiles.StaticFileMiddleware[2]
      Sending file. Request path: '/shared/HistoryManager/HistoryManager.js'. Physical path: 'E:\Kbs\Factory2\NETPostgreSQL002\web\shared\HistoryManager\HistoryManager.js'
info: Microsoft.AspNetCore.Hosting.Diagnostics[2]
      Request finished HTTP/1.1 GET http://localhost/Factory2NETPostgreSQL/shared/HistoryManager/HistoryManager.js?20255261791768 - 200 4476 text/javascript 13.0235ms
info: Microsoft.AspNetCore.StaticFiles.StaticFileMiddleware[2]
      Sending file. Request path: '/shared/HistoryManager/rsh/json2005.js'. Physical path: 'E:\Kbs\Factory2\NETPostgreSQL002\web\shared\HistoryManager\rsh\json2005.js'
info: Microsoft.AspNetCore.Hosting.Diagnostics[2]
      Request finished HTTP/1.1 GET http://localhost/Factory2NETPostgreSQL/shared/HistoryManager/rsh/json2005.js?20255261791768 - 200 8846 text/javascript 11.9678ms
info: Microsoft.AspNetCore.Hosting.Diagnostics[1]
      Request starting HTTP/1.1 GET http://localhost/Factory2NETPostgreSQL/shared/HistoryManager/HistoryManagerCreate.js?20255261791768 - - -
info: Microsoft.AspNetCore.Hosting.Diagnostics[1]
      Request starting HTTP/1.1 GET http://localhost/Factory2NETPostgreSQL/shared/HistoryManager/rsh/rsh.js?20255261791768 - - -
info: Microsoft.AspNetCore.StaticFiles.StaticFileMiddleware[2]
      Sending file. Request path: '/shared/HistoryManager/HistoryManagerCreate.js'. Physical path: 'E:\Kbs\Factory2\NETPostgreSQL002\web\shared\HistoryManager\HistoryManagerCreate.js'
info: Microsoft.AspNetCore.Hosting.Diagnostics[2]
      Request finished HTTP/1.1 GET http://localhost/Factory2NETPostgreSQL/shared/HistoryManager/HistoryManagerCreate.js?20255261791768 - 200 350 text/javascript 1.2735ms
info: Microsoft.AspNetCore.StaticFiles.StaticFileMiddleware[2]
      Sending file. Request path: '/shared/HistoryManager/rsh/rsh.js'. Physical path: 'E:\Kbs\Factory2\NETPostgreSQL002\web\shared\HistoryManager\rsh\rsh.js'
info: Microsoft.AspNetCore.Hosting.Diagnostics[2]
      Request finished HTTP/1.1 GET http://localhost/Factory2NETPostgreSQL/shared/HistoryManager/rsh/rsh.js?20255261791768 - 200 8839 text/javascript 2.0144ms
info: Microsoft.AspNetCore.Hosting.Diagnostics[1]
      Request starting HTTP/1.1 GET http://localhost/Factory2NETPostgreSQL/Tab/TabRender.js?20255261791768 - - -
info: Microsoft.AspNetCore.Hosting.Diagnostics[1]
      Request starting HTTP/1.1 GET http://localhost/Factory2NETPostgreSQL/Window/InNewWindowRender.js?20255261791768 - - -
info: Microsoft.AspNetCore.StaticFiles.StaticFileMiddleware[2]
      Sending file. Request path: '/Tab/TabRender.js'. Physical path: 'E:\Kbs\Factory2\NETPostgreSQL002\web\Tab\TabRender.js'
info: Microsoft.AspNetCore.Hosting.Diagnostics[2]
      Request finished HTTP/1.1 GET http://localhost/Factory2NETPostgreSQL/Tab/TabRender.js?20255261791768 - 200 3705 text/javascript 19.7912ms
info: Microsoft.AspNetCore.Hosting.Diagnostics[1]
      Request starting HTTP/1.1 GET http://localhost/Factory2NETPostgreSQL/resources/Imagemheader.png - - -
info: Microsoft.AspNetCore.StaticFiles.StaticFileMiddleware[2]
      Sending file. Request path: '/Imagemheader.png'. Physical path: 'E:\Kbs\Factory2\NETPostgreSQL002\web\Resources\Imagemheader.png'
info: Microsoft.AspNetCore.Hosting.Diagnostics[2]
      Request finished HTTP/1.1 GET http://localhost/Factory2NETPostgreSQL/resources/Imagemheader.png - 200 25223 image/png 1.1506ms
info: Microsoft.AspNetCore.StaticFiles.StaticFileMiddleware[2]
      Sending file. Request path: '/Window/InNewWindowRender.js'. Physical path: 'E:\Kbs\Factory2\NETPostgreSQL002\web\Window\InNewWindowRender.js'
info: Microsoft.AspNetCore.Hosting.Diagnostics[2]
      Request finished HTTP/1.1 GET http://localhost/Factory2NETPostgreSQL/Window/InNewWindowRender.js?20255261791768 - 200 1714 text/javascript 27.1317ms
info: Microsoft.AspNetCore.Hosting.Diagnostics[1]
      Request starting HTTP/1.1 GET http://localhost/Factory2NETPostgreSQL/wpalterarproposta.js?202552616465927 - - -
info: Microsoft.AspNetCore.StaticFiles.StaticFileMiddleware[6]
      The file /wpalterarproposta.js was not modified
info: Microsoft.AspNetCore.Hosting.Diagnostics[2]
      Request finished HTTP/1.1 GET http://localhost/Factory2NETPostgreSQL/wpalterarproposta.js?202552616465927 - 304 - text/javascript 0.9042ms
info: Microsoft.AspNetCore.Hosting.Diagnostics[1]
      Request starting HTTP/1.1 GET http://localhost/Factory2NETPostgreSQL/gxwebsocket?285b229e-02fc-47b4-945b-a848f7d6862a - - -
info: Microsoft.AspNetCore.Hosting.Diagnostics[1]
      Request starting HTTP/1.1 GET http://localhost/Factory2NETPostgreSQL/PublicTempStorage/a5a4d751-f078-409d-af43-5b53d3cd8e53.tmp - - -
info: Microsoft.AspNetCore.StaticFiles.StaticFileMiddleware[2]
      Sending file. Request path: '/PublicTempStorage/a5a4d751-f078-409d-af43-5b53d3cd8e53.tmp'. Physical path: 'E:\Kbs\Factory2\NETPostgreSQL002\web\PublicTempStorage\a5a4d751-f078-409d-af43-5b53d3cd8e53.tmp'
info: Microsoft.AspNetCore.Hosting.Diagnostics[2]
      Request finished HTTP/1.1 GET http://localhost/Factory2NETPostgreSQL/PublicTempStorage/a5a4d751-f078-409d-af43-5b53d3cd8e53.tmp - 401 0 image/jpeg 5.9562ms
info: Microsoft.AspNetCore.Hosting.Diagnostics[1]
      Request starting HTTP/1.1 POST http://localhost/Factory2NETPostgreSQL/wpalterarproposta?c01d04b1610243d2a2af23e7952e8b185514e1133cfed533968d9b8b484a56dd,bET4Ybhdl0GBcKUqJ1cKzMMUm-vYvnCEr1kICfsLFhI,gx-no-cache=1748293118454 - application/json 238
info: Microsoft.AspNetCore.Hosting.Diagnostics[2]
      Request finished HTTP/1.1 POST http://localhost/Factory2NETPostgreSQL/wpalterarproposta?c01d04b1610243d2a2af23e7952e8b185514e1133cfed533968d9b8b484a56dd,bET4Ybhdl0GBcKUqJ1cKzMMUm-vYvnCEr1kICfsLFhI,gx-no-cache=1748293118454 - 200 - application/json 1356.5304ms
info: Microsoft.AspNetCore.Hosting.Diagnostics[1]
      Request starting HTTP/1.1 POST http://127.0.0.1:24420/FACTORY2NETPOSTGRESQL/iisintegration - - 0
info: Microsoft.AspNetCore.Hosting.Diagnostics[2]
      Request finished HTTP/1.1 POST http://127.0.0.1:24420/FACTORY2NETPOSTGRESQL/iisintegration - 202 0 - 0.2269ms
