warn: Microsoft.AspNetCore.DataProtection.Repositories.EphemeralXmlRepository[50]
      Using an in-memory repository. Keys will not be persisted to storage.
warn: Microsoft.AspNetCore.DataProtection.KeyManagement.XmlKeyManager[59]
      Neither user profile nor HKLM registry available. Using an ephemeral key repository. Protected data will be unavailable when application exits.
warn: Microsoft.AspNetCore.StaticFiles.StaticFileMiddleware[16]
      The WebRootPath was not found: E:\Kbs\Factory2\NETPostgreSQL002\web\wwwroot. Static files may be unavailable.
info: Microsoft.AspNetCore.DataProtection.KeyManagement.XmlKeyManager[58]
      Creating key {fe8f442a-5522-4128-9336-92c5993691a0} with creation date 2025-05-26 23:12:04Z, activation date 2025-05-26 23:12:04Z, and expiration date 2025-08-24 23:12:04Z.
warn: Microsoft.AspNetCore.DataProtection.KeyManagement.XmlKeyManager[35]
      No XML encryptor configured. Key {fe8f442a-5522-4128-9336-92c5993691a0} may be persisted to storage in unencrypted form.
Hosting environment: Production
Content root path: E:\Kbs\Factory2\NETPostgreSQL002\web
Now listening on: http://127.0.0.1:46571
Application started. Press Ctrl+C to shut down.
info: Microsoft.AspNetCore.Hosting.Diagnostics[1]
      Request starting HTTP/1.1 GET http://localhost/Factory2NETPostgreSQL/gxwebsocket?d7611339-b26e-4cfa-9629-79b864a43442 - - -
warn: Microsoft.AspNetCore.Session.SessionMiddleware[7]
      Error unprotecting the session cookie.
      System.Security.Cryptography.CryptographicException: The key {4a7c94e4-921a-41ae-aeb0-1b3abbd7da79} was not found in the key ring. For more information go to https://aka.ms/aspnet/dataprotectionwarning
         at Microsoft.AspNetCore.DataProtection.KeyManagement.KeyRingBasedDataProtector.UnprotectCore(Byte[] protectedData, Boolean allowOperationsOnRevokedKeys, UnprotectStatus& status)
         at Microsoft.AspNetCore.DataProtection.KeyManagement.KeyRingBasedDataProtector.Unprotect(Byte[] protectedData)
         at Microsoft.AspNetCore.Session.CookieProtection.Unprotect(IDataProtector protector, String protectedText, ILogger logger)
info: Microsoft.AspNetCore.Hosting.Diagnostics[1]
      Request starting HTTP/1.1 GET http://localhost/Factory2NETPostgreSQL/login - - -
warn: Microsoft.AspNetCore.Session.SessionMiddleware[7]
      Error unprotecting the session cookie.
      System.Security.Cryptography.CryptographicException: The key {4a7c94e4-921a-41ae-aeb0-1b3abbd7da79} was not found in the key ring. For more information go to https://aka.ms/aspnet/dataprotectionwarning
         at Microsoft.AspNetCore.DataProtection.KeyManagement.KeyRingBasedDataProtector.UnprotectCore(Byte[] protectedData, Boolean allowOperationsOnRevokedKeys, UnprotectStatus& status)
         at Microsoft.AspNetCore.DataProtection.KeyManagement.KeyRingBasedDataProtector.Unprotect(Byte[] protectedData)
         at Microsoft.AspNetCore.Session.CookieProtection.Unprotect(IDataProtector protector, String protectedText, ILogger logger)
info: Microsoft.AspNetCore.Session.DistributedSession[3]
      Session started; Key:dda6bfad-d66b-39b8-8e1e-cd069e94deb3, Id:0354b94c-e0f1-fb73-2e20-d12deae5fb65
info: Microsoft.AspNetCore.Hosting.Diagnostics[2]
      Request finished HTTP/1.1 GET http://localhost/Factory2NETPostgreSQL/login - 200 - text/html 1009.4340ms
info: Microsoft.AspNetCore.Hosting.Diagnostics[1]
      Request starting HTTP/1.1 GET http://localhost/Factory2NETPostgreSQL/bootstrap/css/bootstrap.min.css?20255262073648 - - -
info: Microsoft.AspNetCore.Hosting.Diagnostics[1]
      Request starting HTTP/1.1 GET http://localhost/Factory2NETPostgreSQL/DVelop/DVMessage/DVMessage.css?20255262073648 - - -
info: Microsoft.AspNetCore.StaticFiles.StaticFileMiddleware[2]
      Sending file. Request path: '/DVelop/DVMessage/DVMessage.css'. Physical path: 'E:\Kbs\Factory2\NETPostgreSQL002\web\DVelop\DVMessage\DVMessage.css'
info: Microsoft.AspNetCore.StaticFiles.StaticFileMiddleware[2]
      Sending file. Request path: '/bootstrap/css/bootstrap.min.css'. Physical path: 'E:\Kbs\Factory2\NETPostgreSQL002\web\bootstrap\css\bootstrap.min.css'
info: Microsoft.AspNetCore.Hosting.Diagnostics[2]
      Request finished HTTP/1.1 GET http://localhost/Factory2NETPostgreSQL/bootstrap/css/bootstrap.min.css?20255262073648 - 200 - text/css 15.0416ms
info: Microsoft.AspNetCore.Hosting.Diagnostics[2]
      Request finished HTTP/1.1 GET http://localhost/Factory2NETPostgreSQL/DVelop/DVMessage/DVMessage.css?20255262073648 - 200 - text/css 8.3672ms
info: Microsoft.AspNetCore.Hosting.Diagnostics[1]
      Request starting HTTP/1.1 GET http://localhost/Factory2NETPostgreSQL/DVelop/Bootstrap/Shared/DVelopBootstrap.css?20255262073648 - - -
info: Microsoft.AspNetCore.Hosting.Diagnostics[1]
      Request starting HTTP/1.1 GET http://localhost/Factory2NETPostgreSQL/DVelop/Bootstrap/Shared/fontawesome_vlatest/css/all.min.css?20255262073648 - - -
info: Microsoft.AspNetCore.StaticFiles.StaticFileMiddleware[2]
      Sending file. Request path: '/DVelop/Bootstrap/Shared/DVelopBootstrap.css'. Physical path: 'E:\Kbs\Factory2\NETPostgreSQL002\web\DVelop\Bootstrap\Shared\DVelopBootstrap.css'
info: Microsoft.AspNetCore.StaticFiles.StaticFileMiddleware[2]
      Sending file. Request path: '/DVelop/Bootstrap/Shared/fontawesome_vlatest/css/all.min.css'. Physical path: 'E:\Kbs\Factory2\NETPostgreSQL002\web\DVelop\Bootstrap\Shared\fontawesome_vlatest\css\all.min.css'
info: Microsoft.AspNetCore.Hosting.Diagnostics[2]
      Request finished HTTP/1.1 GET http://localhost/Factory2NETPostgreSQL/DVelop/Bootstrap/Shared/DVelopBootstrap.css?20255262073648 - 200 - text/css 3.1424ms
info: Microsoft.AspNetCore.Hosting.Diagnostics[2]
      Request finished HTTP/1.1 GET http://localhost/Factory2NETPostgreSQL/DVelop/Bootstrap/Shared/fontawesome_vlatest/css/all.min.css?20255262073648 - 200 - text/css 3.0989ms
info: Microsoft.AspNetCore.Hosting.Diagnostics[1]
      Request starting HTTP/1.1 GET http://localhost/Factory2NETPostgreSQL/DVelop/Shared/daterangepicker/daterangepicker.css?20255262073648 - - -
info: Microsoft.AspNetCore.Hosting.Diagnostics[1]
      Request starting HTTP/1.1 GET http://localhost/Factory2NETPostgreSQL/calendar-system.css?20255262073648 - - -
info: Microsoft.AspNetCore.StaticFiles.StaticFileMiddleware[2]
      Sending file. Request path: '/calendar-system.css'. Physical path: 'E:\Kbs\Factory2\NETPostgreSQL002\web\calendar-system.css'
info: Microsoft.AspNetCore.StaticFiles.StaticFileMiddleware[2]
      Sending file. Request path: '/DVelop/Shared/daterangepicker/daterangepicker.css'. Physical path: 'E:\Kbs\Factory2\NETPostgreSQL002\web\DVelop\Shared\daterangepicker\daterangepicker.css'
info: Microsoft.AspNetCore.Hosting.Diagnostics[2]
      Request finished HTTP/1.1 GET http://localhost/Factory2NETPostgreSQL/DVelop/Shared/daterangepicker/daterangepicker.css?20255262073648 - 200 - text/css 1.9433ms
info: Microsoft.AspNetCore.Hosting.Diagnostics[2]
      Request finished HTTP/1.1 GET http://localhost/Factory2NETPostgreSQL/calendar-system.css?20255262073648 - 200 - text/css 2.0216ms
info: Microsoft.AspNetCore.Hosting.Diagnostics[1]
      Request starting HTTP/1.1 GET http://localhost/Factory2NETPostgreSQL/Resources/Portuguese/DSLogin.css?20255262073648 - - -
info: Microsoft.AspNetCore.Hosting.Diagnostics[1]
      Request starting HTTP/1.1 GET http://localhost/Factory2NETPostgreSQL/bootstrap/js/bootstrap.min.js?20255262073648 - - -
info: Microsoft.AspNetCore.StaticFiles.StaticFileMiddleware[2]
      Sending file. Request path: '/Portuguese/DSLogin.css'. Physical path: 'E:\Kbs\Factory2\NETPostgreSQL002\web\Resources\Portuguese\DSLogin.css'
info: Microsoft.AspNetCore.Hosting.Diagnostics[2]
      Request finished HTTP/1.1 GET http://localhost/Factory2NETPostgreSQL/Resources/Portuguese/DSLogin.css?20255262073648 - 200 - text/css 2.9712ms
info: Microsoft.AspNetCore.StaticFiles.StaticFileMiddleware[2]
      Sending file. Request path: '/bootstrap/js/bootstrap.min.js'. Physical path: 'E:\Kbs\Factory2\NETPostgreSQL002\web\bootstrap\js\bootstrap.min.js'
info: Microsoft.AspNetCore.Hosting.Diagnostics[2]
      Request finished HTTP/1.1 GET http://localhost/Factory2NETPostgreSQL/bootstrap/js/bootstrap.min.js?20255262073648 - 200 39685 text/javascript 3.7468ms
info: Microsoft.AspNetCore.Hosting.Diagnostics[1]
      Request starting HTTP/1.1 GET http://localhost/Factory2NETPostgreSQL/gxcfg.js?20255262073648 - - -
info: Microsoft.AspNetCore.Hosting.Diagnostics[1]
      Request starting HTTP/1.1 GET http://localhost/Factory2NETPostgreSQL/resources/ImagemLogin.png - - -
info: Microsoft.AspNetCore.StaticFiles.StaticFileMiddleware[2]
      Sending file. Request path: '/ImagemLogin.png'. Physical path: 'E:\Kbs\Factory2\NETPostgreSQL002\web\Resources\ImagemLogin.png'
info: Microsoft.AspNetCore.Hosting.Diagnostics[2]
      Request finished HTTP/1.1 GET http://localhost/Factory2NETPostgreSQL/resources/ImagemLogin.png - 200 754992 image/png 22.8299ms
info: Microsoft.AspNetCore.StaticFiles.StaticFileMiddleware[2]
      Sending file. Request path: '/gxcfg.js'. Physical path: 'E:\Kbs\Factory2\NETPostgreSQL002\web\gxcfg.js'
info: Microsoft.AspNetCore.Hosting.Diagnostics[2]
      Request finished HTTP/1.1 GET http://localhost/Factory2NETPostgreSQL/gxcfg.js?20255262073648 - 200 894 text/javascript 31.5658ms
info: Microsoft.AspNetCore.Hosting.Diagnostics[1]
      Request starting HTTP/1.1 GET http://localhost/Factory2NETPostgreSQL/messages.por.js?20255262073648 - - -
info: Microsoft.AspNetCore.StaticFiles.StaticFileMiddleware[2]
      Sending file. Request path: '/messages.por.js'. Physical path: 'E:\Kbs\Factory2\NETPostgreSQL002\web\messages.por.js'
info: Microsoft.AspNetCore.Hosting.Diagnostics[2]
      Request finished HTTP/1.1 GET http://localhost/Factory2NETPostgreSQL/messages.por.js?20255262073648 - 200 95722 text/javascript 2.1037ms
info: Microsoft.AspNetCore.Hosting.Diagnostics[1]
      Request starting HTTP/1.1 GET http://localhost/Factory2NETPostgreSQL/DVelop/DVMessage/pnotify.custom.js?20255262073648 - - -
info: Microsoft.AspNetCore.Hosting.Diagnostics[1]
      Request starting HTTP/1.1 GET http://localhost/Factory2NETPostgreSQL/DVelop/Shared/WorkWithPlusCommon.js?20255262073648 - - -
info: Microsoft.AspNetCore.StaticFiles.StaticFileMiddleware[2]
      Sending file. Request path: '/DVelop/DVMessage/pnotify.custom.js'. Physical path: 'E:\Kbs\Factory2\NETPostgreSQL002\web\DVelop\DVMessage\pnotify.custom.js'
info: Microsoft.AspNetCore.Hosting.Diagnostics[2]
      Request finished HTTP/1.1 GET http://localhost/Factory2NETPostgreSQL/DVelop/DVMessage/pnotify.custom.js?20255262073648 - 200 31442 text/javascript 1.6616ms
info: Microsoft.AspNetCore.StaticFiles.StaticFileMiddleware[2]
      Sending file. Request path: '/DVelop/Shared/WorkWithPlusCommon.js'. Physical path: 'E:\Kbs\Factory2\NETPostgreSQL002\web\DVelop\Shared\WorkWithPlusCommon.js'
info: Microsoft.AspNetCore.Hosting.Diagnostics[2]
      Request finished HTTP/1.1 GET http://localhost/Factory2NETPostgreSQL/DVelop/Shared/WorkWithPlusCommon.js?20255262073648 - 200 24755 text/javascript 1.5674ms
info: Microsoft.AspNetCore.Hosting.Diagnostics[1]
      Request starting HTTP/1.1 GET http://localhost/Factory2NETPostgreSQL/DVelop/Bootstrap/Tooltip/BootstrapTooltipRender.js?20255262073648 - - -
info: Microsoft.AspNetCore.Hosting.Diagnostics[1]
      Request starting HTTP/1.1 GET http://localhost/Factory2NETPostgreSQL/DVelop/DVMessage/DVMessageRender.js?20255262073648 - - -
info: Microsoft.AspNetCore.StaticFiles.StaticFileMiddleware[2]
      Sending file. Request path: '/DVelop/Bootstrap/Tooltip/BootstrapTooltipRender.js'. Physical path: 'E:\Kbs\Factory2\NETPostgreSQL002\web\DVelop\Bootstrap\Tooltip\BootstrapTooltipRender.js'
info: Microsoft.AspNetCore.StaticFiles.StaticFileMiddleware[2]
      Sending file. Request path: '/DVelop/DVMessage/DVMessageRender.js'. Physical path: 'E:\Kbs\Factory2\NETPostgreSQL002\web\DVelop\DVMessage\DVMessageRender.js'
info: Microsoft.AspNetCore.Hosting.Diagnostics[2]
      Request finished HTTP/1.1 GET http://localhost/Factory2NETPostgreSQL/DVelop/Bootstrap/Tooltip/BootstrapTooltipRender.js?20255262073648 - 200 5904 text/javascript 1.8334ms
info: Microsoft.AspNetCore.Hosting.Diagnostics[2]
      Request finished HTTP/1.1 GET http://localhost/Factory2NETPostgreSQL/DVelop/DVMessage/DVMessageRender.js?20255262073648 - 200 7611 text/javascript 1.7969ms
info: Microsoft.AspNetCore.Hosting.Diagnostics[1]
      Request starting HTTP/1.1 GET http://localhost/Factory2NETPostgreSQL/DVelop/Mask/jquery.mask.js?20255262073648 - - -
info: Microsoft.AspNetCore.Hosting.Diagnostics[1]
      Request starting HTTP/1.1 GET http://localhost/Factory2NETPostgreSQL/DVelop/WorkWithPlusUtilities/BootstrapSelect.js?20255262073648 - - -
info: Microsoft.AspNetCore.StaticFiles.StaticFileMiddleware[2]
      Sending file. Request path: '/DVelop/Mask/jquery.mask.js'. Physical path: 'E:\Kbs\Factory2\NETPostgreSQL002\web\DVelop\Mask\jquery.mask.js'
info: Microsoft.AspNetCore.Hosting.Diagnostics[2]
      Request finished HTTP/1.1 GET http://localhost/Factory2NETPostgreSQL/DVelop/Mask/jquery.mask.js?20255262073648 - 200 7444 text/javascript 1.4785ms
info: Microsoft.AspNetCore.StaticFiles.StaticFileMiddleware[2]
      Sending file. Request path: '/DVelop/WorkWithPlusUtilities/BootstrapSelect.js'. Physical path: 'E:\Kbs\Factory2\NETPostgreSQL002\web\DVelop\WorkWithPlusUtilities\BootstrapSelect.js'
info: Microsoft.AspNetCore.Hosting.Diagnostics[2]
      Request finished HTTP/1.1 GET http://localhost/Factory2NETPostgreSQL/DVelop/WorkWithPlusUtilities/BootstrapSelect.js?20255262073648 - 200 52902 text/javascript 2.4409ms
info: Microsoft.AspNetCore.Hosting.Diagnostics[1]
      Request starting HTTP/1.1 GET http://localhost/Factory2NETPostgreSQL/DVelop/WorkWithPlusUtilities/WorkWithPlusUtilitiesRender.js?20255262073648 - - -
info: Microsoft.AspNetCore.StaticFiles.StaticFileMiddleware[2]
      Sending file. Request path: '/DVelop/WorkWithPlusUtilities/WorkWithPlusUtilitiesRender.js'. Physical path: 'E:\Kbs\Factory2\NETPostgreSQL002\web\DVelop\WorkWithPlusUtilities\WorkWithPlusUtilitiesRender.js'
info: Microsoft.AspNetCore.Hosting.Diagnostics[1]
      Request starting HTTP/1.1 GET http://localhost/Factory2NETPostgreSQL/DVelop/Shared/daterangepicker/locales.js?20255262073648 - - -
info: Microsoft.AspNetCore.Hosting.Diagnostics[2]
      Request finished HTTP/1.1 GET http://localhost/Factory2NETPostgreSQL/DVelop/WorkWithPlusUtilities/WorkWithPlusUtilitiesRender.js?20255262073648 - 200 29810 text/javascript 1.7504ms
info: Microsoft.AspNetCore.StaticFiles.StaticFileMiddleware[2]
      Sending file. Request path: '/DVelop/Shared/daterangepicker/locales.js'. Physical path: 'E:\Kbs\Factory2\NETPostgreSQL002\web\DVelop\Shared\daterangepicker\locales.js'
info: Microsoft.AspNetCore.Hosting.Diagnostics[2]
      Request finished HTTP/1.1 GET http://localhost/Factory2NETPostgreSQL/DVelop/Shared/daterangepicker/locales.js?20255262073648 - 200 3806 text/javascript 1.2395ms
info: Microsoft.AspNetCore.Hosting.Diagnostics[1]
      Request starting HTTP/1.1 GET http://localhost/Factory2NETPostgreSQL/DVelop/Shared/daterangepicker/wwp-daterangepicker.js?20255262073648 - - -
info: Microsoft.AspNetCore.Hosting.Diagnostics[1]
      Request starting HTTP/1.1 GET http://localhost/Factory2NETPostgreSQL/DVelop/Shared/daterangepicker/moment.min.js?20255262073648 - - -
info: Microsoft.AspNetCore.StaticFiles.StaticFileMiddleware[2]
      Sending file. Request path: '/DVelop/Shared/daterangepicker/wwp-daterangepicker.js'. Physical path: 'E:\Kbs\Factory2\NETPostgreSQL002\web\DVelop\Shared\daterangepicker\wwp-daterangepicker.js'
info: Microsoft.AspNetCore.Hosting.Diagnostics[2]
      Request finished HTTP/1.1 GET http://localhost/Factory2NETPostgreSQL/DVelop/Shared/daterangepicker/wwp-daterangepicker.js?20255262073648 - 200 5777 text/javascript 2.0486ms
info: Microsoft.AspNetCore.StaticFiles.StaticFileMiddleware[2]
      Sending file. Request path: '/DVelop/Shared/daterangepicker/moment.min.js'. Physical path: 'E:\Kbs\Factory2\NETPostgreSQL002\web\DVelop\Shared\daterangepicker\moment.min.js'
info: Microsoft.AspNetCore.Hosting.Diagnostics[2]
      Request finished HTTP/1.1 GET http://localhost/Factory2NETPostgreSQL/DVelop/Shared/daterangepicker/moment.min.js?20255262073648 - 200 59101 text/javascript 2.9414ms
info: Microsoft.AspNetCore.Hosting.Diagnostics[1]
      Request starting HTTP/1.1 GET http://localhost/Factory2NETPostgreSQL/DVelop/Shared/daterangepicker/daterangepicker.min.js?20255262073648 - - -
info: Microsoft.AspNetCore.Hosting.Diagnostics[1]
      Request starting HTTP/1.1 GET http://localhost/Factory2NETPostgreSQL/DVelop/DatePicker/DatePickerRender.js?20255262073648 - - -
info: Microsoft.AspNetCore.StaticFiles.StaticFileMiddleware[2]
      Sending file. Request path: '/DVelop/Shared/daterangepicker/daterangepicker.min.js'. Physical path: 'E:\Kbs\Factory2\NETPostgreSQL002\web\DVelop\Shared\daterangepicker\daterangepicker.min.js'
info: Microsoft.AspNetCore.Hosting.Diagnostics[2]
      Request finished HTTP/1.1 GET http://localhost/Factory2NETPostgreSQL/DVelop/Shared/daterangepicker/daterangepicker.min.js?20255262073648 - 200 62675 text/javascript 1.5128ms
info: Microsoft.AspNetCore.StaticFiles.StaticFileMiddleware[2]
      Sending file. Request path: '/DVelop/DatePicker/DatePickerRender.js'. Physical path: 'E:\Kbs\Factory2\NETPostgreSQL002\web\DVelop\DatePicker\DatePickerRender.js'
info: Microsoft.AspNetCore.Hosting.Diagnostics[2]
      Request finished HTTP/1.1 GET http://localhost/Factory2NETPostgreSQL/DVelop/DatePicker/DatePickerRender.js?20255262073648 - 200 3134 text/javascript 1.2839ms
info: Microsoft.AspNetCore.Hosting.Diagnostics[1]
      Request starting HTTP/1.1 POST http://localhost/Factory2NETPostgreSQL/login?c01d04b1610243d2a2af23e7952e8b1823ddeee00cffdd575545b4e2e43509bf,gx-no-cache=1748301806114 - application/json 161
info: Microsoft.AspNetCore.Hosting.Diagnostics[2]
      Request finished HTTP/1.1 POST http://localhost/Factory2NETPostgreSQL/login?c01d04b1610243d2a2af23e7952e8b1823ddeee00cffdd575545b4e2e43509bf,gx-no-cache=1748301806114 - 200 - application/json 198.3074ms
info: Microsoft.AspNetCore.Hosting.Diagnostics[1]
      Request starting HTTP/1.1 GET http://localhost/Factory2NETPostgreSQL/index?Yg184jAPh1I47-31EQZ0PA - - -
info: Microsoft.AspNetCore.Hosting.Diagnostics[2]
      Request finished HTTP/1.1 GET http://localhost/Factory2NETPostgreSQL/index?Yg184jAPh1I47-31EQZ0PA - 200 - application/json 23.3572ms
info: Microsoft.AspNetCore.Hosting.Diagnostics[1]
      Request starting HTTP/1.1 GET http://localhost/Factory2NETPostgreSQL/vendas - - -
info: Microsoft.AspNetCore.Hosting.Diagnostics[2]
      Request finished HTTP/1.1 GET http://localhost/Factory2NETPostgreSQL/vendas - 200 - text/html 451.6005ms
info: Microsoft.AspNetCore.Hosting.Diagnostics[1]
      Request starting HTTP/1.1 GET http://localhost/Factory2NETPostgreSQL/DVelop/DVPaginationBar/DVPaginationBar.css?20255262073648 - - -
info: Microsoft.AspNetCore.StaticFiles.StaticFileMiddleware[2]
      Sending file. Request path: '/DVelop/DVPaginationBar/DVPaginationBar.css'. Physical path: 'E:\Kbs\Factory2\NETPostgreSQL002\web\DVelop\DVPaginationBar\DVPaginationBar.css'
info: Microsoft.AspNetCore.Hosting.Diagnostics[2]
      Request finished HTTP/1.1 GET http://localhost/Factory2NETPostgreSQL/DVelop/DVPaginationBar/DVPaginationBar.css?20255262073648 - 200 - text/css 1.6560ms
info: Microsoft.AspNetCore.Hosting.Diagnostics[1]
      Request starting HTTP/1.1 GET http://localhost/Factory2NETPostgreSQL/Resources/Portuguese/WorkWithPlusDS.css?20255262073648 - - -
info: Microsoft.AspNetCore.StaticFiles.StaticFileMiddleware[2]
      Sending file. Request path: '/Portuguese/WorkWithPlusDS.css'. Physical path: 'E:\Kbs\Factory2\NETPostgreSQL002\web\Resources\Portuguese\WorkWithPlusDS.css'
info: Microsoft.AspNetCore.Hosting.Diagnostics[2]
      Request finished HTTP/1.1 GET http://localhost/Factory2NETPostgreSQL/Resources/Portuguese/WorkWithPlusDS.css?20255262073648 - 200 - text/css 1.7089ms
info: Microsoft.AspNetCore.Hosting.Diagnostics[1]
      Request starting HTTP/1.1 GET http://localhost/Factory2NETPostgreSQL/DVelop/Bootstrap/Shared/DVelopBootstrap.js?20255262073648 - - -
info: Microsoft.AspNetCore.Hosting.Diagnostics[1]
      Request starting HTTP/1.1 GET http://localhost/Factory2NETPostgreSQL/Resources/Portuguese/WorkWithPlusDS.css?20255262073648 - - -
info: Microsoft.AspNetCore.StaticFiles.StaticFileMiddleware[2]
      Sending file. Request path: '/Portuguese/WorkWithPlusDS.css'. Physical path: 'E:\Kbs\Factory2\NETPostgreSQL002\web\Resources\Portuguese\WorkWithPlusDS.css'
info: Microsoft.AspNetCore.Hosting.Diagnostics[2]
      Request finished HTTP/1.1 GET http://localhost/Factory2NETPostgreSQL/Resources/Portuguese/WorkWithPlusDS.css?20255262073648 - 200 - text/css 1.4439ms
info: Microsoft.AspNetCore.StaticFiles.StaticFileMiddleware[2]
      Sending file. Request path: '/DVelop/Bootstrap/Shared/DVelopBootstrap.js'. Physical path: 'E:\Kbs\Factory2\NETPostgreSQL002\web\DVelop\Bootstrap\Shared\DVelopBootstrap.js'
info: Microsoft.AspNetCore.Hosting.Diagnostics[2]
      Request finished HTTP/1.1 GET http://localhost/Factory2NETPostgreSQL/DVelop/Bootstrap/Shared/DVelopBootstrap.js?20255262073648 - 200 163482 text/javascript 4.4544ms
info: Microsoft.AspNetCore.Hosting.Diagnostics[1]
      Request starting HTTP/1.1 GET http://localhost/Factory2NETPostgreSQL/resources/Imagemheader.png - - -
info: Microsoft.AspNetCore.StaticFiles.StaticFileMiddleware[2]
      Sending file. Request path: '/Imagemheader.png'. Physical path: 'E:\Kbs\Factory2\NETPostgreSQL002\web\Resources\Imagemheader.png'
info: Microsoft.AspNetCore.Hosting.Diagnostics[2]
      Request finished HTTP/1.1 GET http://localhost/Factory2NETPostgreSQL/resources/Imagemheader.png - 200 25223 image/png 1.4199ms
info: Microsoft.AspNetCore.Hosting.Diagnostics[1]
      Request starting HTTP/1.1 GET http://localhost/Factory2NETPostgreSQL/DVelop/Bootstrap/Panel/BootstrapPanelRender.js?20255262073648 - - -
info: Microsoft.AspNetCore.StaticFiles.StaticFileMiddleware[2]
      Sending file. Request path: '/DVelop/Bootstrap/Panel/BootstrapPanelRender.js'. Physical path: 'E:\Kbs\Factory2\NETPostgreSQL002\web\DVelop\Bootstrap\Panel\BootstrapPanelRender.js'
info: Microsoft.AspNetCore.Hosting.Diagnostics[2]
      Request finished HTTP/1.1 GET http://localhost/Factory2NETPostgreSQL/DVelop/Bootstrap/Panel/BootstrapPanelRender.js?20255262073648 - 200 685 text/javascript 1.4440ms
info: Microsoft.AspNetCore.Hosting.Diagnostics[1]
      Request starting HTTP/1.1 GET http://localhost/Factory2NETPostgreSQL/DVelop/Bootstrap/DropDownOptions/BootstrapDropDownOptionsRender.js?20255262073648 - - -
info: Microsoft.AspNetCore.StaticFiles.StaticFileMiddleware[2]
      Sending file. Request path: '/DVelop/Bootstrap/DropDownOptions/BootstrapDropDownOptionsRender.js'. Physical path: 'E:\Kbs\Factory2\NETPostgreSQL002\web\DVelop\Bootstrap\DropDownOptions\BootstrapDropDownOptionsRender.js'
info: Microsoft.AspNetCore.Hosting.Diagnostics[2]
      Request finished HTTP/1.1 GET http://localhost/Factory2NETPostgreSQL/DVelop/Bootstrap/DropDownOptions/BootstrapDropDownOptionsRender.js?20255262073648 - 200 29124 text/javascript 1.1018ms
info: Microsoft.AspNetCore.Hosting.Diagnostics[1]
      Request starting HTTP/1.1 GET http://localhost/Factory2NETPostgreSQL/DVelop/DVPaginationBar/DVPaginationBarRender.js?20255262073648 - - -
info: Microsoft.AspNetCore.StaticFiles.StaticFileMiddleware[2]
      Sending file. Request path: '/DVelop/DVPaginationBar/DVPaginationBarRender.js'. Physical path: 'E:\Kbs\Factory2\NETPostgreSQL002\web\DVelop\DVPaginationBar\DVPaginationBarRender.js'
info: Microsoft.AspNetCore.Hosting.Diagnostics[2]
      Request finished HTTP/1.1 GET http://localhost/Factory2NETPostgreSQL/DVelop/DVPaginationBar/DVPaginationBarRender.js?20255262073648 - 200 13900 text/javascript 1.0162ms
info: Microsoft.AspNetCore.Hosting.Diagnostics[1]
      Request starting HTTP/1.1 GET http://localhost/Factory2NETPostgreSQL/DVelop/GridEmpowerer/GridEmpowererRender.js?20255262073648 - - -
info: Microsoft.AspNetCore.StaticFiles.StaticFileMiddleware[2]
      Sending file. Request path: '/DVelop/GridEmpowerer/GridEmpowererRender.js'. Physical path: 'E:\Kbs\Factory2\NETPostgreSQL002\web\DVelop\GridEmpowerer\GridEmpowererRender.js'
info: Microsoft.AspNetCore.Hosting.Diagnostics[2]
      Request finished HTTP/1.1 GET http://localhost/Factory2NETPostgreSQL/DVelop/GridEmpowerer/GridEmpowererRender.js?20255262073648 - 200 58313 text/javascript 3.4730ms
info: Microsoft.AspNetCore.Hosting.Diagnostics[1]
      Request starting HTTP/1.1 GET http://localhost/Factory2NETPostgreSQL/DVelop/DateRangePicker/DateRangePickerRender.js?20255262073648 - - -
info: Microsoft.AspNetCore.StaticFiles.StaticFileMiddleware[2]
      Sending file. Request path: '/DVelop/DateRangePicker/DateRangePickerRender.js'. Physical path: 'E:\Kbs\Factory2\NETPostgreSQL002\web\DVelop\DateRangePicker\DateRangePickerRender.js'
info: Microsoft.AspNetCore.Hosting.Diagnostics[2]
      Request finished HTTP/1.1 GET http://localhost/Factory2NETPostgreSQL/DVelop/DateRangePicker/DateRangePickerRender.js?20255262073648 - 200 3180 text/javascript 9.7846ms
info: Microsoft.AspNetCore.Hosting.Diagnostics[1]
      Request starting HTTP/1.1 GET http://localhost/Factory2NETPostgreSQL/DVelop/Bootstrap/Shared/slimscroll/jquery.slimscroll.min.js?20255262073648 - - -
info: Microsoft.AspNetCore.StaticFiles.StaticFileMiddleware[2]
      Sending file. Request path: '/DVelop/Bootstrap/Shared/slimscroll/jquery.slimscroll.min.js'. Physical path: 'E:\Kbs\Factory2\NETPostgreSQL002\web\DVelop\Bootstrap\Shared\slimscroll\jquery.slimscroll.min.js'
info: Microsoft.AspNetCore.Hosting.Diagnostics[2]
      Request finished HTTP/1.1 GET http://localhost/Factory2NETPostgreSQL/DVelop/Bootstrap/Shared/slimscroll/jquery.slimscroll.min.js?20255262073648 - 200 4736 text/javascript 0.7551ms
info: Microsoft.AspNetCore.Hosting.Diagnostics[1]
      Request starting HTTP/1.1 GET http://localhost/Factory2NETPostgreSQL/DVelop/Bootstrap/SidebarMenu/BootstrapSidebarMenuRender.js?20255262073648 - - -
info: Microsoft.AspNetCore.StaticFiles.StaticFileMiddleware[2]
      Sending file. Request path: '/DVelop/Bootstrap/SidebarMenu/BootstrapSidebarMenuRender.js'. Physical path: 'E:\Kbs\Factory2\NETPostgreSQL002\web\DVelop\Bootstrap\SidebarMenu\BootstrapSidebarMenuRender.js'
info: Microsoft.AspNetCore.Hosting.Diagnostics[2]
      Request finished HTTP/1.1 GET http://localhost/Factory2NETPostgreSQL/DVelop/Bootstrap/SidebarMenu/BootstrapSidebarMenuRender.js?20255262073648 - 200 19643 text/javascript 0.7729ms
info: Microsoft.AspNetCore.Hosting.Diagnostics[1]
      Request starting HTTP/1.1 GET http://localhost/Factory2NETPostgreSQL/DVelop/Chronometer/ChronometerRender.js?20255262073648 - - -
info: Microsoft.AspNetCore.StaticFiles.StaticFileMiddleware[2]
      Sending file. Request path: '/DVelop/Chronometer/ChronometerRender.js'. Physical path: 'E:\Kbs\Factory2\NETPostgreSQL002\web\DVelop\Chronometer\ChronometerRender.js'
info: Microsoft.AspNetCore.Hosting.Diagnostics[2]
      Request finished HTTP/1.1 GET http://localhost/Factory2NETPostgreSQL/DVelop/Chronometer/ChronometerRender.js?20255262073648 - 200 682 text/javascript 0.6597ms
info: Microsoft.AspNetCore.Hosting.Diagnostics[1]
      Request starting HTTP/1.1 GET http://localhost/Factory2NETPostgreSQL/DVelop/Bootstrap/ConfirmPanel/BootstrapConfirmPanelRender.js?20255262073648 - - -
info: Microsoft.AspNetCore.StaticFiles.StaticFileMiddleware[2]
      Sending file. Request path: '/DVelop/Bootstrap/ConfirmPanel/BootstrapConfirmPanelRender.js'. Physical path: 'E:\Kbs\Factory2\NETPostgreSQL002\web\DVelop\Bootstrap\ConfirmPanel\BootstrapConfirmPanelRender.js'
info: Microsoft.AspNetCore.Hosting.Diagnostics[2]
      Request finished HTTP/1.1 GET http://localhost/Factory2NETPostgreSQL/DVelop/Bootstrap/ConfirmPanel/BootstrapConfirmPanelRender.js?20255262073648 - 200 644 text/javascript 0.8660ms
info: Microsoft.AspNetCore.Hosting.Diagnostics[1]
      Request starting HTTP/1.1 GET http://localhost/Factory2NETPostgreSQL/wwpbaseobjects/workwithplusmasterpage.js?20255261646499 - - -
info: Microsoft.AspNetCore.StaticFiles.StaticFileMiddleware[6]
      The file /wwpbaseobjects/workwithplusmasterpage.js was not modified
info: Microsoft.AspNetCore.Hosting.Diagnostics[2]
      Request finished HTTP/1.1 GET http://localhost/Factory2NETPostgreSQL/wwpbaseobjects/workwithplusmasterpage.js?20255261646499 - 304 - text/javascript 0.5639ms
info: Microsoft.AspNetCore.Hosting.Diagnostics[1]
      Request starting HTTP/1.1 GET http://localhost/Factory2NETPostgreSQL/gxwebsocket?d7611339-b26e-4cfa-9629-79b864a43442 - - -
info: Microsoft.AspNetCore.Hosting.Diagnostics[1]
      Request starting HTTP/1.1 GET http://localhost/Factory2NETPostgreSQL/wpalterarproposta?bET4Ybhdl0GBcKUqJ1cKzMMUm-vYvnCEr1kICfsLFhI - - -
info: Microsoft.AspNetCore.Hosting.Diagnostics[2]
      Request finished HTTP/1.1 GET http://localhost/Factory2NETPostgreSQL/wpalterarproposta?bET4Ybhdl0GBcKUqJ1cKzMMUm-vYvnCEr1kICfsLFhI - 200 - text/html 937.3451ms
info: Microsoft.AspNetCore.Hosting.Diagnostics[1]
      Request starting HTTP/1.1 GET http://localhost/Factory2NETPostgreSQL/shared/HistoryManager/HistoryManager.js?20255262073648 - - -
info: Microsoft.AspNetCore.StaticFiles.StaticFileMiddleware[2]
      Sending file. Request path: '/shared/HistoryManager/HistoryManager.js'. Physical path: 'E:\Kbs\Factory2\NETPostgreSQL002\web\shared\HistoryManager\HistoryManager.js'
info: Microsoft.AspNetCore.Hosting.Diagnostics[2]
      Request finished HTTP/1.1 GET http://localhost/Factory2NETPostgreSQL/shared/HistoryManager/HistoryManager.js?20255262073648 - 200 4476 text/javascript 1.1840ms
info: Microsoft.AspNetCore.Hosting.Diagnostics[1]
      Request starting HTTP/1.1 GET http://localhost/Factory2NETPostgreSQL/shared/HistoryManager/rsh/json2005.js?20255262073648 - - -
info: Microsoft.AspNetCore.StaticFiles.StaticFileMiddleware[2]
      Sending file. Request path: '/shared/HistoryManager/rsh/json2005.js'. Physical path: 'E:\Kbs\Factory2\NETPostgreSQL002\web\shared\HistoryManager\rsh\json2005.js'
info: Microsoft.AspNetCore.Hosting.Diagnostics[2]
      Request finished HTTP/1.1 GET http://localhost/Factory2NETPostgreSQL/shared/HistoryManager/rsh/json2005.js?20255262073648 - 200 8846 text/javascript 0.9348ms
info: Microsoft.AspNetCore.Hosting.Diagnostics[1]
      Request starting HTTP/1.1 GET http://localhost/Factory2NETPostgreSQL/shared/HistoryManager/rsh/rsh.js?20255262073648 - - -
info: Microsoft.AspNetCore.StaticFiles.StaticFileMiddleware[2]
      Sending file. Request path: '/shared/HistoryManager/rsh/rsh.js'. Physical path: 'E:\Kbs\Factory2\NETPostgreSQL002\web\shared\HistoryManager\rsh\rsh.js'
info: Microsoft.AspNetCore.Hosting.Diagnostics[2]
      Request finished HTTP/1.1 GET http://localhost/Factory2NETPostgreSQL/shared/HistoryManager/rsh/rsh.js?20255262073648 - 200 8839 text/javascript 0.9257ms
info: Microsoft.AspNetCore.Hosting.Diagnostics[1]
      Request starting HTTP/1.1 GET http://localhost/Factory2NETPostgreSQL/shared/HistoryManager/HistoryManagerCreate.js?20255262073648 - - -
info: Microsoft.AspNetCore.StaticFiles.StaticFileMiddleware[2]
      Sending file. Request path: '/shared/HistoryManager/HistoryManagerCreate.js'. Physical path: 'E:\Kbs\Factory2\NETPostgreSQL002\web\shared\HistoryManager\HistoryManagerCreate.js'
info: Microsoft.AspNetCore.Hosting.Diagnostics[2]
      Request finished HTTP/1.1 GET http://localhost/Factory2NETPostgreSQL/shared/HistoryManager/HistoryManagerCreate.js?20255262073648 - 200 350 text/javascript 1.1881ms
info: Microsoft.AspNetCore.Hosting.Diagnostics[1]
      Request starting HTTP/1.1 GET http://localhost/Factory2NETPostgreSQL/Tab/TabRender.js?20255262073648 - - -
info: Microsoft.AspNetCore.StaticFiles.StaticFileMiddleware[2]
      Sending file. Request path: '/Tab/TabRender.js'. Physical path: 'E:\Kbs\Factory2\NETPostgreSQL002\web\Tab\TabRender.js'
info: Microsoft.AspNetCore.Hosting.Diagnostics[2]
      Request finished HTTP/1.1 GET http://localhost/Factory2NETPostgreSQL/Tab/TabRender.js?20255262073648 - 200 3705 text/javascript 1.6127ms
info: Microsoft.AspNetCore.Hosting.Diagnostics[1]
      Request starting HTTP/1.1 GET http://localhost/Factory2NETPostgreSQL/Window/InNewWindowRender.js?20255262073648 - - -
info: Microsoft.AspNetCore.StaticFiles.StaticFileMiddleware[2]
      Sending file. Request path: '/Window/InNewWindowRender.js'. Physical path: 'E:\Kbs\Factory2\NETPostgreSQL002\web\Window\InNewWindowRender.js'
info: Microsoft.AspNetCore.Hosting.Diagnostics[2]
      Request finished HTTP/1.1 GET http://localhost/Factory2NETPostgreSQL/Window/InNewWindowRender.js?20255262073648 - 200 1714 text/javascript 1.0455ms
info: Microsoft.AspNetCore.Hosting.Diagnostics[1]
      Request starting HTTP/1.1 GET http://localhost/Factory2NETPostgreSQL/resources/Imagemheader.png - - -
info: Microsoft.AspNetCore.StaticFiles.StaticFileMiddleware[2]
      Sending file. Request path: '/Imagemheader.png'. Physical path: 'E:\Kbs\Factory2\NETPostgreSQL002\web\Resources\Imagemheader.png'
info: Microsoft.AspNetCore.Hosting.Diagnostics[2]
      Request finished HTTP/1.1 GET http://localhost/Factory2NETPostgreSQL/resources/Imagemheader.png - 200 25223 image/png 1.4729ms
info: Microsoft.AspNetCore.Hosting.Diagnostics[1]
      Request starting HTTP/1.1 GET http://localhost/Factory2NETPostgreSQL/wpalterarproposta.js?20255262073079 - - -
info: Microsoft.AspNetCore.StaticFiles.StaticFileMiddleware[2]
      Sending file. Request path: '/wpalterarproposta.js'. Physical path: 'E:\Kbs\Factory2\NETPostgreSQL002\web\wpalterarproposta.js'
info: Microsoft.AspNetCore.Hosting.Diagnostics[2]
      Request finished HTTP/1.1 GET http://localhost/Factory2NETPostgreSQL/wpalterarproposta.js?20255262073079 - 200 104593 text/javascript 106.5978ms
info: Microsoft.AspNetCore.Hosting.Diagnostics[1]
      Request starting HTTP/1.1 GET http://localhost/Factory2NETPostgreSQL/gxwebsocket?d7611339-b26e-4cfa-9629-79b864a43442 - - -
info: Microsoft.AspNetCore.Hosting.Diagnostics[2]
      Request finished HTTP/1.1 GET http://localhost/Factory2NETPostgreSQL/gxwebsocket?d7611339-b26e-4cfa-9629-79b864a43442 - 101 - - 743878.2687ms
info: Microsoft.AspNetCore.Hosting.Diagnostics[1]
      Request starting HTTP/1.1 GET http://localhost/Factory2NETPostgreSQL/PublicTempStorage/26342cd2-1e2d-4d5e-8966-b5c60795656d.tmp - - -
info: Microsoft.AspNetCore.StaticFiles.StaticFileMiddleware[2]
      Sending file. Request path: '/PublicTempStorage/26342cd2-1e2d-4d5e-8966-b5c60795656d.tmp'. Physical path: 'E:\Kbs\Factory2\NETPostgreSQL002\web\PublicTempStorage\26342cd2-1e2d-4d5e-8966-b5c60795656d.tmp'
info: Microsoft.AspNetCore.Hosting.Diagnostics[2]
      Request finished HTTP/1.1 GET http://localhost/Factory2NETPostgreSQL/PublicTempStorage/26342cd2-1e2d-4d5e-8966-b5c60795656d.tmp - 401 0 image/jpeg 8.0616ms
info: Microsoft.AspNetCore.Hosting.Diagnostics[1]
      Request starting HTTP/1.1 POST http://localhost/Factory2NETPostgreSQL/wpalterarproposta?c01d04b1610243d2a2af23e7952e8b1823ddeee00cffdd575545b4e2e43509bf,bET4Ybhdl0GBcKUqJ1cKzMMUm-vYvnCEr1kICfsLFhI,gx-no-cache=1748301812947 - application/json 843
info: Microsoft.AspNetCore.Hosting.Diagnostics[2]
      Request finished HTTP/1.1 POST http://localhost/Factory2NETPostgreSQL/wpalterarproposta?c01d04b1610243d2a2af23e7952e8b1823ddeee00cffdd575545b4e2e43509bf,bET4Ybhdl0GBcKUqJ1cKzMMUm-vYvnCEr1kICfsLFhI,gx-no-cache=1748301812947 - 200 - application/json 229.4822ms
info: Microsoft.AspNetCore.Hosting.Diagnostics[1]
      Request starting HTTP/1.1 GET http://localhost/Factory2NETPostgreSQL/tituloww?PEETbDdfPiLvnbDb3oKmGco1QcMcLyHfXMMTqytjW74 - - -
info: Microsoft.AspNetCore.Hosting.Diagnostics[2]
      Request finished HTTP/1.1 GET http://localhost/Factory2NETPostgreSQL/tituloww?PEETbDdfPiLvnbDb3oKmGco1QcMcLyHfXMMTqytjW74 - 200 - text/html 183.4003ms
info: Microsoft.AspNetCore.Hosting.Diagnostics[1]
      Request starting HTTP/1.1 GET http://localhost/Factory2NETPostgreSQL/resources/Imagemheader.png - - -
info: Microsoft.AspNetCore.StaticFiles.StaticFileMiddleware[2]
      Sending file. Request path: '/Imagemheader.png'. Physical path: 'E:\Kbs\Factory2\NETPostgreSQL002\web\Resources\Imagemheader.png'
info: Microsoft.AspNetCore.Hosting.Diagnostics[2]
      Request finished HTTP/1.1 GET http://localhost/Factory2NETPostgreSQL/resources/Imagemheader.png - 200 25223 image/png 0.9858ms
info: Microsoft.AspNetCore.Hosting.Diagnostics[1]
      Request starting HTTP/1.1 GET http://localhost/Factory2NETPostgreSQL/gxwebsocket?d7611339-b26e-4cfa-9629-79b864a43442 - - -
info: Microsoft.AspNetCore.Hosting.Diagnostics[1]
      Request starting HTTP/1.1 POST http://127.0.0.1:46571/FACTORY2NETPOSTGRESQL/iisintegration - - 0
info: Microsoft.AspNetCore.Hosting.Diagnostics[2]
      Request finished HTTP/1.1 POST http://127.0.0.1:46571/FACTORY2NETPOSTGRESQL/iisintegration - 202 0 - 0.1164ms
