warn: Microsoft.AspNetCore.DataProtection.Repositories.EphemeralXmlRepository[50]
      Using an in-memory repository. Keys will not be persisted to storage.
warn: Microsoft.AspNetCore.DataProtection.KeyManagement.XmlKeyManager[59]
      Neither user profile nor HKLM registry available. Using an ephemeral key repository. Protected data will be unavailable when application exits.
warn: Microsoft.AspNetCore.StaticFiles.StaticFileMiddleware[16]
      The WebRootPath was not found: E:\Kbs\Factory21\NETPostgreSQL002\web\wwwroot. Static files may be unavailable.
info: Microsoft.AspNetCore.DataProtection.KeyManagement.XmlKeyManager[58]
      Creating key {1ad6ca6a-9d58-48c0-8d4d-c5b49d7125ee} with creation date 2025-06-11 13:20:14Z, activation date 2025-06-11 13:20:14Z, and expiration date 2025-09-09 13:20:14Z.
warn: Microsoft.AspNetCore.DataProtection.KeyManagement.XmlKeyManager[35]
      No XML encryptor configured. Key {1ad6ca6a-9d58-48c0-8d4d-c5b49d7125ee} may be persisted to storage in unencrypted form.
Hosting environment: Production
Content root path: E:\Kbs\Factory21\NETPostgreSQL002\web
Now listening on: http://127.0.0.1:45727
Application started. Press Ctrl+C to shut down.
info: Microsoft.AspNetCore.Hosting.Diagnostics[1]
      Request starting HTTP/1.1 GET http://localhost/Factory21NETPostgreSQL/login - - -
warn: Microsoft.AspNetCore.Session.SessionMiddleware[7]
      Error unprotecting the session cookie.
      System.Security.Cryptography.CryptographicException: The key {ee8d96b7-3d81-4c11-b1b0-19c51d692df2} was not found in the key ring. For more information go to https://aka.ms/aspnet/dataprotectionwarning
         at Microsoft.AspNetCore.DataProtection.KeyManagement.KeyRingBasedDataProtector.UnprotectCore(Byte[] protectedData, Boolean allowOperationsOnRevokedKeys, UnprotectStatus& status)
         at Microsoft.AspNetCore.DataProtection.KeyManagement.KeyRingBasedDataProtector.Unprotect(Byte[] protectedData)
         at Microsoft.AspNetCore.Session.CookieProtection.Unprotect(IDataProtector protector, String protectedText, ILogger logger)
fail: Microsoft.AspNetCore.Diagnostics.ExceptionHandlerMiddleware[1]
      An unhandled exception has occurred while executing the request.
      System.Exception: GXApplication exception
       ---> Type:Npgsql.PostgresException.DBMS Error Code:16389.42703: column tm1.configuracoescompratitulotaxaefetiva does not exist
      
      position: 805
         --- End of inner exception stack trace ---
         at GeneXus.Http.GXHttpHandler.ProcessRequest(HttpContext httpContext)
         at GeneXus.HttpHandlerFactory.HandlerFactory.Invoke(HttpContext context)
         at GeneXus.HttpHandlerFactory.HandlerFactory.Invoke(HttpContext context)
         at Microsoft.AspNetCore.Builder.RouterMiddleware.Invoke(HttpContext httpContext)
         at Microsoft.AspNetCore.Builder.RouterMiddleware.Invoke(HttpContext httpContext)
         at Microsoft.AspNetCore.Diagnostics.ExceptionHandlerMiddlewareImpl.<Invoke>g__Awaited|10_0(ExceptionHandlerMiddlewareImpl middleware, HttpContext context, Task task)
info: Microsoft.AspNetCore.Session.DistributedSession[3]
      Session started; Key:408b17d0-7801-9718-a47d-74ffa1b03f73, Id:492f26de-471d-dab5-3a35-7c0c2e701214
info: Microsoft.AspNetCore.Hosting.Diagnostics[2]
      Request finished HTTP/1.1 GET http://localhost/Factory21NETPostgreSQL/login - 500 0 - 595.9334ms
info: Microsoft.AspNetCore.Hosting.Diagnostics[1]
      Request starting HTTP/1.1 GET http://localhost/Factory21NETPostgreSQL/login - - -
info: Microsoft.AspNetCore.Hosting.Diagnostics[2]
      Request finished HTTP/1.1 GET http://localhost/Factory21NETPostgreSQL/login - 200 - text/html 1364.2862ms
info: Microsoft.AspNetCore.Hosting.Diagnostics[1]
      Request starting HTTP/1.1 GET http://localhost/Factory21NETPostgreSQL/bootstrap/css/bootstrap.min.css?202561110122759 - - -
info: Microsoft.AspNetCore.Hosting.Diagnostics[1]
      Request starting HTTP/1.1 GET http://localhost/Factory21NETPostgreSQL/DVelop/Bootstrap/Shared/fontawesome_vlatest/css/all.min.css?202561110122759 - - -
info: Microsoft.AspNetCore.Hosting.Diagnostics[1]
      Request starting HTTP/1.1 GET http://localhost/Factory21NETPostgreSQL/DVelop/DVMessage/DVMessage.css?202561110122759 - - -
info: Microsoft.AspNetCore.StaticFiles.StaticFileMiddleware[2]
      Sending file. Request path: '/DVelop/Bootstrap/Shared/fontawesome_vlatest/css/all.min.css'. Physical path: 'E:\Kbs\Factory21\NETPostgreSQL002\web\DVelop\Bootstrap\Shared\fontawesome_vlatest\css\all.min.css'
info: Microsoft.AspNetCore.Hosting.Diagnostics[2]
      Request finished HTTP/1.1 GET http://localhost/Factory21NETPostgreSQL/DVelop/Bootstrap/Shared/fontawesome_vlatest/css/all.min.css?202561110122759 - 200 - text/css 55.7674ms
info: Microsoft.AspNetCore.Hosting.Diagnostics[1]
      Request starting HTTP/1.1 GET http://localhost/Factory21NETPostgreSQL/DVelop/Bootstrap/Shared/DVelopBootstrap.css?202561110122759 - - -
info: Microsoft.AspNetCore.StaticFiles.StaticFileMiddleware[2]
      Sending file. Request path: '/bootstrap/css/bootstrap.min.css'. Physical path: 'E:\Kbs\Factory21\NETPostgreSQL002\web\bootstrap\css\bootstrap.min.css'
info: Microsoft.AspNetCore.Hosting.Diagnostics[2]
      Request finished HTTP/1.1 GET http://localhost/Factory21NETPostgreSQL/bootstrap/css/bootstrap.min.css?202561110122759 - 200 - text/css 74.1690ms
info: Microsoft.AspNetCore.StaticFiles.StaticFileMiddleware[2]
      Sending file. Request path: '/DVelop/DVMessage/DVMessage.css'. Physical path: 'E:\Kbs\Factory21\NETPostgreSQL002\web\DVelop\DVMessage\DVMessage.css'
info: Microsoft.AspNetCore.Hosting.Diagnostics[2]
      Request finished HTTP/1.1 GET http://localhost/Factory21NETPostgreSQL/DVelop/DVMessage/DVMessage.css?202561110122759 - 200 - text/css 53.6147ms
info: Microsoft.AspNetCore.Hosting.Diagnostics[1]
      Request starting HTTP/1.1 GET http://localhost/Factory21NETPostgreSQL/calendar-system.css?202561110122759 - - -
info: Microsoft.AspNetCore.Hosting.Diagnostics[1]
      Request starting HTTP/1.1 GET http://localhost/Factory21NETPostgreSQL/DVelop/Shared/daterangepicker/daterangepicker.css?202561110122759 - - -
info: Microsoft.AspNetCore.StaticFiles.StaticFileMiddleware[2]
      Sending file. Request path: '/calendar-system.css'. Physical path: 'E:\Kbs\Factory21\NETPostgreSQL002\web\calendar-system.css'
info: Microsoft.AspNetCore.Hosting.Diagnostics[2]
      Request finished HTTP/1.1 GET http://localhost/Factory21NETPostgreSQL/calendar-system.css?202561110122759 - 200 - text/css 52.7347ms
info: Microsoft.AspNetCore.Hosting.Diagnostics[1]
      Request starting HTTP/1.1 GET http://localhost/Factory21NETPostgreSQL/Resources/Portuguese/DSLogin.css?202561110122759 - - -
info: Microsoft.AspNetCore.StaticFiles.StaticFileMiddleware[2]
      Sending file. Request path: '/DVelop/Bootstrap/Shared/DVelopBootstrap.css'. Physical path: 'E:\Kbs\Factory21\NETPostgreSQL002\web\DVelop\Bootstrap\Shared\DVelopBootstrap.css'
info: Microsoft.AspNetCore.Hosting.Diagnostics[2]
      Request finished HTTP/1.1 GET http://localhost/Factory21NETPostgreSQL/DVelop/Bootstrap/Shared/DVelopBootstrap.css?202561110122759 - 200 - text/css 85.9973ms
info: Microsoft.AspNetCore.StaticFiles.StaticFileMiddleware[2]
      Sending file. Request path: '/DVelop/Shared/daterangepicker/daterangepicker.css'. Physical path: 'E:\Kbs\Factory21\NETPostgreSQL002\web\DVelop\Shared\daterangepicker\daterangepicker.css'
info: Microsoft.AspNetCore.Hosting.Diagnostics[2]
      Request finished HTTP/1.1 GET http://localhost/Factory21NETPostgreSQL/DVelop/Shared/daterangepicker/daterangepicker.css?202561110122759 - 200 - text/css 79.7889ms
info: Microsoft.AspNetCore.Hosting.Diagnostics[1]
      Request starting HTTP/1.1 GET http://localhost/Factory21NETPostgreSQL/gxcfg.js?202561110122759 - - -
info: Microsoft.AspNetCore.Hosting.Diagnostics[1]
      Request starting HTTP/1.1 GET http://localhost/Factory21NETPostgreSQL/bootstrap/js/bootstrap.min.js?202561110122759 - - -
info: Microsoft.AspNetCore.StaticFiles.StaticFileMiddleware[2]
      Sending file. Request path: '/Portuguese/DSLogin.css'. Physical path: 'E:\Kbs\Factory21\NETPostgreSQL002\web\Resources\Portuguese\DSLogin.css'
info: Microsoft.AspNetCore.Hosting.Diagnostics[2]
      Request finished HTTP/1.1 GET http://localhost/Factory21NETPostgreSQL/Resources/Portuguese/DSLogin.css?202561110122759 - 200 - text/css 43.3597ms
info: Microsoft.AspNetCore.Hosting.Diagnostics[1]
      Request starting HTTP/1.1 GET http://localhost/Factory21NETPostgreSQL/resources/ImagemLogin.png - - -
info: Microsoft.AspNetCore.StaticFiles.StaticFileMiddleware[2]
      Sending file. Request path: '/gxcfg.js'. Physical path: 'E:\Kbs\Factory21\NETPostgreSQL002\web\gxcfg.js'
info: Microsoft.AspNetCore.Hosting.Diagnostics[2]
      Request finished HTTP/1.1 GET http://localhost/Factory21NETPostgreSQL/gxcfg.js?202561110122759 - 200 894 text/javascript 21.8201ms
info: Microsoft.AspNetCore.StaticFiles.StaticFileMiddleware[2]
      Sending file. Request path: '/ImagemLogin.png'. Physical path: 'E:\Kbs\Factory21\NETPostgreSQL002\web\Resources\ImagemLogin.png'
info: Microsoft.AspNetCore.Hosting.Diagnostics[2]
      Request finished HTTP/1.1 GET http://localhost/Factory21NETPostgreSQL/resources/ImagemLogin.png - 200 754992 image/png 19.4770ms
info: Microsoft.AspNetCore.Hosting.Diagnostics[1]
      Request starting HTTP/1.1 GET http://localhost/Factory21NETPostgreSQL/Resources/Portuguese/DSLogin_Tokens.css - - -
info: Microsoft.AspNetCore.Hosting.Diagnostics[1]
      Request starting HTTP/1.1 GET http://localhost/Factory21NETPostgreSQL/Resources/LogoLogin.png - - -
info: Microsoft.AspNetCore.StaticFiles.StaticFileMiddleware[2]
      Sending file. Request path: '/Portuguese/DSLogin_Tokens.css'. Physical path: 'E:\Kbs\Factory21\NETPostgreSQL002\web\Resources\Portuguese\DSLogin_Tokens.css'
info: Microsoft.AspNetCore.Hosting.Diagnostics[2]
      Request finished HTTP/1.1 GET http://localhost/Factory21NETPostgreSQL/Resources/Portuguese/DSLogin_Tokens.css - 200 - text/css 2.9489ms
info: Microsoft.AspNetCore.Hosting.Diagnostics[1]
      Request starting HTTP/1.1 GET http://localhost/Factory21NETPostgreSQL/Resources/Portuguese/AnyStyles.ImagesTokens.css - - -
info: Microsoft.AspNetCore.StaticFiles.StaticFileMiddleware[6]
      The file /Portuguese/AnyStyles.ImagesTokens.css was not modified
info: Microsoft.AspNetCore.Hosting.Diagnostics[2]
      Request finished HTTP/1.1 GET http://localhost/Factory21NETPostgreSQL/Resources/Portuguese/AnyStyles.ImagesTokens.css - 304 - text/css 2.2254ms
info: Microsoft.AspNetCore.Hosting.Diagnostics[1]
      Request starting HTTP/1.1 GET http://localhost/Factory21NETPostgreSQL/Resources/calendar.png - - -
info: Microsoft.AspNetCore.StaticFiles.StaticFileMiddleware[2]
      Sending file. Request path: '/LogoLogin.png'. Physical path: 'E:\Kbs\Factory21\NETPostgreSQL002\web\Resources\LogoLogin.png'
info: Microsoft.AspNetCore.StaticFiles.StaticFileMiddleware[2]
      Sending file. Request path: '/calendar.png'. Physical path: 'E:\Kbs\Factory21\NETPostgreSQL002\web\Resources\calendar.png'
info: Microsoft.AspNetCore.Hosting.Diagnostics[2]
      Request finished HTTP/1.1 GET http://localhost/Factory21NETPostgreSQL/Resources/LogoLogin.png - 200 13419 image/png 51.9506ms
info: Microsoft.AspNetCore.Hosting.Diagnostics[2]
      Request finished HTTP/1.1 GET http://localhost/Factory21NETPostgreSQL/Resources/calendar.png - 200 629 image/png 14.3798ms
info: Microsoft.AspNetCore.StaticFiles.StaticFileMiddleware[2]
      Sending file. Request path: '/bootstrap/js/bootstrap.min.js'. Physical path: 'E:\Kbs\Factory21\NETPostgreSQL002\web\bootstrap\js\bootstrap.min.js'
info: Microsoft.AspNetCore.Hosting.Diagnostics[2]
      Request finished HTTP/1.1 GET http://localhost/Factory21NETPostgreSQL/bootstrap/js/bootstrap.min.js?202561110122759 - 200 39685 text/javascript 109.1835ms
info: Microsoft.AspNetCore.Hosting.Diagnostics[1]
      Request starting HTTP/1.1 GET http://localhost/Factory21NETPostgreSQL/messages.por.js?202561110122759 - - -
info: Microsoft.AspNetCore.Hosting.Diagnostics[1]
      Request starting HTTP/1.1 GET http://localhost/Factory21NETPostgreSQL/login.js?202561019223255 - - -
info: Microsoft.AspNetCore.Hosting.Diagnostics[1]
      Request starting HTTP/1.1 GET http://localhost/Factory21NETPostgreSQL/calendar.js?133260 - - -
info: Microsoft.AspNetCore.StaticFiles.StaticFileMiddleware[2]
      Sending file. Request path: '/login.js'. Physical path: 'E:\Kbs\Factory21\NETPostgreSQL002\web\login.js'
info: Microsoft.AspNetCore.Hosting.Diagnostics[2]
      Request finished HTTP/1.1 GET http://localhost/Factory21NETPostgreSQL/login.js?202561019223255 - 200 6312 text/javascript 38.4432ms
info: Microsoft.AspNetCore.Hosting.Diagnostics[1]
      Request starting HTTP/1.1 GET http://localhost/Factory21NETPostgreSQL/calendar-setup.js?133260 - - -
info: Microsoft.AspNetCore.StaticFiles.StaticFileMiddleware[2]
      Sending file. Request path: '/calendar-setup.js'. Physical path: 'E:\Kbs\Factory21\NETPostgreSQL002\web\calendar-setup.js'
info: Microsoft.AspNetCore.Hosting.Diagnostics[2]
      Request finished HTTP/1.1 GET http://localhost/Factory21NETPostgreSQL/calendar-setup.js?133260 - 200 3066 text/javascript 45.4492ms
info: Microsoft.AspNetCore.Hosting.Diagnostics[1]
      Request starting HTTP/1.1 GET http://localhost/Factory21NETPostgreSQL/calendar-pt.js?133260 - - -
info: Microsoft.AspNetCore.StaticFiles.StaticFileMiddleware[2]
      Sending file. Request path: '/messages.por.js'. Physical path: 'E:\Kbs\Factory21\NETPostgreSQL002\web\messages.por.js'
info: Microsoft.AspNetCore.Hosting.Diagnostics[2]
      Request finished HTTP/1.1 GET http://localhost/Factory21NETPostgreSQL/messages.por.js?202561110122759 - 200 95722 text/javascript 90.7271ms
info: Microsoft.AspNetCore.Hosting.Diagnostics[1]
      Request starting HTTP/1.1 GET http://localhost/Factory21NETPostgreSQL/DVelop/DVMessage/pnotify.custom.js?202561110122759 - - -
info: Microsoft.AspNetCore.StaticFiles.StaticFileMiddleware[2]
      Sending file. Request path: '/calendar-pt.js'. Physical path: 'E:\Kbs\Factory21\NETPostgreSQL002\web\calendar-pt.js'
info: Microsoft.AspNetCore.Hosting.Diagnostics[2]
      Request finished HTTP/1.1 GET http://localhost/Factory21NETPostgreSQL/calendar-pt.js?133260 - 200 994 text/javascript 22.2715ms
info: Microsoft.AspNetCore.Hosting.Diagnostics[1]
      Request starting HTTP/1.1 GET http://localhost/Factory21NETPostgreSQL/DVelop/Shared/WorkWithPlusCommon.js?202561110122759 - - -
info: Microsoft.AspNetCore.StaticFiles.StaticFileMiddleware[2]
      Sending file. Request path: '/calendar.js'. Physical path: 'E:\Kbs\Factory21\NETPostgreSQL002\web\calendar.js'
info: Microsoft.AspNetCore.Hosting.Diagnostics[2]
      Request finished HTTP/1.1 GET http://localhost/Factory21NETPostgreSQL/calendar.js?133260 - 200 26338 text/javascript 90.5286ms
info: Microsoft.AspNetCore.Hosting.Diagnostics[1]
      Request starting HTTP/1.1 GET http://localhost/Factory21NETPostgreSQL/DVelop/DVMessage/DVMessageRender.js?202561110122759 - - -
info: Microsoft.AspNetCore.StaticFiles.StaticFileMiddleware[2]
      Sending file. Request path: '/DVelop/DVMessage/DVMessageRender.js'. Physical path: 'E:\Kbs\Factory21\NETPostgreSQL002\web\DVelop\DVMessage\DVMessageRender.js'
info: Microsoft.AspNetCore.Hosting.Diagnostics[2]
      Request finished HTTP/1.1 GET http://localhost/Factory21NETPostgreSQL/DVelop/DVMessage/DVMessageRender.js?202561110122759 - 200 7611 text/javascript 15.7318ms
info: Microsoft.AspNetCore.Hosting.Diagnostics[1]
      Request starting HTTP/1.1 GET http://localhost/Factory21NETPostgreSQL/DVelop/Bootstrap/Tooltip/BootstrapTooltipRender.js?202561110122759 - - -
info: Microsoft.AspNetCore.StaticFiles.StaticFileMiddleware[2]
      Sending file. Request path: '/DVelop/Bootstrap/Tooltip/BootstrapTooltipRender.js'. Physical path: 'E:\Kbs\Factory21\NETPostgreSQL002\web\DVelop\Bootstrap\Tooltip\BootstrapTooltipRender.js'
info: Microsoft.AspNetCore.Hosting.Diagnostics[2]
      Request finished HTTP/1.1 GET http://localhost/Factory21NETPostgreSQL/DVelop/Bootstrap/Tooltip/BootstrapTooltipRender.js?202561110122759 - 200 5904 text/javascript 4.0995ms
info: Microsoft.AspNetCore.Hosting.Diagnostics[1]
      Request starting HTTP/1.1 GET http://localhost/Factory21NETPostgreSQL/DVelop/Mask/jquery.mask.js?202561110122759 - - -
info: Microsoft.AspNetCore.StaticFiles.StaticFileMiddleware[2]
      Sending file. Request path: '/DVelop/DVMessage/pnotify.custom.js'. Physical path: 'E:\Kbs\Factory21\NETPostgreSQL002\web\DVelop\DVMessage\pnotify.custom.js'
info: Microsoft.AspNetCore.Hosting.Diagnostics[2]
      Request finished HTTP/1.1 GET http://localhost/Factory21NETPostgreSQL/DVelop/DVMessage/pnotify.custom.js?202561110122759 - 200 31442 text/javascript 74.5186ms
info: Microsoft.AspNetCore.Hosting.Diagnostics[1]
      Request starting HTTP/1.1 GET http://localhost/Factory21NETPostgreSQL/DVelop/WorkWithPlusUtilities/BootstrapSelect.js?202561110122759 - - -
info: Microsoft.AspNetCore.StaticFiles.StaticFileMiddleware[2]
      Sending file. Request path: '/DVelop/Shared/WorkWithPlusCommon.js'. Physical path: 'E:\Kbs\Factory21\NETPostgreSQL002\web\DVelop\Shared\WorkWithPlusCommon.js'
info: Microsoft.AspNetCore.Hosting.Diagnostics[2]
      Request finished HTTP/1.1 GET http://localhost/Factory21NETPostgreSQL/DVelop/Shared/WorkWithPlusCommon.js?202561110122759 - 200 24755 text/javascript 81.1896ms
info: Microsoft.AspNetCore.Hosting.Diagnostics[1]
      Request starting HTTP/1.1 GET http://localhost/Factory21NETPostgreSQL/DVelop/WorkWithPlusUtilities/WorkWithPlusUtilitiesRender.js?202561110122759 - - -
info: Microsoft.AspNetCore.StaticFiles.StaticFileMiddleware[2]
      Sending file. Request path: '/DVelop/Mask/jquery.mask.js'. Physical path: 'E:\Kbs\Factory21\NETPostgreSQL002\web\DVelop\Mask\jquery.mask.js'
info: Microsoft.AspNetCore.Hosting.Diagnostics[2]
      Request finished HTTP/1.1 GET http://localhost/Factory21NETPostgreSQL/DVelop/Mask/jquery.mask.js?202561110122759 - 200 7444 text/javascript 65.0822ms
info: Microsoft.AspNetCore.Hosting.Diagnostics[1]
      Request starting HTTP/1.1 GET http://localhost/Factory21NETPostgreSQL/DVelop/Shared/daterangepicker/locales.js?202561110122759 - - -
info: Microsoft.AspNetCore.StaticFiles.StaticFileMiddleware[2]
      Sending file. Request path: '/DVelop/Shared/daterangepicker/locales.js'. Physical path: 'E:\Kbs\Factory21\NETPostgreSQL002\web\DVelop\Shared\daterangepicker\locales.js'
info: Microsoft.AspNetCore.Hosting.Diagnostics[2]
      Request finished HTTP/1.1 GET http://localhost/Factory21NETPostgreSQL/DVelop/Shared/daterangepicker/locales.js?202561110122759 - 200 3806 text/javascript 7.4360ms
info: Microsoft.AspNetCore.Hosting.Diagnostics[1]
      Request starting HTTP/1.1 GET http://localhost/Factory21NETPostgreSQL/DVelop/Shared/daterangepicker/wwp-daterangepicker.js?202561110122759 - - -
info: Microsoft.AspNetCore.StaticFiles.StaticFileMiddleware[2]
      Sending file. Request path: '/DVelop/WorkWithPlusUtilities/BootstrapSelect.js'. Physical path: 'E:\Kbs\Factory21\NETPostgreSQL002\web\DVelop\WorkWithPlusUtilities\BootstrapSelect.js'
info: Microsoft.AspNetCore.Hosting.Diagnostics[2]
      Request finished HTTP/1.1 GET http://localhost/Factory21NETPostgreSQL/DVelop/WorkWithPlusUtilities/BootstrapSelect.js?202561110122759 - 200 52902 text/javascript 77.8735ms
info: Microsoft.AspNetCore.Hosting.Diagnostics[1]
      Request starting HTTP/1.1 GET http://localhost/Factory21NETPostgreSQL/DVelop/Shared/daterangepicker/moment.min.js?202561110122759 - - -
info: Microsoft.AspNetCore.StaticFiles.StaticFileMiddleware[2]
      Sending file. Request path: '/DVelop/WorkWithPlusUtilities/WorkWithPlusUtilitiesRender.js'. Physical path: 'E:\Kbs\Factory21\NETPostgreSQL002\web\DVelop\WorkWithPlusUtilities\WorkWithPlusUtilitiesRender.js'
info: Microsoft.AspNetCore.Hosting.Diagnostics[2]
      Request finished HTTP/1.1 GET http://localhost/Factory21NETPostgreSQL/DVelop/WorkWithPlusUtilities/WorkWithPlusUtilitiesRender.js?202561110122759 - 200 29810 text/javascript 67.8075ms
info: Microsoft.AspNetCore.Hosting.Diagnostics[1]
      Request starting HTTP/1.1 GET http://localhost/Factory21NETPostgreSQL/DVelop/Shared/daterangepicker/daterangepicker.min.js?202561110122759 - - -
info: Microsoft.AspNetCore.StaticFiles.StaticFileMiddleware[2]
      Sending file. Request path: '/DVelop/Shared/daterangepicker/wwp-daterangepicker.js'. Physical path: 'E:\Kbs\Factory21\NETPostgreSQL002\web\DVelop\Shared\daterangepicker\wwp-daterangepicker.js'
info: Microsoft.AspNetCore.Hosting.Diagnostics[2]
      Request finished HTTP/1.1 GET http://localhost/Factory21NETPostgreSQL/DVelop/Shared/daterangepicker/wwp-daterangepicker.js?202561110122759 - 200 5777 text/javascript 57.9857ms
info: Microsoft.AspNetCore.Hosting.Diagnostics[1]
      Request starting HTTP/1.1 GET http://localhost/Factory21NETPostgreSQL/DVelop/DatePicker/DatePickerRender.js?202561110122759 - - -
info: Microsoft.AspNetCore.StaticFiles.StaticFileMiddleware[2]
      Sending file. Request path: '/DVelop/DatePicker/DatePickerRender.js'. Physical path: 'E:\Kbs\Factory21\NETPostgreSQL002\web\DVelop\DatePicker\DatePickerRender.js'
info: Microsoft.AspNetCore.Hosting.Diagnostics[2]
      Request finished HTTP/1.1 GET http://localhost/Factory21NETPostgreSQL/DVelop/DatePicker/DatePickerRender.js?202561110122759 - 200 3134 text/javascript 39.8109ms
info: Microsoft.AspNetCore.Hosting.Diagnostics[1]
      Request starting HTTP/1.1 GET http://localhost/Factory21NETPostgreSQL/wwpbaseobjects/workwithplusmasterpageempty.js?202561019223178 - - -
info: Microsoft.AspNetCore.StaticFiles.StaticFileMiddleware[2]
      Sending file. Request path: '/DVelop/Shared/daterangepicker/daterangepicker.min.js'. Physical path: 'E:\Kbs\Factory21\NETPostgreSQL002\web\DVelop\Shared\daterangepicker\daterangepicker.min.js'
info: Microsoft.AspNetCore.Hosting.Diagnostics[2]
      Request finished HTTP/1.1 GET http://localhost/Factory21NETPostgreSQL/DVelop/Shared/daterangepicker/daterangepicker.min.js?202561110122759 - 200 62675 text/javascript 69.4539ms
info: Microsoft.AspNetCore.StaticFiles.StaticFileMiddleware[2]
      Sending file. Request path: '/wwpbaseobjects/workwithplusmasterpageempty.js'. Physical path: 'E:\Kbs\Factory21\NETPostgreSQL002\web\wwpbaseobjects\workwithplusmasterpageempty.js'
info: Microsoft.AspNetCore.Hosting.Diagnostics[2]
      Request finished HTTP/1.1 GET http://localhost/Factory21NETPostgreSQL/wwpbaseobjects/workwithplusmasterpageempty.js?202561019223178 - 200 9999 text/javascript 23.9574ms
info: Microsoft.AspNetCore.StaticFiles.StaticFileMiddleware[2]
      Sending file. Request path: '/DVelop/Shared/daterangepicker/moment.min.js'. Physical path: 'E:\Kbs\Factory21\NETPostgreSQL002\web\DVelop\Shared\daterangepicker\moment.min.js'
info: Microsoft.AspNetCore.Hosting.Diagnostics[2]
      Request finished HTTP/1.1 GET http://localhost/Factory21NETPostgreSQL/DVelop/Shared/daterangepicker/moment.min.js?202561110122759 - 200 59101 text/javascript 96.3410ms
info: Microsoft.AspNetCore.Hosting.Diagnostics[1]
      Request starting HTTP/1.1 POST http://localhost/Factory21NETPostgreSQL/login?c01d04b1610243d2a2af23e7952e8b1854aac497e2818e1e66859be9bfae511f,gx-no-cache=1749648593377 - application/json 161
info: Microsoft.AspNetCore.Hosting.Diagnostics[2]
      Request finished HTTP/1.1 POST http://localhost/Factory21NETPostgreSQL/login?c01d04b1610243d2a2af23e7952e8b1854aac497e2818e1e66859be9bfae511f,gx-no-cache=1749648593377 - 200 - application/json 1799.0131ms
info: Microsoft.AspNetCore.Hosting.Diagnostics[1]
      Request starting HTTP/1.1 GET http://localhost/Factory21NETPostgreSQL/index?vX0E4nQ0dDYMSs_ZVSiNlg - - -
info: Microsoft.AspNetCore.Hosting.Diagnostics[2]
      Request finished HTTP/1.1 GET http://localhost/Factory21NETPostgreSQL/index?vX0E4nQ0dDYMSs_ZVSiNlg - 200 - application/json 161.9212ms
info: Microsoft.AspNetCore.Hosting.Diagnostics[1]
      Request starting HTTP/1.1 GET http://localhost/Factory21NETPostgreSQL/vendas - - -
info: Microsoft.AspNetCore.Hosting.Diagnostics[2]
      Request finished HTTP/1.1 GET http://localhost/Factory21NETPostgreSQL/vendas - 200 - text/html 4096.6140ms
info: Microsoft.AspNetCore.Hosting.Diagnostics[1]
      Request starting HTTP/1.1 GET http://localhost/Factory21NETPostgreSQL/DVelop/DVPaginationBar/DVPaginationBar.css?202561110122759 - - -
info: Microsoft.AspNetCore.Hosting.Diagnostics[1]
      Request starting HTTP/1.1 GET http://localhost/Factory21NETPostgreSQL/Resources/Portuguese/WorkWithPlusDS.css?202561110122759 - - -
info: Microsoft.AspNetCore.Hosting.Diagnostics[1]
      Request starting HTTP/1.1 GET http://localhost/Factory21NETPostgreSQL/DVelop/DVPaginationBar/DVPaginationBar.css?202561110122759 - - -
info: Microsoft.AspNetCore.StaticFiles.StaticFileMiddleware[2]
      Sending file. Request path: '/DVelop/DVPaginationBar/DVPaginationBar.css'. Physical path: 'E:\Kbs\Factory21\NETPostgreSQL002\web\DVelop\DVPaginationBar\DVPaginationBar.css'
info: Microsoft.AspNetCore.StaticFiles.StaticFileMiddleware[2]
      Sending file. Request path: '/DVelop/DVPaginationBar/DVPaginationBar.css'. Physical path: 'E:\Kbs\Factory21\NETPostgreSQL002\web\DVelop\DVPaginationBar\DVPaginationBar.css'
info: Microsoft.AspNetCore.Hosting.Diagnostics[2]
      Request finished HTTP/1.1 GET http://localhost/Factory21NETPostgreSQL/DVelop/DVPaginationBar/DVPaginationBar.css?202561110122759 - 200 - text/css 15.5989ms
info: Microsoft.AspNetCore.Hosting.Diagnostics[2]
      Request finished HTTP/1.1 GET http://localhost/Factory21NETPostgreSQL/DVelop/DVPaginationBar/DVPaginationBar.css?202561110122759 - 200 - text/css 2.4825ms
info: Microsoft.AspNetCore.Hosting.Diagnostics[1]
      Request starting HTTP/1.1 GET http://localhost/Factory21NETPostgreSQL/DVelop/Bootstrap/Shared/DVelopBootstrap.js?202561110122759 - - -
info: Microsoft.AspNetCore.Hosting.Diagnostics[1]
      Request starting HTTP/1.1 GET http://localhost/Factory21NETPostgreSQL/Resources/Portuguese/WorkWithPlusDS.css?202561110122759 - - -
info: Microsoft.AspNetCore.StaticFiles.StaticFileMiddleware[2]
      Sending file. Request path: '/Portuguese/WorkWithPlusDS.css'. Physical path: 'E:\Kbs\Factory21\NETPostgreSQL002\web\Resources\Portuguese\WorkWithPlusDS.css'
info: Microsoft.AspNetCore.StaticFiles.StaticFileMiddleware[2]
      Sending file. Request path: '/Portuguese/WorkWithPlusDS.css'. Physical path: 'E:\Kbs\Factory21\NETPostgreSQL002\web\Resources\Portuguese\WorkWithPlusDS.css'
info: Microsoft.AspNetCore.Hosting.Diagnostics[2]
      Request finished HTTP/1.1 GET http://localhost/Factory21NETPostgreSQL/Resources/Portuguese/WorkWithPlusDS.css?202561110122759 - 200 - text/css 60.4151ms
info: Microsoft.AspNetCore.Hosting.Diagnostics[2]
      Request finished HTTP/1.1 GET http://localhost/Factory21NETPostgreSQL/Resources/Portuguese/WorkWithPlusDS.css?202561110122759 - 200 - text/css 42.2010ms
info: Microsoft.AspNetCore.Hosting.Diagnostics[1]
      Request starting HTTP/1.1 GET http://localhost/Factory21NETPostgreSQL/resources/Imagemheader.png - - -
info: Microsoft.AspNetCore.Hosting.Diagnostics[1]
      Request starting HTTP/1.1 GET http://localhost/Factory21NETPostgreSQL/Resources/ActionNewDynamicFilter.png - - -
info: Microsoft.AspNetCore.StaticFiles.StaticFileMiddleware[2]
      Sending file. Request path: '/Imagemheader.png'. Physical path: 'E:\Kbs\Factory21\NETPostgreSQL002\web\Resources\Imagemheader.png'
info: Microsoft.AspNetCore.Hosting.Diagnostics[2]
      Request finished HTTP/1.1 GET http://localhost/Factory21NETPostgreSQL/resources/Imagemheader.png - 200 25223 image/png 1.1310ms
info: Microsoft.AspNetCore.Hosting.Diagnostics[1]
      Request starting HTTP/1.1 GET http://localhost/Factory21NETPostgreSQL/Resources/ActionRemoveDynamicFilter.png - - -
info: Microsoft.AspNetCore.StaticFiles.StaticFileMiddleware[2]
      Sending file. Request path: '/ActionNewDynamicFilter.png'. Physical path: 'E:\Kbs\Factory21\NETPostgreSQL002\web\Resources\ActionNewDynamicFilter.png'
info: Microsoft.AspNetCore.Hosting.Diagnostics[2]
      Request finished HTTP/1.1 GET http://localhost/Factory21NETPostgreSQL/Resources/ActionNewDynamicFilter.png - 200 380 image/png 14.2908ms
info: Microsoft.AspNetCore.StaticFiles.StaticFileMiddleware[2]
      Sending file. Request path: '/ActionRemoveDynamicFilter.png'. Physical path: 'E:\Kbs\Factory21\NETPostgreSQL002\web\Resources\ActionRemoveDynamicFilter.png'
info: Microsoft.AspNetCore.Hosting.Diagnostics[2]
      Request finished HTTP/1.1 GET http://localhost/Factory21NETPostgreSQL/Resources/ActionRemoveDynamicFilter.png - 200 363 image/png 13.2379ms
info: Microsoft.AspNetCore.Hosting.Diagnostics[1]
      Request starting HTTP/1.1 GET http://localhost/Factory21NETPostgreSQL/Resources/Portuguese/WWPBaseObjects.WorkWithPlusBaseDS.css - - -
info: Microsoft.AspNetCore.StaticFiles.StaticFileMiddleware[6]
      The file /Portuguese/WWPBaseObjects.WorkWithPlusBaseDS.css was not modified
info: Microsoft.AspNetCore.Hosting.Diagnostics[2]
      Request finished HTTP/1.1 GET http://localhost/Factory21NETPostgreSQL/Resources/Portuguese/WWPBaseObjects.WorkWithPlusBaseDS.css - 304 - text/css 1.0796ms
info: Microsoft.AspNetCore.Hosting.Diagnostics[1]
      Request starting HTTP/1.1 GET http://localhost/Factory21NETPostgreSQL/Resources/Portuguese/WorkWithPlus.DynamicForms.WWP_DynamicForm_DS.css - - -
info: Microsoft.AspNetCore.StaticFiles.StaticFileMiddleware[6]
      The file /Portuguese/WorkWithPlus.DynamicForms.WWP_DynamicForm_DS.css was not modified
info: Microsoft.AspNetCore.Hosting.Diagnostics[2]
      Request finished HTTP/1.1 GET http://localhost/Factory21NETPostgreSQL/Resources/Portuguese/WorkWithPlus.DynamicForms.WWP_DynamicForm_DS.css - 304 - text/css 0.7139ms
info: Microsoft.AspNetCore.Hosting.Diagnostics[1]
      Request starting HTTP/1.1 GET http://localhost/Factory21NETPostgreSQL/Resources/Portuguese/WorkWithPlusDS_Tokens.css - - -
info: Microsoft.AspNetCore.StaticFiles.StaticFileMiddleware[6]
      The file /Portuguese/WorkWithPlusDS_Tokens.css was not modified
info: Microsoft.AspNetCore.Hosting.Diagnostics[2]
      Request finished HTTP/1.1 GET http://localhost/Factory21NETPostgreSQL/Resources/Portuguese/WorkWithPlusDS_Tokens.css - 304 - text/css 1.4616ms
info: Microsoft.AspNetCore.Hosting.Diagnostics[1]
      Request starting HTTP/1.1 GET http://localhost/Factory21NETPostgreSQL/DVelop/Bootstrap/Shared/fontawesome_vlatest/webfonts/fa-solid-900.woff2 - - -
info: Microsoft.AspNetCore.Hosting.Diagnostics[1]
      Request starting HTTP/1.1 GET http://localhost/Factory21NETPostgreSQL/Resources/Portuguese/WorkWithPlus.DynamicForms.WWP_DynamicForm_DS_Tokens.css - - -
info: Microsoft.AspNetCore.StaticFiles.StaticFileMiddleware[6]
      The file /Portuguese/WorkWithPlus.DynamicForms.WWP_DynamicForm_DS_Tokens.css was not modified
info: Microsoft.AspNetCore.Hosting.Diagnostics[2]
      Request finished HTTP/1.1 GET http://localhost/Factory21NETPostgreSQL/Resources/Portuguese/WorkWithPlus.DynamicForms.WWP_DynamicForm_DS_Tokens.css - 304 - text/css 0.7870ms
info: Microsoft.AspNetCore.Hosting.Diagnostics[1]
      Request starting HTTP/1.1 GET http://localhost/Factory21NETPostgreSQL/Resources/Portuguese/WWPBaseObjects.WorkWithPlusBaseDS_Tokens.css - - -
info: Microsoft.AspNetCore.StaticFiles.StaticFileMiddleware[6]
      The file /Portuguese/WWPBaseObjects.WorkWithPlusBaseDS_Tokens.css was not modified
info: Microsoft.AspNetCore.Hosting.Diagnostics[2]
      Request finished HTTP/1.1 GET http://localhost/Factory21NETPostgreSQL/Resources/Portuguese/WWPBaseObjects.WorkWithPlusBaseDS_Tokens.css - 304 - text/css 1.4419ms
info: Microsoft.AspNetCore.StaticFiles.StaticFileMiddleware[2]
      Sending file. Request path: '/DVelop/Bootstrap/Shared/fontawesome_vlatest/webfonts/fa-solid-900.woff2'. Physical path: 'E:\Kbs\Factory21\NETPostgreSQL002\web\DVelop\Bootstrap\Shared\fontawesome_vlatest\webfonts\fa-solid-900.woff2'
info: Microsoft.AspNetCore.Hosting.Diagnostics[2]
      Request finished HTTP/1.1 GET http://localhost/Factory21NETPostgreSQL/DVelop/Bootstrap/Shared/fontawesome_vlatest/webfonts/fa-solid-900.woff2 - 200 154228 font/woff2 25.1820ms
info: Microsoft.AspNetCore.StaticFiles.StaticFileMiddleware[2]
      Sending file. Request path: '/DVelop/Bootstrap/Shared/DVelopBootstrap.js'. Physical path: 'E:\Kbs\Factory21\NETPostgreSQL002\web\DVelop\Bootstrap\Shared\DVelopBootstrap.js'
info: Microsoft.AspNetCore.Hosting.Diagnostics[2]
      Request finished HTTP/1.1 GET http://localhost/Factory21NETPostgreSQL/DVelop/Bootstrap/Shared/DVelopBootstrap.js?202561110122759 - 200 163482 text/javascript 159.1764ms
info: Microsoft.AspNetCore.Hosting.Diagnostics[1]
      Request starting HTTP/1.1 GET http://localhost/Factory21NETPostgreSQL/DVelop/Bootstrap/Panel/BootstrapPanelRender.js?202561110122759 - - -
info: Microsoft.AspNetCore.StaticFiles.StaticFileMiddleware[2]
      Sending file. Request path: '/DVelop/Bootstrap/Panel/BootstrapPanelRender.js'. Physical path: 'E:\Kbs\Factory21\NETPostgreSQL002\web\DVelop\Bootstrap\Panel\BootstrapPanelRender.js'
info: Microsoft.AspNetCore.Hosting.Diagnostics[2]
      Request finished HTTP/1.1 GET http://localhost/Factory21NETPostgreSQL/DVelop/Bootstrap/Panel/BootstrapPanelRender.js?202561110122759 - 200 685 text/javascript 3.6591ms
info: Microsoft.AspNetCore.Hosting.Diagnostics[1]
      Request starting HTTP/1.1 GET http://localhost/Factory21NETPostgreSQL/DVelop/Bootstrap/DropDownOptions/BootstrapDropDownOptionsRender.js?202561110122759 - - -
info: Microsoft.AspNetCore.StaticFiles.StaticFileMiddleware[2]
      Sending file. Request path: '/DVelop/Bootstrap/DropDownOptions/BootstrapDropDownOptionsRender.js'. Physical path: 'E:\Kbs\Factory21\NETPostgreSQL002\web\DVelop\Bootstrap\DropDownOptions\BootstrapDropDownOptionsRender.js'
info: Microsoft.AspNetCore.Hosting.Diagnostics[2]
      Request finished HTTP/1.1 GET http://localhost/Factory21NETPostgreSQL/DVelop/Bootstrap/DropDownOptions/BootstrapDropDownOptionsRender.js?202561110122759 - 200 29124 text/javascript 69.1857ms
info: Microsoft.AspNetCore.Hosting.Diagnostics[1]
      Request starting HTTP/1.1 GET http://localhost/Factory21NETPostgreSQL/DVelop/DVPaginationBar/DVPaginationBarRender.js?202561110122759 - - -
info: Microsoft.AspNetCore.StaticFiles.StaticFileMiddleware[2]
      Sending file. Request path: '/DVelop/DVPaginationBar/DVPaginationBarRender.js'. Physical path: 'E:\Kbs\Factory21\NETPostgreSQL002\web\DVelop\DVPaginationBar\DVPaginationBarRender.js'
info: Microsoft.AspNetCore.Hosting.Diagnostics[2]
      Request finished HTTP/1.1 GET http://localhost/Factory21NETPostgreSQL/DVelop/DVPaginationBar/DVPaginationBarRender.js?202561110122759 - 200 13900 text/javascript 51.0238ms
info: Microsoft.AspNetCore.Hosting.Diagnostics[1]
      Request starting HTTP/1.1 GET http://localhost/Factory21NETPostgreSQL/DVelop/GridEmpowerer/GridEmpowererRender.js?202561110122759 - - -
info: Microsoft.AspNetCore.StaticFiles.StaticFileMiddleware[2]
      Sending file. Request path: '/DVelop/GridEmpowerer/GridEmpowererRender.js'. Physical path: 'E:\Kbs\Factory21\NETPostgreSQL002\web\DVelop\GridEmpowerer\GridEmpowererRender.js'
info: Microsoft.AspNetCore.Hosting.Diagnostics[2]
      Request finished HTTP/1.1 GET http://localhost/Factory21NETPostgreSQL/DVelop/GridEmpowerer/GridEmpowererRender.js?202561110122759 - 200 58313 text/javascript 106.5616ms
info: Microsoft.AspNetCore.Hosting.Diagnostics[1]
      Request starting HTTP/1.1 GET http://localhost/Factory21NETPostgreSQL/DVelop/DateRangePicker/DateRangePickerRender.js?202561110122759 - - -
info: Microsoft.AspNetCore.StaticFiles.StaticFileMiddleware[2]
      Sending file. Request path: '/DVelop/DateRangePicker/DateRangePickerRender.js'. Physical path: 'E:\Kbs\Factory21\NETPostgreSQL002\web\DVelop\DateRangePicker\DateRangePickerRender.js'
info: Microsoft.AspNetCore.Hosting.Diagnostics[2]
      Request finished HTTP/1.1 GET http://localhost/Factory21NETPostgreSQL/DVelop/DateRangePicker/DateRangePickerRender.js?202561110122759 - 200 3180 text/javascript 61.0101ms
info: Microsoft.AspNetCore.Hosting.Diagnostics[1]
      Request starting HTTP/1.1 GET http://localhost/Factory21NETPostgreSQL/vendas.js?202561019252067 - - -
info: Microsoft.AspNetCore.StaticFiles.StaticFileMiddleware[2]
      Sending file. Request path: '/vendas.js'. Physical path: 'E:\Kbs\Factory21\NETPostgreSQL002\web\vendas.js'
info: Microsoft.AspNetCore.Hosting.Diagnostics[2]
      Request finished HTTP/1.1 GET http://localhost/Factory21NETPostgreSQL/vendas.js?202561019252067 - 200 1574 text/javascript 20.4081ms
info: Microsoft.AspNetCore.Hosting.Diagnostics[1]
      Request starting HTTP/1.1 GET http://localhost/Factory21NETPostgreSQL/wcreembolsoflowlog.js?202561019211761 - - -
info: Microsoft.AspNetCore.StaticFiles.StaticFileMiddleware[2]
      Sending file. Request path: '/wcreembolsoflowlog.js'. Physical path: 'E:\Kbs\Factory21\NETPostgreSQL002\web\wcreembolsoflowlog.js'
info: Microsoft.AspNetCore.Hosting.Diagnostics[2]
      Request finished HTTP/1.1 GET http://localhost/Factory21NETPostgreSQL/wcreembolsoflowlog.js?202561019211761 - 200 137730 text/javascript 48.0974ms
info: Microsoft.AspNetCore.Hosting.Diagnostics[1]
      Request starting HTTP/1.1 GET http://localhost/Factory21NETPostgreSQL/wcmodule.js?20256101963187 - - -
info: Microsoft.AspNetCore.StaticFiles.StaticFileMiddleware[2]
      Sending file. Request path: '/wcmodule.js'. Physical path: 'E:\Kbs\Factory21\NETPostgreSQL002\web\wcmodule.js'
info: Microsoft.AspNetCore.Hosting.Diagnostics[2]
      Request finished HTTP/1.1 GET http://localhost/Factory21NETPostgreSQL/wcmodule.js?20256101963187 - 200 2634 text/javascript 23.0863ms
info: Microsoft.AspNetCore.Hosting.Diagnostics[1]
      Request starting HTTP/1.1 GET http://localhost/Factory21NETPostgreSQL/DVelop/Bootstrap/Shared/slimscroll/jquery.slimscroll.min.js?202561110122759 - - -
info: Microsoft.AspNetCore.StaticFiles.StaticFileMiddleware[2]
      Sending file. Request path: '/DVelop/Bootstrap/Shared/slimscroll/jquery.slimscroll.min.js'. Physical path: 'E:\Kbs\Factory21\NETPostgreSQL002\web\DVelop\Bootstrap\Shared\slimscroll\jquery.slimscroll.min.js'
info: Microsoft.AspNetCore.Hosting.Diagnostics[2]
      Request finished HTTP/1.1 GET http://localhost/Factory21NETPostgreSQL/DVelop/Bootstrap/Shared/slimscroll/jquery.slimscroll.min.js?202561110122759 - 200 4736 text/javascript 66.7603ms
info: Microsoft.AspNetCore.Hosting.Diagnostics[1]
      Request starting HTTP/1.1 GET http://localhost/Factory21NETPostgreSQL/DVelop/Bootstrap/SidebarMenu/BootstrapSidebarMenuRender.js?202561110122759 - - -
info: Microsoft.AspNetCore.StaticFiles.StaticFileMiddleware[2]
      Sending file. Request path: '/DVelop/Bootstrap/SidebarMenu/BootstrapSidebarMenuRender.js'. Physical path: 'E:\Kbs\Factory21\NETPostgreSQL002\web\DVelop\Bootstrap\SidebarMenu\BootstrapSidebarMenuRender.js'
info: Microsoft.AspNetCore.Hosting.Diagnostics[2]
      Request finished HTTP/1.1 GET http://localhost/Factory21NETPostgreSQL/DVelop/Bootstrap/SidebarMenu/BootstrapSidebarMenuRender.js?202561110122759 - 200 19643 text/javascript 71.4470ms
info: Microsoft.AspNetCore.Hosting.Diagnostics[1]
      Request starting HTTP/1.1 GET http://localhost/Factory21NETPostgreSQL/DVelop/Chronometer/ChronometerRender.js?202561110122759 - - -
info: Microsoft.AspNetCore.StaticFiles.StaticFileMiddleware[2]
      Sending file. Request path: '/DVelop/Chronometer/ChronometerRender.js'. Physical path: 'E:\Kbs\Factory21\NETPostgreSQL002\web\DVelop\Chronometer\ChronometerRender.js'
info: Microsoft.AspNetCore.Hosting.Diagnostics[2]
      Request finished HTTP/1.1 GET http://localhost/Factory21NETPostgreSQL/DVelop/Chronometer/ChronometerRender.js?202561110122759 - 200 682 text/javascript 29.4658ms
info: Microsoft.AspNetCore.Hosting.Diagnostics[1]
      Request starting HTTP/1.1 GET http://localhost/Factory21NETPostgreSQL/DVelop/Bootstrap/ConfirmPanel/BootstrapConfirmPanelRender.js?202561110122759 - - -
info: Microsoft.AspNetCore.StaticFiles.StaticFileMiddleware[2]
      Sending file. Request path: '/DVelop/Bootstrap/ConfirmPanel/BootstrapConfirmPanelRender.js'. Physical path: 'E:\Kbs\Factory21\NETPostgreSQL002\web\DVelop\Bootstrap\ConfirmPanel\BootstrapConfirmPanelRender.js'
info: Microsoft.AspNetCore.Hosting.Diagnostics[2]
      Request finished HTTP/1.1 GET http://localhost/Factory21NETPostgreSQL/DVelop/Bootstrap/ConfirmPanel/BootstrapConfirmPanelRender.js?202561110122759 - 200 644 text/javascript 1.8720ms
info: Microsoft.AspNetCore.Hosting.Diagnostics[1]
      Request starting HTTP/1.1 GET http://localhost/Factory21NETPostgreSQL/wwpbaseobjects/workwithplusmasterpage.js?202561019232215 - - -
info: Microsoft.AspNetCore.StaticFiles.StaticFileMiddleware[2]
      Sending file. Request path: '/wwpbaseobjects/workwithplusmasterpage.js'. Physical path: 'E:\Kbs\Factory21\NETPostgreSQL002\web\wwpbaseobjects\workwithplusmasterpage.js'
info: Microsoft.AspNetCore.Hosting.Diagnostics[2]
      Request finished HTTP/1.1 GET http://localhost/Factory21NETPostgreSQL/wwpbaseobjects/workwithplusmasterpage.js?202561019232215 - 200 27605 text/javascript 32.2641ms
info: Microsoft.AspNetCore.Hosting.Diagnostics[1]
      Request starting HTTP/1.1 GET http://localhost/Factory21NETPostgreSQL/gxwebsocket?f6afff47-18c5-4c20-a6aa-078bee2825b6 - - -
info: Microsoft.AspNetCore.Hosting.Diagnostics[1]
      Request starting HTTP/1.1 GET http://localhost/Factory21NETPostgreSQL/desc.gif - - -
info: Microsoft.AspNetCore.StaticFiles.StaticFileMiddleware[2]
      Sending file. Request path: '/desc.gif'. Physical path: 'E:\Kbs\Factory21\NETPostgreSQL002\web\desc.gif'
info: Microsoft.AspNetCore.Hosting.Diagnostics[2]
      Request finished HTTP/1.1 GET http://localhost/Factory21NETPostgreSQL/desc.gif - 200 65 image/gif 11.4376ms
info: Microsoft.AspNetCore.Hosting.Diagnostics[1]
      Request starting HTTP/1.1 GET http://localhost/Factory21NETPostgreSQL/asc.gif - - -
info: Microsoft.AspNetCore.Hosting.Diagnostics[1]
      Request starting HTTP/1.1 GET http://localhost/Factory21NETPostgreSQL/DVelop/Bootstrap/Shared/fontawesome_vlatest/webfonts/fa-regular-400.woff2 - - -
info: Microsoft.AspNetCore.StaticFiles.StaticFileMiddleware[2]
      Sending file. Request path: '/asc.gif'. Physical path: 'E:\Kbs\Factory21\NETPostgreSQL002\web\asc.gif'
info: Microsoft.AspNetCore.Hosting.Diagnostics[2]
      Request finished HTTP/1.1 GET http://localhost/Factory21NETPostgreSQL/asc.gif - 200 67 image/gif 8.0975ms
info: Microsoft.AspNetCore.StaticFiles.StaticFileMiddleware[2]
      Sending file. Request path: '/DVelop/Bootstrap/Shared/fontawesome_vlatest/webfonts/fa-regular-400.woff2'. Physical path: 'E:\Kbs\Factory21\NETPostgreSQL002\web\DVelop\Bootstrap\Shared\fontawesome_vlatest\webfonts\fa-regular-400.woff2'
info: Microsoft.AspNetCore.Hosting.Diagnostics[2]
      Request finished HTTP/1.1 GET http://localhost/Factory21NETPostgreSQL/DVelop/Bootstrap/Shared/fontawesome_vlatest/webfonts/fa-regular-400.woff2 - 200 23940 font/woff2 33.4836ms
info: Microsoft.AspNetCore.Hosting.Diagnostics[1]
      Request starting HTTP/1.1 POST http://localhost/Factory21NETPostgreSQL/vendas?c01d04b1610243d2a2af23e7952e8b1854aac497e2818e1e66859be9bfae511f,gx-no-cache=1749648603520 - application/json 472
info: Microsoft.AspNetCore.Hosting.Diagnostics[2]
      Request finished HTTP/1.1 POST http://localhost/Factory21NETPostgreSQL/vendas?c01d04b1610243d2a2af23e7952e8b1854aac497e2818e1e66859be9bfae511f,gx-no-cache=1749648603520 - 200 - application/json 98.1644ms
info: Microsoft.AspNetCore.Hosting.Diagnostics[1]
      Request starting HTTP/1.1 GET http://localhost/Factory21NETPostgreSQL/contratos - - -
info: Microsoft.AspNetCore.Hosting.Diagnostics[2]
      Request finished HTTP/1.1 GET http://localhost/Factory21NETPostgreSQL/contratos - 200 - text/html 1648.0775ms
info: Microsoft.AspNetCore.Hosting.Diagnostics[1]
      Request starting HTTP/1.1 GET http://localhost/Factory21NETPostgreSQL/QueryViewer/QueryViewerCommon.js?202561110122759 - - -
info: Microsoft.AspNetCore.StaticFiles.StaticFileMiddleware[2]
      Sending file. Request path: '/QueryViewer/QueryViewerCommon.js'. Physical path: 'E:\Kbs\Factory21\NETPostgreSQL002\web\QueryViewer\QueryViewerCommon.js'
info: Microsoft.AspNetCore.Hosting.Diagnostics[2]
      Request finished HTTP/1.1 GET http://localhost/Factory21NETPostgreSQL/QueryViewer/QueryViewerCommon.js?202561110122759 - 200 168045 text/javascript 110.6562ms
info: Microsoft.AspNetCore.Hosting.Diagnostics[1]
      Request starting HTTP/1.1 GET http://localhost/Factory21NETPostgreSQL/QueryViewer/QueryViewerRender.js?202561110122759 - - -
info: Microsoft.AspNetCore.StaticFiles.StaticFileMiddleware[2]
      Sending file. Request path: '/QueryViewer/QueryViewerRender.js'. Physical path: 'E:\Kbs\Factory21\NETPostgreSQL002\web\QueryViewer\QueryViewerRender.js'
info: Microsoft.AspNetCore.Hosting.Diagnostics[2]
      Request finished HTTP/1.1 GET http://localhost/Factory21NETPostgreSQL/QueryViewer/QueryViewerRender.js?202561110122759 - 200 10787 text/javascript 42.4518ms
info: Microsoft.AspNetCore.Hosting.Diagnostics[1]
      Request starting HTTP/1.1 GET http://localhost/Factory21NETPostgreSQL/wcassinaturas.js?202561019141231 - - -
info: Microsoft.AspNetCore.StaticFiles.StaticFileMiddleware[2]
      Sending file. Request path: '/wcassinaturas.js'. Physical path: 'E:\Kbs\Factory21\NETPostgreSQL002\web\wcassinaturas.js'
info: Microsoft.AspNetCore.Hosting.Diagnostics[2]
      Request finished HTTP/1.1 GET http://localhost/Factory21NETPostgreSQL/wcassinaturas.js?202561019141231 - 200 27195 text/javascript 89.2550ms
info: Microsoft.AspNetCore.Hosting.Diagnostics[1]
      Request starting HTTP/1.1 GET http://localhost/Factory21NETPostgreSQL/contratos.js?202561019245991 - - -
info: Microsoft.AspNetCore.StaticFiles.StaticFileMiddleware[2]
      Sending file. Request path: '/contratos.js'. Physical path: 'E:\Kbs\Factory21\NETPostgreSQL002\web\contratos.js'
info: Microsoft.AspNetCore.Hosting.Diagnostics[2]
      Request finished HTTP/1.1 GET http://localhost/Factory21NETPostgreSQL/contratos.js?202561019245991 - 200 16758 text/javascript 14.8459ms
info: Microsoft.AspNetCore.Hosting.Diagnostics[1]
      Request starting HTTP/1.1 GET http://localhost/Factory21NETPostgreSQL/QueryViewer/QueryViewer.css - - -
info: Microsoft.AspNetCore.StaticFiles.StaticFileMiddleware[2]
      Sending file. Request path: '/QueryViewer/QueryViewer.css'. Physical path: 'E:\Kbs\Factory21\NETPostgreSQL002\web\QueryViewer\QueryViewer.css'
info: Microsoft.AspNetCore.Hosting.Diagnostics[2]
      Request finished HTTP/1.1 GET http://localhost/Factory21NETPostgreSQL/QueryViewer/QueryViewer.css - 200 - text/css 15.8193ms
info: Microsoft.AspNetCore.Hosting.Diagnostics[1]
      Request starting HTTP/1.1 GET http://localhost/Factory21NETPostgreSQL/QueryViewer/highcharts/css/highcharts.css - - -
info: Microsoft.AspNetCore.StaticFiles.StaticFileMiddleware[2]
      Sending file. Request path: '/QueryViewer/highcharts/css/highcharts.css'. Physical path: 'E:\Kbs\Factory21\NETPostgreSQL002\web\QueryViewer\highcharts\css\highcharts.css'
info: Microsoft.AspNetCore.Hosting.Diagnostics[2]
      Request finished HTTP/1.1 GET http://localhost/Factory21NETPostgreSQL/QueryViewer/highcharts/css/highcharts.css - 200 - text/css 52.0587ms
info: Microsoft.AspNetCore.Hosting.Diagnostics[1]
      Request starting HTTP/1.1 GET http://localhost/Factory21NETPostgreSQL/QueryViewer/highcharts/highcharts.js - - -
info: Microsoft.AspNetCore.StaticFiles.StaticFileMiddleware[2]
      Sending file. Request path: '/QueryViewer/highcharts/highcharts.js'. Physical path: 'E:\Kbs\Factory21\NETPostgreSQL002\web\QueryViewer\highcharts\highcharts.js'
info: Microsoft.AspNetCore.Hosting.Diagnostics[2]
      Request finished HTTP/1.1 GET http://localhost/Factory21NETPostgreSQL/QueryViewer/highcharts/highcharts.js - 200 290112 text/javascript 179.4772ms
info: Microsoft.AspNetCore.Hosting.Diagnostics[1]
      Request starting HTTP/1.1 GET http://localhost/Factory21NETPostgreSQL/QueryViewer/highcharts/highcharts-3d.js - - -
info: Microsoft.AspNetCore.StaticFiles.StaticFileMiddleware[2]
      Sending file. Request path: '/QueryViewer/highcharts/highcharts-3d.js'. Physical path: 'E:\Kbs\Factory21\NETPostgreSQL002\web\QueryViewer\highcharts\highcharts-3d.js'
info: Microsoft.AspNetCore.Hosting.Diagnostics[2]
      Request finished HTTP/1.1 GET http://localhost/Factory21NETPostgreSQL/QueryViewer/highcharts/highcharts-3d.js - 200 48881 text/javascript 109.8642ms
info: Microsoft.AspNetCore.Hosting.Diagnostics[1]
      Request starting HTTP/1.1 GET http://localhost/Factory21NETPostgreSQL/QueryViewer/highcharts/highcharts-more.js - - -
info: Microsoft.AspNetCore.Hosting.Diagnostics[1]
      Request starting HTTP/1.1 GET http://localhost/Factory21NETPostgreSQL/QueryViewer/indicator.gif - - -
info: Microsoft.AspNetCore.StaticFiles.StaticFileMiddleware[2]
      Sending file. Request path: '/QueryViewer/highcharts/highcharts-more.js'. Physical path: 'E:\Kbs\Factory21\NETPostgreSQL002\web\QueryViewer\highcharts\highcharts-more.js'
info: Microsoft.AspNetCore.Hosting.Diagnostics[2]
      Request finished HTTP/1.1 GET http://localhost/Factory21NETPostgreSQL/QueryViewer/highcharts/highcharts-more.js - 200 97315 text/javascript 99.1114ms
info: Microsoft.AspNetCore.Hosting.Diagnostics[1]
      Request starting HTTP/1.1 GET http://localhost/Factory21NETPostgreSQL/QueryViewer/highcharts/modules/funnel.js - - -
info: Microsoft.AspNetCore.StaticFiles.StaticFileMiddleware[2]
      Sending file. Request path: '/QueryViewer/indicator.gif'. Physical path: 'E:\Kbs\Factory21\NETPostgreSQL002\web\QueryViewer\indicator.gif'
info: Microsoft.AspNetCore.Hosting.Diagnostics[2]
      Request finished HTTP/1.1 GET http://localhost/Factory21NETPostgreSQL/QueryViewer/indicator.gif - 200 8581 image/gif 42.8967ms
info: Microsoft.AspNetCore.StaticFiles.StaticFileMiddleware[2]
      Sending file. Request path: '/QueryViewer/highcharts/modules/funnel.js'. Physical path: 'E:\Kbs\Factory21\NETPostgreSQL002\web\QueryViewer\highcharts\modules\funnel.js'
info: Microsoft.AspNetCore.Hosting.Diagnostics[2]
      Request finished HTTP/1.1 GET http://localhost/Factory21NETPostgreSQL/QueryViewer/highcharts/modules/funnel.js - 200 5523 text/javascript 79.2524ms
info: Microsoft.AspNetCore.Hosting.Diagnostics[1]
      Request starting HTTP/1.1 GET http://localhost/Factory21NETPostgreSQL/QueryViewer/highcharts/modules/solid-gauge.js - - -
info: Microsoft.AspNetCore.StaticFiles.StaticFileMiddleware[2]
      Sending file. Request path: '/QueryViewer/highcharts/modules/solid-gauge.js'. Physical path: 'E:\Kbs\Factory21\NETPostgreSQL002\web\QueryViewer\highcharts\modules\solid-gauge.js'
info: Microsoft.AspNetCore.Hosting.Diagnostics[2]
      Request finished HTTP/1.1 GET http://localhost/Factory21NETPostgreSQL/QueryViewer/highcharts/modules/solid-gauge.js - 200 4653 text/javascript 82.1896ms
info: Microsoft.AspNetCore.Hosting.Diagnostics[1]
      Request starting HTTP/1.1 POST http://localhost/Factory21NETPostgreSQL/agxpl_get.aspx?recordsetcachekey,1749648606361 - application/x-www-form-urlencoded 149
info: Microsoft.AspNetCore.Hosting.Diagnostics[2]
      Request finished HTTP/1.1 POST http://localhost/Factory21NETPostgreSQL/agxpl_get.aspx?recordsetcachekey,1749648606361 - 200 - text/plain;+charset=utf-8 556.9861ms
info: Microsoft.AspNetCore.Hosting.Diagnostics[1]
      Request starting HTTP/1.1 POST http://localhost/Factory21NETPostgreSQL/agxpl_get.aspx?metadata,1749648606924 - application/x-www-form-urlencoded 621
info: Microsoft.AspNetCore.Hosting.Diagnostics[2]
      Request finished HTTP/1.1 POST http://localhost/Factory21NETPostgreSQL/agxpl_get.aspx?metadata,1749648606924 - 200 - text/xml;+charset=utf-8 226.6140ms
info: Microsoft.AspNetCore.Hosting.Diagnostics[1]
      Request starting HTTP/1.1 POST http://localhost/Factory21NETPostgreSQL/agxpl_get.aspx?data,1749648607158 - application/x-www-form-urlencoded 593
info: Microsoft.AspNetCore.Hosting.Diagnostics[2]
      Request finished HTTP/1.1 POST http://localhost/Factory21NETPostgreSQL/agxpl_get.aspx?data,1749648607158 - 200 - text/xml;+charset=utf-8 79.4942ms
