warn: Microsoft.AspNetCore.DataProtection.Repositories.EphemeralXmlRepository[50]
      Using an in-memory repository. Keys will not be persisted to storage.
warn: Microsoft.AspNetCore.DataProtection.KeyManagement.XmlKeyManager[59]
      Neither user profile nor HKLM registry available. Using an ephemeral key repository. Protected data will be unavailable when application exits.
warn: Microsoft.AspNetCore.StaticFiles.StaticFileMiddleware[16]
      The WebRootPath was not found: E:\Kbs\Factory21\NETPostgreSQL002\web\wwwroot. Static files may be unavailable.
info: Microsoft.AspNetCore.DataProtection.KeyManagement.XmlKeyManager[58]
      Creating key {f36ee629-b8ad-458c-ba24-070ab5e5a409} with creation date 2025-06-11 12:57:28Z, activation date 2025-06-11 12:57:28Z, and expiration date 2025-09-09 12:57:28Z.
warn: Microsoft.AspNetCore.DataProtection.KeyManagement.XmlKeyManager[35]
      No XML encryptor configured. Key {f36ee629-b8ad-458c-ba24-070ab5e5a409} may be persisted to storage in unencrypted form.
Hosting environment: Production
Content root path: E:\Kbs\Factory21\NETPostgreSQL002\web
Now listening on: http://127.0.0.1:19573
Application started. Press Ctrl+C to shut down.
info: Microsoft.AspNetCore.Hosting.Diagnostics[1]
      Request starting HTTP/1.1 GET http://localhost/Factory21NETPostgreSQL/login - - -
warn: Microsoft.AspNetCore.Session.SessionMiddleware[7]
      Error unprotecting the session cookie.
      System.Security.Cryptography.CryptographicException: The key {e8476ad8-e467-4e08-b41d-91c99c1fecf6} was not found in the key ring. For more information go to https://aka.ms/aspnet/dataprotectionwarning
         at Microsoft.AspNetCore.DataProtection.KeyManagement.KeyRingBasedDataProtector.UnprotectCore(Byte[] protectedData, Boolean allowOperationsOnRevokedKeys, UnprotectStatus& status)
         at Microsoft.AspNetCore.DataProtection.KeyManagement.KeyRingBasedDataProtector.Unprotect(Byte[] protectedData)
         at Microsoft.AspNetCore.Session.CookieProtection.Unprotect(IDataProtector protector, String protectedText, ILogger logger)
fail: Microsoft.AspNetCore.Diagnostics.ExceptionHandlerMiddleware[1]
      An unhandled exception has occurred while executing the request.
      System.Exception: GXApplication exception
       ---> Type:GeneXus.Data.GxADODataException.DBMS Error Code:16389.28p01: password authentication failed for user "cqla2"
         --- End of inner exception stack trace ---
         at GeneXus.Http.GXHttpHandler.ProcessRequest(HttpContext httpContext)
         at GeneXus.HttpHandlerFactory.HandlerFactory.Invoke(HttpContext context)
         at GeneXus.HttpHandlerFactory.HandlerFactory.Invoke(HttpContext context)
         at Microsoft.AspNetCore.Builder.RouterMiddleware.Invoke(HttpContext httpContext)
         at Microsoft.AspNetCore.Builder.RouterMiddleware.Invoke(HttpContext httpContext)
         at Microsoft.AspNetCore.Diagnostics.ExceptionHandlerMiddlewareImpl.<Invoke>g__Awaited|10_0(ExceptionHandlerMiddlewareImpl middleware, HttpContext context, Task task)
info: Microsoft.AspNetCore.Session.DistributedSession[3]
      Session started; Key:44773eb9-1377-b9a0-a38b-ef63c793b95c, Id:67972e78-09f3-3ab3-465b-9c8accab2245
info: Microsoft.AspNetCore.Hosting.Diagnostics[2]
      Request finished HTTP/1.1 GET http://localhost/Factory21NETPostgreSQL/login - 500 0 - 5570.7239ms
info: Microsoft.AspNetCore.Hosting.Diagnostics[1]
      Request starting HTTP/1.1 GET http://localhost/Factory21NETPostgreSQL/login - - -
fail: Microsoft.AspNetCore.Diagnostics.ExceptionHandlerMiddleware[1]
      An unhandled exception has occurred while executing the request.
      System.Exception: GXApplication exception
       ---> Type:GeneXus.Data.GxADODataException.DBMS Error Code:16389.28p01: password authentication failed for user "cqla2"
         --- End of inner exception stack trace ---
         at GeneXus.Http.GXHttpHandler.ProcessRequest(HttpContext httpContext)
         at GeneXus.HttpHandlerFactory.HandlerFactory.Invoke(HttpContext context)
         at GeneXus.HttpHandlerFactory.HandlerFactory.Invoke(HttpContext context)
         at Microsoft.AspNetCore.Builder.RouterMiddleware.Invoke(HttpContext httpContext)
         at Microsoft.AspNetCore.Builder.RouterMiddleware.Invoke(HttpContext httpContext)
         at Microsoft.AspNetCore.Diagnostics.ExceptionHandlerMiddlewareImpl.<Invoke>g__Awaited|10_0(ExceptionHandlerMiddlewareImpl middleware, HttpContext context, Task task)
info: Microsoft.AspNetCore.Hosting.Diagnostics[2]
      Request finished HTTP/1.1 GET http://localhost/Factory21NETPostgreSQL/login - 500 0 - 448.4997ms
info: Microsoft.AspNetCore.Hosting.Diagnostics[1]
      Request starting HTTP/1.1 POST http://127.0.0.1:19573/FACTORY21NETPOSTGRESQL/iisintegration - - 0
info: Microsoft.AspNetCore.Hosting.Diagnostics[2]
      Request finished HTTP/1.1 POST http://127.0.0.1:19573/FACTORY21NETPOSTGRESQL/iisintegration - 202 0 - 0.3022ms
