warn: Microsoft.AspNetCore.DataProtection.Repositories.EphemeralXmlRepository[50]
      Using an in-memory repository. Keys will not be persisted to storage.
warn: Microsoft.AspNetCore.DataProtection.KeyManagement.XmlKeyManager[59]
      Neither user profile nor HKLM registry available. Using an ephemeral key repository. Protected data will be unavailable when application exits.
warn: Microsoft.AspNetCore.StaticFiles.StaticFileMiddleware[16]
      The WebRootPath was not found: E:\Kbs\Factory21\NETPostgreSQL002\web\wwwroot. Static files may be unavailable.
info: Microsoft.AspNetCore.DataProtection.KeyManagement.XmlKeyManager[58]
      Creating key {e8476ad8-e467-4e08-b41d-91c99c1fecf6} with creation date 2025-06-11 02:33:43Z, activation date 2025-06-11 02:33:43Z, and expiration date 2025-09-09 02:33:43Z.
warn: Microsoft.AspNetCore.DataProtection.KeyManagement.XmlKeyManager[35]
      No XML encryptor configured. Key {e8476ad8-e467-4e08-b41d-91c99c1fecf6} may be persisted to storage in unencrypted form.
Hosting environment: Production
Content root path: E:\Kbs\Factory21\NETPostgreSQL002\web
Now listening on: http://127.0.0.1:15965
Application started. Press Ctrl+C to shut down.
info: Microsoft.AspNetCore.Hosting.Diagnostics[1]
      Request starting HTTP/1.1 GET http://localhost/Factory21NETPostgreSQL/teste - - -
info: Microsoft.AspNetCore.Session.DistributedSession[3]
      Session started; Key:1aea4163-e5a6-c876-9a56-7949b8c46b59, Id:71a14476-918b-12f2-2056-53908bc7afde
info: Microsoft.AspNetCore.Hosting.Diagnostics[2]
      Request finished HTTP/1.1 GET http://localhost/Factory21NETPostgreSQL/teste - 200 - text/html 3311.6116ms
info: Microsoft.AspNetCore.Hosting.Diagnostics[1]
      Request starting HTTP/1.1 GET http://localhost/Factory21NETPostgreSQL/bootstrap/css/bootstrap.min.css?202561022264026 - - -
info: Microsoft.AspNetCore.Hosting.Diagnostics[1]
      Request starting HTTP/1.1 GET http://localhost/Factory21NETPostgreSQL/Resources/Portuguese/WorkWithPlusDS.css?202561022264026 - - -
info: Microsoft.AspNetCore.Hosting.Diagnostics[1]
      Request starting HTTP/1.1 GET http://localhost/Factory21NETPostgreSQL/jquery.js?133260 - - -
info: Microsoft.AspNetCore.StaticFiles.StaticFileMiddleware[2]
      Sending file. Request path: '/bootstrap/css/bootstrap.min.css'. Physical path: 'E:\Kbs\Factory21\NETPostgreSQL002\web\bootstrap\css\bootstrap.min.css'
info: Microsoft.AspNetCore.StaticFiles.StaticFileMiddleware[2]
      Sending file. Request path: '/Portuguese/WorkWithPlusDS.css'. Physical path: 'E:\Kbs\Factory21\NETPostgreSQL002\web\Resources\Portuguese\WorkWithPlusDS.css'
info: Microsoft.AspNetCore.Hosting.Diagnostics[2]
      Request finished HTTP/1.1 GET http://localhost/Factory21NETPostgreSQL/bootstrap/css/bootstrap.min.css?202561022264026 - 200 - text/css 65.8541ms
info: Microsoft.AspNetCore.Hosting.Diagnostics[2]
      Request finished HTTP/1.1 GET http://localhost/Factory21NETPostgreSQL/Resources/Portuguese/WorkWithPlusDS.css?202561022264026 - 200 - text/css 65.4506ms
info: Microsoft.AspNetCore.Hosting.Diagnostics[1]
      Request starting HTTP/1.1 GET http://localhost/Factory21NETPostgreSQL/gxgral.js?133260 - - -
info: Microsoft.AspNetCore.Hosting.Diagnostics[1]
      Request starting HTTP/1.1 GET http://localhost/Factory21NETPostgreSQL/bootstrap/js/bootstrap.min.js?202561022264026 - - -
info: Microsoft.AspNetCore.StaticFiles.StaticFileMiddleware[2]
      Sending file. Request path: '/jquery.js'. Physical path: 'E:\Kbs\Factory21\NETPostgreSQL002\web\jquery.js'
info: Microsoft.AspNetCore.Hosting.Diagnostics[2]
      Request finished HTTP/1.1 GET http://localhost/Factory21NETPostgreSQL/jquery.js?133260 - 200 89666 text/javascript 144.4050ms
info: Microsoft.AspNetCore.Hosting.Diagnostics[1]
      Request starting HTTP/1.1 GET http://localhost/Factory21NETPostgreSQL/gxcfg.js?202561022264026 - - -
info: Microsoft.AspNetCore.StaticFiles.StaticFileMiddleware[2]
      Sending file. Request path: '/bootstrap/js/bootstrap.min.js'. Physical path: 'E:\Kbs\Factory21\NETPostgreSQL002\web\bootstrap\js\bootstrap.min.js'
info: Microsoft.AspNetCore.Hosting.Diagnostics[2]
      Request finished HTTP/1.1 GET http://localhost/Factory21NETPostgreSQL/bootstrap/js/bootstrap.min.js?202561022264026 - 200 39685 text/javascript 86.1377ms
info: Microsoft.AspNetCore.Hosting.Diagnostics[1]
      Request starting HTTP/1.1 GET http://localhost/Factory21NETPostgreSQL/UserControls/UCSerasaRender.js?202561022264026 - - -
info: Microsoft.AspNetCore.StaticFiles.StaticFileMiddleware[2]
      Sending file. Request path: '/gxcfg.js'. Physical path: 'E:\Kbs\Factory21\NETPostgreSQL002\web\gxcfg.js'
info: Microsoft.AspNetCore.Hosting.Diagnostics[2]
      Request finished HTTP/1.1 GET http://localhost/Factory21NETPostgreSQL/gxcfg.js?202561022264026 - 200 894 text/javascript 22.3498ms
info: Microsoft.AspNetCore.Hosting.Diagnostics[1]
      Request starting HTTP/1.1 GET http://localhost/Factory21NETPostgreSQL/messages.por.js?202561022264026 - - -
info: Microsoft.AspNetCore.StaticFiles.StaticFileMiddleware[2]
      Sending file. Request path: '/UserControls/UCSerasaRender.js'. Physical path: 'E:\Kbs\Factory21\NETPostgreSQL002\web\UserControls\UCSerasaRender.js'
info: Microsoft.AspNetCore.Hosting.Diagnostics[2]
      Request finished HTTP/1.1 GET http://localhost/Factory21NETPostgreSQL/UserControls/UCSerasaRender.js?202561022264026 - 200 21610 text/javascript 89.1231ms
info: Microsoft.AspNetCore.Hosting.Diagnostics[1]
      Request starting HTTP/1.1 GET http://localhost/Factory21NETPostgreSQL/Resources/Portuguese/WWPBaseObjects.WorkWithPlusBaseDS.css - - -
info: Microsoft.AspNetCore.StaticFiles.StaticFileMiddleware[2]
      Sending file. Request path: '/messages.por.js'. Physical path: 'E:\Kbs\Factory21\NETPostgreSQL002\web\messages.por.js'
info: Microsoft.AspNetCore.Hosting.Diagnostics[2]
      Request finished HTTP/1.1 GET http://localhost/Factory21NETPostgreSQL/messages.por.js?202561022264026 - 200 95722 text/javascript 98.7581ms
info: Microsoft.AspNetCore.Hosting.Diagnostics[1]
      Request starting HTTP/1.1 GET http://localhost/Factory21NETPostgreSQL/Resources/Portuguese/WorkWithPlus.DynamicForms.WWP_DynamicForm_DS.css - - -
info: Microsoft.AspNetCore.StaticFiles.StaticFileMiddleware[2]
      Sending file. Request path: '/Portuguese/WorkWithPlus.DynamicForms.WWP_DynamicForm_DS.css'. Physical path: 'E:\Kbs\Factory21\NETPostgreSQL002\web\Resources\Portuguese\WorkWithPlus.DynamicForms.WWP_DynamicForm_DS.css'
info: Microsoft.AspNetCore.Hosting.Diagnostics[2]
      Request finished HTTP/1.1 GET http://localhost/Factory21NETPostgreSQL/Resources/Portuguese/WorkWithPlus.DynamicForms.WWP_DynamicForm_DS.css - 200 - text/css 87.3747ms
info: Microsoft.AspNetCore.Hosting.Diagnostics[1]
      Request starting HTTP/1.1 GET http://localhost/Factory21NETPostgreSQL/Resources/Portuguese/WorkWithPlusDS_Tokens.css - - -
info: Microsoft.AspNetCore.StaticFiles.StaticFileMiddleware[2]
      Sending file. Request path: '/Portuguese/WorkWithPlusDS_Tokens.css'. Physical path: 'E:\Kbs\Factory21\NETPostgreSQL002\web\Resources\Portuguese\WorkWithPlusDS_Tokens.css'
info: Microsoft.AspNetCore.Hosting.Diagnostics[2]
      Request finished HTTP/1.1 GET http://localhost/Factory21NETPostgreSQL/Resources/Portuguese/WorkWithPlusDS_Tokens.css - 200 - text/css 36.8134ms
info: Microsoft.AspNetCore.Hosting.Diagnostics[1]
      Request starting HTTP/1.1 GET http://localhost/Factory21NETPostgreSQL/teste.js?202561019235236 - - -
info: Microsoft.AspNetCore.StaticFiles.StaticFileMiddleware[2]
      Sending file. Request path: '/teste.js'. Physical path: 'E:\Kbs\Factory21\NETPostgreSQL002\web\teste.js'
info: Microsoft.AspNetCore.Hosting.Diagnostics[2]
      Request finished HTTP/1.1 GET http://localhost/Factory21NETPostgreSQL/teste.js?202561019235236 - 200 2526 text/javascript 49.8200ms
info: Microsoft.AspNetCore.Hosting.Diagnostics[1]
      Request starting HTTP/1.1 GET http://localhost/Factory21NETPostgreSQL/Resources/Portuguese/WorkWithPlus.DynamicForms.WWP_DynamicForm_DS_Tokens.css - - -
info: Microsoft.AspNetCore.StaticFiles.StaticFileMiddleware[2]
      Sending file. Request path: '/gxgral.js'. Physical path: 'E:\Kbs\Factory21\NETPostgreSQL002\web\gxgral.js'
info: Microsoft.AspNetCore.Hosting.Diagnostics[2]
      Request finished HTTP/1.1 GET http://localhost/Factory21NETPostgreSQL/gxgral.js?133260 - 200 665085 text/javascript 410.2252ms
info: Microsoft.AspNetCore.StaticFiles.StaticFileMiddleware[2]
      Sending file. Request path: '/Portuguese/WorkWithPlus.DynamicForms.WWP_DynamicForm_DS_Tokens.css'. Physical path: 'E:\Kbs\Factory21\NETPostgreSQL002\web\Resources\Portuguese\WorkWithPlus.DynamicForms.WWP_DynamicForm_DS_Tokens.css'
info: Microsoft.AspNetCore.Hosting.Diagnostics[2]
      Request finished HTTP/1.1 GET http://localhost/Factory21NETPostgreSQL/Resources/Portuguese/WorkWithPlus.DynamicForms.WWP_DynamicForm_DS_Tokens.css - 200 - text/css 1.5887ms
info: Microsoft.AspNetCore.StaticFiles.StaticFileMiddleware[2]
      Sending file. Request path: '/Portuguese/WWPBaseObjects.WorkWithPlusBaseDS.css'. Physical path: 'E:\Kbs\Factory21\NETPostgreSQL002\web\Resources\Portuguese\WWPBaseObjects.WorkWithPlusBaseDS.css'
info: Microsoft.AspNetCore.Hosting.Diagnostics[2]
      Request finished HTTP/1.1 GET http://localhost/Factory21NETPostgreSQL/Resources/Portuguese/WWPBaseObjects.WorkWithPlusBaseDS.css - 200 - text/css 200.1020ms
info: Microsoft.AspNetCore.Hosting.Diagnostics[1]
      Request starting HTTP/1.1 GET http://localhost/Factory21NETPostgreSQL/Resources/Portuguese/AnyStyles.ImagesTokens.css - - -
info: Microsoft.AspNetCore.Hosting.Diagnostics[1]
      Request starting HTTP/1.1 GET http://localhost/Factory21NETPostgreSQL/Resources/Portuguese/WWPBaseObjects.WorkWithPlusBaseDS_Tokens.css - - -
info: Microsoft.AspNetCore.StaticFiles.StaticFileMiddleware[2]
      Sending file. Request path: '/Portuguese/AnyStyles.ImagesTokens.css'. Physical path: 'E:\Kbs\Factory21\NETPostgreSQL002\web\Resources\Portuguese\AnyStyles.ImagesTokens.css'
info: Microsoft.AspNetCore.Hosting.Diagnostics[2]
      Request finished HTTP/1.1 GET http://localhost/Factory21NETPostgreSQL/Resources/Portuguese/AnyStyles.ImagesTokens.css - 200 - text/css 23.5716ms
info: Microsoft.AspNetCore.StaticFiles.StaticFileMiddleware[2]
      Sending file. Request path: '/Portuguese/WWPBaseObjects.WorkWithPlusBaseDS_Tokens.css'. Physical path: 'E:\Kbs\Factory21\NETPostgreSQL002\web\Resources\Portuguese\WWPBaseObjects.WorkWithPlusBaseDS_Tokens.css'
info: Microsoft.AspNetCore.Hosting.Diagnostics[2]
      Request finished HTTP/1.1 GET http://localhost/Factory21NETPostgreSQL/Resources/Portuguese/WWPBaseObjects.WorkWithPlusBaseDS_Tokens.css - 200 - text/css 45.3508ms
info: Microsoft.AspNetCore.Hosting.Diagnostics[1]
      Request starting HTTP/1.1 GET http://localhost/Factory21NETPostgreSQL/bootstrap/js/bootstrap.min.js?202561022264026 - - -
info: Microsoft.AspNetCore.Hosting.Diagnostics[1]
      Request starting HTTP/1.1 GET http://localhost/Factory21NETPostgreSQL/jquery.js?133260 - - -
info: Microsoft.AspNetCore.Hosting.Diagnostics[1]
      Request starting HTTP/1.1 GET http://localhost/Factory21NETPostgreSQL/gxcfg.js?202561022264026 - - -
info: Microsoft.AspNetCore.StaticFiles.StaticFileMiddleware[2]
      Sending file. Request path: '/gxcfg.js'. Physical path: 'E:\Kbs\Factory21\NETPostgreSQL002\web\gxcfg.js'
info: Microsoft.AspNetCore.Hosting.Diagnostics[2]
      Request finished HTTP/1.1 GET http://localhost/Factory21NETPostgreSQL/gxcfg.js?202561022264026 - 200 894 text/javascript 0.7724ms
info: Microsoft.AspNetCore.StaticFiles.StaticFileMiddleware[2]
      Sending file. Request path: '/bootstrap/js/bootstrap.min.js'. Physical path: 'E:\Kbs\Factory21\NETPostgreSQL002\web\bootstrap\js\bootstrap.min.js'
info: Microsoft.AspNetCore.Hosting.Diagnostics[2]
      Request finished HTTP/1.1 GET http://localhost/Factory21NETPostgreSQL/bootstrap/js/bootstrap.min.js?202561022264026 - 200 39685 text/javascript 1.6446ms
info: Microsoft.AspNetCore.StaticFiles.StaticFileMiddleware[2]
      Sending file. Request path: '/jquery.js'. Physical path: 'E:\Kbs\Factory21\NETPostgreSQL002\web\jquery.js'
info: Microsoft.AspNetCore.Hosting.Diagnostics[2]
      Request finished HTTP/1.1 GET http://localhost/Factory21NETPostgreSQL/jquery.js?133260 - 200 89666 text/javascript 1.8197ms
info: Microsoft.AspNetCore.Hosting.Diagnostics[1]
      Request starting HTTP/1.1 GET http://localhost/Factory21NETPostgreSQL/UserControls/UCSerasaRender.js?202561022264026 - - -
info: Microsoft.AspNetCore.StaticFiles.StaticFileMiddleware[2]
      Sending file. Request path: '/UserControls/UCSerasaRender.js'. Physical path: 'E:\Kbs\Factory21\NETPostgreSQL002\web\UserControls\UCSerasaRender.js'
info: Microsoft.AspNetCore.Hosting.Diagnostics[1]
      Request starting HTTP/1.1 GET http://localhost/Factory21NETPostgreSQL/messages.por.js?202561022264026 - - -
info: Microsoft.AspNetCore.Hosting.Diagnostics[2]
      Request finished HTTP/1.1 GET http://localhost/Factory21NETPostgreSQL/UserControls/UCSerasaRender.js?202561022264026 - 200 21610 text/javascript 0.9475ms
info: Microsoft.AspNetCore.Hosting.Diagnostics[1]
      Request starting HTTP/1.1 GET http://localhost/Factory21NETPostgreSQL/gxgral.js?133260 - - -
info: Microsoft.AspNetCore.Hosting.Diagnostics[1]
      Request starting HTTP/1.1 GET http://localhost/Factory21NETPostgreSQL/teste.js?202561019235236 - - -
info: Microsoft.AspNetCore.StaticFiles.StaticFileMiddleware[2]
      Sending file. Request path: '/messages.por.js'. Physical path: 'E:\Kbs\Factory21\NETPostgreSQL002\web\messages.por.js'
info: Microsoft.AspNetCore.StaticFiles.StaticFileMiddleware[2]
      Sending file. Request path: '/teste.js'. Physical path: 'E:\Kbs\Factory21\NETPostgreSQL002\web\teste.js'
info: Microsoft.AspNetCore.Hosting.Diagnostics[2]
      Request finished HTTP/1.1 GET http://localhost/Factory21NETPostgreSQL/messages.por.js?202561022264026 - 200 95722 text/javascript 2.4276ms
info: Microsoft.AspNetCore.Hosting.Diagnostics[2]
      Request finished HTTP/1.1 GET http://localhost/Factory21NETPostgreSQL/teste.js?202561019235236 - 200 2526 text/javascript 0.7944ms
info: Microsoft.AspNetCore.StaticFiles.StaticFileMiddleware[2]
      Sending file. Request path: '/gxgral.js'. Physical path: 'E:\Kbs\Factory21\NETPostgreSQL002\web\gxgral.js'
info: Microsoft.AspNetCore.Hosting.Diagnostics[2]
      Request finished HTTP/1.1 GET http://localhost/Factory21NETPostgreSQL/gxgral.js?133260 - 200 665085 text/javascript 8.4573ms
info: Microsoft.AspNetCore.Hosting.Diagnostics[1]
      Request starting HTTP/1.1 GET http://localhost/Factory21NETPostgreSQL/teste - - -
info: Microsoft.AspNetCore.Session.DistributedSession[3]
      Session started; Key:693ab738-2135-6cfd-4572-1e5cfd53cd24, Id:76c8c4b0-5230-1957-baeb-44f5db535c48
info: Microsoft.AspNetCore.Hosting.Diagnostics[2]
      Request finished HTTP/1.1 GET http://localhost/Factory21NETPostgreSQL/teste - 200 - text/html 27.2448ms
info: Microsoft.AspNetCore.Hosting.Diagnostics[1]
      Request starting HTTP/1.1 GET http://localhost/Factory21NETPostgreSQL/bootstrap/css/bootstrap.min.css?202561022264026 - - -
info: Microsoft.AspNetCore.Hosting.Diagnostics[1]
      Request starting HTTP/1.1 GET http://localhost/Factory21NETPostgreSQL/Resources/Portuguese/WorkWithPlusDS.css?202561022264026 - - -
info: Microsoft.AspNetCore.Hosting.Diagnostics[1]
      Request starting HTTP/1.1 GET http://localhost/Factory21NETPostgreSQL/jquery.js?133260 - - -
info: Microsoft.AspNetCore.StaticFiles.StaticFileMiddleware[2]
      Sending file. Request path: '/Portuguese/WorkWithPlusDS.css'. Physical path: 'E:\Kbs\Factory21\NETPostgreSQL002\web\Resources\Portuguese\WorkWithPlusDS.css'
info: Microsoft.AspNetCore.Hosting.Diagnostics[2]
      Request finished HTTP/1.1 GET http://localhost/Factory21NETPostgreSQL/Resources/Portuguese/WorkWithPlusDS.css?202561022264026 - 200 - text/css 89.5492ms
info: Microsoft.AspNetCore.Hosting.Diagnostics[1]
      Request starting HTTP/1.1 GET http://localhost/Factory21NETPostgreSQL/bootstrap/js/bootstrap.min.js?202561022264026 - - -
info: Microsoft.AspNetCore.StaticFiles.StaticFileMiddleware[2]
      Sending file. Request path: '/jquery.js'. Physical path: 'E:\Kbs\Factory21\NETPostgreSQL002\web\jquery.js'
info: Microsoft.AspNetCore.Hosting.Diagnostics[2]
      Request finished HTTP/1.1 GET http://localhost/Factory21NETPostgreSQL/jquery.js?133260 - 200 89666 text/javascript 95.3256ms
info: Microsoft.AspNetCore.Hosting.Diagnostics[1]
      Request starting HTTP/1.1 GET http://localhost/Factory21NETPostgreSQL/gxgral.js?133260 - - -
info: Microsoft.AspNetCore.StaticFiles.StaticFileMiddleware[2]
      Sending file. Request path: '/bootstrap/js/bootstrap.min.js'. Physical path: 'E:\Kbs\Factory21\NETPostgreSQL002\web\bootstrap\js\bootstrap.min.js'
info: Microsoft.AspNetCore.StaticFiles.StaticFileMiddleware[2]
      Sending file. Request path: '/bootstrap/css/bootstrap.min.css'. Physical path: 'E:\Kbs\Factory21\NETPostgreSQL002\web\bootstrap\css\bootstrap.min.css'
info: Microsoft.AspNetCore.Hosting.Diagnostics[2]
      Request finished HTTP/1.1 GET http://localhost/Factory21NETPostgreSQL/bootstrap/css/bootstrap.min.css?202561022264026 - 200 - text/css 181.9240ms
info: Microsoft.AspNetCore.Hosting.Diagnostics[2]
      Request finished HTTP/1.1 GET http://localhost/Factory21NETPostgreSQL/bootstrap/js/bootstrap.min.js?202561022264026 - 200 39685 text/javascript 86.8865ms
info: Microsoft.AspNetCore.Hosting.Diagnostics[1]
      Request starting HTTP/1.1 GET http://localhost/Factory21NETPostgreSQL/UserControls/UCSerasaRender.js?202561022264026 - - -
info: Microsoft.AspNetCore.Hosting.Diagnostics[1]
      Request starting HTTP/1.1 GET http://localhost/Factory21NETPostgreSQL/gxcfg.js?202561022264026 - - -
info: Microsoft.AspNetCore.StaticFiles.StaticFileMiddleware[2]
      Sending file. Request path: '/UserControls/UCSerasaRender.js'. Physical path: 'E:\Kbs\Factory21\NETPostgreSQL002\web\UserControls\UCSerasaRender.js'
info: Microsoft.AspNetCore.Hosting.Diagnostics[2]
      Request finished HTTP/1.1 GET http://localhost/Factory21NETPostgreSQL/UserControls/UCSerasaRender.js?202561022264026 - 200 21610 text/javascript 34.7529ms
info: Microsoft.AspNetCore.Hosting.Diagnostics[1]
      Request starting HTTP/1.1 GET http://localhost/Factory21NETPostgreSQL/Resources/Portuguese/WWPBaseObjects.WorkWithPlusBaseDS.css - - -
info: Microsoft.AspNetCore.StaticFiles.StaticFileMiddleware[2]
      Sending file. Request path: '/gxcfg.js'. Physical path: 'E:\Kbs\Factory21\NETPostgreSQL002\web\gxcfg.js'
info: Microsoft.AspNetCore.Hosting.Diagnostics[2]
      Request finished HTTP/1.1 GET http://localhost/Factory21NETPostgreSQL/gxcfg.js?202561022264026 - 200 894 text/javascript 147.6054ms
info: Microsoft.AspNetCore.Hosting.Diagnostics[1]
      Request starting HTTP/1.1 GET http://localhost/Factory21NETPostgreSQL/Resources/Portuguese/WorkWithPlus.DynamicForms.WWP_DynamicForm_DS.css - - -
info: Microsoft.AspNetCore.StaticFiles.StaticFileMiddleware[2]
      Sending file. Request path: '/Portuguese/WorkWithPlus.DynamicForms.WWP_DynamicForm_DS.css'. Physical path: 'E:\Kbs\Factory21\NETPostgreSQL002\web\Resources\Portuguese\WorkWithPlus.DynamicForms.WWP_DynamicForm_DS.css'
info: Microsoft.AspNetCore.Hosting.Diagnostics[2]
      Request finished HTTP/1.1 GET http://localhost/Factory21NETPostgreSQL/Resources/Portuguese/WorkWithPlus.DynamicForms.WWP_DynamicForm_DS.css - 200 - text/css 24.4155ms
info: Microsoft.AspNetCore.Hosting.Diagnostics[1]
      Request starting HTTP/1.1 GET http://localhost/Factory21NETPostgreSQL/Resources/Portuguese/WorkWithPlusDS_Tokens.css - - -
info: Microsoft.AspNetCore.StaticFiles.StaticFileMiddleware[2]
      Sending file. Request path: '/Portuguese/WorkWithPlusDS_Tokens.css'. Physical path: 'E:\Kbs\Factory21\NETPostgreSQL002\web\Resources\Portuguese\WorkWithPlusDS_Tokens.css'
info: Microsoft.AspNetCore.Hosting.Diagnostics[2]
      Request finished HTTP/1.1 GET http://localhost/Factory21NETPostgreSQL/Resources/Portuguese/WorkWithPlusDS_Tokens.css - 200 - text/css 46.9307ms
info: Microsoft.AspNetCore.Hosting.Diagnostics[1]
      Request starting HTTP/1.1 GET http://localhost/Factory21NETPostgreSQL/messages.por.js?202561022264026 - - -
info: Microsoft.AspNetCore.StaticFiles.StaticFileMiddleware[2]
      Sending file. Request path: '/messages.por.js'. Physical path: 'E:\Kbs\Factory21\NETPostgreSQL002\web\messages.por.js'
info: Microsoft.AspNetCore.Hosting.Diagnostics[2]
      Request finished HTTP/1.1 GET http://localhost/Factory21NETPostgreSQL/messages.por.js?202561022264026 - 200 95722 text/javascript 182.8139ms
info: Microsoft.AspNetCore.Hosting.Diagnostics[1]
      Request starting HTTP/1.1 GET http://localhost/Factory21NETPostgreSQL/teste.js?202561019235236 - - -
info: Microsoft.AspNetCore.StaticFiles.StaticFileMiddleware[2]
      Sending file. Request path: '/teste.js'. Physical path: 'E:\Kbs\Factory21\NETPostgreSQL002\web\teste.js'
info: Microsoft.AspNetCore.Hosting.Diagnostics[2]
      Request finished HTTP/1.1 GET http://localhost/Factory21NETPostgreSQL/teste.js?202561019235236 - 200 2526 text/javascript 54.3638ms
info: Microsoft.AspNetCore.Hosting.Diagnostics[1]
      Request starting HTTP/1.1 GET http://localhost/Factory21NETPostgreSQL/gxcfg.js?202561022264026 - - -
info: Microsoft.AspNetCore.StaticFiles.StaticFileMiddleware[2]
      Sending file. Request path: '/gxcfg.js'. Physical path: 'E:\Kbs\Factory21\NETPostgreSQL002\web\gxcfg.js'
info: Microsoft.AspNetCore.Hosting.Diagnostics[2]
      Request finished HTTP/1.1 GET http://localhost/Factory21NETPostgreSQL/gxcfg.js?202561022264026 - 200 894 text/javascript 1.0391ms
info: Microsoft.AspNetCore.Hosting.Diagnostics[1]
      Request starting HTTP/1.1 GET http://localhost/Factory21NETPostgreSQL/messages.por.js?202561022264026 - - -
info: Microsoft.AspNetCore.StaticFiles.StaticFileMiddleware[2]
      Sending file. Request path: '/messages.por.js'. Physical path: 'E:\Kbs\Factory21\NETPostgreSQL002\web\messages.por.js'
info: Microsoft.AspNetCore.Hosting.Diagnostics[2]
      Request finished HTTP/1.1 GET http://localhost/Factory21NETPostgreSQL/messages.por.js?202561022264026 - 200 95722 text/javascript 1.5178ms
info: Microsoft.AspNetCore.Hosting.Diagnostics[1]
      Request starting HTTP/1.1 GET http://localhost/Factory21NETPostgreSQL/Resources/Portuguese/WorkWithPlus.DynamicForms.WWP_DynamicForm_DS_Tokens.css - - -
info: Microsoft.AspNetCore.StaticFiles.StaticFileMiddleware[2]
      Sending file. Request path: '/Portuguese/WorkWithPlus.DynamicForms.WWP_DynamicForm_DS_Tokens.css'. Physical path: 'E:\Kbs\Factory21\NETPostgreSQL002\web\Resources\Portuguese\WorkWithPlus.DynamicForms.WWP_DynamicForm_DS_Tokens.css'
info: Microsoft.AspNetCore.Hosting.Diagnostics[2]
      Request finished HTTP/1.1 GET http://localhost/Factory21NETPostgreSQL/Resources/Portuguese/WorkWithPlus.DynamicForms.WWP_DynamicForm_DS_Tokens.css - 200 - text/css 1.6158ms
info: Microsoft.AspNetCore.StaticFiles.StaticFileMiddleware[2]
      Sending file. Request path: '/Portuguese/WWPBaseObjects.WorkWithPlusBaseDS.css'. Physical path: 'E:\Kbs\Factory21\NETPostgreSQL002\web\Resources\Portuguese\WWPBaseObjects.WorkWithPlusBaseDS.css'
info: Microsoft.AspNetCore.Hosting.Diagnostics[2]
      Request finished HTTP/1.1 GET http://localhost/Factory21NETPostgreSQL/Resources/Portuguese/WWPBaseObjects.WorkWithPlusBaseDS.css - 200 - text/css 448.4074ms
info: Microsoft.AspNetCore.StaticFiles.StaticFileMiddleware[2]
      Sending file. Request path: '/gxgral.js'. Physical path: 'E:\Kbs\Factory21\NETPostgreSQL002\web\gxgral.js'
info: Microsoft.AspNetCore.Hosting.Diagnostics[2]
      Request finished HTTP/1.1 GET http://localhost/Factory21NETPostgreSQL/gxgral.js?133260 - 200 665085 text/javascript 564.5783ms
info: Microsoft.AspNetCore.Hosting.Diagnostics[1]
      Request starting HTTP/1.1 GET http://localhost/Factory21NETPostgreSQL/Resources/Portuguese/AnyStyles.ImagesTokens.css - - -
info: Microsoft.AspNetCore.Hosting.Diagnostics[1]
      Request starting HTTP/1.1 GET http://localhost/Factory21NETPostgreSQL/Resources/Portuguese/WWPBaseObjects.WorkWithPlusBaseDS_Tokens.css - - -
info: Microsoft.AspNetCore.StaticFiles.StaticFileMiddleware[2]
      Sending file. Request path: '/Portuguese/AnyStyles.ImagesTokens.css'. Physical path: 'E:\Kbs\Factory21\NETPostgreSQL002\web\Resources\Portuguese\AnyStyles.ImagesTokens.css'
info: Microsoft.AspNetCore.Hosting.Diagnostics[2]
      Request finished HTTP/1.1 GET http://localhost/Factory21NETPostgreSQL/Resources/Portuguese/AnyStyles.ImagesTokens.css - 200 - text/css 35.8005ms
info: Microsoft.AspNetCore.StaticFiles.StaticFileMiddleware[2]
      Sending file. Request path: '/Portuguese/WWPBaseObjects.WorkWithPlusBaseDS_Tokens.css'. Physical path: 'E:\Kbs\Factory21\NETPostgreSQL002\web\Resources\Portuguese\WWPBaseObjects.WorkWithPlusBaseDS_Tokens.css'
info: Microsoft.AspNetCore.Hosting.Diagnostics[2]
      Request finished HTTP/1.1 GET http://localhost/Factory21NETPostgreSQL/Resources/Portuguese/WWPBaseObjects.WorkWithPlusBaseDS_Tokens.css - 200 - text/css 57.2973ms
info: Microsoft.AspNetCore.Hosting.Diagnostics[1]
      Request starting HTTP/1.1 GET http://localhost/Factory21NETPostgreSQL/teste.js?202561019235236 - - -
info: Microsoft.AspNetCore.StaticFiles.StaticFileMiddleware[2]
      Sending file. Request path: '/teste.js'. Physical path: 'E:\Kbs\Factory21\NETPostgreSQL002\web\teste.js'
info: Microsoft.AspNetCore.Hosting.Diagnostics[1]
      Request starting HTTP/1.1 GET http://localhost/Factory21NETPostgreSQL/gxgral.js?133260 - - -
info: Microsoft.AspNetCore.Hosting.Diagnostics[2]
      Request finished HTTP/1.1 GET http://localhost/Factory21NETPostgreSQL/teste.js?202561019235236 - 200 2526 text/javascript 15.0323ms
info: Microsoft.AspNetCore.StaticFiles.StaticFileMiddleware[2]
      Sending file. Request path: '/gxgral.js'. Physical path: 'E:\Kbs\Factory21\NETPostgreSQL002\web\gxgral.js'
info: Microsoft.AspNetCore.Hosting.Diagnostics[2]
      Request finished HTTP/1.1 GET http://localhost/Factory21NETPostgreSQL/gxgral.js?133260 - 200 665085 text/javascript 27.2052ms
info: Microsoft.AspNetCore.Hosting.Diagnostics[1]
      Request starting HTTP/1.1 GET http://localhost/Factory21NETPostgreSQL/teste - - -
info: Microsoft.AspNetCore.Hosting.Diagnostics[2]
      Request finished HTTP/1.1 GET http://localhost/Factory21NETPostgreSQL/teste - 200 - text/html 41.9562ms
info: Microsoft.AspNetCore.Hosting.Diagnostics[1]
      Request starting HTTP/1.1 GET http://localhost/Factory21NETPostgreSQL/bootstrap/js/bootstrap.min.js?202561022264026 - - -
info: Microsoft.AspNetCore.Hosting.Diagnostics[1]
      Request starting HTTP/1.1 GET http://localhost/Factory21NETPostgreSQL/jquery.js?133260 - - -
info: Microsoft.AspNetCore.Hosting.Diagnostics[1]
      Request starting HTTP/1.1 GET http://localhost/Factory21NETPostgreSQL/UserControls/UCSerasaRender.js?202561022264026 - - -
info: Microsoft.AspNetCore.StaticFiles.StaticFileMiddleware[2]
      Sending file. Request path: '/jquery.js'. Physical path: 'E:\Kbs\Factory21\NETPostgreSQL002\web\jquery.js'
info: Microsoft.AspNetCore.Hosting.Diagnostics[2]
      Request finished HTTP/1.1 GET http://localhost/Factory21NETPostgreSQL/jquery.js?133260 - 200 89666 text/javascript 8.4085ms
info: Microsoft.AspNetCore.StaticFiles.StaticFileMiddleware[2]
      Sending file. Request path: '/UserControls/UCSerasaRender.js'. Physical path: 'E:\Kbs\Factory21\NETPostgreSQL002\web\UserControls\UCSerasaRender.js'
info: Microsoft.AspNetCore.StaticFiles.StaticFileMiddleware[2]
      Sending file. Request path: '/bootstrap/js/bootstrap.min.js'. Physical path: 'E:\Kbs\Factory21\NETPostgreSQL002\web\bootstrap\js\bootstrap.min.js'
info: Microsoft.AspNetCore.Hosting.Diagnostics[2]
      Request finished HTTP/1.1 GET http://localhost/Factory21NETPostgreSQL/bootstrap/js/bootstrap.min.js?202561022264026 - 200 39685 text/javascript 85.2104ms
info: Microsoft.AspNetCore.Hosting.Diagnostics[2]
      Request finished HTTP/1.1 GET http://localhost/Factory21NETPostgreSQL/UserControls/UCSerasaRender.js?202561022264026 - 200 21610 text/javascript 78.0707ms
info: Microsoft.AspNetCore.Hosting.Diagnostics[1]
      Request starting HTTP/1.1 POST http://127.0.0.1:15965/FACTORY21NETPOSTGRESQL/iisintegration - - 0
info: Microsoft.AspNetCore.Hosting.Diagnostics[2]
      Request finished HTTP/1.1 POST http://127.0.0.1:15965/FACTORY21NETPOSTGRESQL/iisintegration - 202 0 - 1.1752ms
